11:10:36.365 [main                     ] DEBUG Logger               - Configured Logger
11:10:36.392 [main                     ] DEBUG GameApplication      - Logging settings
Title: Simulador de Restaurante
Version: 1.0
Width: 1400
Height: 700
Fullscreen: false
Intro: false
Profiling: false
Single step:false
App Mode: DEVELOPER
Menu Key: ESCAPE
Stage Style: DECORATED
Scene Factory: class com.almasb.fxgl.app.scene.SceneFactory

11:10:36.733 [JavaFX Application Thread] DEBUG FXGLApplication      - Initializing FXGL
11:10:36.737 [JavaFX Application Thread] INFO  Engine               - FXGL-17.3 (30.03.2023 11.49) on WINDOWS (J:21.0.5 FX:21)
11:10:36.737 [JavaFX Application Thread] DEBUG Engine               - JRE Vendor Name: Oracle Corporation
11:10:36.737 [JavaFX Application Thread] DEBUG Engine               - Running on OS: Windows 11 version 10.0
11:10:36.737 [JavaFX Application Thread] DEBUG Engine               - Architecture: amd64
11:10:36.737 [JavaFX Application Thread] INFO  Engine               - Source code and latest versions at: https://github.com/AlmasB/FXGL
11:10:36.737 [JavaFX Application Thread] INFO  Engine               -       Ask questions and discuss at: https://github.com/AlmasB/FXGL/discussions
11:10:36.737 [JavaFX Application Thread] INFO  Engine               -              Join the FXGL chat at: https://gitter.im/AlmasB/FXGL
11:10:36.809 [JavaFX Application Thread] DEBUG PrimaryStageWindow   - Creating a JavaFX scene
11:10:36.853 [JavaFX Application Thread] DEBUG PrimaryStageWindow   - Target settings size: 1400.0 x 700.0
11:10:36.853 [JavaFX Application Thread] DEBUG PrimaryStageWindow   - Scaled scene size:    1400.0 x 700.0
11:10:36.853 [JavaFX Application Thread] DEBUG PrimaryStageWindow   - Scaled ratio: (1.0, 1.0)
11:10:36.854 [JavaFX Application Thread] DEBUG PrimaryStageWindow   - Set initial scene to FXGLStartupScene
11:10:36.857 [JavaFX Application Thread] DEBUG PrimaryStageWindow   - Opening main window
11:10:36.932 [JavaFX Application Thread] DEBUG PrimaryStageWindow   - Window border size: (14.4000244140625, 37.5999755859375)
11:10:36.932 [JavaFX Application Thread] DEBUG PrimaryStageWindow   - Scaled size: 1400.0 x 700.0
11:10:36.932 [JavaFX Application Thread] DEBUG PrimaryStageWindow   - Scaled ratio: (1.0, 1.0)
11:10:36.933 [JavaFX Application Thread] DEBUG PrimaryStageWindow   - Scene size: 1400.0 x 700.0
11:10:36.933 [JavaFX Application Thread] DEBUG PrimaryStageWindow   - Stage size: 1414.4000244140625 x 737.5999755859375
11:10:36.940 [FXGL Background Thread 1 ] DEBUG Engine               - Initializing environment variables
11:10:36.999 [FXGL Background Thread 1 ] DEBUG FXGLAssetLoaderServi - User app class for loading assets: class com.Simulador.Restaurante.RestaurantSimulator
11:10:36.999 [FXGL Background Thread 1 ] DEBUG GameApplicationServi - Applying CSS: fxgl_dark.css
11:10:37.000 [FXGL Background Thread 1 ] DEBUG FXGLAssetLoaderServi - Loading from file system: jar:file:///C:/Users/Jose%20Alberto%20Morales/.m2/repository/com/github/almasb/fxgl/17.3/fxgl-17.3.jar!/fxglassets/ui/css/fxgl_dark.css
11:10:37.049 [FXGL Background Thread 1 ] DEBUG GameApplicationServi - Initializing application scenes
11:10:37.089 [FXGL Background Thread 1 ] DEBUG GameWorld            - Game world initialized
11:10:37.152 [FXGL Background Thread 1 ] DEBUG PhysicsWorld         - Physics world initialized: appHeight=700, physics.ppm=50.0
11:10:37.153 [FXGL Background Thread 1 ] DEBUG PhysicsWorld         - Using strategy: BRUTE_FORCE
11:10:37.158 [FXGL Background Thread 1 ] DEBUG GameScene            - Game scene initialized: 1400x700
11:10:37.171 [FXGL Background Thread 1 ] DEBUG FXGL.DefaultMenu     - createMenuBodyGameMenu()
11:10:37.182 [FXGL Background Thread 1 ] DEBUG FXGL.DefaultMenu     - createOptionsMenu()
11:10:37.190 [FXGL Background Thread 1 ] DEBUG FXGLAssetLoaderServi - Loading from file system: jar:file:///C:/Users/Jose%20Alberto%20Morales/.m2/repository/com/github/almasb/fxgl/17.3/fxgl-17.3.jar!/fxglassets/textures/particles/smoke.png
11:10:37.265 [FXGL Background Thread 1 ] DEBUG FXGLAssetLoaderServi - Loading from file system: jar:file:///C:/Users/Jose%20Alberto%20Morales/.m2/repository/com/github/almasb/fxgl/17.3/fxgl-17.3.jar!/fxglassets/textures/particles/trace_horizontal.png
11:10:37.293 [FXGL Background Thread 1 ] DEBUG GameApplicationServi - Application scenes initialized
11:10:37.304 [FXGL Background Thread 1 ] DEBUG SystemBundleService  - Loading FXGL system data
11:10:37.308 [FXGL Background Thread 1 ] DEBUG FileSystemAccess     - Reading from: C:\Users\Jose Alberto Morales\Documents\7to Cuatrimestre\Programacion concurrente\Restaurant\system\fxgl.bundle
11:10:37.315 [FXGL Background Thread 1 ] DEBUG SystemBundleService  - Bundle FXGL: {}
11:10:37.316 [FXGL Background Thread 1 ] DEBUG UpdaterService       - Checking for updates
11:10:37.318 [FXGL Background Thread 4 ] DEBUG FXGLApplication      - Loading fonts
11:10:37.319 [FXGL Background Thread 1 ] DEBUG FXGLApplication      - Loading default localization
11:10:37.319 [FXGL Background Thread 4 ] DEBUG FXGLAssetLoaderServi - Loading from file system: jar:file:///C:/Users/Jose%20Alberto%20Morales/.m2/repository/com/github/almasb/fxgl/17.3/fxgl-17.3.jar!/fxglassets/ui/fonts/VarelaRound-Regular.ttf
11:10:37.319 [FXGL Background Thread 1 ] DEBUG FXGLAssetLoaderServi - Loading from file system: jar:file:///C:/Users/Jose%20Alberto%20Morales/.m2/repository/com/github/almasb/fxgl/17.3/fxgl-17.3.jar!/fxglassets/languages/english.lang
11:10:37.338 [FXGL Background Thread 1 ] INFO  FXGLApplication      - FXGL initialization took: 0.397 sec
11:10:37.339 [JavaFX Application Thread] DEBUG FXGLAssetLoaderServi - Loading from file system: jar:file:///C:/Users/Jose%20Alberto%20Morales/.m2/repository/com/github/almasb/fxgl/17.3/fxgl-17.3.jar!/fxglassets/textures/fxgl_icon.png
11:10:37.347 [FXGL Background Thread 4 ] DEBUG FXGLAssetLoaderServi - Loading from file system: jar:file:///C:/Users/Jose%20Alberto%20Morales/.m2/repository/com/github/almasb/fxgl/17.3/fxgl-17.3.jar!/fxglassets/ui/fonts/Abel-Regular.ttf
11:10:37.351 [FXGL Background Thread 4 ] DEBUG FXGLAssetLoaderServi - Loading from file system: jar:file:///C:/Users/Jose%20Alberto%20Morales/.m2/repository/com/github/almasb/fxgl/17.3/fxgl-17.3.jar!/fxglassets/ui/fonts/TerminalLandMono-Regular.otf
11:10:37.355 [FXGL Background Thread 4 ] DEBUG FXGLAssetLoaderServi - Loading from file system: jar:file:///C:/Users/Jose%20Alberto%20Morales/.m2/repository/com/github/almasb/fxgl/17.3/fxgl-17.3.jar!/fxglassets/ui/fonts/Courier-Prime.ttf
11:10:37.359 [JavaFX Application Thread] DEBUG FXGLAssetLoaderServi - Loading from file system: jar:file:///C:/Users/Jose%20Alberto%20Morales/.m2/repository/com/github/almasb/fxgl/17.3/fxgl-17.3.jar!/fxglassets/textures/fxgl_default_cursor.png
11:10:37.369 [JavaFX Application Thread] DEBUG Input                - Registered new binding: Screenshot - CTRL+8
11:10:37.369 [JavaFX Application Thread] DEBUG Input                - Registered new binding: System info dump - CTRL+9
11:10:37.370 [JavaFX Application Thread] DEBUG Input                - Registered new binding: Restart - CTRL+R
11:10:37.370 [JavaFX Application Thread] DEBUG Input                - Registered new binding: Toggle Debug Camera - CTRL+7
11:10:37.372 [JavaFX Application Thread] DEBUG LoopRunner           - Starting loop
11:10:37.373 [JavaFX Application Thread] DEBUG LoopRunner           - Initializing JavaFX AnimationTimerLoop
11:10:37.374 [JavaFX Application Thread] DEBUG GameApplicationServi - Starting new game
11:10:37.374 [JavaFX Application Thread] DEBUG Input                - Clearing active input actions
11:10:37.384 [JavaFX Application Thread] DEBUG GameApplicationServi - Removing overlay from FXGLStartupScene and adding to FXGLLoadingScene
11:10:37.385 [JavaFX Application Thread] DEBUG PrimaryStageWindow   - FXGLStartupScene -> FXGLLoadingScene
11:10:37.385 [JavaFX Application Thread] DEBUG GameApplicationServi - Clearing previous game
11:10:37.385 [JavaFX Application Thread] DEBUG GameScene            - Clearing game scene
11:10:37.385 [JavaFX Application Thread] DEBUG GameWorld            - Clearing game world
11:10:37.385 [JavaFX Application Thread] DEBUG PhysicsWorld         - Clearing physics world
11:10:37.386 [FXGL Background Thread 4 ] DEBUG FXGLApplication      - Initializing game
11:10:37.387 [JavaFX Application Thread] DEBUG FXGLApplication      - Registering font factories with UI factory
11:10:37.419 [FXGL Background Thread 4 ] INFO  FXGLApplication      - Game initialization took: 0.033 sec
11:10:37.424 [JavaFX Application Thread] DEBUG Input                - Clearing active input actions
11:10:37.434 [JavaFX Application Thread] DEBUG GameApplicationServi - Removing overlay from FXGLLoadingScene and adding to GameScene
11:10:37.434 [JavaFX Application Thread] DEBUG PrimaryStageWindow   - FXGLLoadingScene -> GameScene
11:10:38.234 [FXGL Background Thread 2 ] INFO  UpdaterService       - Your current version:  17.3
11:10:38.234 [FXGL Background Thread 2 ] INFO  UpdaterService       - Latest stable version: 21.1
11:10:40.319 [FXGL Background Thread 3 ] DEBUG Engine               - Logging environment variables
11:10:40.319 [FXGL Background Thread 3 ] DEBUG Engine               - achievements: []
11:10:40.319 [FXGL Background Thread 3 ] DEBUG Engine               - actualHeight: 700.0
11:10:40.319 [FXGL Background Thread 3 ] DEBUG Engine               - actualHeightProperty: ReadOnlyDoubleProperty [value: 700.0]
11:10:40.319 [FXGL Background Thread 3 ] DEBUG Engine               - actualWidth: 1400.0
11:10:40.319 [FXGL Background Thread 3 ] DEBUG Engine               - actualWidthProperty: ReadOnlyDoubleProperty [value: 1400.0]
11:10:40.319 [FXGL Background Thread 3 ] DEBUG Engine               - appIcon: fxgl_icon.png
11:10:40.320 [FXGL Background Thread 3 ] DEBUG Engine               - applicationMode: DEVELOPER
11:10:40.320 [FXGL Background Thread 3 ] DEBUG Engine               - cSSList: [fxgl_dark.css]
11:10:40.320 [FXGL Background Thread 3 ] DEBUG Engine               - collisionDetectionStrategy: BRUTE_FORCE
11:10:40.320 [FXGL Background Thread 3 ] DEBUG Engine               - configClass: Optional.empty
11:10:40.320 [FXGL Background Thread 3 ] DEBUG Engine               - credits: []
11:10:40.320 [FXGL Background Thread 3 ] DEBUG Engine               - defaultCursor: CursorInfo(imageName=fxgl_default_cursor.png, hotspotX=7.0, hotspotY=6.0)
11:10:40.320 [FXGL Background Thread 3 ] DEBUG Engine               - devBBoxColorProperty: ObjectProperty [value: 0xff0000ff]
11:10:40.320 [FXGL Background Thread 3 ] DEBUG Engine               - devEnableDebugCameraProperty: BooleanProperty [value: false]
11:10:40.320 [FXGL Background Thread 3 ] DEBUG Engine               - devSensorColorProperty: ObjectProperty [value: 0xffff00ff]
11:10:40.320 [FXGL Background Thread 3 ] DEBUG Engine               - devShowBBoxProperty: BooleanProperty [value: false]
11:10:40.320 [FXGL Background Thread 3 ] DEBUG Engine               - devShowPositionProperty: BooleanProperty [value: false]
11:10:40.320 [FXGL Background Thread 3 ] DEBUG Engine               - enabledMenuItems: []
11:10:40.320 [FXGL Background Thread 3 ] DEBUG Engine               - engineServices: [class com.almasb.fxgl.app.services.FXGLAssetLoaderService, class com.almasb.fxgl.app.FXGLApplication$GameApplicationService, class com.almasb.fxgl.app.services.FXGLDialogService, class com.almasb.fxgl.app.services.IOTaskExecutorService, class com.almasb.fxgl.io.FileSystemService, class com.almasb.fxgl.localization.LocalizationService, class com.almasb.fxgl.app.services.SystemBundleService, class com.almasb.fxgl.profile.SaveLoadService, class com.almasb.fxgl.ui.FXGLUIFactoryServiceProvider, class com.almasb.fxgl.ui.FXGLDialogFactoryServiceProvider, class com.almasb.fxgl.audio.AudioPlayer, class com.almasb.fxgl.notification.impl.NotificationServiceProvider, class com.almasb.fxgl.achievement.AchievementService, class com.almasb.fxgl.cutscene.CutsceneService, class com.almasb.fxgl.minigames.MiniGameService, class com.almasb.fxgl.net.NetService, class com.almasb.fxgl.app.services.UpdaterService, class com.almasb.fxgl.dev.DevService]
11:10:40.320 [FXGL Background Thread 3 ] DEBUG Engine               - fontGame: Abel-Regular.ttf
11:10:40.320 [FXGL Background Thread 3 ] DEBUG Engine               - fontMono: TerminalLandMono-Regular.otf
11:10:40.320 [FXGL Background Thread 3 ] DEBUG Engine               - fontSizeScaleUI: 1.0
11:10:40.321 [FXGL Background Thread 3 ] DEBUG Engine               - fontText: Courier-Prime.ttf
11:10:40.321 [FXGL Background Thread 3 ] DEBUG Engine               - fontUI: VarelaRound-Regular.ttf
11:10:40.321 [FXGL Background Thread 3 ] DEBUG Engine               - fullScreen: BooleanProperty [value: false]
11:10:40.321 [FXGL Background Thread 3 ] DEBUG Engine               - gameDifficulty: MEDIUM
11:10:40.321 [FXGL Background Thread 3 ] DEBUG Engine               - gameDifficultyProperty: ObjectProperty [value: MEDIUM]
11:10:40.321 [FXGL Background Thread 3 ] DEBUG Engine               - globalMusicVolume: 0.5
11:10:40.321 [FXGL Background Thread 3 ] DEBUG Engine               - globalMusicVolumeProperty: DoubleProperty [value: 0.5]
11:10:40.321 [FXGL Background Thread 3 ] DEBUG Engine               - globalSoundVolume: 0.5
11:10:40.321 [FXGL Background Thread 3 ] DEBUG Engine               - globalSoundVolumeProperty: DoubleProperty [value: 0.5]
11:10:40.321 [FXGL Background Thread 3 ] DEBUG Engine               - height: 700
11:10:40.321 [FXGL Background Thread 3 ] DEBUG Engine               - is3D: false
11:10:40.321 [FXGL Background Thread 3 ] DEBUG Engine               - isAndroid: false
11:10:40.321 [FXGL Background Thread 3 ] DEBUG Engine               - isBrowser: false
11:10:40.321 [FXGL Background Thread 3 ] DEBUG Engine               - isClickFeedbackEnabled: false
11:10:40.321 [FXGL Background Thread 3 ] DEBUG Engine               - isCloseConfirmation: false
11:10:40.321 [FXGL Background Thread 3 ] DEBUG Engine               - isDesktop: true
11:10:40.321 [FXGL Background Thread 3 ] DEBUG Engine               - isDeveloperMenuEnabled: false
11:10:40.321 [FXGL Background Thread 3 ] DEBUG Engine               - isEmbedded: false
11:10:40.321 [FXGL Background Thread 3 ] DEBUG Engine               - isEntityPreloadEnabled: true
11:10:40.321 [FXGL Background Thread 3 ] DEBUG Engine               - isExperimentalTiledLargeMap: false
11:10:40.321 [FXGL Background Thread 3 ] DEBUG Engine               - isFileSystemWriteAllowed: true
11:10:40.321 [FXGL Background Thread 3 ] DEBUG Engine               - isFullScreenAllowed: false
11:10:40.321 [FXGL Background Thread 3 ] DEBUG Engine               - isFullScreenFromStart: false
11:10:40.321 [FXGL Background Thread 3 ] DEBUG Engine               - isGameMenuEnabled: true
11:10:40.322 [FXGL Background Thread 3 ] DEBUG Engine               - isIOS: false
11:10:40.322 [FXGL Background Thread 3 ] DEBUG Engine               - isIntroEnabled: false
11:10:40.322 [FXGL Background Thread 3 ] DEBUG Engine               - isLinux: false
11:10:40.322 [FXGL Background Thread 3 ] DEBUG Engine               - isMac: false
11:10:40.322 [FXGL Background Thread 3 ] DEBUG Engine               - isMainMenuEnabled: false
11:10:40.322 [FXGL Background Thread 3 ] DEBUG Engine               - isManualResizeEnabled: false
11:10:40.322 [FXGL Background Thread 3 ] DEBUG Engine               - isMobile: false
11:10:40.322 [FXGL Background Thread 3 ] DEBUG Engine               - isNative: false
11:10:40.322 [FXGL Background Thread 3 ] DEBUG Engine               - isPauseMusicWhenMinimized: true
11:10:40.322 [FXGL Background Thread 3 ] DEBUG Engine               - isPreserveResizeRatio: false
11:10:40.322 [FXGL Background Thread 3 ] DEBUG Engine               - isProfilingEnabled: false
11:10:40.322 [FXGL Background Thread 3 ] DEBUG Engine               - isScaleAffectedOnResize: true
11:10:40.322 [FXGL Background Thread 3 ] DEBUG Engine               - isSingleStep: false
11:10:40.322 [FXGL Background Thread 3 ] DEBUG Engine               - isUserProfileEnabled: false
11:10:40.322 [FXGL Background Thread 3 ] DEBUG Engine               - isWindows: true
11:10:40.322 [FXGL Background Thread 3 ] DEBUG Engine               - language: ObjectProperty [value: ENGLISH]
11:10:40.322 [FXGL Background Thread 3 ] DEBUG Engine               - menuKey: ESCAPE
11:10:40.322 [FXGL Background Thread 3 ] DEBUG Engine               - mouseSensitivity: 0.2
11:10:40.322 [FXGL Background Thread 3 ] DEBUG Engine               - notificationViewClass: class com.almasb.fxgl.notification.view.XboxNotificationView
11:10:40.322 [FXGL Background Thread 3 ] DEBUG Engine               - pixelsPerMeter: 50.0
11:10:40.322 [FXGL Background Thread 3 ] DEBUG Engine               - platform: WINDOWS
11:10:40.322 [FXGL Background Thread 3 ] DEBUG Engine               - prefHeightProperty: ReadOnlyDoubleProperty [value: 700.0]
11:10:40.322 [FXGL Background Thread 3 ] DEBUG Engine               - prefWidthProperty: ReadOnlyDoubleProperty [value: 1400.0]
11:10:40.323 [FXGL Background Thread 3 ] DEBUG Engine               - profileDir: profiles/
11:10:40.323 [FXGL Background Thread 3 ] DEBUG Engine               - profileName: StringProperty [value: DEFAULT]
11:10:40.323 [FXGL Background Thread 3 ] DEBUG Engine               - randomSeed: -1
11:10:40.323 [FXGL Background Thread 3 ] DEBUG Engine               - runtimeInfo: RuntimeInfo(platform=WINDOWS, version=17.3, build=30.03.2023 11.49)
11:10:40.323 [FXGL Background Thread 3 ] DEBUG Engine               - saveFileExt: sav
11:10:40.323 [FXGL Background Thread 3 ] DEBUG Engine               - scaledHeightProp$fxgl: DoubleProperty [bound, value: 700.0]
11:10:40.323 [FXGL Background Thread 3 ] DEBUG Engine               - scaledWidthProp$fxgl: DoubleProperty [bound, value: 1400.0]
11:10:40.323 [FXGL Background Thread 3 ] DEBUG Engine               - sceneFactory: com.almasb.fxgl.app.scene.SceneFactory@2bf50a36
11:10:40.323 [FXGL Background Thread 3 ] DEBUG Engine               - secondsIn24h: 60
11:10:40.323 [FXGL Background Thread 3 ] DEBUG Engine               - soundMenuBack: menu/back.wav
11:10:40.323 [FXGL Background Thread 3 ] DEBUG Engine               - soundMenuPress: menu/press.wav
11:10:40.323 [FXGL Background Thread 3 ] DEBUG Engine               - soundMenuSelect: menu/select.wav
11:10:40.323 [FXGL Background Thread 3 ] DEBUG Engine               - soundNotification: core/notification.wav
11:10:40.323 [FXGL Background Thread 3 ] DEBUG Engine               - stageStyle: DECORATED
11:10:40.323 [FXGL Background Thread 3 ] DEBUG Engine               - supportedLanguages: [ENGLISH, FRENCH, GERMAN, HUNGARIAN, RUSSIAN]
11:10:40.323 [FXGL Background Thread 3 ] DEBUG Engine               - ticksPerSecond: -1
11:10:40.323 [FXGL Background Thread 3 ] DEBUG Engine               - title: Simulador de Restaurante
11:10:40.323 [FXGL Background Thread 3 ] DEBUG Engine               - urlGithub: https://github.com/AlmasB/FXGL
11:10:40.323 [FXGL Background Thread 3 ] DEBUG Engine               - urlLeaderboard: http://fxgl-top.herokuapp.com/
11:10:40.323 [FXGL Background Thread 3 ] DEBUG Engine               - urlPOM: https://raw.githubusercontent.com/AlmasB/FXGL/release/README.md
11:10:40.323 [FXGL Background Thread 3 ] DEBUG Engine               - userAppClass: class com.Simulador.Restaurante.RestaurantSimulator
11:10:40.323 [FXGL Background Thread 3 ] DEBUG Engine               - version: 1.0
11:10:40.323 [FXGL Background Thread 3 ] DEBUG Engine               - versionCheckDays: 7
11:10:40.324 [FXGL Background Thread 3 ] DEBUG Engine               - width: 1400
11:10:40.324 [FXGL Background Thread 3 ] DEBUG Engine               - Logging services
11:10:40.324 [FXGL Background Thread 3 ] DEBUG Engine               - class com.almasb.fxgl.app.services.FXGLAssetLoaderService
11:10:40.324 [FXGL Background Thread 3 ] DEBUG Engine               - class com.almasb.fxgl.app.FXGLApplication$GameApplicationService
11:10:40.324 [FXGL Background Thread 3 ] DEBUG Engine               - class com.almasb.fxgl.app.services.FXGLDialogService
11:10:40.324 [FXGL Background Thread 3 ] DEBUG Engine               - class com.almasb.fxgl.app.services.IOTaskExecutorService
11:10:40.324 [FXGL Background Thread 3 ] DEBUG Engine               - class com.almasb.fxgl.io.FileSystemService
11:10:40.324 [FXGL Background Thread 3 ] DEBUG Engine               - class com.almasb.fxgl.localization.LocalizationService
11:10:40.324 [FXGL Background Thread 3 ] DEBUG Engine               - class com.almasb.fxgl.app.services.SystemBundleService
11:10:40.324 [FXGL Background Thread 3 ] DEBUG Engine               - class com.almasb.fxgl.profile.SaveLoadService
11:10:40.324 [FXGL Background Thread 3 ] DEBUG Engine               - class com.almasb.fxgl.ui.FXGLUIFactoryServiceProvider
11:10:40.324 [FXGL Background Thread 3 ] DEBUG Engine               - class com.almasb.fxgl.ui.FXGLDialogFactoryServiceProvider
11:10:40.324 [FXGL Background Thread 3 ] DEBUG Engine               - class com.almasb.fxgl.audio.AudioPlayer
11:10:40.324 [FXGL Background Thread 3 ] DEBUG Engine               - class com.almasb.fxgl.notification.impl.NotificationServiceProvider
11:10:40.324 [FXGL Background Thread 3 ] DEBUG Engine               - class com.almasb.fxgl.achievement.AchievementService
11:10:40.324 [FXGL Background Thread 3 ] DEBUG Engine               - class com.almasb.fxgl.cutscene.CutsceneService
11:10:40.324 [FXGL Background Thread 3 ] DEBUG Engine               - class com.almasb.fxgl.minigames.MiniGameService
11:10:40.324 [FXGL Background Thread 3 ] DEBUG Engine               - class com.almasb.fxgl.net.NetService
11:10:40.324 [FXGL Background Thread 3 ] DEBUG Engine               - class com.almasb.fxgl.app.services.UpdaterService
11:10:40.324 [FXGL Background Thread 3 ] DEBUG Engine               - class com.almasb.fxgl.dev.DevService
11:11:34.319 [JavaFX Application Thread] DEBUG LoopRunner           - Stopping loop
11:11:34.321 [JavaFX Application Thread] FATAL FXGLApplication      - Uncaught Exception:
java.lang.NullPointerException: Cannot read the array length because "this.runs" is null
	at javafx.graphics@21/com.sun.javafx.text.PrismTextLayout.addTextRun(PrismTextLayout.java:804)
	at javafx.graphics@21/com.sun.javafx.text.GlyphLayout.addTextRun(GlyphLayout.java:142)
	at javafx.graphics@21/com.sun.javafx.text.GlyphLayout.breakRuns(GlyphLayout.java:342)
	at javafx.graphics@21/com.sun.javafx.text.PrismTextLayout.buildRuns(PrismTextLayout.java:819)
	at javafx.graphics@21/com.sun.javafx.text.PrismTextLayout.layout(PrismTextLayout.java:1070)
	at javafx.graphics@21/com.sun.javafx.text.PrismTextLayout.ensureLayout(PrismTextLayout.java:230)
	at javafx.graphics@21/com.sun.javafx.text.PrismTextLayout.getBounds(PrismTextLayout.java:256)
	at javafx.graphics@21/javafx.scene.text.Text.getLogicalBounds(Text.java:432)
	at javafx.graphics@21/javafx.scene.text.Text.doComputeGeomBounds(Text.java:1186)
	at javafx.graphics@21/javafx.scene.text.Text$1.doComputeGeomBounds(Text.java:149)
	at javafx.graphics@21/com.sun.javafx.scene.shape.TextHelper.computeGeomBoundsImpl(TextHelper.java:90)
	at javafx.graphics@21/com.sun.javafx.scene.NodeHelper.computeGeomBounds(NodeHelper.java:117)
	at javafx.graphics@21/javafx.scene.Node.updateGeomBounds(Node.java:3812)
	at javafx.graphics@21/javafx.scene.Node.getGeomBounds(Node.java:3774)
	at javafx.graphics@21/javafx.scene.Node.getLocalBounds(Node.java:3722)
	at javafx.graphics@21/javafx.scene.Node.updateTxBounds(Node.java:3876)
	at javafx.graphics@21/javafx.scene.Node.getTransformedBounds(Node.java:3668)
	at javafx.graphics@21/javafx.scene.Node.updateBounds(Node.java:776)
	at javafx.graphics@21/javafx.scene.Parent.updateBounds(Parent.java:1834)
	at javafx.graphics@21/javafx.scene.Parent.updateBounds(Parent.java:1834)
	at javafx.graphics@21/javafx.scene.Parent.updateBounds(Parent.java:1834)
	at javafx.graphics@21/javafx.scene.Parent.updateBounds(Parent.java:1834)
	at javafx.graphics@21/javafx.scene.Scene$ScenePulseListener.pulse(Scene.java:2615)
	at javafx.graphics@21/com.sun.javafx.tk.Toolkit.lambda$runPulse$2(Toolkit.java:401)
	at java.base/java.security.AccessController.doPrivileged(AccessController.java:400)
	at javafx.graphics@21/com.sun.javafx.tk.Toolkit.runPulse(Toolkit.java:400)
	at javafx.graphics@21/com.sun.javafx.tk.Toolkit.firePulse(Toolkit.java:430)
	at javafx.graphics@21/com.sun.javafx.tk.quantum.QuantumToolkit.pulse(QuantumToolkit.java:592)
	at javafx.graphics@21/com.sun.javafx.tk.quantum.QuantumToolkit.pulse(QuantumToolkit.java:572)
	at javafx.graphics@21/com.sun.javafx.tk.quantum.QuantumToolkit.pulseFromQueue(QuantumToolkit.java:565)
	at javafx.graphics@21/com.sun.javafx.tk.quantum.QuantumToolkit.lambda$runToolkit$11(QuantumToolkit.java:352)
	at javafx.graphics@21/com.sun.glass.ui.InvokeLaterDispatcher$Future.run(InvokeLaterDispatcher.java:95)
	at javafx.graphics@21/com.sun.glass.ui.win.WinApplication._runLoop(Native Method)
	at javafx.graphics@21/com.sun.glass.ui.win.WinApplication.lambda$runLoop$3(WinApplication.java:185)
	at java.base/java.lang.Thread.run(Thread.java:1583)

11:11:34.321 [JavaFX Application Thread] FATAL FXGLApplication      - Application will now exit
11:11:34.336 [JavaFX Application Thread] DEBUG PrimaryStageWindow   - Push state: ErrorSubScene
11:11:34.336 [JavaFX Application Thread] DEBUG Input                - Clearing active input actions
11:11:34.340 [JavaFX Application Thread] DEBUG GameApplicationServi - Removing overlay from GameScene and adding to ErrorSubScene
11:11:34.340 [JavaFX Application Thread] DEBUG PrimaryStageWindow   - GameScene -> ErrorSubScene
11:12:31.826 [JavaFX Application Thread] DEBUG FXGLApplication      - Exiting FXGL
11:12:31.826 [JavaFX Application Thread] DEBUG Async                - Shutting down background threads
11:12:31.827 [JavaFX Application Thread] DEBUG PrimaryStageWindow   - Closing main window
11:12:31.839 [JavaFX Application Thread] DEBUG Logger               - Closing Logger
