11:41:29.400 [main                     ] DEBUG Logger               - Configured Logger
11:41:29.427 [main                     ] DEBUG GameApplication      - Logging settings
Title: Simulador Restaurante
Version: 0.1
Width: 1300
Height: 600
Fullscreen: false
Intro: false
Profiling: false
Single step:false
App Mode: DEVELOPER
Menu Key: ESCAPE
Stage Style: DECORATED
Scene Factory: class com.Simulador.Restaurante.RestaurantSimulator$1

11:41:29.774 [JavaFX Application Thread] DEBUG FXGLApplication      - Initializing FXGL
11:41:29.778 [JavaFX Application Thread] INFO  Engine               - FXGL-17.3 (30.03.2023 11.49) on WINDOWS (J:21.0.5 FX:21)
11:41:29.778 [JavaFX Application Thread] DEBUG Engine               - JRE Vendor Name: Oracle Corporation
11:41:29.779 [JavaFX Application Thread] DEBUG Engine               - Running on OS: Windows 11 version 10.0
11:41:29.779 [JavaFX Application Thread] DEBUG Engine               - Architecture: amd64
11:41:29.779 [JavaFX Application Thread] INFO  Engine               - Source code and latest versions at: https://github.com/AlmasB/FXGL
11:41:29.779 [JavaFX Application Thread] INFO  Engine               -       Ask questions and discuss at: https://github.com/AlmasB/FXGL/discussions
11:41:29.779 [JavaFX Application Thread] INFO  Engine               -              Join the FXGL chat at: https://gitter.im/AlmasB/FXGL
11:41:29.870 [JavaFX Application Thread] DEBUG PrimaryStageWindow   - Creating a JavaFX scene
11:41:29.928 [JavaFX Application Thread] DEBUG PrimaryStageWindow   - Target settings size: 1300.0 x 600.0
11:41:29.929 [JavaFX Application Thread] DEBUG PrimaryStageWindow   - Scaled scene size:    1300.0 x 600.0
11:41:29.929 [JavaFX Application Thread] DEBUG PrimaryStageWindow   - Scaled ratio: (1.0, 1.0)
11:41:29.930 [JavaFX Application Thread] DEBUG PrimaryStageWindow   - Set initial scene to FXGLStartupScene
11:41:29.934 [JavaFX Application Thread] DEBUG PrimaryStageWindow   - Opening main window
11:41:30.020 [JavaFX Application Thread] DEBUG PrimaryStageWindow   - Window border size: (14.4000244140625, 37.5999755859375)
11:41:30.020 [JavaFX Application Thread] DEBUG PrimaryStageWindow   - Scaled size: 1300.0 x 600.0
11:41:30.020 [JavaFX Application Thread] DEBUG PrimaryStageWindow   - Scaled ratio: (1.0, 1.0)
11:41:30.021 [JavaFX Application Thread] DEBUG PrimaryStageWindow   - Scene size: 1300.0 x 600.0
11:41:30.021 [JavaFX Application Thread] DEBUG PrimaryStageWindow   - Stage size: 1314.4000244140625 x 637.5999755859375
11:41:30.030 [FXGL Background Thread 1 ] DEBUG Engine               - Initializing environment variables
11:41:30.088 [FXGL Background Thread 1 ] DEBUG FXGLAssetLoaderServi - User app class for loading assets: class com.Simulador.Restaurante.RestaurantSimulator
11:41:30.088 [FXGL Background Thread 1 ] DEBUG GameApplicationServi - Applying CSS: fxgl_dark.css
11:41:30.089 [FXGL Background Thread 1 ] DEBUG FXGLAssetLoaderServi - Loading from file system: jar:file:///C:/Users/Jose%20Alberto%20Morales/.m2/repository/com/github/almasb/fxgl/17.3/fxgl-17.3.jar!/fxglassets/ui/css/fxgl_dark.css
11:41:30.147 [FXGL Background Thread 1 ] DEBUG GameApplicationServi - Initializing application scenes
11:41:30.187 [FXGL Background Thread 1 ] DEBUG GameWorld            - Game world initialized
11:41:30.251 [FXGL Background Thread 1 ] DEBUG PhysicsWorld         - Physics world initialized: appHeight=600, physics.ppm=50.0
11:41:30.251 [FXGL Background Thread 1 ] DEBUG PhysicsWorld         - Using strategy: BRUTE_FORCE
11:41:30.255 [FXGL Background Thread 1 ] DEBUG GameScene            - Game scene initialized: 1300x600
11:41:30.296 [FXGL Background Thread 1 ] DEBUG FXGL.DefaultMenu     - createMenuBodyGameMenu()
11:41:30.302 [FXGL Background Thread 1 ] DEBUG FXGL.DefaultMenu     - createOptionsMenu()
11:41:30.307 [FXGL Background Thread 1 ] DEBUG FXGLAssetLoaderServi - Loading from file system: jar:file:///C:/Users/Jose%20Alberto%20Morales/.m2/repository/com/github/almasb/fxgl/17.3/fxgl-17.3.jar!/fxglassets/textures/particles/smoke.png
11:41:30.386 [FXGL Background Thread 1 ] DEBUG FXGLAssetLoaderServi - Loading from file system: jar:file:///C:/Users/Jose%20Alberto%20Morales/.m2/repository/com/github/almasb/fxgl/17.3/fxgl-17.3.jar!/fxglassets/textures/particles/trace_horizontal.png
11:41:30.418 [FXGL Background Thread 1 ] DEBUG GameApplicationServi - Application scenes initialized
11:41:30.427 [FXGL Background Thread 1 ] DEBUG SystemBundleService  - Loading FXGL system data
11:41:30.431 [FXGL Background Thread 1 ] DEBUG FileSystemAccess     - Reading from: C:\Users\Jose Alberto Morales\Documents\7to Cuatrimestre\Programacion concurrente\Restaurant\system\fxgl.bundle
11:41:30.439 [FXGL Background Thread 1 ] DEBUG SystemBundleService  - Bundle FXGL: {}
11:41:30.439 [FXGL Background Thread 1 ] DEBUG UpdaterService       - Checking for updates
11:41:30.443 [FXGL Background Thread 4 ] DEBUG FXGLApplication      - Loading fonts
11:41:30.443 [FXGL Background Thread 1 ] DEBUG FXGLApplication      - Loading default localization
11:41:30.444 [FXGL Background Thread 4 ] DEBUG FXGLAssetLoaderServi - Loading from file system: jar:file:///C:/Users/Jose%20Alberto%20Morales/.m2/repository/com/github/almasb/fxgl/17.3/fxgl-17.3.jar!/fxglassets/ui/fonts/VarelaRound-Regular.ttf
11:41:30.444 [FXGL Background Thread 1 ] DEBUG FXGLAssetLoaderServi - Loading from file system: jar:file:///C:/Users/Jose%20Alberto%20Morales/.m2/repository/com/github/almasb/fxgl/17.3/fxgl-17.3.jar!/fxglassets/languages/english.lang
11:41:30.464 [FXGL Background Thread 1 ] INFO  FXGLApplication      - FXGL initialization took: 0.434 sec
11:41:30.465 [JavaFX Application Thread] DEBUG FXGLAssetLoaderServi - Loading from file system: jar:file:///C:/Users/Jose%20Alberto%20Morales/.m2/repository/com/github/almasb/fxgl/17.3/fxgl-17.3.jar!/fxglassets/textures/fxgl_icon.png
11:41:30.474 [FXGL Background Thread 4 ] DEBUG FXGLAssetLoaderServi - Loading from file system: jar:file:///C:/Users/Jose%20Alberto%20Morales/.m2/repository/com/github/almasb/fxgl/17.3/fxgl-17.3.jar!/fxglassets/ui/fonts/Abel-Regular.ttf
11:41:30.479 [FXGL Background Thread 4 ] DEBUG FXGLAssetLoaderServi - Loading from file system: jar:file:///C:/Users/Jose%20Alberto%20Morales/.m2/repository/com/github/almasb/fxgl/17.3/fxgl-17.3.jar!/fxglassets/ui/fonts/TerminalLandMono-Regular.otf
11:41:30.485 [FXGL Background Thread 4 ] DEBUG FXGLAssetLoaderServi - Loading from file system: jar:file:///C:/Users/Jose%20Alberto%20Morales/.m2/repository/com/github/almasb/fxgl/17.3/fxgl-17.3.jar!/fxglassets/ui/fonts/Courier-Prime.ttf
11:41:30.492 [JavaFX Application Thread] DEBUG FXGLAssetLoaderServi - Loading from file system: jar:file:///C:/Users/Jose%20Alberto%20Morales/.m2/repository/com/github/almasb/fxgl/17.3/fxgl-17.3.jar!/fxglassets/textures/fxgl_default_cursor.png
11:41:30.504 [JavaFX Application Thread] DEBUG Input                - Registered new binding: Screenshot - CTRL+8
11:41:30.504 [JavaFX Application Thread] DEBUG Input                - Registered new binding: System info dump - CTRL+9
11:41:30.505 [JavaFX Application Thread] DEBUG Input                - Registered new binding: Restart - CTRL+R
11:41:30.506 [JavaFX Application Thread] DEBUG Input                - Registered new binding: Toggle Debug Camera - CTRL+7
11:41:30.508 [JavaFX Application Thread] DEBUG LoopRunner           - Starting loop
11:41:30.509 [JavaFX Application Thread] DEBUG LoopRunner           - Initializing JavaFX AnimationTimerLoop
11:41:30.510 [JavaFX Application Thread] DEBUG Input                - Clearing active input actions
11:41:30.517 [JavaFX Application Thread] DEBUG GameApplicationServi - Removing overlay from FXGLStartupScene and adding to FXGLMainMenuDummyScene
11:41:30.518 [JavaFX Application Thread] DEBUG PrimaryStageWindow   - FXGLStartupScene -> FXGLMainMenuDummyScene
11:41:30.518 [JavaFX Application Thread] DEBUG PrimaryStageWindow   - Push state: MainMenu
11:41:30.518 [JavaFX Application Thread] DEBUG Input                - Clearing active input actions
11:41:30.527 [JavaFX Application Thread] DEBUG GameApplicationServi - Removing overlay from FXGLMainMenuDummyScene and adding to MainMenu
11:41:30.527 [JavaFX Application Thread] DEBUG PrimaryStageWindow   - FXGLMainMenuDummyScene -> MainMenu
11:41:30.527 [JavaFX Application Thread] DEBUG FXGLApplication      - Registering font factories with UI factory
11:41:30.989 [FXGL Background Thread 2 ] INFO  UpdaterService       - Your current version:  17.3
11:41:30.989 [FXGL Background Thread 2 ] INFO  UpdaterService       - Latest stable version: 21.1
11:41:31.329 [JavaFX Application Thread] DEBUG Menu                 - fireNewGame()
11:41:31.329 [JavaFX Application Thread] DEBUG GameApplicationServi - Starting new game
11:41:31.329 [JavaFX Application Thread] DEBUG PrimaryStageWindow   - Pop state: MainMenu
11:41:31.329 [JavaFX Application Thread] DEBUG Input                - Clearing active input actions
11:41:31.330 [JavaFX Application Thread] DEBUG GameApplicationServi - Removing overlay from MainMenu and adding to FXGLMainMenuDummyScene
11:41:31.330 [JavaFX Application Thread] DEBUG PrimaryStageWindow   - FXGLMainMenuDummyScene <- MainMenu
11:41:31.330 [JavaFX Application Thread] DEBUG Input                - Clearing active input actions
11:41:31.337 [JavaFX Application Thread] DEBUG GameApplicationServi - Removing overlay from FXGLMainMenuDummyScene and adding to FXGLLoadingScene
11:41:31.337 [JavaFX Application Thread] DEBUG PrimaryStageWindow   - FXGLMainMenuDummyScene -> FXGLLoadingScene
11:41:31.337 [JavaFX Application Thread] DEBUG GameApplicationServi - Clearing previous game
11:41:31.337 [JavaFX Application Thread] DEBUG GameScene            - Clearing game scene
11:41:31.337 [JavaFX Application Thread] DEBUG GameWorld            - Clearing game world
11:41:31.338 [JavaFX Application Thread] DEBUG PhysicsWorld         - Clearing physics world
11:41:31.339 [FXGL Background Thread 2 ] DEBUG FXGLApplication      - Initializing game
11:41:31.426 [FXGL Background Thread 2 ] INFO  FXGLApplication      - Game initialization took: 0.087 sec
11:41:31.427 [JavaFX Application Thread] DEBUG Input                - Clearing active input actions
11:41:31.436 [JavaFX Application Thread] DEBUG GameApplicationServi - Removing overlay from FXGLLoadingScene and adding to GameScene
11:41:31.436 [JavaFX Application Thread] DEBUG PrimaryStageWindow   - FXGLLoadingScene -> GameScene
11:41:33.442 [FXGL Background Thread 3 ] DEBUG Engine               - Logging environment variables
11:41:33.442 [FXGL Background Thread 3 ] DEBUG Engine               - achievements: []
11:41:33.442 [FXGL Background Thread 3 ] DEBUG Engine               - actualHeight: 600.0
11:41:33.442 [FXGL Background Thread 3 ] DEBUG Engine               - actualHeightProperty: ReadOnlyDoubleProperty [value: 600.0]
11:41:33.442 [FXGL Background Thread 3 ] DEBUG Engine               - actualWidth: 1300.0
11:41:33.442 [FXGL Background Thread 3 ] DEBUG Engine               - actualWidthProperty: ReadOnlyDoubleProperty [value: 1300.0]
11:41:33.443 [FXGL Background Thread 3 ] DEBUG Engine               - appIcon: fxgl_icon.png
11:41:33.443 [FXGL Background Thread 3 ] DEBUG Engine               - applicationMode: DEVELOPER
11:41:33.443 [FXGL Background Thread 3 ] DEBUG Engine               - cSSList: [fxgl_dark.css]
11:41:33.443 [FXGL Background Thread 3 ] DEBUG Engine               - collisionDetectionStrategy: BRUTE_FORCE
11:41:33.443 [FXGL Background Thread 3 ] DEBUG Engine               - configClass: Optional.empty
11:41:33.443 [FXGL Background Thread 3 ] DEBUG Engine               - credits: []
11:41:33.443 [FXGL Background Thread 3 ] DEBUG Engine               - defaultCursor: CursorInfo(imageName=fxgl_default_cursor.png, hotspotX=7.0, hotspotY=6.0)
11:41:33.443 [FXGL Background Thread 3 ] DEBUG Engine               - devBBoxColorProperty: ObjectProperty [value: 0xff0000ff]
11:41:33.443 [FXGL Background Thread 3 ] DEBUG Engine               - devEnableDebugCameraProperty: BooleanProperty [value: false]
11:41:33.443 [FXGL Background Thread 3 ] DEBUG Engine               - devSensorColorProperty: ObjectProperty [value: 0xffff00ff]
11:41:33.444 [FXGL Background Thread 3 ] DEBUG Engine               - devShowBBoxProperty: BooleanProperty [value: false]
11:41:33.444 [FXGL Background Thread 3 ] DEBUG Engine               - devShowPositionProperty: BooleanProperty [value: false]
11:41:33.444 [FXGL Background Thread 3 ] DEBUG Engine               - enabledMenuItems: []
11:41:33.444 [FXGL Background Thread 3 ] DEBUG Engine               - engineServices: [class com.almasb.fxgl.app.services.FXGLAssetLoaderService, class com.almasb.fxgl.app.FXGLApplication$GameApplicationService, class com.almasb.fxgl.app.services.FXGLDialogService, class com.almasb.fxgl.app.services.IOTaskExecutorService, class com.almasb.fxgl.io.FileSystemService, class com.almasb.fxgl.localization.LocalizationService, class com.almasb.fxgl.app.services.SystemBundleService, class com.almasb.fxgl.profile.SaveLoadService, class com.almasb.fxgl.ui.FXGLUIFactoryServiceProvider, class com.almasb.fxgl.ui.FXGLDialogFactoryServiceProvider, class com.almasb.fxgl.audio.AudioPlayer, class com.almasb.fxgl.notification.impl.NotificationServiceProvider, class com.almasb.fxgl.achievement.AchievementService, class com.almasb.fxgl.cutscene.CutsceneService, class com.almasb.fxgl.minigames.MiniGameService, class com.almasb.fxgl.net.NetService, class com.almasb.fxgl.app.services.UpdaterService, class com.almasb.fxgl.dev.DevService]
11:41:33.444 [FXGL Background Thread 3 ] DEBUG Engine               - fontGame: Abel-Regular.ttf
11:41:33.444 [FXGL Background Thread 3 ] DEBUG Engine               - fontMono: TerminalLandMono-Regular.otf
11:41:33.444 [FXGL Background Thread 3 ] DEBUG Engine               - fontSizeScaleUI: 1.0
11:41:33.444 [FXGL Background Thread 3 ] DEBUG Engine               - fontText: Courier-Prime.ttf
11:41:33.444 [FXGL Background Thread 3 ] DEBUG Engine               - fontUI: VarelaRound-Regular.ttf
11:41:33.444 [FXGL Background Thread 3 ] DEBUG Engine               - fullScreen: BooleanProperty [value: false]
11:41:33.444 [FXGL Background Thread 3 ] DEBUG Engine               - gameDifficulty: MEDIUM
11:41:33.444 [FXGL Background Thread 3 ] DEBUG Engine               - gameDifficultyProperty: ObjectProperty [value: MEDIUM]
11:41:33.444 [FXGL Background Thread 3 ] DEBUG Engine               - globalMusicVolume: 0.5
11:41:33.444 [FXGL Background Thread 3 ] DEBUG Engine               - globalMusicVolumeProperty: DoubleProperty [value: 0.5]
11:41:33.444 [FXGL Background Thread 3 ] DEBUG Engine               - globalSoundVolume: 0.5
11:41:33.445 [FXGL Background Thread 3 ] DEBUG Engine               - globalSoundVolumeProperty: DoubleProperty [value: 0.5]
11:41:33.445 [FXGL Background Thread 3 ] DEBUG Engine               - height: 600
11:41:33.445 [FXGL Background Thread 3 ] DEBUG Engine               - is3D: false
11:41:33.445 [FXGL Background Thread 3 ] DEBUG Engine               - isAndroid: false
11:41:33.445 [FXGL Background Thread 3 ] DEBUG Engine               - isBrowser: false
11:41:33.445 [FXGL Background Thread 3 ] DEBUG Engine               - isClickFeedbackEnabled: false
11:41:33.445 [FXGL Background Thread 3 ] DEBUG Engine               - isCloseConfirmation: false
11:41:33.445 [FXGL Background Thread 3 ] DEBUG Engine               - isDesktop: true
11:41:33.445 [FXGL Background Thread 3 ] DEBUG Engine               - isDeveloperMenuEnabled: false
11:41:33.445 [FXGL Background Thread 3 ] DEBUG Engine               - isEmbedded: false
11:41:33.445 [FXGL Background Thread 3 ] DEBUG Engine               - isEntityPreloadEnabled: true
11:41:33.445 [FXGL Background Thread 3 ] DEBUG Engine               - isExperimentalTiledLargeMap: false
11:41:33.445 [FXGL Background Thread 3 ] DEBUG Engine               - isFileSystemWriteAllowed: true
11:41:33.445 [FXGL Background Thread 3 ] DEBUG Engine               - isFullScreenAllowed: false
11:41:33.446 [FXGL Background Thread 3 ] DEBUG Engine               - isFullScreenFromStart: false
11:41:33.446 [FXGL Background Thread 3 ] DEBUG Engine               - isGameMenuEnabled: true
11:41:33.446 [FXGL Background Thread 3 ] DEBUG Engine               - isIOS: false
11:41:33.446 [FXGL Background Thread 3 ] DEBUG Engine               - isIntroEnabled: false
11:41:33.446 [FXGL Background Thread 3 ] DEBUG Engine               - isLinux: false
11:41:33.446 [FXGL Background Thread 3 ] DEBUG Engine               - isMac: false
11:41:33.446 [FXGL Background Thread 3 ] DEBUG Engine               - isMainMenuEnabled: true
11:41:33.446 [FXGL Background Thread 3 ] DEBUG Engine               - isManualResizeEnabled: false
11:41:33.446 [FXGL Background Thread 3 ] DEBUG Engine               - isMobile: false
11:41:33.446 [FXGL Background Thread 3 ] DEBUG Engine               - isNative: false
11:41:33.446 [FXGL Background Thread 3 ] DEBUG Engine               - isPauseMusicWhenMinimized: true
11:41:33.446 [FXGL Background Thread 3 ] DEBUG Engine               - isPreserveResizeRatio: false
11:41:33.446 [FXGL Background Thread 3 ] DEBUG Engine               - isProfilingEnabled: false
11:41:33.446 [FXGL Background Thread 3 ] DEBUG Engine               - isScaleAffectedOnResize: true
11:41:33.446 [FXGL Background Thread 3 ] DEBUG Engine               - isSingleStep: false
11:41:33.446 [FXGL Background Thread 3 ] DEBUG Engine               - isUserProfileEnabled: false
11:41:33.446 [FXGL Background Thread 3 ] DEBUG Engine               - isWindows: true
11:41:33.446 [FXGL Background Thread 3 ] DEBUG Engine               - language: ObjectProperty [value: ENGLISH]
11:41:33.446 [FXGL Background Thread 3 ] DEBUG Engine               - menuKey: ESCAPE
11:41:33.446 [FXGL Background Thread 3 ] DEBUG Engine               - mouseSensitivity: 0.2
11:41:33.446 [FXGL Background Thread 3 ] DEBUG Engine               - notificationViewClass: class com.almasb.fxgl.notification.view.XboxNotificationView
11:41:33.447 [FXGL Background Thread 3 ] DEBUG Engine               - pixelsPerMeter: 50.0
11:41:33.447 [FXGL Background Thread 3 ] DEBUG Engine               - platform: WINDOWS
11:41:33.447 [FXGL Background Thread 3 ] DEBUG Engine               - prefHeightProperty: ReadOnlyDoubleProperty [value: 600.0]
11:41:33.447 [FXGL Background Thread 3 ] DEBUG Engine               - prefWidthProperty: ReadOnlyDoubleProperty [value: 1300.0]
11:41:33.447 [FXGL Background Thread 3 ] DEBUG Engine               - profileDir: profiles/
11:41:33.447 [FXGL Background Thread 3 ] DEBUG Engine               - profileName: StringProperty [value: DEFAULT]
11:41:33.447 [FXGL Background Thread 3 ] DEBUG Engine               - randomSeed: -1
11:41:33.447 [FXGL Background Thread 3 ] DEBUG Engine               - runtimeInfo: RuntimeInfo(platform=WINDOWS, version=17.3, build=30.03.2023 11.49)
11:41:33.447 [FXGL Background Thread 3 ] DEBUG Engine               - saveFileExt: sav
11:41:33.447 [FXGL Background Thread 3 ] DEBUG Engine               - scaledHeightProp$fxgl: DoubleProperty [bound, value: 600.0]
11:41:33.447 [FXGL Background Thread 3 ] DEBUG Engine               - scaledWidthProp$fxgl: DoubleProperty [bound, value: 1300.0]
11:41:33.447 [FXGL Background Thread 3 ] DEBUG Engine               - sceneFactory: com.Simulador.Restaurante.RestaurantSimulator$1@43b7e9f5
11:41:33.447 [FXGL Background Thread 3 ] DEBUG Engine               - secondsIn24h: 60
11:41:33.447 [FXGL Background Thread 3 ] DEBUG Engine               - soundMenuBack: menu/back.wav
11:41:33.447 [FXGL Background Thread 3 ] DEBUG Engine               - soundMenuPress: menu/press.wav
11:41:33.447 [FXGL Background Thread 3 ] DEBUG Engine               - soundMenuSelect: menu/select.wav
11:41:33.447 [FXGL Background Thread 3 ] DEBUG Engine               - soundNotification: core/notification.wav
11:41:33.448 [FXGL Background Thread 3 ] DEBUG Engine               - stageStyle: DECORATED
11:41:33.448 [FXGL Background Thread 3 ] DEBUG Engine               - supportedLanguages: [ENGLISH, FRENCH, GERMAN, HUNGARIAN, RUSSIAN]
11:41:33.448 [FXGL Background Thread 3 ] DEBUG Engine               - ticksPerSecond: -1
11:41:33.448 [FXGL Background Thread 3 ] DEBUG Engine               - title: Simulador Restaurante
11:41:33.448 [FXGL Background Thread 3 ] DEBUG Engine               - urlGithub: https://github.com/AlmasB/FXGL
11:41:33.448 [FXGL Background Thread 3 ] DEBUG Engine               - urlLeaderboard: http://fxgl-top.herokuapp.com/
11:41:33.448 [FXGL Background Thread 3 ] DEBUG Engine               - urlPOM: https://raw.githubusercontent.com/AlmasB/FXGL/release/README.md
11:41:33.448 [FXGL Background Thread 3 ] DEBUG Engine               - userAppClass: class com.Simulador.Restaurante.RestaurantSimulator
11:41:33.448 [FXGL Background Thread 3 ] DEBUG Engine               - version: 0.1
11:41:33.448 [FXGL Background Thread 3 ] DEBUG Engine               - versionCheckDays: 7
11:41:33.448 [FXGL Background Thread 3 ] DEBUG Engine               - width: 1300
11:41:33.448 [FXGL Background Thread 3 ] DEBUG Engine               - Logging services
11:41:33.448 [FXGL Background Thread 3 ] DEBUG Engine               - class com.almasb.fxgl.app.services.FXGLAssetLoaderService
11:41:33.448 [FXGL Background Thread 3 ] DEBUG Engine               - class com.almasb.fxgl.app.FXGLApplication$GameApplicationService
11:41:33.448 [FXGL Background Thread 3 ] DEBUG Engine               - class com.almasb.fxgl.app.services.FXGLDialogService
11:41:33.448 [FXGL Background Thread 3 ] DEBUG Engine               - class com.almasb.fxgl.app.services.IOTaskExecutorService
11:41:33.448 [FXGL Background Thread 3 ] DEBUG Engine               - class com.almasb.fxgl.io.FileSystemService
11:41:33.448 [FXGL Background Thread 3 ] DEBUG Engine               - class com.almasb.fxgl.localization.LocalizationService
11:41:33.448 [FXGL Background Thread 3 ] DEBUG Engine               - class com.almasb.fxgl.app.services.SystemBundleService
11:41:33.448 [FXGL Background Thread 3 ] DEBUG Engine               - class com.almasb.fxgl.profile.SaveLoadService
11:41:33.448 [FXGL Background Thread 3 ] DEBUG Engine               - class com.almasb.fxgl.ui.FXGLUIFactoryServiceProvider
11:41:33.448 [FXGL Background Thread 3 ] DEBUG Engine               - class com.almasb.fxgl.ui.FXGLDialogFactoryServiceProvider
11:41:33.448 [FXGL Background Thread 3 ] DEBUG Engine               - class com.almasb.fxgl.audio.AudioPlayer
11:41:33.448 [FXGL Background Thread 3 ] DEBUG Engine               - class com.almasb.fxgl.notification.impl.NotificationServiceProvider
11:41:33.449 [FXGL Background Thread 3 ] DEBUG Engine               - class com.almasb.fxgl.achievement.AchievementService
11:41:33.449 [FXGL Background Thread 3 ] DEBUG Engine               - class com.almasb.fxgl.cutscene.CutsceneService
11:41:33.449 [FXGL Background Thread 3 ] DEBUG Engine               - class com.almasb.fxgl.minigames.MiniGameService
11:41:33.449 [FXGL Background Thread 3 ] DEBUG Engine               - class com.almasb.fxgl.net.NetService
11:41:33.449 [FXGL Background Thread 3 ] DEBUG Engine               - class com.almasb.fxgl.app.services.UpdaterService
11:41:33.449 [FXGL Background Thread 3 ] DEBUG Engine               - class com.almasb.fxgl.dev.DevService
11:41:37.741 [JavaFX Application Thread] DEBUG FXGLApplication      - Exiting FXGL
11:41:37.742 [JavaFX Application Thread] DEBUG LoopRunner           - Stopping loop
11:41:37.742 [JavaFX Application Thread] DEBUG SystemBundleService  - Saving FXGL system data
11:41:37.744 [JavaFX Application Thread] DEBUG FileSystemAccess     - Writing to: C:\Users\Jose Alberto Morales\Documents\7to Cuatrimestre\Programacion concurrente\Restaurant\system\fxgl.bundle
11:41:37.746 [JavaFX Application Thread] DEBUG Async                - Shutting down background threads
11:41:37.747 [JavaFX Application Thread] DEBUG PrimaryStageWindow   - Closing main window
11:41:37.764 [JavaFX Application Thread] DEBUG Logger               - Closing Logger
