13:49:39.960 [main                     ] DEBUG Logger               - Configured Logger
13:49:39.984 [main                     ] DEBUG GameApplication      - Logging settings
Title: Simulador Restaurante
Version: 0.1
Width: 1300
Height: 650
Fullscreen: false
Intro: false
Profiling: false
Single step:false
App Mode: DEVELOPER
Menu Key: ESCAPE
Stage Style: DECORATED
Scene Factory: class com.Simulador.Restaurante.RestaurantSimulator$1

13:49:40.327 [JavaFX Application Thread] DEBUG FXGLApplication      - Initializing FXGL
13:49:40.331 [JavaFX Application Thread] INFO  Engine               - FXGL-17.3 (30.03.2023 11.49) on WINDOWS (J:21.0.5 FX:21)
13:49:40.331 [JavaFX Application Thread] DEBUG Engine               - JRE Vendor Name: Oracle Corporation
13:49:40.331 [JavaFX Application Thread] DEBUG Engine               - Running on OS: Windows 11 version 10.0
13:49:40.332 [JavaFX Application Thread] DEBUG Engine               - Architecture: amd64
13:49:40.332 [JavaFX Application Thread] INFO  Engine               - Source code and latest versions at: https://github.com/AlmasB/FXGL
13:49:40.332 [JavaFX Application Thread] INFO  Engine               -       Ask questions and discuss at: https://github.com/AlmasB/FXGL/discussions
13:49:40.332 [JavaFX Application Thread] INFO  Engine               -              Join the FXGL chat at: https://gitter.im/AlmasB/FXGL
13:49:40.408 [JavaFX Application Thread] DEBUG PrimaryStageWindow   - Creating a JavaFX scene
13:49:40.450 [JavaFX Application Thread] DEBUG PrimaryStageWindow   - Target settings size: 1300.0 x 650.0
13:49:40.451 [JavaFX Application Thread] DEBUG PrimaryStageWindow   - Scaled scene size:    1300.0 x 650.0
13:49:40.451 [JavaFX Application Thread] DEBUG PrimaryStageWindow   - Scaled ratio: (1.0, 1.0)
13:49:40.452 [JavaFX Application Thread] DEBUG PrimaryStageWindow   - Set initial scene to FXGLStartupScene
13:49:40.455 [JavaFX Application Thread] DEBUG PrimaryStageWindow   - Opening main window
13:49:40.532 [JavaFX Application Thread] DEBUG PrimaryStageWindow   - Window border size: (14.4000244140625, 38.0)
13:49:40.532 [JavaFX Application Thread] DEBUG PrimaryStageWindow   - Scaled size: 1300.0 x 650.0
13:49:40.532 [JavaFX Application Thread] DEBUG PrimaryStageWindow   - Scaled ratio: (1.0, 1.0)
13:49:40.533 [JavaFX Application Thread] DEBUG PrimaryStageWindow   - Scene size: 1300.0 x 650.0
13:49:40.533 [JavaFX Application Thread] DEBUG PrimaryStageWindow   - Stage size: 1314.4000244140625 x 688.0
13:49:40.541 [FXGL Background Thread 1 ] DEBUG Engine               - Initializing environment variables
13:49:40.594 [FXGL Background Thread 1 ] DEBUG FXGLAssetLoaderServi - User app class for loading assets: class com.Simulador.Restaurante.RestaurantSimulator
13:49:40.594 [FXGL Background Thread 1 ] DEBUG GameApplicationServi - Applying CSS: fxgl_dark.css
13:49:40.595 [FXGL Background Thread 1 ] DEBUG FXGLAssetLoaderServi - Loading from file system: jar:file:///C:/Users/Jose%20Alberto%20Morales/.m2/repository/com/github/almasb/fxgl/17.3/fxgl-17.3.jar!/fxglassets/ui/css/fxgl_dark.css
13:49:40.643 [FXGL Background Thread 1 ] DEBUG GameApplicationServi - Initializing application scenes
13:49:40.677 [FXGL Background Thread 1 ] DEBUG GameWorld            - Game world initialized
13:49:40.755 [FXGL Background Thread 1 ] DEBUG PhysicsWorld         - Physics world initialized: appHeight=650, physics.ppm=50.0
13:49:40.755 [FXGL Background Thread 1 ] DEBUG PhysicsWorld         - Using strategy: BRUTE_FORCE
13:49:40.760 [FXGL Background Thread 1 ] DEBUG GameScene            - Game scene initialized: 1300x650
13:49:40.809 [FXGL Background Thread 1 ] DEBUG FXGL.DefaultMenu     - createMenuBodyGameMenu()
13:49:40.814 [FXGL Background Thread 1 ] DEBUG FXGL.DefaultMenu     - createOptionsMenu()
13:49:40.820 [FXGL Background Thread 1 ] DEBUG FXGLAssetLoaderServi - Loading from file system: jar:file:///C:/Users/Jose%20Alberto%20Morales/.m2/repository/com/github/almasb/fxgl/17.3/fxgl-17.3.jar!/fxglassets/textures/particles/smoke.png
13:49:40.891 [FXGL Background Thread 1 ] DEBUG FXGLAssetLoaderServi - Loading from file system: jar:file:///C:/Users/Jose%20Alberto%20Morales/.m2/repository/com/github/almasb/fxgl/17.3/fxgl-17.3.jar!/fxglassets/textures/particles/trace_horizontal.png
13:49:40.920 [FXGL Background Thread 1 ] DEBUG GameApplicationServi - Application scenes initialized
13:49:40.929 [FXGL Background Thread 1 ] DEBUG SystemBundleService  - Loading FXGL system data
13:49:40.932 [FXGL Background Thread 1 ] DEBUG FileSystemAccess     - Reading from: C:\Users\Jose Alberto Morales\Documents\7to Cuatrimestre\Programacion concurrente\Restaurant\system\fxgl.bundle
13:49:40.941 [FXGL Background Thread 1 ] DEBUG SystemBundleService  - Bundle FXGL: {}
13:49:40.942 [FXGL Background Thread 1 ] DEBUG UpdaterService       - Checking for updates
13:49:40.946 [FXGL Background Thread 4 ] DEBUG FXGLApplication      - Loading fonts
13:49:40.946 [FXGL Background Thread 1 ] DEBUG FXGLApplication      - Loading default localization
13:49:40.946 [FXGL Background Thread 4 ] DEBUG FXGLAssetLoaderServi - Loading from file system: jar:file:///C:/Users/Jose%20Alberto%20Morales/.m2/repository/com/github/almasb/fxgl/17.3/fxgl-17.3.jar!/fxglassets/ui/fonts/VarelaRound-Regular.ttf
13:49:40.947 [FXGL Background Thread 1 ] DEBUG FXGLAssetLoaderServi - Loading from file system: jar:file:///C:/Users/Jose%20Alberto%20Morales/.m2/repository/com/github/almasb/fxgl/17.3/fxgl-17.3.jar!/fxglassets/languages/english.lang
13:49:40.966 [FXGL Background Thread 1 ] INFO  FXGLApplication      - FXGL initialization took: 0.425 sec
13:49:40.967 [JavaFX Application Thread] DEBUG FXGLAssetLoaderServi - Loading from file system: jar:file:///C:/Users/Jose%20Alberto%20Morales/.m2/repository/com/github/almasb/fxgl/17.3/fxgl-17.3.jar!/fxglassets/textures/fxgl_icon.png
13:49:40.986 [FXGL Background Thread 4 ] DEBUG FXGLAssetLoaderServi - Loading from file system: jar:file:///C:/Users/Jose%20Alberto%20Morales/.m2/repository/com/github/almasb/fxgl/17.3/fxgl-17.3.jar!/fxglassets/ui/fonts/Abel-Regular.ttf
13:49:40.989 [FXGL Background Thread 4 ] DEBUG FXGLAssetLoaderServi - Loading from file system: jar:file:///C:/Users/Jose%20Alberto%20Morales/.m2/repository/com/github/almasb/fxgl/17.3/fxgl-17.3.jar!/fxglassets/ui/fonts/TerminalLandMono-Regular.otf
13:49:40.991 [JavaFX Application Thread] DEBUG FXGLAssetLoaderServi - Loading from file system: jar:file:///C:/Users/Jose%20Alberto%20Morales/.m2/repository/com/github/almasb/fxgl/17.3/fxgl-17.3.jar!/fxglassets/textures/fxgl_default_cursor.png
13:49:40.994 [FXGL Background Thread 4 ] DEBUG FXGLAssetLoaderServi - Loading from file system: jar:file:///C:/Users/Jose%20Alberto%20Morales/.m2/repository/com/github/almasb/fxgl/17.3/fxgl-17.3.jar!/fxglassets/ui/fonts/Courier-Prime.ttf
13:49:41.005 [JavaFX Application Thread] DEBUG Input                - Registered new binding: Screenshot - CTRL+8
13:49:41.005 [JavaFX Application Thread] DEBUG Input                - Registered new binding: System info dump - CTRL+9
13:49:41.006 [JavaFX Application Thread] DEBUG Input                - Registered new binding: Restart - CTRL+R
13:49:41.006 [JavaFX Application Thread] DEBUG Input                - Registered new binding: Toggle Debug Camera - CTRL+7
13:49:41.009 [JavaFX Application Thread] DEBUG LoopRunner           - Starting loop
13:49:41.009 [JavaFX Application Thread] DEBUG LoopRunner           - Initializing JavaFX AnimationTimerLoop
13:49:41.011 [JavaFX Application Thread] DEBUG Input                - Clearing active input actions
13:49:41.019 [JavaFX Application Thread] DEBUG GameApplicationServi - Removing overlay from FXGLStartupScene and adding to FXGLMainMenuDummyScene
13:49:41.019 [JavaFX Application Thread] DEBUG PrimaryStageWindow   - FXGLStartupScene -> FXGLMainMenuDummyScene
13:49:41.019 [JavaFX Application Thread] DEBUG PrimaryStageWindow   - Push state: MainMenu
13:49:41.019 [JavaFX Application Thread] DEBUG Input                - Clearing active input actions
13:49:41.029 [JavaFX Application Thread] DEBUG GameApplicationServi - Removing overlay from FXGLMainMenuDummyScene and adding to MainMenu
13:49:41.030 [JavaFX Application Thread] DEBUG PrimaryStageWindow   - FXGLMainMenuDummyScene -> MainMenu
13:49:41.032 [JavaFX Application Thread] DEBUG FXGLApplication      - Registering font factories with UI factory
13:49:41.463 [FXGL Background Thread 2 ] INFO  UpdaterService       - Your current version:  17.3
13:49:41.463 [FXGL Background Thread 2 ] INFO  UpdaterService       - Latest stable version: 21.1
13:49:41.880 [JavaFX Application Thread] DEBUG Menu                 - fireNewGame()
13:49:41.880 [JavaFX Application Thread] DEBUG GameApplicationServi - Starting new game
13:49:41.880 [JavaFX Application Thread] DEBUG PrimaryStageWindow   - Pop state: MainMenu
13:49:41.880 [JavaFX Application Thread] DEBUG Input                - Clearing active input actions
13:49:41.881 [JavaFX Application Thread] DEBUG GameApplicationServi - Removing overlay from MainMenu and adding to FXGLMainMenuDummyScene
13:49:41.881 [JavaFX Application Thread] DEBUG PrimaryStageWindow   - FXGLMainMenuDummyScene <- MainMenu
13:49:41.882 [JavaFX Application Thread] DEBUG Input                - Clearing active input actions
13:49:41.888 [JavaFX Application Thread] DEBUG GameApplicationServi - Removing overlay from FXGLMainMenuDummyScene and adding to FXGLLoadingScene
13:49:41.888 [JavaFX Application Thread] DEBUG PrimaryStageWindow   - FXGLMainMenuDummyScene -> FXGLLoadingScene
13:49:41.888 [JavaFX Application Thread] DEBUG GameApplicationServi - Clearing previous game
13:49:41.888 [JavaFX Application Thread] DEBUG GameScene            - Clearing game scene
13:49:41.888 [JavaFX Application Thread] DEBUG GameWorld            - Clearing game world
13:49:41.888 [JavaFX Application Thread] DEBUG PhysicsWorld         - Clearing physics world
13:49:41.889 [FXGL Background Thread 2 ] DEBUG FXGLApplication      - Initializing game
13:49:41.981 [FXGL Background Thread 2 ] INFO  FXGLApplication      - Game initialization took: 0.092 sec
13:49:41.981 [JavaFX Application Thread] DEBUG Input                - Clearing active input actions
13:49:41.990 [JavaFX Application Thread] DEBUG GameApplicationServi - Removing overlay from FXGLLoadingScene and adding to GameScene
13:49:41.990 [JavaFX Application Thread] DEBUG PrimaryStageWindow   - FXGLLoadingScene -> GameScene
13:49:43.648 [JavaFX Application Thread] DEBUG FXGLApplication      - Exiting FXGL
13:49:43.649 [JavaFX Application Thread] DEBUG LoopRunner           - Stopping loop
13:49:43.649 [JavaFX Application Thread] DEBUG SystemBundleService  - Saving FXGL system data
13:49:43.650 [JavaFX Application Thread] DEBUG FileSystemAccess     - Writing to: C:\Users\Jose Alberto Morales\Documents\7to Cuatrimestre\Programacion concurrente\Restaurant\system\fxgl.bundle
13:49:43.652 [JavaFX Application Thread] DEBUG Async                - Shutting down background threads
13:49:43.652 [JavaFX Application Thread] DEBUG PrimaryStageWindow   - Closing main window
13:49:43.666 [JavaFX Application Thread] DEBUG Logger               - Closing Logger
