21:53:23.756 [main                     ] DEBUG Logger               - Configured Logger
21:53:23.781 [main                     ] DEBUG GameApplication      - Logging settings
Title: Simulador de Restaurante
Version: 1.0
Width: 1000
Height: 600
Fullscreen: false
Intro: false
Profiling: false
Single step:false
App Mode: DEVELOPER
Menu Key: ESCAPE
Stage Style: DECORATED
Scene Factory: class com.almasb.fxgl.app.scene.SceneFactory

21:53:24.126 [JavaFX Application Thread] DEBUG FXGLApplication      - Initializing FXGL
21:53:24.129 [JavaFX Application Thread] INFO  Engine               - FXGL-17.3 (30.03.2023 11.49) on WINDOWS (J:21.0.5 FX:21)
21:53:24.130 [JavaFX Application Thread] DEBUG Engine               - JRE Vendor Name: Oracle Corporation
21:53:24.130 [JavaFX Application Thread] DEBUG Engine               - Running on OS: Windows 11 version 10.0
21:53:24.130 [JavaFX Application Thread] DEBUG Engine               - Architecture: amd64
21:53:24.130 [JavaFX Application Thread] INFO  Engine               - Source code and latest versions at: https://github.com/AlmasB/FXGL
21:53:24.130 [JavaFX Application Thread] INFO  Engine               -       Ask questions and discuss at: https://github.com/AlmasB/FXGL/discussions
21:53:24.130 [JavaFX Application Thread] INFO  Engine               -              Join the FXGL chat at: https://gitter.im/AlmasB/FXGL
21:53:24.212 [JavaFX Application Thread] DEBUG PrimaryStageWindow   - Creating a JavaFX scene
21:53:24.254 [JavaFX Application Thread] DEBUG PrimaryStageWindow   - Target settings size: 1000.0 x 600.0
21:53:24.254 [JavaFX Application Thread] DEBUG PrimaryStageWindow   - Scaled scene size:    1000.0 x 600.0
21:53:24.255 [JavaFX Application Thread] DEBUG PrimaryStageWindow   - Scaled ratio: (1.0, 1.0)
21:53:24.256 [JavaFX Application Thread] DEBUG PrimaryStageWindow   - Set initial scene to FXGLStartupScene
21:53:24.259 [JavaFX Application Thread] DEBUG PrimaryStageWindow   - Opening main window
21:53:24.333 [JavaFX Application Thread] DEBUG PrimaryStageWindow   - Window border size: (14.4000244140625, 37.5999755859375)
21:53:24.333 [JavaFX Application Thread] DEBUG PrimaryStageWindow   - Scaled size: 1000.0 x 600.0
21:53:24.334 [JavaFX Application Thread] DEBUG PrimaryStageWindow   - Scaled ratio: (1.0, 1.0)
21:53:24.334 [JavaFX Application Thread] DEBUG PrimaryStageWindow   - Scene size: 1000.0 x 600.0
21:53:24.334 [JavaFX Application Thread] DEBUG PrimaryStageWindow   - Stage size: 1014.4000244140625 x 637.5999755859375
21:53:24.341 [FXGL Background Thread 1 ] DEBUG Engine               - Initializing environment variables
21:53:24.399 [FXGL Background Thread 1 ] DEBUG FXGLAssetLoaderServi - User app class for loading assets: class com.Simulador.Restaurante.RestaurantSimulator
21:53:24.400 [FXGL Background Thread 1 ] DEBUG GameApplicationServi - Applying CSS: fxgl_dark.css
21:53:24.401 [FXGL Background Thread 1 ] DEBUG FXGLAssetLoaderServi - Loading from file system: jar:file:///C:/Users/Jose%20Alberto%20Morales/.m2/repository/com/github/almasb/fxgl/17.3/fxgl-17.3.jar!/fxglassets/ui/css/fxgl_dark.css
21:53:24.449 [FXGL Background Thread 1 ] DEBUG GameApplicationServi - Initializing application scenes
21:53:24.481 [FXGL Background Thread 1 ] DEBUG GameWorld            - Game world initialized
21:53:24.549 [FXGL Background Thread 1 ] DEBUG PhysicsWorld         - Physics world initialized: appHeight=600, physics.ppm=50.0
21:53:24.549 [FXGL Background Thread 1 ] DEBUG PhysicsWorld         - Using strategy: BRUTE_FORCE
21:53:24.552 [FXGL Background Thread 1 ] DEBUG GameScene            - Game scene initialized: 1000x600
21:53:24.563 [FXGL Background Thread 1 ] DEBUG FXGL.DefaultMenu     - createMenuBodyGameMenu()
21:53:24.575 [FXGL Background Thread 1 ] DEBUG FXGL.DefaultMenu     - createOptionsMenu()
21:53:24.583 [FXGL Background Thread 1 ] DEBUG FXGLAssetLoaderServi - Loading from file system: jar:file:///C:/Users/Jose%20Alberto%20Morales/.m2/repository/com/github/almasb/fxgl/17.3/fxgl-17.3.jar!/fxglassets/textures/particles/smoke.png
21:53:24.668 [FXGL Background Thread 1 ] DEBUG FXGLAssetLoaderServi - Loading from file system: jar:file:///C:/Users/Jose%20Alberto%20Morales/.m2/repository/com/github/almasb/fxgl/17.3/fxgl-17.3.jar!/fxglassets/textures/particles/trace_horizontal.png
21:53:24.696 [FXGL Background Thread 1 ] DEBUG GameApplicationServi - Application scenes initialized
21:53:24.706 [FXGL Background Thread 1 ] DEBUG SystemBundleService  - Loading FXGL system data
21:53:24.711 [FXGL Background Thread 1 ] DEBUG FileSystemAccess     - Reading from: C:\Users\Jose Alberto Morales\Documents\7to Cuatrimestre\Programacion concurrente\Restaurant\system\fxgl.bundle
21:53:24.718 [FXGL Background Thread 1 ] DEBUG SystemBundleService  - Bundle FXGL: {}
21:53:24.718 [FXGL Background Thread 1 ] DEBUG UpdaterService       - Checking for updates
21:53:24.721 [FXGL Background Thread 4 ] DEBUG FXGLApplication      - Loading fonts
21:53:24.722 [FXGL Background Thread 4 ] DEBUG FXGLAssetLoaderServi - Loading from file system: jar:file:///C:/Users/Jose%20Alberto%20Morales/.m2/repository/com/github/almasb/fxgl/17.3/fxgl-17.3.jar!/fxglassets/ui/fonts/VarelaRound-Regular.ttf
21:53:24.722 [FXGL Background Thread 1 ] DEBUG FXGLApplication      - Loading default localization
21:53:24.723 [FXGL Background Thread 1 ] DEBUG FXGLAssetLoaderServi - Loading from file system: jar:file:///C:/Users/Jose%20Alberto%20Morales/.m2/repository/com/github/almasb/fxgl/17.3/fxgl-17.3.jar!/fxglassets/languages/english.lang
21:53:24.744 [FXGL Background Thread 1 ] INFO  FXGLApplication      - FXGL initialization took: 0.402 sec
21:53:24.745 [JavaFX Application Thread] DEBUG FXGLAssetLoaderServi - Loading from file system: jar:file:///C:/Users/Jose%20Alberto%20Morales/.m2/repository/com/github/almasb/fxgl/17.3/fxgl-17.3.jar!/fxglassets/textures/fxgl_icon.png
21:53:24.757 [FXGL Background Thread 4 ] DEBUG FXGLAssetLoaderServi - Loading from file system: jar:file:///C:/Users/Jose%20Alberto%20Morales/.m2/repository/com/github/almasb/fxgl/17.3/fxgl-17.3.jar!/fxglassets/ui/fonts/Abel-Regular.ttf
21:53:24.761 [FXGL Background Thread 4 ] DEBUG FXGLAssetLoaderServi - Loading from file system: jar:file:///C:/Users/Jose%20Alberto%20Morales/.m2/repository/com/github/almasb/fxgl/17.3/fxgl-17.3.jar!/fxglassets/ui/fonts/TerminalLandMono-Regular.otf
21:53:24.764 [JavaFX Application Thread] DEBUG FXGLAssetLoaderServi - Loading from file system: jar:file:///C:/Users/Jose%20Alberto%20Morales/.m2/repository/com/github/almasb/fxgl/17.3/fxgl-17.3.jar!/fxglassets/textures/fxgl_default_cursor.png
21:53:24.765 [FXGL Background Thread 4 ] DEBUG FXGLAssetLoaderServi - Loading from file system: jar:file:///C:/Users/Jose%20Alberto%20Morales/.m2/repository/com/github/almasb/fxgl/17.3/fxgl-17.3.jar!/fxglassets/ui/fonts/Courier-Prime.ttf
21:53:24.777 [JavaFX Application Thread] DEBUG Input                - Registered new binding: Screenshot - CTRL+8
21:53:24.777 [JavaFX Application Thread] DEBUG Input                - Registered new binding: System info dump - CTRL+9
21:53:24.778 [JavaFX Application Thread] DEBUG Input                - Registered new binding: Restart - CTRL+R
21:53:24.779 [JavaFX Application Thread] DEBUG Input                - Registered new binding: Toggle Debug Camera - CTRL+7
21:53:24.782 [JavaFX Application Thread] DEBUG LoopRunner           - Starting loop
21:53:24.783 [JavaFX Application Thread] DEBUG LoopRunner           - Initializing JavaFX AnimationTimerLoop
21:53:24.784 [JavaFX Application Thread] DEBUG GameApplicationServi - Starting new game
21:53:24.785 [JavaFX Application Thread] DEBUG Input                - Clearing active input actions
21:53:24.795 [JavaFX Application Thread] DEBUG GameApplicationServi - Removing overlay from FXGLStartupScene and adding to FXGLLoadingScene
21:53:24.796 [JavaFX Application Thread] DEBUG PrimaryStageWindow   - FXGLStartupScene -> FXGLLoadingScene
21:53:24.796 [JavaFX Application Thread] DEBUG GameApplicationServi - Clearing previous game
21:53:24.796 [JavaFX Application Thread] DEBUG GameScene            - Clearing game scene
21:53:24.796 [JavaFX Application Thread] DEBUG GameWorld            - Clearing game world
21:53:24.796 [JavaFX Application Thread] DEBUG PhysicsWorld         - Clearing physics world
21:53:24.798 [FXGL Background Thread 4 ] DEBUG FXGLApplication      - Initializing game
21:53:24.798 [JavaFX Application Thread] DEBUG FXGLApplication      - Registering font factories with UI factory
21:53:24.852 [FXGL Background Thread 4 ] INFO  FXGLApplication      - Game initialization took: 0.054 sec
21:53:24.853 [JavaFX Application Thread] DEBUG Input                - Clearing active input actions
21:53:24.865 [JavaFX Application Thread] DEBUG GameApplicationServi - Removing overlay from FXGLLoadingScene and adding to GameScene
21:53:24.865 [JavaFX Application Thread] DEBUG PrimaryStageWindow   - FXGLLoadingScene -> GameScene
21:53:25.269 [FXGL Background Thread 2 ] INFO  UpdaterService       - Your current version:  17.3
21:53:25.270 [FXGL Background Thread 2 ] INFO  UpdaterService       - Latest stable version: 21.1
21:53:25.778 [Thread-15                ] DEBUG LoopRunner           - Stopping loop
21:53:25.782 [Thread-15                ] FATAL FXGLApplication      - Uncaught Exception:
java.lang.IllegalStateException: Not on FX application thread; currentThread = Thread-15
	at javafx.graphics@21/com.sun.javafx.tk.Toolkit.checkFxUserThread(Toolkit.java:294)
	at javafx.graphics@21/com.sun.javafx.tk.quantum.QuantumToolkit.checkFxUserThread(QuantumToolkit.java:475)
	at javafx.graphics@21/javafx.scene.Parent$3.onProposedChange(Parent.java:475)
	at javafx.base@21/com.sun.javafx.collections.VetoableListDecorator.clear(VetoableListDecorator.java:302)
	at com.almasb.fxgl.entity@17.3/com.almasb.fxgl.entity.components.ViewComponent.clearChildren(ViewComponent.kt:248)
	at com.example.restaurant/com.Simulador.Restaurante.presentation.views.RestauranteView.actualizarEstadoMesa(RestauranteView.java:156)
	at com.example.restaurant/com.Simulador.Restaurante.concurrency.threads.ComensalThread.run(ComensalThread.java:43)

21:53:25.783 [Thread-15                ] FATAL FXGLApplication      - Application will now exit
21:53:25.806 [Thread-15                ] DEBUG PrimaryStageWindow   - Push state: ErrorSubScene
21:53:25.806 [Thread-15                ] DEBUG Input                - Clearing active input actions
21:53:26.748 [JavaFX Application Thread] DEBUG FXGLApplication      - Exiting FXGL
21:53:26.748 [JavaFX Application Thread] DEBUG Async                - Shutting down background threads
21:53:26.749 [JavaFX Application Thread] DEBUG PrimaryStageWindow   - Closing main window
21:53:26.777 [JavaFX Application Thread] DEBUG Logger               - Closing Logger
