15:37:31.898 [main                     ] DEBUG Logger               - Configured Logger
15:37:31.926 [main                     ] DEBUG GameApplication      - Logging settings
Title: Simulador Restaurante
Version: 0.1
Width: 1300
Height: 650
Fullscreen: false
Intro: false
Profiling: false
Single step:false
App Mode: DEVELOPER
Menu Key: ESCAPE
Stage Style: DECORATED
Scene Factory: class com.Simulador.Restaurante.RestaurantSimulator$1

15:37:32.414 [JavaFX Application Thread] DEBUG FXGLApplication      - Initializing FXGL
15:37:32.420 [JavaFX Application Thread] INFO  Engine               - FXGL-17.3 (30.03.2023 11.49) on WINDOWS (J:21.0.5 FX:21)
15:37:32.421 [JavaFX Application Thread] DEBUG Engine               - JRE Vendor Name: Oracle Corporation
15:37:32.421 [JavaFX Application Thread] DEBUG Engine               - Running on OS: Windows 11 version 10.0
15:37:32.421 [JavaFX Application Thread] DEBUG Engine               - Architecture: amd64
15:37:32.421 [JavaFX Application Thread] INFO  Engine               - Source code and latest versions at: https://github.com/AlmasB/FXGL
15:37:32.422 [JavaFX Application Thread] INFO  Engine               -       Ask questions and discuss at: https://github.com/AlmasB/FXGL/discussions
15:37:32.422 [JavaFX Application Thread] INFO  Engine               -              Join the FXGL chat at: https://gitter.im/AlmasB/FXGL
15:37:32.551 [JavaFX Application Thread] DEBUG PrimaryStageWindow   - Creating a JavaFX scene
15:37:32.616 [JavaFX Application Thread] DEBUG PrimaryStageWindow   - Target settings size: 1300.0 x 650.0
15:37:32.616 [JavaFX Application Thread] DEBUG PrimaryStageWindow   - Scaled scene size:    1300.0 x 650.0
15:37:32.616 [JavaFX Application Thread] DEBUG PrimaryStageWindow   - Scaled ratio: (1.0, 1.0)
15:37:32.617 [JavaFX Application Thread] DEBUG PrimaryStageWindow   - Set initial scene to FXGLStartupScene
15:37:32.621 [JavaFX Application Thread] DEBUG PrimaryStageWindow   - Opening main window
15:37:32.730 [JavaFX Application Thread] DEBUG PrimaryStageWindow   - Window border size: (14.4000244140625, 38.0)
15:37:32.730 [JavaFX Application Thread] DEBUG PrimaryStageWindow   - Scaled size: 1300.0 x 650.0
15:37:32.731 [JavaFX Application Thread] DEBUG PrimaryStageWindow   - Scaled ratio: (1.0, 1.0)
15:37:32.731 [JavaFX Application Thread] DEBUG PrimaryStageWindow   - Scene size: 1300.0 x 650.0
15:37:32.731 [JavaFX Application Thread] DEBUG PrimaryStageWindow   - Stage size: 1314.4000244140625 x 688.0
15:37:32.748 [FXGL Background Thread 1 ] DEBUG Engine               - Initializing environment variables
15:37:32.817 [FXGL Background Thread 1 ] DEBUG FXGLAssetLoaderServi - User app class for loading assets: class com.Simulador.Restaurante.RestaurantSimulator
15:37:32.817 [FXGL Background Thread 1 ] DEBUG GameApplicationServi - Applying CSS: fxgl_dark.css
15:37:32.818 [FXGL Background Thread 1 ] DEBUG FXGLAssetLoaderServi - Loading from file system: jar:file:///C:/Users/Jose%20Alberto%20Morales/.m2/repository/com/github/almasb/fxgl/17.3/fxgl-17.3.jar!/fxglassets/ui/css/fxgl_dark.css
15:37:32.877 [FXGL Background Thread 1 ] DEBUG GameApplicationServi - Initializing application scenes
15:37:32.921 [FXGL Background Thread 1 ] DEBUG GameWorld            - Game world initialized
15:37:33.008 [FXGL Background Thread 1 ] DEBUG PhysicsWorld         - Physics world initialized: appHeight=650, physics.ppm=50.0
15:37:33.008 [FXGL Background Thread 1 ] DEBUG PhysicsWorld         - Using strategy: BRUTE_FORCE
15:37:33.012 [FXGL Background Thread 1 ] DEBUG GameScene            - Game scene initialized: 1300x650
15:37:33.071 [FXGL Background Thread 1 ] DEBUG FXGL.DefaultMenu     - createMenuBodyGameMenu()
15:37:33.076 [FXGL Background Thread 1 ] DEBUG FXGL.DefaultMenu     - createOptionsMenu()
15:37:33.083 [FXGL Background Thread 1 ] DEBUG FXGLAssetLoaderServi - Loading from file system: jar:file:///C:/Users/Jose%20Alberto%20Morales/.m2/repository/com/github/almasb/fxgl/17.3/fxgl-17.3.jar!/fxglassets/textures/particles/smoke.png
15:37:33.160 [FXGL Background Thread 1 ] DEBUG FXGLAssetLoaderServi - Loading from file system: jar:file:///C:/Users/Jose%20Alberto%20Morales/.m2/repository/com/github/almasb/fxgl/17.3/fxgl-17.3.jar!/fxglassets/textures/particles/trace_horizontal.png
15:37:33.190 [FXGL Background Thread 1 ] DEBUG GameApplicationServi - Application scenes initialized
15:37:33.202 [FXGL Background Thread 1 ] DEBUG SystemBundleService  - Loading FXGL system data
15:37:33.208 [FXGL Background Thread 1 ] DEBUG FileSystemAccess     - Reading from: C:\Users\Jose Alberto Morales\Documents\7to Cuatrimestre\Programacion concurrente\Restaurant\system\fxgl.bundle
15:37:33.222 [FXGL Background Thread 1 ] DEBUG SystemBundleService  - Bundle FXGL: {}
15:37:33.222 [FXGL Background Thread 1 ] DEBUG UpdaterService       - Checking for updates
15:37:33.226 [FXGL Background Thread 4 ] DEBUG FXGLApplication      - Loading fonts
15:37:33.226 [FXGL Background Thread 1 ] DEBUG FXGLApplication      - Loading default localization
15:37:33.226 [FXGL Background Thread 4 ] DEBUG FXGLAssetLoaderServi - Loading from file system: jar:file:///C:/Users/Jose%20Alberto%20Morales/.m2/repository/com/github/almasb/fxgl/17.3/fxgl-17.3.jar!/fxglassets/ui/fonts/VarelaRound-Regular.ttf
15:37:33.227 [FXGL Background Thread 1 ] DEBUG FXGLAssetLoaderServi - Loading from file system: jar:file:///C:/Users/Jose%20Alberto%20Morales/.m2/repository/com/github/almasb/fxgl/17.3/fxgl-17.3.jar!/fxglassets/languages/english.lang
15:37:33.250 [FXGL Background Thread 1 ] INFO  FXGLApplication      - FXGL initialization took: 0.501 sec
15:37:33.251 [JavaFX Application Thread] DEBUG FXGLAssetLoaderServi - Loading from file system: jar:file:///C:/Users/Jose%20Alberto%20Morales/.m2/repository/com/github/almasb/fxgl/17.3/fxgl-17.3.jar!/fxglassets/textures/fxgl_icon.png
15:37:33.259 [FXGL Background Thread 4 ] DEBUG FXGLAssetLoaderServi - Loading from file system: jar:file:///C:/Users/Jose%20Alberto%20Morales/.m2/repository/com/github/almasb/fxgl/17.3/fxgl-17.3.jar!/fxglassets/ui/fonts/Abel-Regular.ttf
15:37:33.264 [FXGL Background Thread 4 ] DEBUG FXGLAssetLoaderServi - Loading from file system: jar:file:///C:/Users/Jose%20Alberto%20Morales/.m2/repository/com/github/almasb/fxgl/17.3/fxgl-17.3.jar!/fxglassets/ui/fonts/TerminalLandMono-Regular.otf
15:37:33.267 [JavaFX Application Thread] DEBUG FXGLAssetLoaderServi - Loading from file system: jar:file:///C:/Users/Jose%20Alberto%20Morales/.m2/repository/com/github/almasb/fxgl/17.3/fxgl-17.3.jar!/fxglassets/textures/fxgl_default_cursor.png
15:37:33.272 [FXGL Background Thread 4 ] DEBUG FXGLAssetLoaderServi - Loading from file system: jar:file:///C:/Users/Jose%20Alberto%20Morales/.m2/repository/com/github/almasb/fxgl/17.3/fxgl-17.3.jar!/fxglassets/ui/fonts/Courier-Prime.ttf
15:37:33.279 [JavaFX Application Thread] DEBUG Input                - Registered new binding: Screenshot - CTRL+8
15:37:33.280 [JavaFX Application Thread] DEBUG Input                - Registered new binding: System info dump - CTRL+9
15:37:33.280 [JavaFX Application Thread] DEBUG Input                - Registered new binding: Restart - CTRL+R
15:37:33.280 [JavaFX Application Thread] DEBUG Input                - Registered new binding: Toggle Debug Camera - CTRL+7
15:37:33.282 [JavaFX Application Thread] DEBUG LoopRunner           - Starting loop
15:37:33.282 [JavaFX Application Thread] DEBUG LoopRunner           - Initializing JavaFX AnimationTimerLoop
15:37:33.285 [JavaFX Application Thread] DEBUG Input                - Clearing active input actions
15:37:33.292 [JavaFX Application Thread] DEBUG GameApplicationServi - Removing overlay from FXGLStartupScene and adding to FXGLMainMenuDummyScene
15:37:33.293 [JavaFX Application Thread] DEBUG PrimaryStageWindow   - FXGLStartupScene -> FXGLMainMenuDummyScene
15:37:33.293 [JavaFX Application Thread] DEBUG PrimaryStageWindow   - Push state: MainMenu
15:37:33.293 [JavaFX Application Thread] DEBUG Input                - Clearing active input actions
15:37:33.301 [JavaFX Application Thread] DEBUG GameApplicationServi - Removing overlay from FXGLMainMenuDummyScene and adding to MainMenu
15:37:33.301 [JavaFX Application Thread] DEBUG PrimaryStageWindow   - FXGLMainMenuDummyScene -> MainMenu
15:37:33.301 [JavaFX Application Thread] DEBUG FXGLApplication      - Registering font factories with UI factory
15:37:33.880 [FXGL Background Thread 2 ] INFO  UpdaterService       - Your current version:  17.3
15:37:33.880 [FXGL Background Thread 2 ] INFO  UpdaterService       - Latest stable version: 21.1
15:37:34.810 [JavaFX Application Thread] DEBUG Menu                 - fireNewGame()
15:37:34.810 [JavaFX Application Thread] DEBUG GameApplicationServi - Starting new game
15:37:34.810 [JavaFX Application Thread] DEBUG PrimaryStageWindow   - Pop state: MainMenu
15:37:34.810 [JavaFX Application Thread] DEBUG Input                - Clearing active input actions
15:37:34.811 [JavaFX Application Thread] DEBUG GameApplicationServi - Removing overlay from MainMenu and adding to FXGLMainMenuDummyScene
15:37:34.811 [JavaFX Application Thread] DEBUG PrimaryStageWindow   - FXGLMainMenuDummyScene <- MainMenu
15:37:34.811 [JavaFX Application Thread] DEBUG Input                - Clearing active input actions
15:37:34.818 [JavaFX Application Thread] DEBUG GameApplicationServi - Removing overlay from FXGLMainMenuDummyScene and adding to FXGLLoadingScene
15:37:34.818 [JavaFX Application Thread] DEBUG PrimaryStageWindow   - FXGLMainMenuDummyScene -> FXGLLoadingScene
15:37:34.818 [JavaFX Application Thread] DEBUG GameApplicationServi - Clearing previous game
15:37:34.818 [JavaFX Application Thread] DEBUG GameScene            - Clearing game scene
15:37:34.819 [JavaFX Application Thread] DEBUG GameWorld            - Clearing game world
15:37:34.819 [JavaFX Application Thread] DEBUG PhysicsWorld         - Clearing physics world
15:37:34.821 [FXGL Background Thread 2 ] DEBUG FXGLApplication      - Initializing game
15:37:34.924 [FXGL Background Thread 2 ] INFO  FXGLApplication      - Game initialization took: 0.103 sec
15:37:34.924 [JavaFX Application Thread] DEBUG Input                - Clearing active input actions
15:37:34.931 [JavaFX Application Thread] DEBUG GameApplicationServi - Removing overlay from FXGLLoadingScene and adding to GameScene
15:37:34.931 [JavaFX Application Thread] DEBUG PrimaryStageWindow   - FXGLLoadingScene -> GameScene
15:37:36.225 [FXGL Background Thread 3 ] DEBUG Engine               - Logging environment variables
15:37:36.225 [FXGL Background Thread 3 ] DEBUG Engine               - achievements: []
15:37:36.225 [FXGL Background Thread 3 ] DEBUG Engine               - actualHeight: 650.0
15:37:36.225 [FXGL Background Thread 3 ] DEBUG Engine               - actualHeightProperty: ReadOnlyDoubleProperty [value: 650.0]
15:37:36.225 [FXGL Background Thread 3 ] DEBUG Engine               - actualWidth: 1300.0
15:37:36.225 [FXGL Background Thread 3 ] DEBUG Engine               - actualWidthProperty: ReadOnlyDoubleProperty [value: 1300.0]
15:37:36.225 [FXGL Background Thread 3 ] DEBUG Engine               - appIcon: fxgl_icon.png
15:37:36.225 [FXGL Background Thread 3 ] DEBUG Engine               - applicationMode: DEVELOPER
15:37:36.225 [FXGL Background Thread 3 ] DEBUG Engine               - cSSList: [fxgl_dark.css]
15:37:36.225 [FXGL Background Thread 3 ] DEBUG Engine               - collisionDetectionStrategy: BRUTE_FORCE
15:37:36.226 [FXGL Background Thread 3 ] DEBUG Engine               - configClass: Optional.empty
15:37:36.226 [FXGL Background Thread 3 ] DEBUG Engine               - credits: []
15:37:36.226 [FXGL Background Thread 3 ] DEBUG Engine               - defaultCursor: CursorInfo(imageName=fxgl_default_cursor.png, hotspotX=7.0, hotspotY=6.0)
15:37:36.226 [FXGL Background Thread 3 ] DEBUG Engine               - devBBoxColorProperty: ObjectProperty [value: 0xff0000ff]
15:37:36.226 [FXGL Background Thread 3 ] DEBUG Engine               - devEnableDebugCameraProperty: BooleanProperty [value: false]
15:37:36.226 [FXGL Background Thread 3 ] DEBUG Engine               - devSensorColorProperty: ObjectProperty [value: 0xffff00ff]
15:37:36.226 [FXGL Background Thread 3 ] DEBUG Engine               - devShowBBoxProperty: BooleanProperty [value: false]
15:37:36.226 [FXGL Background Thread 3 ] DEBUG Engine               - devShowPositionProperty: BooleanProperty [value: false]
15:37:36.226 [FXGL Background Thread 3 ] DEBUG Engine               - enabledMenuItems: []
15:37:36.226 [FXGL Background Thread 3 ] DEBUG Engine               - engineServices: [class com.almasb.fxgl.app.services.FXGLAssetLoaderService, class com.almasb.fxgl.app.FXGLApplication$GameApplicationService, class com.almasb.fxgl.app.services.FXGLDialogService, class com.almasb.fxgl.app.services.IOTaskExecutorService, class com.almasb.fxgl.io.FileSystemService, class com.almasb.fxgl.localization.LocalizationService, class com.almasb.fxgl.app.services.SystemBundleService, class com.almasb.fxgl.profile.SaveLoadService, class com.almasb.fxgl.ui.FXGLUIFactoryServiceProvider, class com.almasb.fxgl.ui.FXGLDialogFactoryServiceProvider, class com.almasb.fxgl.audio.AudioPlayer, class com.almasb.fxgl.notification.impl.NotificationServiceProvider, class com.almasb.fxgl.achievement.AchievementService, class com.almasb.fxgl.cutscene.CutsceneService, class com.almasb.fxgl.minigames.MiniGameService, class com.almasb.fxgl.net.NetService, class com.almasb.fxgl.app.services.UpdaterService, class com.almasb.fxgl.dev.DevService]
15:37:36.226 [FXGL Background Thread 3 ] DEBUG Engine               - fontGame: Abel-Regular.ttf
15:37:36.226 [FXGL Background Thread 3 ] DEBUG Engine               - fontMono: TerminalLandMono-Regular.otf
15:37:36.226 [FXGL Background Thread 3 ] DEBUG Engine               - fontSizeScaleUI: 1.0
15:37:36.226 [FXGL Background Thread 3 ] DEBUG Engine               - fontText: Courier-Prime.ttf
15:37:36.226 [FXGL Background Thread 3 ] DEBUG Engine               - fontUI: VarelaRound-Regular.ttf
15:37:36.226 [FXGL Background Thread 3 ] DEBUG Engine               - fullScreen: BooleanProperty [value: false]
15:37:36.226 [FXGL Background Thread 3 ] DEBUG Engine               - gameDifficulty: MEDIUM
15:37:36.227 [FXGL Background Thread 3 ] DEBUG Engine               - gameDifficultyProperty: ObjectProperty [value: MEDIUM]
15:37:36.227 [FXGL Background Thread 3 ] DEBUG Engine               - globalMusicVolume: 0.5
15:37:36.227 [FXGL Background Thread 3 ] DEBUG Engine               - globalMusicVolumeProperty: DoubleProperty [value: 0.5]
15:37:36.227 [FXGL Background Thread 3 ] DEBUG Engine               - globalSoundVolume: 0.5
15:37:36.227 [FXGL Background Thread 3 ] DEBUG Engine               - globalSoundVolumeProperty: DoubleProperty [value: 0.5]
15:37:36.227 [FXGL Background Thread 3 ] DEBUG Engine               - height: 650
15:37:36.227 [FXGL Background Thread 3 ] DEBUG Engine               - is3D: false
15:37:36.227 [FXGL Background Thread 3 ] DEBUG Engine               - isAndroid: false
15:37:36.227 [FXGL Background Thread 3 ] DEBUG Engine               - isBrowser: false
15:37:36.227 [FXGL Background Thread 3 ] DEBUG Engine               - isClickFeedbackEnabled: false
15:37:36.227 [FXGL Background Thread 3 ] DEBUG Engine               - isCloseConfirmation: false
15:37:36.227 [FXGL Background Thread 3 ] DEBUG Engine               - isDesktop: true
15:37:36.227 [FXGL Background Thread 3 ] DEBUG Engine               - isDeveloperMenuEnabled: false
15:37:36.227 [FXGL Background Thread 3 ] DEBUG Engine               - isEmbedded: false
15:37:36.227 [FXGL Background Thread 3 ] DEBUG Engine               - isEntityPreloadEnabled: true
15:37:36.227 [FXGL Background Thread 3 ] DEBUG Engine               - isExperimentalTiledLargeMap: false
15:37:36.227 [FXGL Background Thread 3 ] DEBUG Engine               - isFileSystemWriteAllowed: true
15:37:36.227 [FXGL Background Thread 3 ] DEBUG Engine               - isFullScreenAllowed: false
15:37:36.227 [FXGL Background Thread 3 ] DEBUG Engine               - isFullScreenFromStart: false
15:37:36.227 [FXGL Background Thread 3 ] DEBUG Engine               - isGameMenuEnabled: true
15:37:36.227 [FXGL Background Thread 3 ] DEBUG Engine               - isIOS: false
15:37:36.227 [FXGL Background Thread 3 ] DEBUG Engine               - isIntroEnabled: false
15:37:36.227 [FXGL Background Thread 3 ] DEBUG Engine               - isLinux: false
15:37:36.227 [FXGL Background Thread 3 ] DEBUG Engine               - isMac: false
15:37:36.227 [FXGL Background Thread 3 ] DEBUG Engine               - isMainMenuEnabled: true
15:37:36.227 [FXGL Background Thread 3 ] DEBUG Engine               - isManualResizeEnabled: false
15:37:36.228 [FXGL Background Thread 3 ] DEBUG Engine               - isMobile: false
15:37:36.228 [FXGL Background Thread 3 ] DEBUG Engine               - isNative: false
15:37:36.228 [FXGL Background Thread 3 ] DEBUG Engine               - isPauseMusicWhenMinimized: true
15:37:36.228 [FXGL Background Thread 3 ] DEBUG Engine               - isPreserveResizeRatio: false
15:37:36.228 [FXGL Background Thread 3 ] DEBUG Engine               - isProfilingEnabled: false
15:37:36.228 [FXGL Background Thread 3 ] DEBUG Engine               - isScaleAffectedOnResize: true
15:37:36.228 [FXGL Background Thread 3 ] DEBUG Engine               - isSingleStep: false
15:37:36.228 [FXGL Background Thread 3 ] DEBUG Engine               - isUserProfileEnabled: false
15:37:36.228 [FXGL Background Thread 3 ] DEBUG Engine               - isWindows: true
15:37:36.228 [FXGL Background Thread 3 ] DEBUG Engine               - language: ObjectProperty [value: ENGLISH]
15:37:36.228 [FXGL Background Thread 3 ] DEBUG Engine               - menuKey: ESCAPE
15:37:36.228 [FXGL Background Thread 3 ] DEBUG Engine               - mouseSensitivity: 0.2
15:37:36.228 [FXGL Background Thread 3 ] DEBUG Engine               - notificationViewClass: class com.almasb.fxgl.notification.view.XboxNotificationView
15:37:36.228 [FXGL Background Thread 3 ] DEBUG Engine               - pixelsPerMeter: 50.0
15:37:36.228 [FXGL Background Thread 3 ] DEBUG Engine               - platform: WINDOWS
15:37:36.228 [FXGL Background Thread 3 ] DEBUG Engine               - prefHeightProperty: ReadOnlyDoubleProperty [value: 650.0]
15:37:36.228 [FXGL Background Thread 3 ] DEBUG Engine               - prefWidthProperty: ReadOnlyDoubleProperty [value: 1300.0]
15:37:36.228 [FXGL Background Thread 3 ] DEBUG Engine               - profileDir: profiles/
15:37:36.228 [FXGL Background Thread 3 ] DEBUG Engine               - profileName: StringProperty [value: DEFAULT]
15:37:36.228 [FXGL Background Thread 3 ] DEBUG Engine               - randomSeed: -1
15:37:36.229 [FXGL Background Thread 3 ] DEBUG Engine               - runtimeInfo: RuntimeInfo(platform=WINDOWS, version=17.3, build=30.03.2023 11.49)
15:37:36.229 [FXGL Background Thread 3 ] DEBUG Engine               - saveFileExt: sav
15:37:36.229 [FXGL Background Thread 3 ] DEBUG Engine               - scaledHeightProp$fxgl: DoubleProperty [bound, value: 650.0]
15:37:36.229 [FXGL Background Thread 3 ] DEBUG Engine               - scaledWidthProp$fxgl: DoubleProperty [bound, value: 1300.0]
15:37:36.229 [FXGL Background Thread 3 ] DEBUG Engine               - sceneFactory: com.Simulador.Restaurante.RestaurantSimulator$1@7af3a778
15:37:36.229 [FXGL Background Thread 3 ] DEBUG Engine               - secondsIn24h: 60
15:37:36.229 [FXGL Background Thread 3 ] DEBUG Engine               - soundMenuBack: menu/back.wav
15:37:36.229 [FXGL Background Thread 3 ] DEBUG Engine               - soundMenuPress: menu/press.wav
15:37:36.229 [FXGL Background Thread 3 ] DEBUG Engine               - soundMenuSelect: menu/select.wav
15:37:36.229 [FXGL Background Thread 3 ] DEBUG Engine               - soundNotification: core/notification.wav
15:37:36.229 [FXGL Background Thread 3 ] DEBUG Engine               - stageStyle: DECORATED
15:37:36.229 [FXGL Background Thread 3 ] DEBUG Engine               - supportedLanguages: [ENGLISH, FRENCH, GERMAN, HUNGARIAN, RUSSIAN]
15:37:36.229 [FXGL Background Thread 3 ] DEBUG Engine               - ticksPerSecond: -1
15:37:36.229 [FXGL Background Thread 3 ] DEBUG Engine               - title: Simulador Restaurante
15:37:36.229 [FXGL Background Thread 3 ] DEBUG Engine               - urlGithub: https://github.com/AlmasB/FXGL
15:37:36.229 [FXGL Background Thread 3 ] DEBUG Engine               - urlLeaderboard: http://fxgl-top.herokuapp.com/
15:37:36.229 [FXGL Background Thread 3 ] DEBUG Engine               - urlPOM: https://raw.githubusercontent.com/AlmasB/FXGL/release/README.md
15:37:36.229 [FXGL Background Thread 3 ] DEBUG Engine               - userAppClass: class com.Simulador.Restaurante.RestaurantSimulator
15:37:36.229 [FXGL Background Thread 3 ] DEBUG Engine               - version: 0.1
15:37:36.229 [FXGL Background Thread 3 ] DEBUG Engine               - versionCheckDays: 7
15:37:36.229 [FXGL Background Thread 3 ] DEBUG Engine               - width: 1300
15:37:36.229 [FXGL Background Thread 3 ] DEBUG Engine               - Logging services
15:37:36.230 [FXGL Background Thread 3 ] DEBUG Engine               - class com.almasb.fxgl.app.services.FXGLAssetLoaderService
15:37:36.230 [FXGL Background Thread 3 ] DEBUG Engine               - class com.almasb.fxgl.app.FXGLApplication$GameApplicationService
15:37:36.230 [FXGL Background Thread 3 ] DEBUG Engine               - class com.almasb.fxgl.app.services.FXGLDialogService
15:37:36.230 [FXGL Background Thread 3 ] DEBUG Engine               - class com.almasb.fxgl.app.services.IOTaskExecutorService
15:37:36.230 [FXGL Background Thread 3 ] DEBUG Engine               - class com.almasb.fxgl.io.FileSystemService
15:37:36.230 [FXGL Background Thread 3 ] DEBUG Engine               - class com.almasb.fxgl.localization.LocalizationService
15:37:36.230 [FXGL Background Thread 3 ] DEBUG Engine               - class com.almasb.fxgl.app.services.SystemBundleService
15:37:36.230 [FXGL Background Thread 3 ] DEBUG Engine               - class com.almasb.fxgl.profile.SaveLoadService
15:37:36.230 [FXGL Background Thread 3 ] DEBUG Engine               - class com.almasb.fxgl.ui.FXGLUIFactoryServiceProvider
15:37:36.230 [FXGL Background Thread 3 ] DEBUG Engine               - class com.almasb.fxgl.ui.FXGLDialogFactoryServiceProvider
15:37:36.230 [FXGL Background Thread 3 ] DEBUG Engine               - class com.almasb.fxgl.audio.AudioPlayer
15:37:36.230 [FXGL Background Thread 3 ] DEBUG Engine               - class com.almasb.fxgl.notification.impl.NotificationServiceProvider
15:37:36.230 [FXGL Background Thread 3 ] DEBUG Engine               - class com.almasb.fxgl.achievement.AchievementService
15:37:36.230 [FXGL Background Thread 3 ] DEBUG Engine               - class com.almasb.fxgl.cutscene.CutsceneService
15:37:36.230 [FXGL Background Thread 3 ] DEBUG Engine               - class com.almasb.fxgl.minigames.MiniGameService
15:37:36.230 [FXGL Background Thread 3 ] DEBUG Engine               - class com.almasb.fxgl.net.NetService
15:37:36.230 [FXGL Background Thread 3 ] DEBUG Engine               - class com.almasb.fxgl.app.services.UpdaterService
15:37:36.230 [FXGL Background Thread 3 ] DEBUG Engine               - class com.almasb.fxgl.dev.DevService
15:37:40.570 [JavaFX Application Thread] DEBUG FXGLApplication      - Exiting FXGL
15:37:40.570 [JavaFX Application Thread] DEBUG LoopRunner           - Stopping loop
15:37:40.570 [JavaFX Application Thread] DEBUG SystemBundleService  - Saving FXGL system data
15:37:40.574 [JavaFX Application Thread] DEBUG FileSystemAccess     - Writing to: C:\Users\Jose Alberto Morales\Documents\7to Cuatrimestre\Programacion concurrente\Restaurant\system\fxgl.bundle
15:37:40.576 [JavaFX Application Thread] DEBUG Async                - Shutting down background threads
15:37:40.576 [JavaFX Application Thread] DEBUG PrimaryStageWindow   - Closing main window
15:37:40.592 [JavaFX Application Thread] DEBUG Logger               - Closing Logger
