12:27:34.156 [main                     ] DEBUG Logger               - Configured Logger
12:27:34.179 [main                     ] DEBUG GameApplication      - Logging settings
Title: Simulador Restaurante
Version: 0.1
Width: 1300
Height: 600
Fullscreen: false
Intro: false
Profiling: false
Single step:false
App Mode: DEVELOPER
Menu Key: ESCAPE
Stage Style: DECORATED
Scene Factory: class com.Simulador.Restaurante.RestaurantSimulator$1

12:27:34.503 [JavaFX Application Thread] DEBUG FXGLApplication      - Initializing FXGL
12:27:34.507 [JavaFX Application Thread] INFO  Engine               - FXGL-17.3 (30.03.2023 11.49) on WINDOWS (J:21.0.5 FX:21)
12:27:34.507 [JavaFX Application Thread] DEBUG Engine               - JRE Vendor Name: Oracle Corporation
12:27:34.507 [JavaFX Application Thread] DEBUG Engine               - Running on OS: Windows 11 version 10.0
12:27:34.508 [JavaFX Application Thread] DEBUG Engine               - Architecture: amd64
12:27:34.508 [JavaFX Application Thread] INFO  Engine               - Source code and latest versions at: https://github.com/AlmasB/FXGL
12:27:34.508 [JavaFX Application Thread] INFO  Engine               -       Ask questions and discuss at: https://github.com/AlmasB/FXGL/discussions
12:27:34.508 [JavaFX Application Thread] INFO  Engine               -              Join the FXGL chat at: https://gitter.im/AlmasB/FXGL
12:27:34.593 [JavaFX Application Thread] DEBUG PrimaryStageWindow   - Creating a JavaFX scene
12:27:34.644 [JavaFX Application Thread] DEBUG PrimaryStageWindow   - Target settings size: 1300.0 x 600.0
12:27:34.645 [JavaFX Application Thread] DEBUG PrimaryStageWindow   - Scaled scene size:    1300.0 x 600.0
12:27:34.645 [JavaFX Application Thread] DEBUG PrimaryStageWindow   - Scaled ratio: (1.0, 1.0)
12:27:34.646 [JavaFX Application Thread] DEBUG PrimaryStageWindow   - Set initial scene to FXGLStartupScene
12:27:34.649 [JavaFX Application Thread] DEBUG PrimaryStageWindow   - Opening main window
12:27:34.733 [JavaFX Application Thread] DEBUG PrimaryStageWindow   - Window border size: (14.4000244140625, 37.5999755859375)
12:27:34.733 [JavaFX Application Thread] DEBUG PrimaryStageWindow   - Scaled size: 1300.0 x 600.0
12:27:34.734 [JavaFX Application Thread] DEBUG PrimaryStageWindow   - Scaled ratio: (1.0, 1.0)
12:27:34.734 [JavaFX Application Thread] DEBUG PrimaryStageWindow   - Scene size: 1300.0 x 600.0
12:27:34.734 [JavaFX Application Thread] DEBUG PrimaryStageWindow   - Stage size: 1314.4000244140625 x 637.5999755859375
12:27:34.742 [FXGL Background Thread 1 ] DEBUG Engine               - Initializing environment variables
12:27:34.800 [FXGL Background Thread 1 ] DEBUG FXGLAssetLoaderServi - User app class for loading assets: class com.Simulador.Restaurante.RestaurantSimulator
12:27:34.801 [FXGL Background Thread 1 ] DEBUG GameApplicationServi - Applying CSS: fxgl_dark.css
12:27:34.802 [FXGL Background Thread 1 ] DEBUG FXGLAssetLoaderServi - Loading from file system: jar:file:///C:/Users/Jose%20Alberto%20Morales/.m2/repository/com/github/almasb/fxgl/17.3/fxgl-17.3.jar!/fxglassets/ui/css/fxgl_dark.css
12:27:34.854 [FXGL Background Thread 1 ] DEBUG GameApplicationServi - Initializing application scenes
12:27:34.882 [FXGL Background Thread 1 ] DEBUG GameWorld            - Game world initialized
12:27:34.941 [FXGL Background Thread 1 ] DEBUG PhysicsWorld         - Physics world initialized: appHeight=600, physics.ppm=50.0
12:27:34.941 [FXGL Background Thread 1 ] DEBUG PhysicsWorld         - Using strategy: BRUTE_FORCE
12:27:34.945 [FXGL Background Thread 1 ] DEBUG GameScene            - Game scene initialized: 1300x600
12:27:34.991 [FXGL Background Thread 1 ] DEBUG FXGL.DefaultMenu     - createMenuBodyGameMenu()
12:27:34.998 [FXGL Background Thread 1 ] DEBUG FXGL.DefaultMenu     - createOptionsMenu()
12:27:35.004 [FXGL Background Thread 1 ] DEBUG FXGLAssetLoaderServi - Loading from file system: jar:file:///C:/Users/Jose%20Alberto%20Morales/.m2/repository/com/github/almasb/fxgl/17.3/fxgl-17.3.jar!/fxglassets/textures/particles/smoke.png
12:27:35.070 [FXGL Background Thread 1 ] DEBUG FXGLAssetLoaderServi - Loading from file system: jar:file:///C:/Users/Jose%20Alberto%20Morales/.m2/repository/com/github/almasb/fxgl/17.3/fxgl-17.3.jar!/fxglassets/textures/particles/trace_horizontal.png
12:27:35.092 [FXGL Background Thread 1 ] DEBUG GameApplicationServi - Application scenes initialized
12:27:35.101 [FXGL Background Thread 1 ] DEBUG SystemBundleService  - Loading FXGL system data
12:27:35.105 [FXGL Background Thread 1 ] DEBUG FileSystemAccess     - Reading from: C:\Users\Jose Alberto Morales\Documents\7to Cuatrimestre\Programacion concurrente\Restaurant\system\fxgl.bundle
12:27:35.112 [FXGL Background Thread 1 ] DEBUG SystemBundleService  - Bundle FXGL: {}
12:27:35.113 [FXGL Background Thread 1 ] DEBUG UpdaterService       - Checking for updates
12:27:35.117 [FXGL Background Thread 4 ] DEBUG FXGLApplication      - Loading fonts
12:27:35.117 [FXGL Background Thread 4 ] DEBUG FXGLAssetLoaderServi - Loading from file system: jar:file:///C:/Users/Jose%20Alberto%20Morales/.m2/repository/com/github/almasb/fxgl/17.3/fxgl-17.3.jar!/fxglassets/ui/fonts/VarelaRound-Regular.ttf
12:27:35.117 [FXGL Background Thread 1 ] DEBUG FXGLApplication      - Loading default localization
12:27:35.118 [FXGL Background Thread 1 ] DEBUG FXGLAssetLoaderServi - Loading from file system: jar:file:///C:/Users/Jose%20Alberto%20Morales/.m2/repository/com/github/almasb/fxgl/17.3/fxgl-17.3.jar!/fxglassets/languages/english.lang
12:27:35.137 [FXGL Background Thread 1 ] INFO  FXGLApplication      - FXGL initialization took: 0.394 sec
12:27:35.137 [JavaFX Application Thread] DEBUG FXGLAssetLoaderServi - Loading from file system: jar:file:///C:/Users/Jose%20Alberto%20Morales/.m2/repository/com/github/almasb/fxgl/17.3/fxgl-17.3.jar!/fxglassets/textures/fxgl_icon.png
12:27:35.150 [FXGL Background Thread 4 ] DEBUG FXGLAssetLoaderServi - Loading from file system: jar:file:///C:/Users/Jose%20Alberto%20Morales/.m2/repository/com/github/almasb/fxgl/17.3/fxgl-17.3.jar!/fxglassets/ui/fonts/Abel-Regular.ttf
12:27:35.154 [FXGL Background Thread 4 ] DEBUG FXGLAssetLoaderServi - Loading from file system: jar:file:///C:/Users/Jose%20Alberto%20Morales/.m2/repository/com/github/almasb/fxgl/17.3/fxgl-17.3.jar!/fxglassets/ui/fonts/TerminalLandMono-Regular.otf
12:27:35.156 [JavaFX Application Thread] DEBUG FXGLAssetLoaderServi - Loading from file system: jar:file:///C:/Users/Jose%20Alberto%20Morales/.m2/repository/com/github/almasb/fxgl/17.3/fxgl-17.3.jar!/fxglassets/textures/fxgl_default_cursor.png
12:27:35.158 [FXGL Background Thread 4 ] DEBUG FXGLAssetLoaderServi - Loading from file system: jar:file:///C:/Users/Jose%20Alberto%20Morales/.m2/repository/com/github/almasb/fxgl/17.3/fxgl-17.3.jar!/fxglassets/ui/fonts/Courier-Prime.ttf
12:27:35.168 [JavaFX Application Thread] DEBUG Input                - Registered new binding: Screenshot - CTRL+8
12:27:35.168 [JavaFX Application Thread] DEBUG Input                - Registered new binding: System info dump - CTRL+9
12:27:35.169 [JavaFX Application Thread] DEBUG Input                - Registered new binding: Restart - CTRL+R
12:27:35.169 [JavaFX Application Thread] DEBUG Input                - Registered new binding: Toggle Debug Camera - CTRL+7
12:27:35.172 [JavaFX Application Thread] DEBUG LoopRunner           - Starting loop
12:27:35.172 [JavaFX Application Thread] DEBUG LoopRunner           - Initializing JavaFX AnimationTimerLoop
12:27:35.174 [JavaFX Application Thread] DEBUG Input                - Clearing active input actions
12:27:35.181 [JavaFX Application Thread] DEBUG GameApplicationServi - Removing overlay from FXGLStartupScene and adding to FXGLMainMenuDummyScene
12:27:35.181 [JavaFX Application Thread] DEBUG PrimaryStageWindow   - FXGLStartupScene -> FXGLMainMenuDummyScene
12:27:35.181 [JavaFX Application Thread] DEBUG PrimaryStageWindow   - Push state: MainMenu
12:27:35.181 [JavaFX Application Thread] DEBUG Input                - Clearing active input actions
12:27:35.190 [JavaFX Application Thread] DEBUG GameApplicationServi - Removing overlay from FXGLMainMenuDummyScene and adding to MainMenu
12:27:35.190 [JavaFX Application Thread] DEBUG PrimaryStageWindow   - FXGLMainMenuDummyScene -> MainMenu
12:27:35.191 [JavaFX Application Thread] DEBUG FXGLApplication      - Registering font factories with UI factory
12:27:35.671 [FXGL Background Thread 2 ] INFO  UpdaterService       - Your current version:  17.3
12:27:35.672 [FXGL Background Thread 2 ] INFO  UpdaterService       - Latest stable version: 21.1
12:27:37.094 [JavaFX Application Thread] DEBUG Menu                 - fireNewGame()
12:27:37.094 [JavaFX Application Thread] DEBUG GameApplicationServi - Starting new game
12:27:37.095 [JavaFX Application Thread] DEBUG PrimaryStageWindow   - Pop state: MainMenu
12:27:37.095 [JavaFX Application Thread] DEBUG Input                - Clearing active input actions
12:27:37.095 [JavaFX Application Thread] DEBUG GameApplicationServi - Removing overlay from MainMenu and adding to FXGLMainMenuDummyScene
12:27:37.095 [JavaFX Application Thread] DEBUG PrimaryStageWindow   - FXGLMainMenuDummyScene <- MainMenu
12:27:37.096 [JavaFX Application Thread] DEBUG Input                - Clearing active input actions
12:27:37.100 [JavaFX Application Thread] DEBUG GameApplicationServi - Removing overlay from FXGLMainMenuDummyScene and adding to FXGLLoadingScene
12:27:37.101 [JavaFX Application Thread] DEBUG PrimaryStageWindow   - FXGLMainMenuDummyScene -> FXGLLoadingScene
12:27:37.101 [JavaFX Application Thread] DEBUG GameApplicationServi - Clearing previous game
12:27:37.101 [JavaFX Application Thread] DEBUG GameScene            - Clearing game scene
12:27:37.101 [JavaFX Application Thread] DEBUG GameWorld            - Clearing game world
12:27:37.101 [JavaFX Application Thread] DEBUG PhysicsWorld         - Clearing physics world
12:27:37.103 [FXGL Background Thread 2 ] DEBUG FXGLApplication      - Initializing game
12:27:37.179 [FXGL Background Thread 2 ] INFO  FXGLApplication      - Game initialization took: 0.075 sec
12:27:37.180 [JavaFX Application Thread] DEBUG Input                - Clearing active input actions
12:27:37.185 [JavaFX Application Thread] DEBUG GameApplicationServi - Removing overlay from FXGLLoadingScene and adding to GameScene
12:27:37.185 [JavaFX Application Thread] DEBUG PrimaryStageWindow   - FXGLLoadingScene -> GameScene
12:27:38.115 [FXGL Background Thread 3 ] DEBUG Engine               - Logging environment variables
12:27:38.116 [FXGL Background Thread 3 ] DEBUG Engine               - achievements: []
12:27:38.116 [FXGL Background Thread 3 ] DEBUG Engine               - actualHeight: 600.0
12:27:38.116 [FXGL Background Thread 3 ] DEBUG Engine               - actualHeightProperty: ReadOnlyDoubleProperty [value: 600.0]
12:27:38.117 [FXGL Background Thread 3 ] DEBUG Engine               - actualWidth: 1300.0
12:27:38.117 [FXGL Background Thread 3 ] DEBUG Engine               - actualWidthProperty: ReadOnlyDoubleProperty [value: 1300.0]
12:27:38.117 [FXGL Background Thread 3 ] DEBUG Engine               - appIcon: fxgl_icon.png
12:27:38.117 [FXGL Background Thread 3 ] DEBUG Engine               - applicationMode: DEVELOPER
12:27:38.117 [FXGL Background Thread 3 ] DEBUG Engine               - cSSList: [fxgl_dark.css]
12:27:38.117 [FXGL Background Thread 3 ] DEBUG Engine               - collisionDetectionStrategy: BRUTE_FORCE
12:27:38.117 [FXGL Background Thread 3 ] DEBUG Engine               - configClass: Optional.empty
12:27:38.118 [FXGL Background Thread 3 ] DEBUG Engine               - credits: []
12:27:38.118 [FXGL Background Thread 3 ] DEBUG Engine               - defaultCursor: CursorInfo(imageName=fxgl_default_cursor.png, hotspotX=7.0, hotspotY=6.0)
12:27:38.118 [FXGL Background Thread 3 ] DEBUG Engine               - devBBoxColorProperty: ObjectProperty [value: 0xff0000ff]
12:27:38.119 [FXGL Background Thread 3 ] DEBUG Engine               - devEnableDebugCameraProperty: BooleanProperty [value: false]
12:27:38.119 [FXGL Background Thread 3 ] DEBUG Engine               - devSensorColorProperty: ObjectProperty [value: 0xffff00ff]
12:27:38.119 [FXGL Background Thread 3 ] DEBUG Engine               - devShowBBoxProperty: BooleanProperty [value: false]
12:27:38.119 [FXGL Background Thread 3 ] DEBUG Engine               - devShowPositionProperty: BooleanProperty [value: false]
12:27:38.119 [FXGL Background Thread 3 ] DEBUG Engine               - enabledMenuItems: []
12:27:38.119 [FXGL Background Thread 3 ] DEBUG Engine               - engineServices: [class com.almasb.fxgl.app.services.FXGLAssetLoaderService, class com.almasb.fxgl.app.FXGLApplication$GameApplicationService, class com.almasb.fxgl.app.services.FXGLDialogService, class com.almasb.fxgl.app.services.IOTaskExecutorService, class com.almasb.fxgl.io.FileSystemService, class com.almasb.fxgl.localization.LocalizationService, class com.almasb.fxgl.app.services.SystemBundleService, class com.almasb.fxgl.profile.SaveLoadService, class com.almasb.fxgl.ui.FXGLUIFactoryServiceProvider, class com.almasb.fxgl.ui.FXGLDialogFactoryServiceProvider, class com.almasb.fxgl.audio.AudioPlayer, class com.almasb.fxgl.notification.impl.NotificationServiceProvider, class com.almasb.fxgl.achievement.AchievementService, class com.almasb.fxgl.cutscene.CutsceneService, class com.almasb.fxgl.minigames.MiniGameService, class com.almasb.fxgl.net.NetService, class com.almasb.fxgl.app.services.UpdaterService, class com.almasb.fxgl.dev.DevService]
12:27:38.119 [FXGL Background Thread 3 ] DEBUG Engine               - fontGame: Abel-Regular.ttf
12:27:38.119 [FXGL Background Thread 3 ] DEBUG Engine               - fontMono: TerminalLandMono-Regular.otf
12:27:38.119 [FXGL Background Thread 3 ] DEBUG Engine               - fontSizeScaleUI: 1.0
12:27:38.119 [FXGL Background Thread 3 ] DEBUG Engine               - fontText: Courier-Prime.ttf
12:27:38.119 [FXGL Background Thread 3 ] DEBUG Engine               - fontUI: VarelaRound-Regular.ttf
12:27:38.119 [FXGL Background Thread 3 ] DEBUG Engine               - fullScreen: BooleanProperty [value: false]
12:27:38.119 [FXGL Background Thread 3 ] DEBUG Engine               - gameDifficulty: MEDIUM
12:27:38.119 [FXGL Background Thread 3 ] DEBUG Engine               - gameDifficultyProperty: ObjectProperty [value: MEDIUM]
12:27:38.120 [FXGL Background Thread 3 ] DEBUG Engine               - globalMusicVolume: 0.5
12:27:38.120 [FXGL Background Thread 3 ] DEBUG Engine               - globalMusicVolumeProperty: DoubleProperty [value: 0.5]
12:27:38.120 [FXGL Background Thread 3 ] DEBUG Engine               - globalSoundVolume: 0.5
12:27:38.120 [FXGL Background Thread 3 ] DEBUG Engine               - globalSoundVolumeProperty: DoubleProperty [value: 0.5]
12:27:38.120 [FXGL Background Thread 3 ] DEBUG Engine               - height: 600
12:27:38.120 [FXGL Background Thread 3 ] DEBUG Engine               - is3D: false
12:27:38.120 [FXGL Background Thread 3 ] DEBUG Engine               - isAndroid: false
12:27:38.120 [FXGL Background Thread 3 ] DEBUG Engine               - isBrowser: false
12:27:38.120 [FXGL Background Thread 3 ] DEBUG Engine               - isClickFeedbackEnabled: false
12:27:38.120 [FXGL Background Thread 3 ] DEBUG Engine               - isCloseConfirmation: false
12:27:38.120 [FXGL Background Thread 3 ] DEBUG Engine               - isDesktop: true
12:27:38.120 [FXGL Background Thread 3 ] DEBUG Engine               - isDeveloperMenuEnabled: false
12:27:38.120 [FXGL Background Thread 3 ] DEBUG Engine               - isEmbedded: false
12:27:38.120 [FXGL Background Thread 3 ] DEBUG Engine               - isEntityPreloadEnabled: true
12:27:38.120 [FXGL Background Thread 3 ] DEBUG Engine               - isExperimentalTiledLargeMap: false
12:27:38.120 [FXGL Background Thread 3 ] DEBUG Engine               - isFileSystemWriteAllowed: true
12:27:38.120 [FXGL Background Thread 3 ] DEBUG Engine               - isFullScreenAllowed: false
12:27:38.120 [FXGL Background Thread 3 ] DEBUG Engine               - isFullScreenFromStart: false
12:27:38.120 [FXGL Background Thread 3 ] DEBUG Engine               - isGameMenuEnabled: true
12:27:38.120 [FXGL Background Thread 3 ] DEBUG Engine               - isIOS: false
12:27:38.120 [FXGL Background Thread 3 ] DEBUG Engine               - isIntroEnabled: false
12:27:38.120 [FXGL Background Thread 3 ] DEBUG Engine               - isLinux: false
12:27:38.120 [FXGL Background Thread 3 ] DEBUG Engine               - isMac: false
12:27:38.120 [FXGL Background Thread 3 ] DEBUG Engine               - isMainMenuEnabled: true
12:27:38.121 [FXGL Background Thread 3 ] DEBUG Engine               - isManualResizeEnabled: false
12:27:38.121 [FXGL Background Thread 3 ] DEBUG Engine               - isMobile: false
12:27:38.121 [FXGL Background Thread 3 ] DEBUG Engine               - isNative: false
12:27:38.121 [FXGL Background Thread 3 ] DEBUG Engine               - isPauseMusicWhenMinimized: true
12:27:38.121 [FXGL Background Thread 3 ] DEBUG Engine               - isPreserveResizeRatio: false
12:27:38.121 [FXGL Background Thread 3 ] DEBUG Engine               - isProfilingEnabled: false
12:27:38.121 [FXGL Background Thread 3 ] DEBUG Engine               - isScaleAffectedOnResize: true
12:27:38.121 [FXGL Background Thread 3 ] DEBUG Engine               - isSingleStep: false
12:27:38.121 [FXGL Background Thread 3 ] DEBUG Engine               - isUserProfileEnabled: false
12:27:38.121 [FXGL Background Thread 3 ] DEBUG Engine               - isWindows: true
12:27:38.121 [FXGL Background Thread 3 ] DEBUG Engine               - language: ObjectProperty [value: ENGLISH]
12:27:38.121 [FXGL Background Thread 3 ] DEBUG Engine               - menuKey: ESCAPE
12:27:38.121 [FXGL Background Thread 3 ] DEBUG Engine               - mouseSensitivity: 0.2
12:27:38.121 [FXGL Background Thread 3 ] DEBUG Engine               - notificationViewClass: class com.almasb.fxgl.notification.view.XboxNotificationView
12:27:38.121 [FXGL Background Thread 3 ] DEBUG Engine               - pixelsPerMeter: 50.0
12:27:38.121 [FXGL Background Thread 3 ] DEBUG Engine               - platform: WINDOWS
12:27:38.121 [FXGL Background Thread 3 ] DEBUG Engine               - prefHeightProperty: ReadOnlyDoubleProperty [value: 600.0]
12:27:38.121 [FXGL Background Thread 3 ] DEBUG Engine               - prefWidthProperty: ReadOnlyDoubleProperty [value: 1300.0]
12:27:38.121 [FXGL Background Thread 3 ] DEBUG Engine               - profileDir: profiles/
12:27:38.121 [FXGL Background Thread 3 ] DEBUG Engine               - profileName: StringProperty [value: DEFAULT]
12:27:38.121 [FXGL Background Thread 3 ] DEBUG Engine               - randomSeed: -1
12:27:38.122 [FXGL Background Thread 3 ] DEBUG Engine               - runtimeInfo: RuntimeInfo(platform=WINDOWS, version=17.3, build=30.03.2023 11.49)
12:27:38.122 [FXGL Background Thread 3 ] DEBUG Engine               - saveFileExt: sav
12:27:38.122 [FXGL Background Thread 3 ] DEBUG Engine               - scaledHeightProp$fxgl: DoubleProperty [bound, value: 600.0]
12:27:38.122 [FXGL Background Thread 3 ] DEBUG Engine               - scaledWidthProp$fxgl: DoubleProperty [bound, value: 1300.0]
12:27:38.122 [FXGL Background Thread 3 ] DEBUG Engine               - sceneFactory: com.Simulador.Restaurante.RestaurantSimulator$1@c9f5d6d
12:27:38.122 [FXGL Background Thread 3 ] DEBUG Engine               - secondsIn24h: 60
12:27:38.122 [FXGL Background Thread 3 ] DEBUG Engine               - soundMenuBack: menu/back.wav
12:27:38.122 [FXGL Background Thread 3 ] DEBUG Engine               - soundMenuPress: menu/press.wav
12:27:38.122 [FXGL Background Thread 3 ] DEBUG Engine               - soundMenuSelect: menu/select.wav
12:27:38.122 [FXGL Background Thread 3 ] DEBUG Engine               - soundNotification: core/notification.wav
12:27:38.122 [FXGL Background Thread 3 ] DEBUG Engine               - stageStyle: DECORATED
12:27:38.122 [FXGL Background Thread 3 ] DEBUG Engine               - supportedLanguages: [ENGLISH, FRENCH, GERMAN, HUNGARIAN, RUSSIAN]
12:27:38.122 [FXGL Background Thread 3 ] DEBUG Engine               - ticksPerSecond: -1
12:27:38.122 [FXGL Background Thread 3 ] DEBUG Engine               - title: Simulador Restaurante
12:27:38.122 [FXGL Background Thread 3 ] DEBUG Engine               - urlGithub: https://github.com/AlmasB/FXGL
12:27:38.122 [FXGL Background Thread 3 ] DEBUG Engine               - urlLeaderboard: http://fxgl-top.herokuapp.com/
12:27:38.122 [FXGL Background Thread 3 ] DEBUG Engine               - urlPOM: https://raw.githubusercontent.com/AlmasB/FXGL/release/README.md
12:27:38.122 [FXGL Background Thread 3 ] DEBUG Engine               - userAppClass: class com.Simulador.Restaurante.RestaurantSimulator
12:27:38.122 [FXGL Background Thread 3 ] DEBUG Engine               - version: 0.1
12:27:38.122 [FXGL Background Thread 3 ] DEBUG Engine               - versionCheckDays: 7
12:27:38.122 [FXGL Background Thread 3 ] DEBUG Engine               - width: 1300
12:27:38.122 [FXGL Background Thread 3 ] DEBUG Engine               - Logging services
12:27:38.122 [FXGL Background Thread 3 ] DEBUG Engine               - class com.almasb.fxgl.app.services.FXGLAssetLoaderService
12:27:38.122 [FXGL Background Thread 3 ] DEBUG Engine               - class com.almasb.fxgl.app.FXGLApplication$GameApplicationService
12:27:38.122 [FXGL Background Thread 3 ] DEBUG Engine               - class com.almasb.fxgl.app.services.FXGLDialogService
12:27:38.123 [FXGL Background Thread 3 ] DEBUG Engine               - class com.almasb.fxgl.app.services.IOTaskExecutorService
12:27:38.123 [FXGL Background Thread 3 ] DEBUG Engine               - class com.almasb.fxgl.io.FileSystemService
12:27:38.123 [FXGL Background Thread 3 ] DEBUG Engine               - class com.almasb.fxgl.localization.LocalizationService
12:27:38.123 [FXGL Background Thread 3 ] DEBUG Engine               - class com.almasb.fxgl.app.services.SystemBundleService
12:27:38.123 [FXGL Background Thread 3 ] DEBUG Engine               - class com.almasb.fxgl.profile.SaveLoadService
12:27:38.123 [FXGL Background Thread 3 ] DEBUG Engine               - class com.almasb.fxgl.ui.FXGLUIFactoryServiceProvider
12:27:38.123 [FXGL Background Thread 3 ] DEBUG Engine               - class com.almasb.fxgl.ui.FXGLDialogFactoryServiceProvider
12:27:38.123 [FXGL Background Thread 3 ] DEBUG Engine               - class com.almasb.fxgl.audio.AudioPlayer
12:27:38.123 [FXGL Background Thread 3 ] DEBUG Engine               - class com.almasb.fxgl.notification.impl.NotificationServiceProvider
12:27:38.123 [FXGL Background Thread 3 ] DEBUG Engine               - class com.almasb.fxgl.achievement.AchievementService
12:27:38.123 [FXGL Background Thread 3 ] DEBUG Engine               - class com.almasb.fxgl.cutscene.CutsceneService
12:27:38.123 [FXGL Background Thread 3 ] DEBUG Engine               - class com.almasb.fxgl.minigames.MiniGameService
12:27:38.123 [FXGL Background Thread 3 ] DEBUG Engine               - class com.almasb.fxgl.net.NetService
12:27:38.123 [FXGL Background Thread 3 ] DEBUG Engine               - class com.almasb.fxgl.app.services.UpdaterService
12:27:38.123 [FXGL Background Thread 3 ] DEBUG Engine               - class com.almasb.fxgl.dev.DevService
12:28:03.717 [JavaFX Application Thread] DEBUG FXGLApplication      - Exiting FXGL
12:28:03.717 [JavaFX Application Thread] DEBUG LoopRunner           - Stopping loop
12:28:03.717 [JavaFX Application Thread] DEBUG SystemBundleService  - Saving FXGL system data
12:28:03.719 [JavaFX Application Thread] DEBUG FileSystemAccess     - Writing to: C:\Users\Jose Alberto Morales\Documents\7to Cuatrimestre\Programacion concurrente\Restaurant\system\fxgl.bundle
12:28:03.721 [JavaFX Application Thread] DEBUG Async                - Shutting down background threads
12:28:03.721 [JavaFX Application Thread] DEBUG PrimaryStageWindow   - Closing main window
12:28:03.736 [JavaFX Application Thread] DEBUG Logger               - Closing Logger
