00:13:56.569 [main                     ] DEBUG Logger               - Configured Logger
00:13:56.597 [main                     ] DEBUG GameApplication      - Logging settings
Title: Simulador de Restaurante
Version: 1.0
Width: 1100
Height: 700
Fullscreen: false
Intro: false
Profiling: false
Single step:false
App Mode: DEVELOPER
Menu Key: ESCAPE
Stage Style: DECORATED
Scene Factory: class com.almasb.fxgl.app.scene.SceneFactory

00:13:56.945 [JavaFX Application Thread] DEBUG FXGLApplication      - Initializing FXGL
00:13:56.948 [JavaFX Application Thread] INFO  Engine               - FXGL-17.3 (30.03.2023 11.49) on WINDOWS (J:21.0.5 FX:21)
00:13:56.949 [JavaFX Application Thread] DEBUG Engine               - JRE Vendor Name: Oracle Corporation
00:13:56.949 [JavaFX Application Thread] DEBUG Engine               - Running on OS: Windows 11 version 10.0
00:13:56.949 [JavaFX Application Thread] DEBUG Engine               - Architecture: amd64
00:13:56.949 [JavaFX Application Thread] INFO  Engine               - Source code and latest versions at: https://github.com/AlmasB/FXGL
00:13:56.949 [JavaFX Application Thread] INFO  Engine               -       Ask questions and discuss at: https://github.com/AlmasB/FXGL/discussions
00:13:56.950 [JavaFX Application Thread] INFO  Engine               -              Join the FXGL chat at: https://gitter.im/AlmasB/FXGL
00:13:57.020 [JavaFX Application Thread] DEBUG PrimaryStageWindow   - Creating a JavaFX scene
00:13:57.058 [JavaFX Application Thread] DEBUG PrimaryStageWindow   - Target settings size: 1100.0 x 700.0
00:13:57.058 [JavaFX Application Thread] DEBUG PrimaryStageWindow   - Scaled scene size:    1100.0 x 700.0
00:13:57.058 [JavaFX Application Thread] DEBUG PrimaryStageWindow   - Scaled ratio: (1.0, 1.0)
00:13:57.059 [JavaFX Application Thread] DEBUG PrimaryStageWindow   - Set initial scene to FXGLStartupScene
00:13:57.062 [JavaFX Application Thread] DEBUG PrimaryStageWindow   - Opening main window
00:13:57.139 [JavaFX Application Thread] DEBUG PrimaryStageWindow   - Window border size: (14.4000244140625, 37.5999755859375)
00:13:57.139 [JavaFX Application Thread] DEBUG PrimaryStageWindow   - Scaled size: 1100.0 x 700.0
00:13:57.140 [JavaFX Application Thread] DEBUG PrimaryStageWindow   - Scaled ratio: (1.0, 1.0)
00:13:57.140 [JavaFX Application Thread] DEBUG PrimaryStageWindow   - Scene size: 1100.0 x 700.0
00:13:57.140 [JavaFX Application Thread] DEBUG PrimaryStageWindow   - Stage size: 1114.4000244140625 x 737.5999755859375
00:13:57.149 [FXGL Background Thread 1 ] DEBUG Engine               - Initializing environment variables
00:13:57.209 [FXGL Background Thread 1 ] DEBUG FXGLAssetLoaderServi - User app class for loading assets: class com.Simulador.Restaurante.RestaurantSimulator
00:13:57.210 [FXGL Background Thread 1 ] DEBUG GameApplicationServi - Applying CSS: fxgl_dark.css
00:13:57.211 [FXGL Background Thread 1 ] DEBUG FXGLAssetLoaderServi - Loading from file system: jar:file:///C:/Users/Jose%20Alberto%20Morales/.m2/repository/com/github/almasb/fxgl/17.3/fxgl-17.3.jar!/fxglassets/ui/css/fxgl_dark.css
00:13:57.252 [FXGL Background Thread 1 ] DEBUG GameApplicationServi - Initializing application scenes
00:13:57.289 [FXGL Background Thread 1 ] DEBUG GameWorld            - Game world initialized
00:13:57.355 [FXGL Background Thread 1 ] DEBUG PhysicsWorld         - Physics world initialized: appHeight=700, physics.ppm=50.0
00:13:57.356 [FXGL Background Thread 1 ] DEBUG PhysicsWorld         - Using strategy: BRUTE_FORCE
00:13:57.361 [FXGL Background Thread 1 ] DEBUG GameScene            - Game scene initialized: 1100x700
00:13:57.369 [FXGL Background Thread 1 ] DEBUG FXGL.DefaultMenu     - createMenuBodyGameMenu()
00:13:57.381 [FXGL Background Thread 1 ] DEBUG FXGL.DefaultMenu     - createOptionsMenu()
00:13:57.388 [FXGL Background Thread 1 ] DEBUG FXGLAssetLoaderServi - Loading from file system: jar:file:///C:/Users/Jose%20Alberto%20Morales/.m2/repository/com/github/almasb/fxgl/17.3/fxgl-17.3.jar!/fxglassets/textures/particles/smoke.png
00:13:57.470 [FXGL Background Thread 1 ] DEBUG FXGLAssetLoaderServi - Loading from file system: jar:file:///C:/Users/Jose%20Alberto%20Morales/.m2/repository/com/github/almasb/fxgl/17.3/fxgl-17.3.jar!/fxglassets/textures/particles/trace_horizontal.png
00:13:57.498 [FXGL Background Thread 1 ] DEBUG GameApplicationServi - Application scenes initialized
00:13:57.510 [FXGL Background Thread 1 ] DEBUG SystemBundleService  - Loading FXGL system data
00:13:57.515 [FXGL Background Thread 1 ] DEBUG FileSystemAccess     - Reading from: C:\Users\Jose Alberto Morales\Documents\7to Cuatrimestre\Programacion concurrente\Restaurant\system\fxgl.bundle
00:13:57.528 [FXGL Background Thread 1 ] DEBUG SystemBundleService  - Bundle FXGL: {}
00:13:57.528 [FXGL Background Thread 1 ] DEBUG UpdaterService       - Checking for updates
00:13:57.531 [FXGL Background Thread 4 ] DEBUG FXGLApplication      - Loading fonts
00:13:57.532 [FXGL Background Thread 1 ] DEBUG FXGLApplication      - Loading default localization
00:13:57.532 [FXGL Background Thread 4 ] DEBUG FXGLAssetLoaderServi - Loading from file system: jar:file:///C:/Users/Jose%20Alberto%20Morales/.m2/repository/com/github/almasb/fxgl/17.3/fxgl-17.3.jar!/fxglassets/ui/fonts/VarelaRound-Regular.ttf
00:13:57.532 [FXGL Background Thread 1 ] DEBUG FXGLAssetLoaderServi - Loading from file system: jar:file:///C:/Users/Jose%20Alberto%20Morales/.m2/repository/com/github/almasb/fxgl/17.3/fxgl-17.3.jar!/fxglassets/languages/english.lang
00:13:57.548 [FXGL Background Thread 1 ] INFO  FXGLApplication      - FXGL initialization took: 0.399 sec
00:13:57.549 [JavaFX Application Thread] DEBUG FXGLAssetLoaderServi - Loading from file system: jar:file:///C:/Users/Jose%20Alberto%20Morales/.m2/repository/com/github/almasb/fxgl/17.3/fxgl-17.3.jar!/fxglassets/textures/fxgl_icon.png
00:13:57.569 [FXGL Background Thread 4 ] DEBUG FXGLAssetLoaderServi - Loading from file system: jar:file:///C:/Users/Jose%20Alberto%20Morales/.m2/repository/com/github/almasb/fxgl/17.3/fxgl-17.3.jar!/fxglassets/ui/fonts/Abel-Regular.ttf
00:13:57.570 [JavaFX Application Thread] DEBUG FXGLAssetLoaderServi - Loading from file system: jar:file:///C:/Users/Jose%20Alberto%20Morales/.m2/repository/com/github/almasb/fxgl/17.3/fxgl-17.3.jar!/fxglassets/textures/fxgl_default_cursor.png
00:13:57.573 [FXGL Background Thread 4 ] DEBUG FXGLAssetLoaderServi - Loading from file system: jar:file:///C:/Users/Jose%20Alberto%20Morales/.m2/repository/com/github/almasb/fxgl/17.3/fxgl-17.3.jar!/fxglassets/ui/fonts/TerminalLandMono-Regular.otf
00:13:57.579 [FXGL Background Thread 4 ] DEBUG FXGLAssetLoaderServi - Loading from file system: jar:file:///C:/Users/Jose%20Alberto%20Morales/.m2/repository/com/github/almasb/fxgl/17.3/fxgl-17.3.jar!/fxglassets/ui/fonts/Courier-Prime.ttf
00:13:57.584 [JavaFX Application Thread] DEBUG Input                - Registered new binding: Screenshot - CTRL+8
00:13:57.584 [JavaFX Application Thread] DEBUG Input                - Registered new binding: System info dump - CTRL+9
00:13:57.584 [JavaFX Application Thread] DEBUG Input                - Registered new binding: Restart - CTRL+R
00:13:57.585 [JavaFX Application Thread] DEBUG Input                - Registered new binding: Toggle Debug Camera - CTRL+7
00:13:57.589 [JavaFX Application Thread] DEBUG LoopRunner           - Starting loop
00:13:57.589 [JavaFX Application Thread] DEBUG LoopRunner           - Initializing JavaFX AnimationTimerLoop
00:13:57.591 [JavaFX Application Thread] DEBUG GameApplicationServi - Starting new game
00:13:57.591 [JavaFX Application Thread] DEBUG Input                - Clearing active input actions
00:13:57.603 [JavaFX Application Thread] DEBUG GameApplicationServi - Removing overlay from FXGLStartupScene and adding to FXGLLoadingScene
00:13:57.604 [JavaFX Application Thread] DEBUG PrimaryStageWindow   - FXGLStartupScene -> FXGLLoadingScene
00:13:57.604 [JavaFX Application Thread] DEBUG GameApplicationServi - Clearing previous game
00:13:57.604 [JavaFX Application Thread] DEBUG GameScene            - Clearing game scene
00:13:57.604 [JavaFX Application Thread] DEBUG GameWorld            - Clearing game world
00:13:57.604 [JavaFX Application Thread] DEBUG PhysicsWorld         - Clearing physics world
00:13:57.606 [FXGL Background Thread 4 ] DEBUG FXGLApplication      - Initializing game
00:13:57.606 [JavaFX Application Thread] DEBUG FXGLApplication      - Registering font factories with UI factory
00:13:58.079 [FXGL Background Thread 4 ] INFO  FXGLApplication      - Game initialization took: 0.474 sec
00:13:58.080 [JavaFX Application Thread] DEBUG Input                - Clearing active input actions
00:13:58.096 [JavaFX Application Thread] DEBUG GameApplicationServi - Removing overlay from FXGLLoadingScene and adding to GameScene
00:13:58.097 [JavaFX Application Thread] DEBUG PrimaryStageWindow   - FXGLLoadingScene -> GameScene
00:13:58.172 [FXGL Background Thread 2 ] INFO  UpdaterService       - Your current version:  17.3
00:13:58.173 [FXGL Background Thread 2 ] INFO  UpdaterService       - Latest stable version: 21.1
00:14:00.531 [FXGL Background Thread 3 ] DEBUG Engine               - Logging environment variables
00:14:00.531 [FXGL Background Thread 3 ] DEBUG Engine               - achievements: []
00:14:00.531 [FXGL Background Thread 3 ] DEBUG Engine               - actualHeight: 700.0
00:14:00.531 [FXGL Background Thread 3 ] DEBUG Engine               - actualHeightProperty: ReadOnlyDoubleProperty [value: 700.0]
00:14:00.532 [FXGL Background Thread 3 ] DEBUG Engine               - actualWidth: 1100.0
00:14:00.532 [FXGL Background Thread 3 ] DEBUG Engine               - actualWidthProperty: ReadOnlyDoubleProperty [value: 1100.0]
00:14:00.532 [FXGL Background Thread 3 ] DEBUG Engine               - appIcon: fxgl_icon.png
00:14:00.532 [FXGL Background Thread 3 ] DEBUG Engine               - applicationMode: DEVELOPER
00:14:00.532 [FXGL Background Thread 3 ] DEBUG Engine               - cSSList: [fxgl_dark.css]
00:14:00.532 [FXGL Background Thread 3 ] DEBUG Engine               - collisionDetectionStrategy: BRUTE_FORCE
00:14:00.532 [FXGL Background Thread 3 ] DEBUG Engine               - configClass: Optional.empty
00:14:00.532 [FXGL Background Thread 3 ] DEBUG Engine               - credits: []
00:14:00.532 [FXGL Background Thread 3 ] DEBUG Engine               - defaultCursor: CursorInfo(imageName=fxgl_default_cursor.png, hotspotX=7.0, hotspotY=6.0)
00:14:00.532 [FXGL Background Thread 3 ] DEBUG Engine               - devBBoxColorProperty: ObjectProperty [value: 0xff0000ff]
00:14:00.532 [FXGL Background Thread 3 ] DEBUG Engine               - devEnableDebugCameraProperty: BooleanProperty [value: false]
00:14:00.532 [FXGL Background Thread 3 ] DEBUG Engine               - devSensorColorProperty: ObjectProperty [value: 0xffff00ff]
00:14:00.532 [FXGL Background Thread 3 ] DEBUG Engine               - devShowBBoxProperty: BooleanProperty [value: false]
00:14:00.532 [FXGL Background Thread 3 ] DEBUG Engine               - devShowPositionProperty: BooleanProperty [value: false]
00:14:00.532 [FXGL Background Thread 3 ] DEBUG Engine               - enabledMenuItems: []
00:14:00.532 [FXGL Background Thread 3 ] DEBUG Engine               - engineServices: [class com.almasb.fxgl.app.services.FXGLAssetLoaderService, class com.almasb.fxgl.app.FXGLApplication$GameApplicationService, class com.almasb.fxgl.app.services.FXGLDialogService, class com.almasb.fxgl.app.services.IOTaskExecutorService, class com.almasb.fxgl.io.FileSystemService, class com.almasb.fxgl.localization.LocalizationService, class com.almasb.fxgl.app.services.SystemBundleService, class com.almasb.fxgl.profile.SaveLoadService, class com.almasb.fxgl.ui.FXGLUIFactoryServiceProvider, class com.almasb.fxgl.ui.FXGLDialogFactoryServiceProvider, class com.almasb.fxgl.audio.AudioPlayer, class com.almasb.fxgl.notification.impl.NotificationServiceProvider, class com.almasb.fxgl.achievement.AchievementService, class com.almasb.fxgl.cutscene.CutsceneService, class com.almasb.fxgl.minigames.MiniGameService, class com.almasb.fxgl.net.NetService, class com.almasb.fxgl.app.services.UpdaterService, class com.almasb.fxgl.dev.DevService]
00:14:00.532 [FXGL Background Thread 3 ] DEBUG Engine               - fontGame: Abel-Regular.ttf
00:14:00.533 [FXGL Background Thread 3 ] DEBUG Engine               - fontMono: TerminalLandMono-Regular.otf
00:14:00.533 [FXGL Background Thread 3 ] DEBUG Engine               - fontSizeScaleUI: 1.0
00:14:00.533 [FXGL Background Thread 3 ] DEBUG Engine               - fontText: Courier-Prime.ttf
00:14:00.533 [FXGL Background Thread 3 ] DEBUG Engine               - fontUI: VarelaRound-Regular.ttf
00:14:00.533 [FXGL Background Thread 3 ] DEBUG Engine               - fullScreen: BooleanProperty [value: false]
00:14:00.533 [FXGL Background Thread 3 ] DEBUG Engine               - gameDifficulty: MEDIUM
00:14:00.533 [FXGL Background Thread 3 ] DEBUG Engine               - gameDifficultyProperty: ObjectProperty [value: MEDIUM]
00:14:00.533 [FXGL Background Thread 3 ] DEBUG Engine               - globalMusicVolume: 0.5
00:14:00.533 [FXGL Background Thread 3 ] DEBUG Engine               - globalMusicVolumeProperty: DoubleProperty [value: 0.5]
00:14:00.533 [FXGL Background Thread 3 ] DEBUG Engine               - globalSoundVolume: 0.5
00:14:00.533 [FXGL Background Thread 3 ] DEBUG Engine               - globalSoundVolumeProperty: DoubleProperty [value: 0.5]
00:14:00.533 [FXGL Background Thread 3 ] DEBUG Engine               - height: 700
00:14:00.533 [FXGL Background Thread 3 ] DEBUG Engine               - is3D: false
00:14:00.533 [FXGL Background Thread 3 ] DEBUG Engine               - isAndroid: false
00:14:00.533 [FXGL Background Thread 3 ] DEBUG Engine               - isBrowser: false
00:14:00.533 [FXGL Background Thread 3 ] DEBUG Engine               - isClickFeedbackEnabled: false
00:14:00.533 [FXGL Background Thread 3 ] DEBUG Engine               - isCloseConfirmation: false
00:14:00.533 [FXGL Background Thread 3 ] DEBUG Engine               - isDesktop: true
00:14:00.533 [FXGL Background Thread 3 ] DEBUG Engine               - isDeveloperMenuEnabled: false
00:14:00.533 [FXGL Background Thread 3 ] DEBUG Engine               - isEmbedded: false
00:14:00.533 [FXGL Background Thread 3 ] DEBUG Engine               - isEntityPreloadEnabled: true
00:14:00.533 [FXGL Background Thread 3 ] DEBUG Engine               - isExperimentalTiledLargeMap: false
00:14:00.534 [FXGL Background Thread 3 ] DEBUG Engine               - isFileSystemWriteAllowed: true
00:14:00.534 [FXGL Background Thread 3 ] DEBUG Engine               - isFullScreenAllowed: false
00:14:00.534 [FXGL Background Thread 3 ] DEBUG Engine               - isFullScreenFromStart: false
00:14:00.534 [FXGL Background Thread 3 ] DEBUG Engine               - isGameMenuEnabled: true
00:14:00.534 [FXGL Background Thread 3 ] DEBUG Engine               - isIOS: false
00:14:00.534 [FXGL Background Thread 3 ] DEBUG Engine               - isIntroEnabled: false
00:14:00.534 [FXGL Background Thread 3 ] DEBUG Engine               - isLinux: false
00:14:00.534 [FXGL Background Thread 3 ] DEBUG Engine               - isMac: false
00:14:00.534 [FXGL Background Thread 3 ] DEBUG Engine               - isMainMenuEnabled: false
00:14:00.534 [FXGL Background Thread 3 ] DEBUG Engine               - isManualResizeEnabled: false
00:14:00.534 [FXGL Background Thread 3 ] DEBUG Engine               - isMobile: false
00:14:00.534 [FXGL Background Thread 3 ] DEBUG Engine               - isNative: false
00:14:00.534 [FXGL Background Thread 3 ] DEBUG Engine               - isPauseMusicWhenMinimized: true
00:14:00.534 [FXGL Background Thread 3 ] DEBUG Engine               - isPreserveResizeRatio: false
00:14:00.534 [FXGL Background Thread 3 ] DEBUG Engine               - isProfilingEnabled: false
00:14:00.534 [FXGL Background Thread 3 ] DEBUG Engine               - isScaleAffectedOnResize: true
00:14:00.534 [FXGL Background Thread 3 ] DEBUG Engine               - isSingleStep: false
00:14:00.534 [FXGL Background Thread 3 ] DEBUG Engine               - isUserProfileEnabled: false
00:14:00.534 [FXGL Background Thread 3 ] DEBUG Engine               - isWindows: true
00:14:00.534 [FXGL Background Thread 3 ] DEBUG Engine               - language: ObjectProperty [value: ENGLISH]
00:14:00.534 [FXGL Background Thread 3 ] DEBUG Engine               - menuKey: ESCAPE
00:14:00.534 [FXGL Background Thread 3 ] DEBUG Engine               - mouseSensitivity: 0.2
00:14:00.534 [FXGL Background Thread 3 ] DEBUG Engine               - notificationViewClass: class com.almasb.fxgl.notification.view.XboxNotificationView
00:14:00.535 [FXGL Background Thread 3 ] DEBUG Engine               - pixelsPerMeter: 50.0
00:14:00.535 [FXGL Background Thread 3 ] DEBUG Engine               - platform: WINDOWS
00:14:00.535 [FXGL Background Thread 3 ] DEBUG Engine               - prefHeightProperty: ReadOnlyDoubleProperty [value: 700.0]
00:14:00.535 [FXGL Background Thread 3 ] DEBUG Engine               - prefWidthProperty: ReadOnlyDoubleProperty [value: 1100.0]
00:14:00.535 [FXGL Background Thread 3 ] DEBUG Engine               - profileDir: profiles/
00:14:00.535 [FXGL Background Thread 3 ] DEBUG Engine               - profileName: StringProperty [value: DEFAULT]
00:14:00.535 [FXGL Background Thread 3 ] DEBUG Engine               - randomSeed: -1
00:14:00.535 [FXGL Background Thread 3 ] DEBUG Engine               - runtimeInfo: RuntimeInfo(platform=WINDOWS, version=17.3, build=30.03.2023 11.49)
00:14:00.535 [FXGL Background Thread 3 ] DEBUG Engine               - saveFileExt: sav
00:14:00.535 [FXGL Background Thread 3 ] DEBUG Engine               - scaledHeightProp$fxgl: DoubleProperty [bound, value: 700.0]
00:14:00.535 [FXGL Background Thread 3 ] DEBUG Engine               - scaledWidthProp$fxgl: DoubleProperty [bound, value: 1100.0]
00:14:00.535 [FXGL Background Thread 3 ] DEBUG Engine               - sceneFactory: com.almasb.fxgl.app.scene.SceneFactory@4dc9d476
00:14:00.535 [FXGL Background Thread 3 ] DEBUG Engine               - secondsIn24h: 60
00:14:00.535 [FXGL Background Thread 3 ] DEBUG Engine               - soundMenuBack: menu/back.wav
00:14:00.535 [FXGL Background Thread 3 ] DEBUG Engine               - soundMenuPress: menu/press.wav
00:14:00.535 [FXGL Background Thread 3 ] DEBUG Engine               - soundMenuSelect: menu/select.wav
00:14:00.535 [FXGL Background Thread 3 ] DEBUG Engine               - soundNotification: core/notification.wav
00:14:00.535 [FXGL Background Thread 3 ] DEBUG Engine               - stageStyle: DECORATED
00:14:00.535 [FXGL Background Thread 3 ] DEBUG Engine               - supportedLanguages: [ENGLISH, FRENCH, GERMAN, HUNGARIAN, RUSSIAN]
00:14:00.535 [FXGL Background Thread 3 ] DEBUG Engine               - ticksPerSecond: -1
00:14:00.535 [FXGL Background Thread 3 ] DEBUG Engine               - title: Simulador de Restaurante
00:14:00.536 [FXGL Background Thread 3 ] DEBUG Engine               - urlGithub: https://github.com/AlmasB/FXGL
00:14:00.536 [FXGL Background Thread 3 ] DEBUG Engine               - urlLeaderboard: http://fxgl-top.herokuapp.com/
00:14:00.536 [FXGL Background Thread 3 ] DEBUG Engine               - urlPOM: https://raw.githubusercontent.com/AlmasB/FXGL/release/README.md
00:14:00.536 [FXGL Background Thread 3 ] DEBUG Engine               - userAppClass: class com.Simulador.Restaurante.RestaurantSimulator
00:14:00.536 [FXGL Background Thread 3 ] DEBUG Engine               - version: 1.0
00:14:00.536 [FXGL Background Thread 3 ] DEBUG Engine               - versionCheckDays: 7
00:14:00.536 [FXGL Background Thread 3 ] DEBUG Engine               - width: 1100
00:14:00.536 [FXGL Background Thread 3 ] DEBUG Engine               - Logging services
00:14:00.536 [FXGL Background Thread 3 ] DEBUG Engine               - class com.almasb.fxgl.app.services.FXGLAssetLoaderService
00:14:00.536 [FXGL Background Thread 3 ] DEBUG Engine               - class com.almasb.fxgl.app.FXGLApplication$GameApplicationService
00:14:00.536 [FXGL Background Thread 3 ] DEBUG Engine               - class com.almasb.fxgl.app.services.FXGLDialogService
00:14:00.537 [FXGL Background Thread 3 ] DEBUG Engine               - class com.almasb.fxgl.app.services.IOTaskExecutorService
00:14:00.537 [FXGL Background Thread 3 ] DEBUG Engine               - class com.almasb.fxgl.io.FileSystemService
00:14:00.537 [FXGL Background Thread 3 ] DEBUG Engine               - class com.almasb.fxgl.localization.LocalizationService
00:14:00.537 [FXGL Background Thread 3 ] DEBUG Engine               - class com.almasb.fxgl.app.services.SystemBundleService
00:14:00.537 [FXGL Background Thread 3 ] DEBUG Engine               - class com.almasb.fxgl.profile.SaveLoadService
00:14:00.537 [FXGL Background Thread 3 ] DEBUG Engine               - class com.almasb.fxgl.ui.FXGLUIFactoryServiceProvider
00:14:00.537 [FXGL Background Thread 3 ] DEBUG Engine               - class com.almasb.fxgl.ui.FXGLDialogFactoryServiceProvider
00:14:00.537 [FXGL Background Thread 3 ] DEBUG Engine               - class com.almasb.fxgl.audio.AudioPlayer
00:14:00.537 [FXGL Background Thread 3 ] DEBUG Engine               - class com.almasb.fxgl.notification.impl.NotificationServiceProvider
00:14:00.537 [FXGL Background Thread 3 ] DEBUG Engine               - class com.almasb.fxgl.achievement.AchievementService
00:14:00.537 [FXGL Background Thread 3 ] DEBUG Engine               - class com.almasb.fxgl.cutscene.CutsceneService
00:14:00.537 [FXGL Background Thread 3 ] DEBUG Engine               - class com.almasb.fxgl.minigames.MiniGameService
00:14:00.537 [FXGL Background Thread 3 ] DEBUG Engine               - class com.almasb.fxgl.net.NetService
00:14:00.537 [FXGL Background Thread 3 ] DEBUG Engine               - class com.almasb.fxgl.app.services.UpdaterService
00:14:00.537 [FXGL Background Thread 3 ] DEBUG Engine               - class com.almasb.fxgl.dev.DevService
00:14:19.415 [JavaFX Application Thread] DEBUG FXGLApplication      - Exiting FXGL
00:14:19.415 [JavaFX Application Thread] DEBUG LoopRunner           - Stopping loop
00:14:19.415 [JavaFX Application Thread] DEBUG SystemBundleService  - Saving FXGL system data
00:14:19.418 [JavaFX Application Thread] DEBUG FileSystemAccess     - Writing to: C:\Users\Jose Alberto Morales\Documents\7to Cuatrimestre\Programacion concurrente\Restaurant\system\fxgl.bundle
00:14:19.420 [JavaFX Application Thread] DEBUG Async                - Shutting down background threads
00:14:19.420 [JavaFX Application Thread] DEBUG PrimaryStageWindow   - Closing main window
00:14:19.437 [JavaFX Application Thread] DEBUG Logger               - Closing Logger
