22:23:55.988 [main                     ] DEBUG Logger               - Configured Logger
22:23:56.012 [main                     ] DEBUG GameApplication      - Logging settings
Title: Simulador de Restaurante
Version: 1.0
Width: 1400
Height: 700
Fullscreen: false
Intro: false
Profiling: false
Single step:false
App Mode: DEVELOPER
Menu Key: ESCAPE
Stage Style: DECORATED
Scene Factory: class com.almasb.fxgl.app.scene.SceneFactory

22:23:56.373 [JavaFX Application Thread] DEBUG FXGLApplication      - Initializing FXGL
22:23:56.377 [JavaFX Application Thread] INFO  Engine               - FXGL-17.3 (30.03.2023 11.49) on WINDOWS (J:21.0.5 FX:21)
22:23:56.377 [JavaFX Application Thread] DEBUG Engine               - JRE Vendor Name: Oracle Corporation
22:23:56.377 [JavaFX Application Thread] DEBUG Engine               - Running on OS: Windows 11 version 10.0
22:23:56.377 [JavaFX Application Thread] DEBUG Engine               - Architecture: amd64
22:23:56.377 [JavaFX Application Thread] INFO  Engine               - Source code and latest versions at: https://github.com/AlmasB/FXGL
22:23:56.377 [JavaFX Application Thread] INFO  Engine               -       Ask questions and discuss at: https://github.com/AlmasB/FXGL/discussions
22:23:56.378 [JavaFX Application Thread] INFO  Engine               -              Join the FXGL chat at: https://gitter.im/AlmasB/FXGL
22:23:56.449 [JavaFX Application Thread] DEBUG PrimaryStageWindow   - Creating a JavaFX scene
22:23:56.493 [JavaFX Application Thread] DEBUG PrimaryStageWindow   - Target settings size: 1400.0 x 700.0
22:23:56.493 [JavaFX Application Thread] DEBUG PrimaryStageWindow   - Scaled scene size:    1400.0 x 700.0
22:23:56.494 [JavaFX Application Thread] DEBUG PrimaryStageWindow   - Scaled ratio: (1.0, 1.0)
22:23:56.494 [JavaFX Application Thread] DEBUG PrimaryStageWindow   - Set initial scene to FXGLStartupScene
22:23:56.497 [JavaFX Application Thread] DEBUG PrimaryStageWindow   - Opening main window
22:23:56.577 [JavaFX Application Thread] DEBUG PrimaryStageWindow   - Window border size: (14.4000244140625, 37.5999755859375)
22:23:56.578 [JavaFX Application Thread] DEBUG PrimaryStageWindow   - Scaled size: 1400.0 x 700.0
22:23:56.578 [JavaFX Application Thread] DEBUG PrimaryStageWindow   - Scaled ratio: (1.0, 1.0)
22:23:56.578 [JavaFX Application Thread] DEBUG PrimaryStageWindow   - Scene size: 1400.0 x 700.0
22:23:56.579 [JavaFX Application Thread] DEBUG PrimaryStageWindow   - Stage size: 1414.4000244140625 x 737.5999755859375
22:23:56.588 [FXGL Background Thread 1 ] DEBUG Engine               - Initializing environment variables
22:23:56.647 [FXGL Background Thread 1 ] DEBUG FXGLAssetLoaderServi - User app class for loading assets: class com.Simulador.Restaurante.RestaurantSimulator
22:23:56.647 [FXGL Background Thread 1 ] DEBUG GameApplicationServi - Applying CSS: fxgl_dark.css
22:23:56.648 [FXGL Background Thread 1 ] DEBUG FXGLAssetLoaderServi - Loading from file system: jar:file:///C:/Users/Jose%20Alberto%20Morales/.m2/repository/com/github/almasb/fxgl/17.3/fxgl-17.3.jar!/fxglassets/ui/css/fxgl_dark.css
22:23:56.700 [FXGL Background Thread 1 ] DEBUG GameApplicationServi - Initializing application scenes
22:23:56.734 [FXGL Background Thread 1 ] DEBUG GameWorld            - Game world initialized
22:23:56.802 [FXGL Background Thread 1 ] DEBUG PhysicsWorld         - Physics world initialized: appHeight=700, physics.ppm=50.0
22:23:56.803 [FXGL Background Thread 1 ] DEBUG PhysicsWorld         - Using strategy: BRUTE_FORCE
22:23:56.808 [FXGL Background Thread 1 ] DEBUG GameScene            - Game scene initialized: 1400x700
22:23:56.819 [FXGL Background Thread 1 ] DEBUG FXGL.DefaultMenu     - createMenuBodyGameMenu()
22:23:56.831 [FXGL Background Thread 1 ] DEBUG FXGL.DefaultMenu     - createOptionsMenu()
22:23:56.839 [FXGL Background Thread 1 ] DEBUG FXGLAssetLoaderServi - Loading from file system: jar:file:///C:/Users/Jose%20Alberto%20Morales/.m2/repository/com/github/almasb/fxgl/17.3/fxgl-17.3.jar!/fxglassets/textures/particles/smoke.png
22:23:56.912 [FXGL Background Thread 1 ] DEBUG FXGLAssetLoaderServi - Loading from file system: jar:file:///C:/Users/Jose%20Alberto%20Morales/.m2/repository/com/github/almasb/fxgl/17.3/fxgl-17.3.jar!/fxglassets/textures/particles/trace_horizontal.png
22:23:56.939 [FXGL Background Thread 1 ] DEBUG GameApplicationServi - Application scenes initialized
22:23:56.952 [FXGL Background Thread 1 ] DEBUG SystemBundleService  - Loading FXGL system data
22:23:56.957 [FXGL Background Thread 1 ] DEBUG FileSystemAccess     - Reading from: C:\Users\Jose Alberto Morales\Documents\7to Cuatrimestre\Programacion concurrente\Restaurant\system\fxgl.bundle
22:23:56.965 [FXGL Background Thread 1 ] DEBUG SystemBundleService  - Bundle FXGL: {}
22:23:56.965 [FXGL Background Thread 1 ] DEBUG UpdaterService       - Checking for updates
22:23:56.969 [FXGL Background Thread 4 ] DEBUG FXGLApplication      - Loading fonts
22:23:56.970 [FXGL Background Thread 4 ] DEBUG FXGLAssetLoaderServi - Loading from file system: jar:file:///C:/Users/Jose%20Alberto%20Morales/.m2/repository/com/github/almasb/fxgl/17.3/fxgl-17.3.jar!/fxglassets/ui/fonts/VarelaRound-Regular.ttf
22:23:56.970 [FXGL Background Thread 1 ] DEBUG FXGLApplication      - Loading default localization
22:23:56.971 [FXGL Background Thread 1 ] DEBUG FXGLAssetLoaderServi - Loading from file system: jar:file:///C:/Users/Jose%20Alberto%20Morales/.m2/repository/com/github/almasb/fxgl/17.3/fxgl-17.3.jar!/fxglassets/languages/english.lang
22:23:56.991 [FXGL Background Thread 1 ] INFO  FXGLApplication      - FXGL initialization took: 0.403 sec
22:23:56.992 [JavaFX Application Thread] DEBUG FXGLAssetLoaderServi - Loading from file system: jar:file:///C:/Users/Jose%20Alberto%20Morales/.m2/repository/com/github/almasb/fxgl/17.3/fxgl-17.3.jar!/fxglassets/textures/fxgl_icon.png
22:23:57.005 [FXGL Background Thread 4 ] DEBUG FXGLAssetLoaderServi - Loading from file system: jar:file:///C:/Users/Jose%20Alberto%20Morales/.m2/repository/com/github/almasb/fxgl/17.3/fxgl-17.3.jar!/fxglassets/ui/fonts/Abel-Regular.ttf
22:23:57.009 [FXGL Background Thread 4 ] DEBUG FXGLAssetLoaderServi - Loading from file system: jar:file:///C:/Users/Jose%20Alberto%20Morales/.m2/repository/com/github/almasb/fxgl/17.3/fxgl-17.3.jar!/fxglassets/ui/fonts/TerminalLandMono-Regular.otf
22:23:57.010 [JavaFX Application Thread] DEBUG FXGLAssetLoaderServi - Loading from file system: jar:file:///C:/Users/Jose%20Alberto%20Morales/.m2/repository/com/github/almasb/fxgl/17.3/fxgl-17.3.jar!/fxglassets/textures/fxgl_default_cursor.png
22:23:57.014 [FXGL Background Thread 4 ] DEBUG FXGLAssetLoaderServi - Loading from file system: jar:file:///C:/Users/Jose%20Alberto%20Morales/.m2/repository/com/github/almasb/fxgl/17.3/fxgl-17.3.jar!/fxglassets/ui/fonts/Courier-Prime.ttf
22:23:57.023 [JavaFX Application Thread] DEBUG Input                - Registered new binding: Screenshot - CTRL+8
22:23:57.023 [JavaFX Application Thread] DEBUG Input                - Registered new binding: System info dump - CTRL+9
22:23:57.024 [JavaFX Application Thread] DEBUG Input                - Registered new binding: Restart - CTRL+R
22:23:57.024 [JavaFX Application Thread] DEBUG Input                - Registered new binding: Toggle Debug Camera - CTRL+7
22:23:57.027 [JavaFX Application Thread] DEBUG LoopRunner           - Starting loop
22:23:57.027 [JavaFX Application Thread] DEBUG LoopRunner           - Initializing JavaFX AnimationTimerLoop
22:23:57.028 [JavaFX Application Thread] DEBUG GameApplicationServi - Starting new game
22:23:57.028 [JavaFX Application Thread] DEBUG Input                - Clearing active input actions
22:23:57.039 [JavaFX Application Thread] DEBUG GameApplicationServi - Removing overlay from FXGLStartupScene and adding to FXGLLoadingScene
22:23:57.039 [JavaFX Application Thread] DEBUG PrimaryStageWindow   - FXGLStartupScene -> FXGLLoadingScene
22:23:57.039 [JavaFX Application Thread] DEBUG GameApplicationServi - Clearing previous game
22:23:57.040 [JavaFX Application Thread] DEBUG GameScene            - Clearing game scene
22:23:57.040 [JavaFX Application Thread] DEBUG GameWorld            - Clearing game world
22:23:57.040 [JavaFX Application Thread] DEBUG PhysicsWorld         - Clearing physics world
22:23:57.041 [FXGL Background Thread 4 ] DEBUG FXGLApplication      - Initializing game
22:23:57.143 [FXGL Background Thread 4 ] INFO  FXGLApplication      - Game initialization took: 0.101 sec
22:23:57.172 [JavaFX Application Thread] DEBUG Input                - Clearing active input actions
22:23:57.183 [JavaFX Application Thread] DEBUG GameApplicationServi - Removing overlay from FXGLLoadingScene and adding to GameScene
22:23:57.183 [JavaFX Application Thread] DEBUG PrimaryStageWindow   - FXGLLoadingScene -> GameScene
22:23:57.521 [FXGL Background Thread 2 ] INFO  UpdaterService       - Your current version:  17.3
22:23:57.521 [FXGL Background Thread 2 ] INFO  UpdaterService       - Latest stable version: 21.1
22:23:59.631 [JavaFX Application Thread] DEBUG FXGLApplication      - Exiting FXGL
22:23:59.631 [JavaFX Application Thread] DEBUG LoopRunner           - Stopping loop
22:23:59.631 [JavaFX Application Thread] DEBUG SystemBundleService  - Saving FXGL system data
22:23:59.632 [JavaFX Application Thread] DEBUG FileSystemAccess     - Writing to: C:\Users\Jose Alberto Morales\Documents\7to Cuatrimestre\Programacion concurrente\Restaurant\system\fxgl.bundle
22:23:59.634 [JavaFX Application Thread] DEBUG Async                - Shutting down background threads
22:23:59.635 [JavaFX Application Thread] DEBUG PrimaryStageWindow   - Closing main window
22:23:59.650 [JavaFX Application Thread] DEBUG Logger               - Closing Logger
