19:47:35.139 [main                     ] DEBUG Logger               - Configured Logger
19:47:35.162 [main                     ] DEBUG GameApplication      - Logging settings
Title: Simulador Restaurante
Version: 0.1
Width: 1000
Height: 700
Fullscreen: false
Intro: false
Profiling: false
Single step:false
App Mode: DEVELOPER
Menu Key: ESCAPE
Stage Style: DECORATED
Scene Factory: class com.Simulador.Restaurante.RestaurantSimulator$1

19:47:35.509 [JavaFX Application Thread] DEBUG FXGLApplication      - Initializing FXGL
19:47:35.512 [JavaFX Application Thread] INFO  Engine               - FXGL-17.3 (30.03.2023 11.49) on WINDOWS (J:21.0.5 FX:21)
19:47:35.512 [JavaFX Application Thread] DEBUG Engine               - JRE Vendor Name: Oracle Corporation
19:47:35.513 [JavaFX Application Thread] DEBUG Engine               - Running on OS: Windows 11 version 10.0
19:47:35.513 [JavaFX Application Thread] DEBUG Engine               - Architecture: amd64
19:47:35.513 [JavaFX Application Thread] INFO  Engine               - Source code and latest versions at: https://github.com/AlmasB/FXGL
19:47:35.513 [JavaFX Application Thread] INFO  Engine               -       Ask questions and discuss at: https://github.com/AlmasB/FXGL/discussions
19:47:35.513 [JavaFX Application Thread] INFO  Engine               -              Join the FXGL chat at: https://gitter.im/AlmasB/FXGL
19:47:35.587 [JavaFX Application Thread] DEBUG PrimaryStageWindow   - Creating a JavaFX scene
19:47:35.631 [JavaFX Application Thread] DEBUG PrimaryStageWindow   - Target settings size: 1000.0 x 700.0
19:47:35.631 [JavaFX Application Thread] DEBUG PrimaryStageWindow   - Scaled scene size:    1000.0 x 700.0
19:47:35.631 [JavaFX Application Thread] DEBUG PrimaryStageWindow   - Scaled ratio: (1.0, 1.0)
19:47:35.632 [JavaFX Application Thread] DEBUG PrimaryStageWindow   - Set initial scene to FXGLStartupScene
19:47:35.635 [JavaFX Application Thread] DEBUG PrimaryStageWindow   - Opening main window
19:47:35.713 [JavaFX Application Thread] DEBUG PrimaryStageWindow   - Window border size: (14.4000244140625, 37.5999755859375)
19:47:35.714 [JavaFX Application Thread] DEBUG PrimaryStageWindow   - Scaled size: 1000.0 x 700.0
19:47:35.714 [JavaFX Application Thread] DEBUG PrimaryStageWindow   - Scaled ratio: (1.0, 1.0)
19:47:35.714 [JavaFX Application Thread] DEBUG PrimaryStageWindow   - Scene size: 1000.0 x 700.0
19:47:35.714 [JavaFX Application Thread] DEBUG PrimaryStageWindow   - Stage size: 1014.4000244140625 x 737.5999755859375
19:47:35.722 [FXGL Background Thread 1 ] DEBUG Engine               - Initializing environment variables
19:47:35.773 [FXGL Background Thread 1 ] DEBUG FXGLAssetLoaderServi - User app class for loading assets: class com.Simulador.Restaurante.RestaurantSimulator
19:47:35.773 [FXGL Background Thread 1 ] DEBUG GameApplicationServi - Applying CSS: fxgl_dark.css
19:47:35.774 [FXGL Background Thread 1 ] DEBUG FXGLAssetLoaderServi - Loading from file system: jar:file:///C:/Users/Jose%20Alberto%20Morales/.m2/repository/com/github/almasb/fxgl/17.3/fxgl-17.3.jar!/fxglassets/ui/css/fxgl_dark.css
19:47:35.821 [FXGL Background Thread 1 ] DEBUG GameApplicationServi - Initializing application scenes
19:47:35.856 [FXGL Background Thread 1 ] DEBUG GameWorld            - Game world initialized
19:47:35.919 [FXGL Background Thread 1 ] DEBUG PhysicsWorld         - Physics world initialized: appHeight=700, physics.ppm=50.0
19:47:35.919 [FXGL Background Thread 1 ] DEBUG PhysicsWorld         - Using strategy: BRUTE_FORCE
19:47:35.925 [FXGL Background Thread 1 ] DEBUG GameScene            - Game scene initialized: 1000x700
19:47:35.969 [FXGL Background Thread 1 ] DEBUG FXGL.DefaultMenu     - createMenuBodyGameMenu()
19:47:35.974 [FXGL Background Thread 1 ] DEBUG FXGL.DefaultMenu     - createOptionsMenu()
19:47:35.980 [FXGL Background Thread 1 ] DEBUG FXGLAssetLoaderServi - Loading from file system: jar:file:///C:/Users/Jose%20Alberto%20Morales/.m2/repository/com/github/almasb/fxgl/17.3/fxgl-17.3.jar!/fxglassets/textures/particles/smoke.png
19:47:36.045 [FXGL Background Thread 1 ] DEBUG FXGLAssetLoaderServi - Loading from file system: jar:file:///C:/Users/Jose%20Alberto%20Morales/.m2/repository/com/github/almasb/fxgl/17.3/fxgl-17.3.jar!/fxglassets/textures/particles/trace_horizontal.png
19:47:36.068 [FXGL Background Thread 1 ] DEBUG GameApplicationServi - Application scenes initialized
19:47:36.076 [FXGL Background Thread 1 ] DEBUG SystemBundleService  - Loading FXGL system data
19:47:36.081 [FXGL Background Thread 1 ] DEBUG FileSystemAccess     - Reading from: C:\Users\Jose Alberto Morales\Documents\7to Cuatrimestre\Programacion concurrente\Restaurant\system\fxgl.bundle
19:47:36.090 [FXGL Background Thread 1 ] DEBUG SystemBundleService  - Bundle FXGL: {}
19:47:36.091 [FXGL Background Thread 1 ] DEBUG UpdaterService       - Checking for updates
19:47:36.094 [FXGL Background Thread 1 ] DEBUG FXGLApplication      - Loading default localization
19:47:36.095 [FXGL Background Thread 1 ] DEBUG FXGLAssetLoaderServi - Loading from file system: jar:file:///C:/Users/Jose%20Alberto%20Morales/.m2/repository/com/github/almasb/fxgl/17.3/fxgl-17.3.jar!/fxglassets/languages/english.lang
19:47:36.097 [FXGL Background Thread 4 ] DEBUG FXGLApplication      - Loading fonts
19:47:36.098 [FXGL Background Thread 4 ] DEBUG FXGLAssetLoaderServi - Loading from file system: jar:file:///C:/Users/Jose%20Alberto%20Morales/.m2/repository/com/github/almasb/fxgl/17.3/fxgl-17.3.jar!/fxglassets/ui/fonts/VarelaRound-Regular.ttf
19:47:36.113 [FXGL Background Thread 1 ] INFO  FXGLApplication      - FXGL initialization took: 0.391 sec
19:47:36.114 [JavaFX Application Thread] DEBUG FXGLAssetLoaderServi - Loading from file system: jar:file:///C:/Users/Jose%20Alberto%20Morales/.m2/repository/com/github/almasb/fxgl/17.3/fxgl-17.3.jar!/fxglassets/textures/fxgl_icon.png
19:47:36.131 [FXGL Background Thread 4 ] DEBUG FXGLAssetLoaderServi - Loading from file system: jar:file:///C:/Users/Jose%20Alberto%20Morales/.m2/repository/com/github/almasb/fxgl/17.3/fxgl-17.3.jar!/fxglassets/ui/fonts/Abel-Regular.ttf
19:47:36.135 [FXGL Background Thread 4 ] DEBUG FXGLAssetLoaderServi - Loading from file system: jar:file:///C:/Users/Jose%20Alberto%20Morales/.m2/repository/com/github/almasb/fxgl/17.3/fxgl-17.3.jar!/fxglassets/ui/fonts/TerminalLandMono-Regular.otf
19:47:36.136 [JavaFX Application Thread] DEBUG FXGLAssetLoaderServi - Loading from file system: jar:file:///C:/Users/Jose%20Alberto%20Morales/.m2/repository/com/github/almasb/fxgl/17.3/fxgl-17.3.jar!/fxglassets/textures/fxgl_default_cursor.png
19:47:36.140 [FXGL Background Thread 4 ] DEBUG FXGLAssetLoaderServi - Loading from file system: jar:file:///C:/Users/Jose%20Alberto%20Morales/.m2/repository/com/github/almasb/fxgl/17.3/fxgl-17.3.jar!/fxglassets/ui/fonts/Courier-Prime.ttf
19:47:36.148 [JavaFX Application Thread] DEBUG Input                - Registered new binding: Screenshot - CTRL+8
19:47:36.148 [JavaFX Application Thread] DEBUG Input                - Registered new binding: System info dump - CTRL+9
19:47:36.149 [JavaFX Application Thread] DEBUG Input                - Registered new binding: Restart - CTRL+R
19:47:36.149 [JavaFX Application Thread] DEBUG Input                - Registered new binding: Toggle Debug Camera - CTRL+7
19:47:36.151 [JavaFX Application Thread] DEBUG LoopRunner           - Starting loop
19:47:36.151 [JavaFX Application Thread] DEBUG LoopRunner           - Initializing JavaFX AnimationTimerLoop
19:47:36.154 [JavaFX Application Thread] DEBUG Input                - Clearing active input actions
19:47:36.163 [JavaFX Application Thread] DEBUG GameApplicationServi - Removing overlay from FXGLStartupScene and adding to FXGLMainMenuDummyScene
19:47:36.163 [JavaFX Application Thread] DEBUG PrimaryStageWindow   - FXGLStartupScene -> FXGLMainMenuDummyScene
19:47:36.163 [JavaFX Application Thread] DEBUG PrimaryStageWindow   - Push state: MainMenu
19:47:36.163 [JavaFX Application Thread] DEBUG Input                - Clearing active input actions
19:47:36.170 [JavaFX Application Thread] DEBUG GameApplicationServi - Removing overlay from FXGLMainMenuDummyScene and adding to MainMenu
19:47:36.171 [JavaFX Application Thread] DEBUG PrimaryStageWindow   - FXGLMainMenuDummyScene -> MainMenu
19:47:36.171 [JavaFX Application Thread] DEBUG FXGLApplication      - Registering font factories with UI factory
19:47:36.664 [FXGL Background Thread 2 ] INFO  UpdaterService       - Your current version:  17.3
19:47:36.664 [FXGL Background Thread 2 ] INFO  UpdaterService       - Latest stable version: 21.1
19:47:37.868 [JavaFX Application Thread] DEBUG Menu                 - fireNewGame()
19:47:37.868 [JavaFX Application Thread] DEBUG GameApplicationServi - Starting new game
19:47:37.868 [JavaFX Application Thread] DEBUG PrimaryStageWindow   - Pop state: MainMenu
19:47:37.868 [JavaFX Application Thread] DEBUG Input                - Clearing active input actions
19:47:37.869 [JavaFX Application Thread] DEBUG GameApplicationServi - Removing overlay from MainMenu and adding to FXGLMainMenuDummyScene
19:47:37.869 [JavaFX Application Thread] DEBUG PrimaryStageWindow   - FXGLMainMenuDummyScene <- MainMenu
19:47:37.869 [JavaFX Application Thread] DEBUG Input                - Clearing active input actions
19:47:37.874 [JavaFX Application Thread] DEBUG GameApplicationServi - Removing overlay from FXGLMainMenuDummyScene and adding to FXGLLoadingScene
19:47:37.874 [JavaFX Application Thread] DEBUG PrimaryStageWindow   - FXGLMainMenuDummyScene -> FXGLLoadingScene
19:47:37.874 [JavaFX Application Thread] DEBUG GameApplicationServi - Clearing previous game
19:47:37.874 [JavaFX Application Thread] DEBUG GameScene            - Clearing game scene
19:47:37.874 [JavaFX Application Thread] DEBUG GameWorld            - Clearing game world
19:47:37.874 [JavaFX Application Thread] DEBUG PhysicsWorld         - Clearing physics world
19:47:37.878 [FXGL Background Thread 2 ] DEBUG FXGLApplication      - Initializing game
19:47:37.892 [FXGL Background Thread 2 ] INFO  FXGLApplication      - Game initialization took: 0.015 sec
19:47:37.894 [JavaFX Application Thread] DEBUG Input                - Clearing active input actions
19:47:37.901 [JavaFX Application Thread] DEBUG GameApplicationServi - Removing overlay from FXGLLoadingScene and adding to GameScene
19:47:37.901 [JavaFX Application Thread] DEBUG PrimaryStageWindow   - FXGLLoadingScene -> GameScene
19:47:39.093 [FXGL Background Thread 3 ] DEBUG Engine               - Logging environment variables
19:47:39.093 [FXGL Background Thread 3 ] DEBUG Engine               - achievements: []
19:47:39.094 [FXGL Background Thread 3 ] DEBUG Engine               - actualHeight: 700.0
19:47:39.094 [FXGL Background Thread 3 ] DEBUG Engine               - actualHeightProperty: ReadOnlyDoubleProperty [value: 700.0]
19:47:39.094 [FXGL Background Thread 3 ] DEBUG Engine               - actualWidth: 1000.0
19:47:39.094 [FXGL Background Thread 3 ] DEBUG Engine               - actualWidthProperty: ReadOnlyDoubleProperty [value: 1000.0]
19:47:39.094 [FXGL Background Thread 3 ] DEBUG Engine               - appIcon: fxgl_icon.png
19:47:39.094 [FXGL Background Thread 3 ] DEBUG Engine               - applicationMode: DEVELOPER
19:47:39.094 [FXGL Background Thread 3 ] DEBUG Engine               - cSSList: [fxgl_dark.css]
19:47:39.094 [FXGL Background Thread 3 ] DEBUG Engine               - collisionDetectionStrategy: BRUTE_FORCE
19:47:39.094 [FXGL Background Thread 3 ] DEBUG Engine               - configClass: Optional.empty
19:47:39.095 [FXGL Background Thread 3 ] DEBUG Engine               - credits: []
19:47:39.095 [FXGL Background Thread 3 ] DEBUG Engine               - defaultCursor: CursorInfo(imageName=fxgl_default_cursor.png, hotspotX=7.0, hotspotY=6.0)
19:47:39.095 [FXGL Background Thread 3 ] DEBUG Engine               - devBBoxColorProperty: ObjectProperty [value: 0xff0000ff]
19:47:39.096 [FXGL Background Thread 3 ] DEBUG Engine               - devEnableDebugCameraProperty: BooleanProperty [value: false]
19:47:39.096 [FXGL Background Thread 3 ] DEBUG Engine               - devSensorColorProperty: ObjectProperty [value: 0xffff00ff]
19:47:39.096 [FXGL Background Thread 3 ] DEBUG Engine               - devShowBBoxProperty: BooleanProperty [value: false]
19:47:39.096 [FXGL Background Thread 3 ] DEBUG Engine               - devShowPositionProperty: BooleanProperty [value: false]
19:47:39.096 [FXGL Background Thread 3 ] DEBUG Engine               - enabledMenuItems: []
19:47:39.096 [FXGL Background Thread 3 ] DEBUG Engine               - engineServices: [class com.almasb.fxgl.app.services.FXGLAssetLoaderService, class com.almasb.fxgl.app.FXGLApplication$GameApplicationService, class com.almasb.fxgl.app.services.FXGLDialogService, class com.almasb.fxgl.app.services.IOTaskExecutorService, class com.almasb.fxgl.io.FileSystemService, class com.almasb.fxgl.localization.LocalizationService, class com.almasb.fxgl.app.services.SystemBundleService, class com.almasb.fxgl.profile.SaveLoadService, class com.almasb.fxgl.ui.FXGLUIFactoryServiceProvider, class com.almasb.fxgl.ui.FXGLDialogFactoryServiceProvider, class com.almasb.fxgl.audio.AudioPlayer, class com.almasb.fxgl.notification.impl.NotificationServiceProvider, class com.almasb.fxgl.achievement.AchievementService, class com.almasb.fxgl.cutscene.CutsceneService, class com.almasb.fxgl.minigames.MiniGameService, class com.almasb.fxgl.net.NetService, class com.almasb.fxgl.app.services.UpdaterService, class com.almasb.fxgl.dev.DevService]
19:47:39.096 [FXGL Background Thread 3 ] DEBUG Engine               - fontGame: Abel-Regular.ttf
19:47:39.096 [FXGL Background Thread 3 ] DEBUG Engine               - fontMono: TerminalLandMono-Regular.otf
19:47:39.096 [FXGL Background Thread 3 ] DEBUG Engine               - fontSizeScaleUI: 1.0
19:47:39.097 [FXGL Background Thread 3 ] DEBUG Engine               - fontText: Courier-Prime.ttf
19:47:39.097 [FXGL Background Thread 3 ] DEBUG Engine               - fontUI: VarelaRound-Regular.ttf
19:47:39.097 [FXGL Background Thread 3 ] DEBUG Engine               - fullScreen: BooleanProperty [value: false]
19:47:39.097 [FXGL Background Thread 3 ] DEBUG Engine               - gameDifficulty: MEDIUM
19:47:39.097 [FXGL Background Thread 3 ] DEBUG Engine               - gameDifficultyProperty: ObjectProperty [value: MEDIUM]
19:47:39.097 [FXGL Background Thread 3 ] DEBUG Engine               - globalMusicVolume: 0.5
19:47:39.097 [FXGL Background Thread 3 ] DEBUG Engine               - globalMusicVolumeProperty: DoubleProperty [value: 0.5]
19:47:39.097 [FXGL Background Thread 3 ] DEBUG Engine               - globalSoundVolume: 0.5
19:47:39.097 [FXGL Background Thread 3 ] DEBUG Engine               - globalSoundVolumeProperty: DoubleProperty [value: 0.5]
19:47:39.098 [FXGL Background Thread 3 ] DEBUG Engine               - height: 700
19:47:39.098 [FXGL Background Thread 3 ] DEBUG Engine               - is3D: false
19:47:39.098 [FXGL Background Thread 3 ] DEBUG Engine               - isAndroid: false
19:47:39.098 [FXGL Background Thread 3 ] DEBUG Engine               - isBrowser: false
19:47:39.098 [FXGL Background Thread 3 ] DEBUG Engine               - isClickFeedbackEnabled: false
19:47:39.098 [FXGL Background Thread 3 ] DEBUG Engine               - isCloseConfirmation: false
19:47:39.098 [FXGL Background Thread 3 ] DEBUG Engine               - isDesktop: true
19:47:39.098 [FXGL Background Thread 3 ] DEBUG Engine               - isDeveloperMenuEnabled: false
19:47:39.098 [FXGL Background Thread 3 ] DEBUG Engine               - isEmbedded: false
19:47:39.098 [FXGL Background Thread 3 ] DEBUG Engine               - isEntityPreloadEnabled: true
19:47:39.098 [FXGL Background Thread 3 ] DEBUG Engine               - isExperimentalTiledLargeMap: false
19:47:39.098 [FXGL Background Thread 3 ] DEBUG Engine               - isFileSystemWriteAllowed: true
19:47:39.098 [FXGL Background Thread 3 ] DEBUG Engine               - isFullScreenAllowed: false
19:47:39.098 [FXGL Background Thread 3 ] DEBUG Engine               - isFullScreenFromStart: false
19:47:39.098 [FXGL Background Thread 3 ] DEBUG Engine               - isGameMenuEnabled: true
19:47:39.099 [FXGL Background Thread 3 ] DEBUG Engine               - isIOS: false
19:47:39.099 [FXGL Background Thread 3 ] DEBUG Engine               - isIntroEnabled: false
19:47:39.099 [FXGL Background Thread 3 ] DEBUG Engine               - isLinux: false
19:47:39.099 [FXGL Background Thread 3 ] DEBUG Engine               - isMac: false
19:47:39.099 [FXGL Background Thread 3 ] DEBUG Engine               - isMainMenuEnabled: true
19:47:39.099 [FXGL Background Thread 3 ] DEBUG Engine               - isManualResizeEnabled: false
19:47:39.100 [FXGL Background Thread 3 ] DEBUG Engine               - isMobile: false
19:47:39.100 [FXGL Background Thread 3 ] DEBUG Engine               - isNative: false
19:47:39.100 [FXGL Background Thread 3 ] DEBUG Engine               - isPauseMusicWhenMinimized: true
19:47:39.100 [FXGL Background Thread 3 ] DEBUG Engine               - isPreserveResizeRatio: false
19:47:39.100 [FXGL Background Thread 3 ] DEBUG Engine               - isProfilingEnabled: false
19:47:39.100 [FXGL Background Thread 3 ] DEBUG Engine               - isScaleAffectedOnResize: true
19:47:39.100 [FXGL Background Thread 3 ] DEBUG Engine               - isSingleStep: false
19:47:39.100 [FXGL Background Thread 3 ] DEBUG Engine               - isUserProfileEnabled: false
19:47:39.100 [FXGL Background Thread 3 ] DEBUG Engine               - isWindows: true
19:47:39.100 [FXGL Background Thread 3 ] DEBUG Engine               - language: ObjectProperty [value: ENGLISH]
19:47:39.100 [FXGL Background Thread 3 ] DEBUG Engine               - menuKey: ESCAPE
19:47:39.100 [FXGL Background Thread 3 ] DEBUG Engine               - mouseSensitivity: 0.2
19:47:39.100 [FXGL Background Thread 3 ] DEBUG Engine               - notificationViewClass: class com.almasb.fxgl.notification.view.XboxNotificationView
19:47:39.101 [FXGL Background Thread 3 ] DEBUG Engine               - pixelsPerMeter: 50.0
19:47:39.101 [FXGL Background Thread 3 ] DEBUG Engine               - platform: WINDOWS
19:47:39.101 [FXGL Background Thread 3 ] DEBUG Engine               - prefHeightProperty: ReadOnlyDoubleProperty [value: 700.0]
19:47:39.101 [FXGL Background Thread 3 ] DEBUG Engine               - prefWidthProperty: ReadOnlyDoubleProperty [value: 1000.0]
19:47:39.101 [FXGL Background Thread 3 ] DEBUG Engine               - profileDir: profiles/
19:47:39.101 [FXGL Background Thread 3 ] DEBUG Engine               - profileName: StringProperty [value: DEFAULT]
19:47:39.101 [FXGL Background Thread 3 ] DEBUG Engine               - randomSeed: -1
19:47:39.101 [FXGL Background Thread 3 ] DEBUG Engine               - runtimeInfo: RuntimeInfo(platform=WINDOWS, version=17.3, build=30.03.2023 11.49)
19:47:39.101 [FXGL Background Thread 3 ] DEBUG Engine               - saveFileExt: sav
19:47:39.101 [FXGL Background Thread 3 ] DEBUG Engine               - scaledHeightProp$fxgl: DoubleProperty [bound, value: 700.0]
19:47:39.101 [FXGL Background Thread 3 ] DEBUG Engine               - scaledWidthProp$fxgl: DoubleProperty [bound, value: 1000.0]
19:47:39.101 [FXGL Background Thread 3 ] DEBUG Engine               - sceneFactory: com.Simulador.Restaurante.RestaurantSimulator$1@762145e0
19:47:39.101 [FXGL Background Thread 3 ] DEBUG Engine               - secondsIn24h: 60
19:47:39.101 [FXGL Background Thread 3 ] DEBUG Engine               - soundMenuBack: menu/back.wav
19:47:39.101 [FXGL Background Thread 3 ] DEBUG Engine               - soundMenuPress: menu/press.wav
19:47:39.101 [FXGL Background Thread 3 ] DEBUG Engine               - soundMenuSelect: menu/select.wav
19:47:39.102 [FXGL Background Thread 3 ] DEBUG Engine               - soundNotification: core/notification.wav
19:47:39.102 [FXGL Background Thread 3 ] DEBUG Engine               - stageStyle: DECORATED
19:47:39.102 [FXGL Background Thread 3 ] DEBUG Engine               - supportedLanguages: [ENGLISH, FRENCH, GERMAN, HUNGARIAN, RUSSIAN]
19:47:39.102 [FXGL Background Thread 3 ] DEBUG Engine               - ticksPerSecond: -1
19:47:39.102 [FXGL Background Thread 3 ] DEBUG Engine               - title: Simulador Restaurante
19:47:39.102 [FXGL Background Thread 3 ] DEBUG Engine               - urlGithub: https://github.com/AlmasB/FXGL
19:47:39.102 [FXGL Background Thread 3 ] DEBUG Engine               - urlLeaderboard: http://fxgl-top.herokuapp.com/
19:47:39.102 [FXGL Background Thread 3 ] DEBUG Engine               - urlPOM: https://raw.githubusercontent.com/AlmasB/FXGL/release/README.md
19:47:39.102 [FXGL Background Thread 3 ] DEBUG Engine               - userAppClass: class com.Simulador.Restaurante.RestaurantSimulator
19:47:39.102 [FXGL Background Thread 3 ] DEBUG Engine               - version: 0.1
19:47:39.102 [FXGL Background Thread 3 ] DEBUG Engine               - versionCheckDays: 7
19:47:39.102 [FXGL Background Thread 3 ] DEBUG Engine               - width: 1000
19:47:39.102 [FXGL Background Thread 3 ] DEBUG Engine               - Logging services
19:47:39.102 [FXGL Background Thread 3 ] DEBUG Engine               - class com.almasb.fxgl.app.services.FXGLAssetLoaderService
19:47:39.102 [FXGL Background Thread 3 ] DEBUG Engine               - class com.almasb.fxgl.app.FXGLApplication$GameApplicationService
19:47:39.102 [FXGL Background Thread 3 ] DEBUG Engine               - class com.almasb.fxgl.app.services.FXGLDialogService
19:47:39.102 [FXGL Background Thread 3 ] DEBUG Engine               - class com.almasb.fxgl.app.services.IOTaskExecutorService
19:47:39.102 [FXGL Background Thread 3 ] DEBUG Engine               - class com.almasb.fxgl.io.FileSystemService
19:47:39.102 [FXGL Background Thread 3 ] DEBUG Engine               - class com.almasb.fxgl.localization.LocalizationService
19:47:39.102 [FXGL Background Thread 3 ] DEBUG Engine               - class com.almasb.fxgl.app.services.SystemBundleService
19:47:39.102 [FXGL Background Thread 3 ] DEBUG Engine               - class com.almasb.fxgl.profile.SaveLoadService
19:47:39.102 [FXGL Background Thread 3 ] DEBUG Engine               - class com.almasb.fxgl.ui.FXGLUIFactoryServiceProvider
19:47:39.102 [FXGL Background Thread 3 ] DEBUG Engine               - class com.almasb.fxgl.ui.FXGLDialogFactoryServiceProvider
19:47:39.103 [FXGL Background Thread 3 ] DEBUG Engine               - class com.almasb.fxgl.audio.AudioPlayer
19:47:39.103 [FXGL Background Thread 3 ] DEBUG Engine               - class com.almasb.fxgl.notification.impl.NotificationServiceProvider
19:47:39.103 [FXGL Background Thread 3 ] DEBUG Engine               - class com.almasb.fxgl.achievement.AchievementService
19:47:39.103 [FXGL Background Thread 3 ] DEBUG Engine               - class com.almasb.fxgl.cutscene.CutsceneService
19:47:39.103 [FXGL Background Thread 3 ] DEBUG Engine               - class com.almasb.fxgl.minigames.MiniGameService
19:47:39.103 [FXGL Background Thread 3 ] DEBUG Engine               - class com.almasb.fxgl.net.NetService
19:47:39.103 [FXGL Background Thread 3 ] DEBUG Engine               - class com.almasb.fxgl.app.services.UpdaterService
19:47:39.103 [FXGL Background Thread 3 ] DEBUG Engine               - class com.almasb.fxgl.dev.DevService
21:02:48.734 [JavaFX Application Thread] DEBUG FXGLApplication      - Exiting FXGL
21:02:48.736 [JavaFX Application Thread] DEBUG LoopRunner           - Stopping loop
21:02:48.736 [JavaFX Application Thread] DEBUG SystemBundleService  - Saving FXGL system data
21:02:48.740 [JavaFX Application Thread] DEBUG FileSystemAccess     - Writing to: C:\Users\Jose Alberto Morales\Documents\7to Cuatrimestre\Programacion concurrente\Restaurant\system\fxgl.bundle
21:02:48.744 [JavaFX Application Thread] DEBUG Async                - Shutting down background threads
21:02:48.744 [JavaFX Application Thread] DEBUG PrimaryStageWindow   - Closing main window
21:02:48.763 [JavaFX Application Thread] DEBUG Logger               - Closing Logger
