08:37:40.928 [main                     ] DEBUG Logger               - Configured Logger
08:37:40.953 [main                     ] DEBUG GameApplication      - Logging settings
Title: Simulador de Restaurante
Version: 1.0
Width: 1000
Height: 600
Fullscreen: false
Intro: false
Profiling: false
Single step:false
App Mode: DEVELOPER
Menu Key: ESCAPE
Stage Style: DECORATED
Scene Factory: class com.almasb.fxgl.app.scene.SceneFactory

08:37:41.289 [JavaFX Application Thread] DEBUG FXGLApplication      - Initializing FXGL
08:37:41.293 [JavaFX Application Thread] INFO  Engine               - FXGL-17.3 (30.03.2023 11.49) on WINDOWS (J:21.0.5 FX:21)
08:37:41.293 [JavaFX Application Thread] DEBUG Engine               - JRE Vendor Name: Oracle Corporation
08:37:41.294 [JavaFX Application Thread] DEBUG Engine               - Running on OS: Windows 11 version 10.0
08:37:41.294 [JavaFX Application Thread] DEBUG Engine               - Architecture: amd64
08:37:41.294 [JavaFX Application Thread] INFO  Engine               - Source code and latest versions at: https://github.com/AlmasB/FXGL
08:37:41.294 [JavaFX Application Thread] INFO  Engine               -       Ask questions and discuss at: https://github.com/AlmasB/FXGL/discussions
08:37:41.294 [JavaFX Application Thread] INFO  Engine               -              Join the FXGL chat at: https://gitter.im/AlmasB/FXGL
08:37:41.367 [JavaFX Application Thread] DEBUG PrimaryStageWindow   - Creating a JavaFX scene
08:37:41.408 [JavaFX Application Thread] DEBUG PrimaryStageWindow   - Target settings size: 1000.0 x 600.0
08:37:41.409 [JavaFX Application Thread] DEBUG PrimaryStageWindow   - Scaled scene size:    1000.0 x 600.0
08:37:41.409 [JavaFX Application Thread] DEBUG PrimaryStageWindow   - Scaled ratio: (1.0, 1.0)
08:37:41.410 [JavaFX Application Thread] DEBUG PrimaryStageWindow   - Set initial scene to FXGLStartupScene
08:37:41.412 [JavaFX Application Thread] DEBUG PrimaryStageWindow   - Opening main window
08:37:41.482 [JavaFX Application Thread] DEBUG PrimaryStageWindow   - Window border size: (14.4000244140625, 37.5999755859375)
08:37:41.482 [JavaFX Application Thread] DEBUG PrimaryStageWindow   - Scaled size: 1000.0 x 600.0
08:37:41.483 [JavaFX Application Thread] DEBUG PrimaryStageWindow   - Scaled ratio: (1.0, 1.0)
08:37:41.483 [JavaFX Application Thread] DEBUG PrimaryStageWindow   - Scene size: 1000.0 x 600.0
08:37:41.483 [JavaFX Application Thread] DEBUG PrimaryStageWindow   - Stage size: 1014.4000244140625 x 637.5999755859375
08:37:41.490 [FXGL Background Thread 1 ] DEBUG Engine               - Initializing environment variables
08:37:41.543 [FXGL Background Thread 1 ] DEBUG FXGLAssetLoaderServi - User app class for loading assets: class com.Simulador.Restaurante.RestaurantSimulator
08:37:41.543 [FXGL Background Thread 1 ] DEBUG GameApplicationServi - Applying CSS: fxgl_dark.css
08:37:41.544 [FXGL Background Thread 1 ] DEBUG FXGLAssetLoaderServi - Loading from file system: jar:file:///C:/Users/Jose%20Alberto%20Morales/.m2/repository/com/github/almasb/fxgl/17.3/fxgl-17.3.jar!/fxglassets/ui/css/fxgl_dark.css
08:37:41.589 [FXGL Background Thread 1 ] DEBUG GameApplicationServi - Initializing application scenes
08:37:41.619 [FXGL Background Thread 1 ] DEBUG GameWorld            - Game world initialized
08:37:41.679 [FXGL Background Thread 1 ] DEBUG PhysicsWorld         - Physics world initialized: appHeight=600, physics.ppm=50.0
08:37:41.679 [FXGL Background Thread 1 ] DEBUG PhysicsWorld         - Using strategy: BRUTE_FORCE
08:37:41.683 [FXGL Background Thread 1 ] DEBUG GameScene            - Game scene initialized: 1000x600
08:37:41.696 [FXGL Background Thread 1 ] DEBUG FXGL.DefaultMenu     - createMenuBodyGameMenu()
08:37:41.707 [FXGL Background Thread 1 ] DEBUG FXGL.DefaultMenu     - createOptionsMenu()
08:37:41.715 [FXGL Background Thread 1 ] DEBUG FXGLAssetLoaderServi - Loading from file system: jar:file:///C:/Users/Jose%20Alberto%20Morales/.m2/repository/com/github/almasb/fxgl/17.3/fxgl-17.3.jar!/fxglassets/textures/particles/smoke.png
08:37:41.787 [FXGL Background Thread 1 ] DEBUG FXGLAssetLoaderServi - Loading from file system: jar:file:///C:/Users/Jose%20Alberto%20Morales/.m2/repository/com/github/almasb/fxgl/17.3/fxgl-17.3.jar!/fxglassets/textures/particles/trace_horizontal.png
08:37:41.823 [FXGL Background Thread 1 ] DEBUG GameApplicationServi - Application scenes initialized
08:37:41.833 [FXGL Background Thread 1 ] DEBUG SystemBundleService  - Loading FXGL system data
08:37:41.837 [FXGL Background Thread 1 ] DEBUG FileSystemAccess     - Reading from: C:\Users\Jose Alberto Morales\Documents\7to Cuatrimestre\Programacion concurrente\Restaurant\system\fxgl.bundle
08:37:41.845 [FXGL Background Thread 1 ] DEBUG SystemBundleService  - Bundle FXGL: {}
08:37:41.845 [FXGL Background Thread 1 ] DEBUG UpdaterService       - Checking for updates
08:37:41.848 [FXGL Background Thread 4 ] DEBUG FXGLApplication      - Loading fonts
08:37:41.849 [FXGL Background Thread 4 ] DEBUG FXGLAssetLoaderServi - Loading from file system: jar:file:///C:/Users/Jose%20Alberto%20Morales/.m2/repository/com/github/almasb/fxgl/17.3/fxgl-17.3.jar!/fxglassets/ui/fonts/VarelaRound-Regular.ttf
08:37:41.849 [FXGL Background Thread 1 ] DEBUG FXGLApplication      - Loading default localization
08:37:41.849 [FXGL Background Thread 1 ] DEBUG FXGLAssetLoaderServi - Loading from file system: jar:file:///C:/Users/Jose%20Alberto%20Morales/.m2/repository/com/github/almasb/fxgl/17.3/fxgl-17.3.jar!/fxglassets/languages/english.lang
08:37:41.867 [FXGL Background Thread 1 ] INFO  FXGLApplication      - FXGL initialization took: 0.376 sec
08:37:41.868 [JavaFX Application Thread] DEBUG FXGLAssetLoaderServi - Loading from file system: jar:file:///C:/Users/Jose%20Alberto%20Morales/.m2/repository/com/github/almasb/fxgl/17.3/fxgl-17.3.jar!/fxglassets/textures/fxgl_icon.png
08:37:41.877 [FXGL Background Thread 4 ] DEBUG FXGLAssetLoaderServi - Loading from file system: jar:file:///C:/Users/Jose%20Alberto%20Morales/.m2/repository/com/github/almasb/fxgl/17.3/fxgl-17.3.jar!/fxglassets/ui/fonts/Abel-Regular.ttf
08:37:41.881 [FXGL Background Thread 4 ] DEBUG FXGLAssetLoaderServi - Loading from file system: jar:file:///C:/Users/Jose%20Alberto%20Morales/.m2/repository/com/github/almasb/fxgl/17.3/fxgl-17.3.jar!/fxglassets/ui/fonts/TerminalLandMono-Regular.otf
08:37:41.885 [FXGL Background Thread 4 ] DEBUG FXGLAssetLoaderServi - Loading from file system: jar:file:///C:/Users/Jose%20Alberto%20Morales/.m2/repository/com/github/almasb/fxgl/17.3/fxgl-17.3.jar!/fxglassets/ui/fonts/Courier-Prime.ttf
08:37:41.894 [JavaFX Application Thread] DEBUG FXGLAssetLoaderServi - Loading from file system: jar:file:///C:/Users/Jose%20Alberto%20Morales/.m2/repository/com/github/almasb/fxgl/17.3/fxgl-17.3.jar!/fxglassets/textures/fxgl_default_cursor.png
08:37:41.904 [JavaFX Application Thread] DEBUG Input                - Registered new binding: Screenshot - CTRL+8
08:37:41.904 [JavaFX Application Thread] DEBUG Input                - Registered new binding: System info dump - CTRL+9
08:37:41.905 [JavaFX Application Thread] DEBUG Input                - Registered new binding: Restart - CTRL+R
08:37:41.906 [JavaFX Application Thread] DEBUG Input                - Registered new binding: Toggle Debug Camera - CTRL+7
08:37:41.908 [JavaFX Application Thread] DEBUG LoopRunner           - Starting loop
08:37:41.908 [JavaFX Application Thread] DEBUG LoopRunner           - Initializing JavaFX AnimationTimerLoop
08:37:41.909 [JavaFX Application Thread] DEBUG GameApplicationServi - Starting new game
08:37:41.909 [JavaFX Application Thread] DEBUG Input                - Clearing active input actions
08:37:41.921 [JavaFX Application Thread] DEBUG GameApplicationServi - Removing overlay from FXGLStartupScene and adding to FXGLLoadingScene
08:37:41.922 [JavaFX Application Thread] DEBUG PrimaryStageWindow   - FXGLStartupScene -> FXGLLoadingScene
08:37:41.922 [JavaFX Application Thread] DEBUG GameApplicationServi - Clearing previous game
08:37:41.922 [JavaFX Application Thread] DEBUG GameScene            - Clearing game scene
08:37:41.922 [JavaFX Application Thread] DEBUG GameWorld            - Clearing game world
08:37:41.922 [JavaFX Application Thread] DEBUG PhysicsWorld         - Clearing physics world
08:37:41.923 [FXGL Background Thread 4 ] DEBUG FXGLApplication      - Initializing game
08:37:41.999 [FXGL Background Thread 4 ] INFO  FXGLApplication      - Game initialization took: 0.076 sec
08:37:42.044 [JavaFX Application Thread] DEBUG Input                - Clearing active input actions
08:37:42.054 [JavaFX Application Thread] DEBUG GameApplicationServi - Removing overlay from FXGLLoadingScene and adding to GameScene
08:37:42.054 [JavaFX Application Thread] DEBUG PrimaryStageWindow   - FXGLLoadingScene -> GameScene
08:37:42.559 [FXGL Background Thread 2 ] INFO  UpdaterService       - Your current version:  17.3
08:37:42.559 [FXGL Background Thread 2 ] INFO  UpdaterService       - Latest stable version: 21.1
08:37:44.002 [JavaFX Application Thread] DEBUG LoopRunner           - Stopping loop
08:37:44.005 [JavaFX Application Thread] FATAL FXGLApplication      - Uncaught Exception:
java.lang.NullPointerException: Cannot read the array length because "this.runs" is null
	at javafx.graphics@21/com.sun.javafx.text.PrismTextLayout.addTextRun(PrismTextLayout.java:804)
	at javafx.graphics@21/com.sun.javafx.text.GlyphLayout.addTextRun(GlyphLayout.java:142)
	at javafx.graphics@21/com.sun.javafx.text.GlyphLayout.breakRuns(GlyphLayout.java:342)
	at javafx.graphics@21/com.sun.javafx.text.PrismTextLayout.buildRuns(PrismTextLayout.java:819)
	at javafx.graphics@21/com.sun.javafx.text.PrismTextLayout.layout(PrismTextLayout.java:1070)
	at javafx.graphics@21/com.sun.javafx.text.PrismTextLayout.ensureLayout(PrismTextLayout.java:230)
	at javafx.graphics@21/com.sun.javafx.text.PrismTextLayout.getBounds(PrismTextLayout.java:256)
	at javafx.graphics@21/javafx.scene.text.Text.getLogicalBounds(Text.java:432)
	at javafx.graphics@21/javafx.scene.text.Text.doComputeGeomBounds(Text.java:1186)
	at javafx.graphics@21/javafx.scene.text.Text$1.doComputeGeomBounds(Text.java:149)
	at javafx.graphics@21/com.sun.javafx.scene.shape.TextHelper.computeGeomBoundsImpl(TextHelper.java:90)
	at javafx.graphics@21/com.sun.javafx.scene.NodeHelper.computeGeomBounds(NodeHelper.java:117)
	at javafx.graphics@21/javafx.scene.Node.updateGeomBounds(Node.java:3812)
	at javafx.graphics@21/javafx.scene.Node.getGeomBounds(Node.java:3774)
	at javafx.graphics@21/javafx.scene.Node.getLocalBounds(Node.java:3722)
	at javafx.graphics@21/javafx.scene.Node.updateTxBounds(Node.java:3876)
	at javafx.graphics@21/javafx.scene.Node.getTransformedBounds(Node.java:3668)
	at javafx.graphics@21/javafx.scene.Parent.getChildTransformedBounds(Parent.java:1849)
	at javafx.graphics@21/javafx.scene.Parent.updateCachedBounds(Parent.java:1710)
	at javafx.graphics@21/javafx.scene.Parent.recomputeBounds(Parent.java:1649)
	at javafx.graphics@21/javafx.scene.Parent.doComputeGeomBounds(Parent.java:1502)
	at javafx.graphics@21/javafx.scene.Parent$1.doComputeGeomBounds(Parent.java:115)
	at javafx.graphics@21/com.sun.javafx.scene.ParentHelper.computeGeomBoundsImpl(ParentHelper.java:84)
	at javafx.graphics@21/com.sun.javafx.scene.layout.RegionHelper.superComputeGeomBoundsImpl(RegionHelper.java:78)
	at javafx.graphics@21/com.sun.javafx.scene.layout.RegionHelper.superComputeGeomBounds(RegionHelper.java:62)
	at javafx.graphics@21/javafx.scene.layout.Region.doComputeGeomBounds(Region.java:3301)
	at javafx.graphics@21/javafx.scene.layout.Region$1.doComputeGeomBounds(Region.java:166)
	at javafx.graphics@21/com.sun.javafx.scene.layout.RegionHelper.computeGeomBoundsImpl(RegionHelper.java:89)
	at javafx.graphics@21/com.sun.javafx.scene.NodeHelper.computeGeomBounds(NodeHelper.java:117)
	at javafx.graphics@21/javafx.scene.Node.updateGeomBounds(Node.java:3812)
	at javafx.graphics@21/javafx.scene.Node.getGeomBounds(Node.java:3774)
	at javafx.graphics@21/javafx.scene.Node.getLocalBounds(Node.java:3722)
	at javafx.graphics@21/javafx.scene.Node.updateTxBounds(Node.java:3876)
	at javafx.graphics@21/javafx.scene.Node.getTransformedBounds(Node.java:3668)
	at javafx.graphics@21/javafx.scene.Parent.getChildTransformedBounds(Parent.java:1849)
	at javafx.graphics@21/javafx.scene.Parent.updateCachedBounds(Parent.java:1710)
	at javafx.graphics@21/javafx.scene.Parent.recomputeBounds(Parent.java:1649)
	at javafx.graphics@21/javafx.scene.Parent.doComputeGeomBounds(Parent.java:1502)
	at javafx.graphics@21/javafx.scene.Parent$1.doComputeGeomBounds(Parent.java:115)
	at javafx.graphics@21/com.sun.javafx.scene.ParentHelper.computeGeomBoundsImpl(ParentHelper.java:84)
	at javafx.graphics@21/com.sun.javafx.scene.NodeHelper.computeGeomBounds(NodeHelper.java:117)
	at javafx.graphics@21/javafx.scene.Node.updateGeomBounds(Node.java:3812)
	at javafx.graphics@21/javafx.scene.Node.getGeomBounds(Node.java:3774)
	at javafx.graphics@21/javafx.scene.Node.getLocalBounds(Node.java:3722)
	at javafx.graphics@21/javafx.scene.Node.updateTxBounds(Node.java:3876)
	at javafx.graphics@21/javafx.scene.Node.getTransformedBounds(Node.java:3668)
	at javafx.graphics@21/javafx.scene.Parent.getChildTransformedBounds(Parent.java:1849)
	at javafx.graphics@21/javafx.scene.Parent.updateCachedBounds(Parent.java:1710)
	at javafx.graphics@21/javafx.scene.Parent.recomputeBounds(Parent.java:1649)
	at javafx.graphics@21/javafx.scene.Parent.doComputeGeomBounds(Parent.java:1502)
	at javafx.graphics@21/javafx.scene.Parent$1.doComputeGeomBounds(Parent.java:115)
	at javafx.graphics@21/com.sun.javafx.scene.ParentHelper.computeGeomBoundsImpl(ParentHelper.java:84)
	at javafx.graphics@21/com.sun.javafx.scene.layout.RegionHelper.superComputeGeomBoundsImpl(RegionHelper.java:78)
	at javafx.graphics@21/com.sun.javafx.scene.layout.RegionHelper.superComputeGeomBounds(RegionHelper.java:62)
	at javafx.graphics@21/javafx.scene.layout.Region.doComputeGeomBounds(Region.java:3301)
	at javafx.graphics@21/javafx.scene.layout.Region$1.doComputeGeomBounds(Region.java:166)
	at javafx.graphics@21/com.sun.javafx.scene.layout.RegionHelper.computeGeomBoundsImpl(RegionHelper.java:89)
	at javafx.graphics@21/com.sun.javafx.scene.NodeHelper.computeGeomBounds(NodeHelper.java:117)
	at javafx.graphics@21/javafx.scene.Node.updateGeomBounds(Node.java:3812)
	at javafx.graphics@21/javafx.scene.Node.getGeomBounds(Node.java:3774)
	at javafx.graphics@21/javafx.scene.Node.getLocalBounds(Node.java:3722)
	at javafx.graphics@21/javafx.scene.Node.intersectsBounds(Node.java:5257)
	at javafx.graphics@21/javafx.scene.Node.intersects(Node.java:5190)
	at javafx.graphics@21/javafx.scene.Node$1.intersects(Node.java:553)
	at javafx.graphics@21/com.sun.javafx.scene.NodeHelper.intersects(NodeHelper.java:260)
	at javafx.graphics@21/javafx.scene.layout.Region.doPickNodeLocal(Region.java:3173)
	at javafx.graphics@21/javafx.scene.layout.Region$1.doPickNodeLocal(Region.java:182)
	at javafx.graphics@21/com.sun.javafx.scene.layout.RegionHelper.pickNodeLocalImpl(RegionHelper.java:104)
	at javafx.graphics@21/com.sun.javafx.scene.NodeHelper.pickNodeLocal(NodeHelper.java:130)
	at javafx.graphics@21/javafx.scene.Node.pickNode(Node.java:5167)
	at javafx.graphics@21/javafx.scene.Parent.pickChildrenNode(Parent.java:807)
	at javafx.graphics@21/javafx.scene.Parent$1.pickChildrenNode(Parent.java:136)
	at javafx.graphics@21/com.sun.javafx.scene.ParentHelper.pickChildrenNode(ParentHelper.java:113)
	at javafx.graphics@21/javafx.scene.layout.Region.doPickNodeLocal(Region.java:3172)
	at javafx.graphics@21/javafx.scene.layout.Region$1.doPickNodeLocal(Region.java:182)
	at javafx.graphics@21/com.sun.javafx.scene.layout.RegionHelper.pickNodeLocalImpl(RegionHelper.java:104)
	at javafx.graphics@21/com.sun.javafx.scene.NodeHelper.pickNodeLocal(NodeHelper.java:130)
	at javafx.graphics@21/javafx.scene.Node.pickNode(Node.java:5167)
	at javafx.graphics@21/javafx.scene.Scene$MouseHandler.pickNode(Scene.java:4127)
	at javafx.graphics@21/javafx.scene.Scene.pick(Scene.java:2070)
	at javafx.graphics@21/javafx.scene.Scene$MouseHandler.process(Scene.java:3937)
	at javafx.graphics@21/javafx.scene.Scene.processMouseEvent(Scene.java:1890)
	at javafx.graphics@21/javafx.scene.Scene$ScenePeerListener.mouseEvent(Scene.java:2708)
	at javafx.graphics@21/com.sun.javafx.tk.quantum.GlassViewEventHandler$MouseEventNotification.run(GlassViewEventHandler.java:411)
	at javafx.graphics@21/com.sun.javafx.tk.quantum.GlassViewEventHandler$MouseEventNotification.run(GlassViewEventHandler.java:301)
	at java.base/java.security.AccessController.doPrivileged(AccessController.java:400)
	at javafx.graphics@21/com.sun.javafx.tk.quantum.GlassViewEventHandler.lambda$handleMouseEvent$2(GlassViewEventHandler.java:450)
	at javafx.graphics@21/com.sun.javafx.tk.quantum.QuantumToolkit.runWithoutRenderLock(QuantumToolkit.java:424)
	at javafx.graphics@21/com.sun.javafx.tk.quantum.GlassViewEventHandler.handleMouseEvent(GlassViewEventHandler.java:449)
	at javafx.graphics@21/com.sun.glass.ui.View.handleMouseEvent(View.java:551)
	at javafx.graphics@21/com.sun.glass.ui.View.notifyMouse(View.java:937)
	at javafx.graphics@21/com.sun.glass.ui.win.WinApplication._runLoop(Native Method)
	at javafx.graphics@21/com.sun.glass.ui.win.WinApplication.lambda$runLoop$3(WinApplication.java:185)
	at java.base/java.lang.Thread.run(Thread.java:1583)

08:37:44.005 [JavaFX Application Thread] FATAL FXGLApplication      - Application will now exit
08:37:44.020 [JavaFX Application Thread] DEBUG PrimaryStageWindow   - Push state: ErrorSubScene
08:37:44.020 [JavaFX Application Thread] DEBUG Input                - Clearing active input actions
08:37:44.027 [JavaFX Application Thread] DEBUG GameApplicationServi - Removing overlay from GameScene and adding to ErrorSubScene
08:37:44.027 [JavaFX Application Thread] DEBUG PrimaryStageWindow   - GameScene -> ErrorSubScene
08:37:44.848 [FXGL Background Thread 3 ] DEBUG Engine               - Logging environment variables
08:37:44.848 [FXGL Background Thread 3 ] DEBUG Engine               - achievements: []
08:37:44.848 [FXGL Background Thread 3 ] DEBUG Engine               - actualHeight: 600.0
08:37:44.848 [FXGL Background Thread 3 ] DEBUG Engine               - actualHeightProperty: ReadOnlyDoubleProperty [value: 600.0]
08:37:44.848 [FXGL Background Thread 3 ] DEBUG Engine               - actualWidth: 1000.0
08:37:44.848 [FXGL Background Thread 3 ] DEBUG Engine               - actualWidthProperty: ReadOnlyDoubleProperty [value: 1000.0]
08:37:44.849 [FXGL Background Thread 3 ] DEBUG Engine               - appIcon: fxgl_icon.png
08:37:44.849 [FXGL Background Thread 3 ] DEBUG Engine               - applicationMode: DEVELOPER
08:37:44.849 [FXGL Background Thread 3 ] DEBUG Engine               - cSSList: [fxgl_dark.css]
08:37:44.849 [FXGL Background Thread 3 ] DEBUG Engine               - collisionDetectionStrategy: BRUTE_FORCE
08:37:44.849 [FXGL Background Thread 3 ] DEBUG Engine               - configClass: Optional.empty
08:37:44.849 [FXGL Background Thread 3 ] DEBUG Engine               - credits: []
08:37:44.849 [FXGL Background Thread 3 ] DEBUG Engine               - defaultCursor: CursorInfo(imageName=fxgl_default_cursor.png, hotspotX=7.0, hotspotY=6.0)
08:37:44.849 [FXGL Background Thread 3 ] DEBUG Engine               - devBBoxColorProperty: ObjectProperty [value: 0xff0000ff]
08:37:44.849 [FXGL Background Thread 3 ] DEBUG Engine               - devEnableDebugCameraProperty: BooleanProperty [value: false]
08:37:44.849 [FXGL Background Thread 3 ] DEBUG Engine               - devSensorColorProperty: ObjectProperty [value: 0xffff00ff]
08:37:44.849 [FXGL Background Thread 3 ] DEBUG Engine               - devShowBBoxProperty: BooleanProperty [value: false]
08:37:44.849 [FXGL Background Thread 3 ] DEBUG Engine               - devShowPositionProperty: BooleanProperty [value: false]
08:37:44.849 [FXGL Background Thread 3 ] DEBUG Engine               - enabledMenuItems: []
08:37:44.849 [FXGL Background Thread 3 ] DEBUG Engine               - engineServices: [class com.almasb.fxgl.app.services.FXGLAssetLoaderService, class com.almasb.fxgl.app.FXGLApplication$GameApplicationService, class com.almasb.fxgl.app.services.FXGLDialogService, class com.almasb.fxgl.app.services.IOTaskExecutorService, class com.almasb.fxgl.io.FileSystemService, class com.almasb.fxgl.localization.LocalizationService, class com.almasb.fxgl.app.services.SystemBundleService, class com.almasb.fxgl.profile.SaveLoadService, class com.almasb.fxgl.ui.FXGLUIFactoryServiceProvider, class com.almasb.fxgl.ui.FXGLDialogFactoryServiceProvider, class com.almasb.fxgl.audio.AudioPlayer, class com.almasb.fxgl.notification.impl.NotificationServiceProvider, class com.almasb.fxgl.achievement.AchievementService, class com.almasb.fxgl.cutscene.CutsceneService, class com.almasb.fxgl.minigames.MiniGameService, class com.almasb.fxgl.net.NetService, class com.almasb.fxgl.app.services.UpdaterService, class com.almasb.fxgl.dev.DevService]
08:37:44.849 [FXGL Background Thread 3 ] DEBUG Engine               - fontGame: Abel-Regular.ttf
08:37:44.849 [FXGL Background Thread 3 ] DEBUG Engine               - fontMono: TerminalLandMono-Regular.otf
08:37:44.850 [FXGL Background Thread 3 ] DEBUG Engine               - fontSizeScaleUI: 1.0
08:37:44.850 [FXGL Background Thread 3 ] DEBUG Engine               - fontText: Courier-Prime.ttf
08:37:44.850 [FXGL Background Thread 3 ] DEBUG Engine               - fontUI: VarelaRound-Regular.ttf
08:37:44.850 [FXGL Background Thread 3 ] DEBUG Engine               - fullScreen: BooleanProperty [value: false]
08:37:44.850 [FXGL Background Thread 3 ] DEBUG Engine               - gameDifficulty: MEDIUM
08:37:44.850 [FXGL Background Thread 3 ] DEBUG Engine               - gameDifficultyProperty: ObjectProperty [value: MEDIUM]
08:37:44.850 [FXGL Background Thread 3 ] DEBUG Engine               - globalMusicVolume: 0.5
08:37:44.850 [FXGL Background Thread 3 ] DEBUG Engine               - globalMusicVolumeProperty: DoubleProperty [value: 0.5]
08:37:44.850 [FXGL Background Thread 3 ] DEBUG Engine               - globalSoundVolume: 0.5
08:37:44.850 [FXGL Background Thread 3 ] DEBUG Engine               - globalSoundVolumeProperty: DoubleProperty [value: 0.5]
08:37:44.850 [FXGL Background Thread 3 ] DEBUG Engine               - height: 600
08:37:44.850 [FXGL Background Thread 3 ] DEBUG Engine               - is3D: false
08:37:44.850 [FXGL Background Thread 3 ] DEBUG Engine               - isAndroid: false
08:37:44.850 [FXGL Background Thread 3 ] DEBUG Engine               - isBrowser: false
08:37:44.850 [FXGL Background Thread 3 ] DEBUG Engine               - isClickFeedbackEnabled: false
08:37:44.850 [FXGL Background Thread 3 ] DEBUG Engine               - isCloseConfirmation: false
08:37:44.850 [FXGL Background Thread 3 ] DEBUG Engine               - isDesktop: true
08:37:44.850 [FXGL Background Thread 3 ] DEBUG Engine               - isDeveloperMenuEnabled: false
08:37:44.850 [FXGL Background Thread 3 ] DEBUG Engine               - isEmbedded: false
08:37:44.850 [FXGL Background Thread 3 ] DEBUG Engine               - isEntityPreloadEnabled: true
08:37:44.850 [FXGL Background Thread 3 ] DEBUG Engine               - isExperimentalTiledLargeMap: false
08:37:44.850 [FXGL Background Thread 3 ] DEBUG Engine               - isFileSystemWriteAllowed: true
08:37:44.850 [FXGL Background Thread 3 ] DEBUG Engine               - isFullScreenAllowed: false
08:37:44.850 [FXGL Background Thread 3 ] DEBUG Engine               - isFullScreenFromStart: false
08:37:44.851 [FXGL Background Thread 3 ] DEBUG Engine               - isGameMenuEnabled: true
08:37:44.851 [FXGL Background Thread 3 ] DEBUG Engine               - isIOS: false
08:37:44.851 [FXGL Background Thread 3 ] DEBUG Engine               - isIntroEnabled: false
08:37:44.851 [FXGL Background Thread 3 ] DEBUG Engine               - isLinux: false
08:37:44.851 [FXGL Background Thread 3 ] DEBUG Engine               - isMac: false
08:37:44.851 [FXGL Background Thread 3 ] DEBUG Engine               - isMainMenuEnabled: false
08:37:44.851 [FXGL Background Thread 3 ] DEBUG Engine               - isManualResizeEnabled: false
08:37:44.851 [FXGL Background Thread 3 ] DEBUG Engine               - isMobile: false
08:37:44.851 [FXGL Background Thread 3 ] DEBUG Engine               - isNative: false
08:37:44.851 [FXGL Background Thread 3 ] DEBUG Engine               - isPauseMusicWhenMinimized: true
08:37:44.851 [FXGL Background Thread 3 ] DEBUG Engine               - isPreserveResizeRatio: false
08:37:44.851 [FXGL Background Thread 3 ] DEBUG Engine               - isProfilingEnabled: false
08:37:44.851 [FXGL Background Thread 3 ] DEBUG Engine               - isScaleAffectedOnResize: true
08:37:44.851 [FXGL Background Thread 3 ] DEBUG Engine               - isSingleStep: false
08:37:44.851 [FXGL Background Thread 3 ] DEBUG Engine               - isUserProfileEnabled: false
08:37:44.851 [FXGL Background Thread 3 ] DEBUG Engine               - isWindows: true
08:37:44.851 [FXGL Background Thread 3 ] DEBUG Engine               - language: ObjectProperty [value: ENGLISH]
08:37:44.851 [FXGL Background Thread 3 ] DEBUG Engine               - menuKey: ESCAPE
08:37:44.851 [FXGL Background Thread 3 ] DEBUG Engine               - mouseSensitivity: 0.2
08:37:44.851 [FXGL Background Thread 3 ] DEBUG Engine               - notificationViewClass: class com.almasb.fxgl.notification.view.XboxNotificationView
08:37:44.851 [FXGL Background Thread 3 ] DEBUG Engine               - pixelsPerMeter: 50.0
08:37:44.851 [FXGL Background Thread 3 ] DEBUG Engine               - platform: WINDOWS
08:37:44.851 [FXGL Background Thread 3 ] DEBUG Engine               - prefHeightProperty: ReadOnlyDoubleProperty [value: 600.0]
08:37:44.851 [FXGL Background Thread 3 ] DEBUG Engine               - prefWidthProperty: ReadOnlyDoubleProperty [value: 1000.0]
08:37:44.851 [FXGL Background Thread 3 ] DEBUG Engine               - profileDir: profiles/
08:37:44.851 [FXGL Background Thread 3 ] DEBUG Engine               - profileName: StringProperty [value: DEFAULT]
08:37:44.852 [FXGL Background Thread 3 ] DEBUG Engine               - randomSeed: -1
08:37:44.852 [FXGL Background Thread 3 ] DEBUG Engine               - runtimeInfo: RuntimeInfo(platform=WINDOWS, version=17.3, build=30.03.2023 11.49)
08:37:44.852 [FXGL Background Thread 3 ] DEBUG Engine               - saveFileExt: sav
08:37:44.852 [FXGL Background Thread 3 ] DEBUG Engine               - scaledHeightProp$fxgl: DoubleProperty [bound, value: 600.0]
08:37:44.852 [FXGL Background Thread 3 ] DEBUG Engine               - scaledWidthProp$fxgl: DoubleProperty [bound, value: 1000.0]
08:37:44.852 [FXGL Background Thread 3 ] DEBUG Engine               - sceneFactory: com.almasb.fxgl.app.scene.SceneFactory@43b7e9f5
08:37:44.852 [FXGL Background Thread 3 ] DEBUG Engine               - secondsIn24h: 60
08:37:44.852 [FXGL Background Thread 3 ] DEBUG Engine               - soundMenuBack: menu/back.wav
08:37:44.852 [FXGL Background Thread 3 ] DEBUG Engine               - soundMenuPress: menu/press.wav
08:37:44.852 [FXGL Background Thread 3 ] DEBUG Engine               - soundMenuSelect: menu/select.wav
08:37:44.852 [FXGL Background Thread 3 ] DEBUG Engine               - soundNotification: core/notification.wav
08:37:44.852 [FXGL Background Thread 3 ] DEBUG Engine               - stageStyle: DECORATED
08:37:44.852 [FXGL Background Thread 3 ] DEBUG Engine               - supportedLanguages: [ENGLISH, FRENCH, GERMAN, HUNGARIAN, RUSSIAN]
08:37:44.852 [FXGL Background Thread 3 ] DEBUG Engine               - ticksPerSecond: -1
08:37:44.852 [FXGL Background Thread 3 ] DEBUG Engine               - title: Simulador de Restaurante
08:37:44.852 [FXGL Background Thread 3 ] DEBUG Engine               - urlGithub: https://github.com/AlmasB/FXGL
08:37:44.852 [FXGL Background Thread 3 ] DEBUG Engine               - urlLeaderboard: http://fxgl-top.herokuapp.com/
08:37:44.852 [FXGL Background Thread 3 ] DEBUG Engine               - urlPOM: https://raw.githubusercontent.com/AlmasB/FXGL/release/README.md
08:37:44.852 [FXGL Background Thread 3 ] DEBUG Engine               - userAppClass: class com.Simulador.Restaurante.RestaurantSimulator
08:37:44.852 [FXGL Background Thread 3 ] DEBUG Engine               - version: 1.0
08:37:44.852 [FXGL Background Thread 3 ] DEBUG Engine               - versionCheckDays: 7
08:37:44.852 [FXGL Background Thread 3 ] DEBUG Engine               - width: 1000
08:37:44.853 [FXGL Background Thread 3 ] DEBUG Engine               - Logging services
08:37:44.853 [FXGL Background Thread 3 ] DEBUG Engine               - class com.almasb.fxgl.app.services.FXGLAssetLoaderService
08:37:44.853 [FXGL Background Thread 3 ] DEBUG Engine               - class com.almasb.fxgl.app.FXGLApplication$GameApplicationService
08:37:44.853 [FXGL Background Thread 3 ] DEBUG Engine               - class com.almasb.fxgl.app.services.FXGLDialogService
08:37:44.853 [FXGL Background Thread 3 ] DEBUG Engine               - class com.almasb.fxgl.app.services.IOTaskExecutorService
08:37:44.853 [FXGL Background Thread 3 ] DEBUG Engine               - class com.almasb.fxgl.io.FileSystemService
08:37:44.853 [FXGL Background Thread 3 ] DEBUG Engine               - class com.almasb.fxgl.localization.LocalizationService
08:37:44.853 [FXGL Background Thread 3 ] DEBUG Engine               - class com.almasb.fxgl.app.services.SystemBundleService
08:37:44.853 [FXGL Background Thread 3 ] DEBUG Engine               - class com.almasb.fxgl.profile.SaveLoadService
08:37:44.853 [FXGL Background Thread 3 ] DEBUG Engine               - class com.almasb.fxgl.ui.FXGLUIFactoryServiceProvider
08:37:44.853 [FXGL Background Thread 3 ] DEBUG Engine               - class com.almasb.fxgl.ui.FXGLDialogFactoryServiceProvider
08:37:44.853 [FXGL Background Thread 3 ] DEBUG Engine               - class com.almasb.fxgl.audio.AudioPlayer
08:37:44.853 [FXGL Background Thread 3 ] DEBUG Engine               - class com.almasb.fxgl.notification.impl.NotificationServiceProvider
08:37:44.853 [FXGL Background Thread 3 ] DEBUG Engine               - class com.almasb.fxgl.achievement.AchievementService
08:37:44.853 [FXGL Background Thread 3 ] DEBUG Engine               - class com.almasb.fxgl.cutscene.CutsceneService
08:37:44.853 [FXGL Background Thread 3 ] DEBUG Engine               - class com.almasb.fxgl.minigames.MiniGameService
08:37:44.853 [FXGL Background Thread 3 ] DEBUG Engine               - class com.almasb.fxgl.net.NetService
08:37:44.853 [FXGL Background Thread 3 ] DEBUG Engine               - class com.almasb.fxgl.app.services.UpdaterService
08:37:44.853 [FXGL Background Thread 3 ] DEBUG Engine               - class com.almasb.fxgl.dev.DevService
08:37:50.036 [JavaFX Application Thread] DEBUG FXGLApplication      - Exiting FXGL
08:37:50.036 [JavaFX Application Thread] DEBUG Async                - Shutting down background threads
08:37:50.036 [JavaFX Application Thread] DEBUG PrimaryStageWindow   - Closing main window
08:37:50.048 [JavaFX Application Thread] DEBUG Logger               - Closing Logger
