19:57:12.850 [main                     ] DEBUG Logger               - Configured Logger
19:57:12.871 [main                     ] DEBUG GameApplication      - Logging settings
Title: Simulador de Restaurante
Version: 1.0
Width: 1000
Height: 600
Fullscreen: false
Intro: false
Profiling: false
Single step:false
App Mode: DEVELOPER
Menu Key: ESCAPE
Stage Style: DECORATED
Scene Factory: class com.almasb.fxgl.app.scene.SceneFactory

19:57:13.220 [JavaFX Application Thread] DEBUG FXGLApplication      - Initializing FXGL
19:57:13.224 [JavaFX Application Thread] INFO  Engine               - FXGL-17.3 (30.03.2023 11.49) on WINDOWS (J:21.0.5 FX:21)
19:57:13.224 [JavaFX Application Thread] DEBUG Engine               - JRE Vendor Name: Oracle Corporation
19:57:13.224 [JavaFX Application Thread] DEBUG Engine               - Running on OS: Windows 11 version 10.0
19:57:13.225 [JavaFX Application Thread] DEBUG Engine               - Architecture: amd64
19:57:13.225 [JavaFX Application Thread] INFO  Engine               - Source code and latest versions at: https://github.com/AlmasB/FXGL
19:57:13.225 [JavaFX Application Thread] INFO  Engine               -       Ask questions and discuss at: https://github.com/AlmasB/FXGL/discussions
19:57:13.225 [JavaFX Application Thread] INFO  Engine               -              Join the FXGL chat at: https://gitter.im/AlmasB/FXGL
19:57:13.301 [JavaFX Application Thread] DEBUG PrimaryStageWindow   - Creating a JavaFX scene
19:57:13.345 [JavaFX Application Thread] DEBUG PrimaryStageWindow   - Target settings size: 1000.0 x 600.0
19:57:13.345 [JavaFX Application Thread] DEBUG PrimaryStageWindow   - Scaled scene size:    1000.0 x 600.0
19:57:13.345 [JavaFX Application Thread] DEBUG PrimaryStageWindow   - Scaled ratio: (1.0, 1.0)
19:57:13.346 [JavaFX Application Thread] DEBUG PrimaryStageWindow   - Set initial scene to FXGLStartupScene
19:57:13.348 [JavaFX Application Thread] DEBUG PrimaryStageWindow   - Opening main window
19:57:13.418 [JavaFX Application Thread] DEBUG PrimaryStageWindow   - Window border size: (14.4000244140625, 37.5999755859375)
19:57:13.419 [JavaFX Application Thread] DEBUG PrimaryStageWindow   - Scaled size: 1000.0 x 600.0
19:57:13.419 [JavaFX Application Thread] DEBUG PrimaryStageWindow   - Scaled ratio: (1.0, 1.0)
19:57:13.419 [JavaFX Application Thread] DEBUG PrimaryStageWindow   - Scene size: 1000.0 x 600.0
19:57:13.419 [JavaFX Application Thread] DEBUG PrimaryStageWindow   - Stage size: 1014.4000244140625 x 637.5999755859375
19:57:13.428 [FXGL Background Thread 1 ] DEBUG Engine               - Initializing environment variables
19:57:13.485 [FXGL Background Thread 1 ] DEBUG FXGLAssetLoaderServi - User app class for loading assets: class com.Simulador.Restaurante.RestaurantSimulator
19:57:13.485 [FXGL Background Thread 1 ] DEBUG GameApplicationServi - Applying CSS: fxgl_dark.css
19:57:13.486 [FXGL Background Thread 1 ] DEBUG FXGLAssetLoaderServi - Loading from file system: jar:file:///C:/Users/Jose%20Alberto%20Morales/.m2/repository/com/github/almasb/fxgl/17.3/fxgl-17.3.jar!/fxglassets/ui/css/fxgl_dark.css
19:57:13.538 [FXGL Background Thread 1 ] DEBUG GameApplicationServi - Initializing application scenes
19:57:13.571 [FXGL Background Thread 1 ] DEBUG GameWorld            - Game world initialized
19:57:13.628 [FXGL Background Thread 1 ] DEBUG PhysicsWorld         - Physics world initialized: appHeight=600, physics.ppm=50.0
19:57:13.628 [FXGL Background Thread 1 ] DEBUG PhysicsWorld         - Using strategy: BRUTE_FORCE
19:57:13.632 [FXGL Background Thread 1 ] DEBUG GameScene            - Game scene initialized: 1000x600
19:57:13.643 [FXGL Background Thread 1 ] DEBUG FXGL.DefaultMenu     - createMenuBodyGameMenu()
19:57:13.652 [FXGL Background Thread 1 ] DEBUG FXGL.DefaultMenu     - createOptionsMenu()
19:57:13.660 [FXGL Background Thread 1 ] DEBUG FXGLAssetLoaderServi - Loading from file system: jar:file:///C:/Users/Jose%20Alberto%20Morales/.m2/repository/com/github/almasb/fxgl/17.3/fxgl-17.3.jar!/fxglassets/textures/particles/smoke.png
19:57:13.728 [FXGL Background Thread 1 ] DEBUG FXGLAssetLoaderServi - Loading from file system: jar:file:///C:/Users/Jose%20Alberto%20Morales/.m2/repository/com/github/almasb/fxgl/17.3/fxgl-17.3.jar!/fxglassets/textures/particles/trace_horizontal.png
19:57:13.751 [FXGL Background Thread 1 ] DEBUG GameApplicationServi - Application scenes initialized
19:57:13.762 [FXGL Background Thread 1 ] DEBUG SystemBundleService  - Loading FXGL system data
19:57:13.765 [FXGL Background Thread 1 ] DEBUG FileSystemAccess     - Reading from: C:\Users\Jose Alberto Morales\Documents\7to Cuatrimestre\Programacion concurrente\Restaurant\system\fxgl.bundle
19:57:13.772 [FXGL Background Thread 1 ] DEBUG SystemBundleService  - Bundle FXGL: {}
19:57:13.773 [FXGL Background Thread 1 ] DEBUG UpdaterService       - Checking for updates
19:57:13.776 [FXGL Background Thread 4 ] DEBUG FXGLApplication      - Loading fonts
19:57:13.777 [FXGL Background Thread 1 ] DEBUG FXGLApplication      - Loading default localization
19:57:13.777 [FXGL Background Thread 4 ] DEBUG FXGLAssetLoaderServi - Loading from file system: jar:file:///C:/Users/Jose%20Alberto%20Morales/.m2/repository/com/github/almasb/fxgl/17.3/fxgl-17.3.jar!/fxglassets/ui/fonts/VarelaRound-Regular.ttf
19:57:13.777 [FXGL Background Thread 1 ] DEBUG FXGLAssetLoaderServi - Loading from file system: jar:file:///C:/Users/Jose%20Alberto%20Morales/.m2/repository/com/github/almasb/fxgl/17.3/fxgl-17.3.jar!/fxglassets/languages/english.lang
19:57:13.795 [FXGL Background Thread 1 ] INFO  FXGLApplication      - FXGL initialization took: 0.366 sec
19:57:13.796 [JavaFX Application Thread] DEBUG FXGLAssetLoaderServi - Loading from file system: jar:file:///C:/Users/Jose%20Alberto%20Morales/.m2/repository/com/github/almasb/fxgl/17.3/fxgl-17.3.jar!/fxglassets/textures/fxgl_icon.png
19:57:13.810 [FXGL Background Thread 4 ] DEBUG FXGLAssetLoaderServi - Loading from file system: jar:file:///C:/Users/Jose%20Alberto%20Morales/.m2/repository/com/github/almasb/fxgl/17.3/fxgl-17.3.jar!/fxglassets/ui/fonts/Abel-Regular.ttf
19:57:13.814 [FXGL Background Thread 4 ] DEBUG FXGLAssetLoaderServi - Loading from file system: jar:file:///C:/Users/Jose%20Alberto%20Morales/.m2/repository/com/github/almasb/fxgl/17.3/fxgl-17.3.jar!/fxglassets/ui/fonts/TerminalLandMono-Regular.otf
19:57:13.817 [JavaFX Application Thread] DEBUG FXGLAssetLoaderServi - Loading from file system: jar:file:///C:/Users/Jose%20Alberto%20Morales/.m2/repository/com/github/almasb/fxgl/17.3/fxgl-17.3.jar!/fxglassets/textures/fxgl_default_cursor.png
19:57:13.818 [FXGL Background Thread 4 ] DEBUG FXGLAssetLoaderServi - Loading from file system: jar:file:///C:/Users/Jose%20Alberto%20Morales/.m2/repository/com/github/almasb/fxgl/17.3/fxgl-17.3.jar!/fxglassets/ui/fonts/Courier-Prime.ttf
19:57:13.828 [JavaFX Application Thread] DEBUG Input                - Registered new binding: Screenshot - CTRL+8
19:57:13.829 [JavaFX Application Thread] DEBUG Input                - Registered new binding: System info dump - CTRL+9
19:57:13.829 [JavaFX Application Thread] DEBUG Input                - Registered new binding: Restart - CTRL+R
19:57:13.830 [JavaFX Application Thread] DEBUG Input                - Registered new binding: Toggle Debug Camera - CTRL+7
19:57:13.833 [JavaFX Application Thread] DEBUG LoopRunner           - Starting loop
19:57:13.833 [JavaFX Application Thread] DEBUG LoopRunner           - Initializing JavaFX AnimationTimerLoop
19:57:13.834 [JavaFX Application Thread] DEBUG GameApplicationServi - Starting new game
19:57:13.835 [JavaFX Application Thread] DEBUG Input                - Clearing active input actions
19:57:13.846 [JavaFX Application Thread] DEBUG GameApplicationServi - Removing overlay from FXGLStartupScene and adding to FXGLLoadingScene
19:57:13.846 [JavaFX Application Thread] DEBUG PrimaryStageWindow   - FXGLStartupScene -> FXGLLoadingScene
19:57:13.846 [JavaFX Application Thread] DEBUG GameApplicationServi - Clearing previous game
19:57:13.846 [JavaFX Application Thread] DEBUG GameScene            - Clearing game scene
19:57:13.846 [JavaFX Application Thread] DEBUG GameWorld            - Clearing game world
19:57:13.846 [JavaFX Application Thread] DEBUG PhysicsWorld         - Clearing physics world
19:57:13.848 [FXGL Background Thread 4 ] DEBUG FXGLApplication      - Initializing game
19:57:13.848 [JavaFX Application Thread] DEBUG FXGLApplication      - Registering font factories with UI factory
19:57:13.893 [FXGL Background Thread 4 ] INFO  FXGLApplication      - Game initialization took: 0.045 sec
19:57:13.894 [JavaFX Application Thread] DEBUG Input                - Clearing active input actions
19:57:13.906 [JavaFX Application Thread] DEBUG GameApplicationServi - Removing overlay from FXGLLoadingScene and adding to GameScene
19:57:13.906 [JavaFX Application Thread] DEBUG PrimaryStageWindow   - FXGLLoadingScene -> GameScene
19:57:14.319 [FXGL Background Thread 2 ] INFO  UpdaterService       - Your current version:  17.3
19:57:14.319 [FXGL Background Thread 2 ] INFO  UpdaterService       - Latest stable version: 21.1
19:57:14.428 [Thread-15                ] DEBUG LoopRunner           - Stopping loop
19:57:14.430 [Thread-15                ] FATAL FXGLApplication      - Uncaught Exception:
java.lang.IllegalStateException: Not on FX application thread; currentThread = Thread-15
	at javafx.graphics@21/com.sun.javafx.tk.Toolkit.checkFxUserThread(Toolkit.java:294)
	at javafx.graphics@21/com.sun.javafx.tk.quantum.QuantumToolkit.checkFxUserThread(QuantumToolkit.java:475)
	at javafx.graphics@21/javafx.scene.Parent$3.onProposedChange(Parent.java:475)
	at javafx.base@21/com.sun.javafx.collections.VetoableListDecorator.clear(VetoableListDecorator.java:302)
	at com.almasb.fxgl.entity@17.3/com.almasb.fxgl.entity.components.ViewComponent.clearChildren(ViewComponent.kt:248)
	at com.example.restaurant/com.Simulador.Restaurante.presentation.views.RestauranteView.actualizarEstadoMesa(RestauranteView.java:517)
	at com.example.restaurant/com.Simulador.Restaurante.concurrency.threads.ComensalThread.run(ComensalThread.java:43)

19:57:14.431 [Thread-15                ] FATAL FXGLApplication      - Application will now exit
19:57:14.461 [Thread-15                ] DEBUG PrimaryStageWindow   - Push state: ErrorSubScene
19:57:14.462 [Thread-15                ] DEBUG Input                - Clearing active input actions
19:57:16.777 [FXGL Background Thread 3 ] DEBUG Engine               - Logging environment variables
19:57:16.778 [FXGL Background Thread 3 ] DEBUG Engine               - achievements: []
19:57:16.778 [FXGL Background Thread 3 ] DEBUG Engine               - actualHeight: 600.0
19:57:16.779 [FXGL Background Thread 3 ] DEBUG Engine               - actualHeightProperty: ReadOnlyDoubleProperty [value: 600.0]
19:57:16.779 [FXGL Background Thread 3 ] DEBUG Engine               - actualWidth: 1000.0
19:57:16.779 [FXGL Background Thread 3 ] DEBUG Engine               - actualWidthProperty: ReadOnlyDoubleProperty [value: 1000.0]
19:57:16.779 [FXGL Background Thread 3 ] DEBUG Engine               - appIcon: fxgl_icon.png
19:57:16.779 [FXGL Background Thread 3 ] DEBUG Engine               - applicationMode: DEVELOPER
19:57:16.779 [FXGL Background Thread 3 ] DEBUG Engine               - cSSList: [fxgl_dark.css]
19:57:16.779 [FXGL Background Thread 3 ] DEBUG Engine               - collisionDetectionStrategy: BRUTE_FORCE
19:57:16.780 [FXGL Background Thread 3 ] DEBUG Engine               - configClass: Optional.empty
19:57:16.780 [FXGL Background Thread 3 ] DEBUG Engine               - credits: []
19:57:16.780 [FXGL Background Thread 3 ] DEBUG Engine               - defaultCursor: CursorInfo(imageName=fxgl_default_cursor.png, hotspotX=7.0, hotspotY=6.0)
19:57:16.781 [FXGL Background Thread 3 ] DEBUG Engine               - devBBoxColorProperty: ObjectProperty [value: 0xff0000ff]
19:57:16.781 [FXGL Background Thread 3 ] DEBUG Engine               - devEnableDebugCameraProperty: BooleanProperty [value: false]
19:57:16.781 [FXGL Background Thread 3 ] DEBUG Engine               - devSensorColorProperty: ObjectProperty [value: 0xffff00ff]
19:57:16.781 [FXGL Background Thread 3 ] DEBUG Engine               - devShowBBoxProperty: BooleanProperty [value: false]
19:57:16.782 [FXGL Background Thread 3 ] DEBUG Engine               - devShowPositionProperty: BooleanProperty [value: false]
19:57:16.782 [FXGL Background Thread 3 ] DEBUG Engine               - enabledMenuItems: []
19:57:16.782 [FXGL Background Thread 3 ] DEBUG Engine               - engineServices: [class com.almasb.fxgl.app.services.FXGLAssetLoaderService, class com.almasb.fxgl.app.FXGLApplication$GameApplicationService, class com.almasb.fxgl.app.services.FXGLDialogService, class com.almasb.fxgl.app.services.IOTaskExecutorService, class com.almasb.fxgl.io.FileSystemService, class com.almasb.fxgl.localization.LocalizationService, class com.almasb.fxgl.app.services.SystemBundleService, class com.almasb.fxgl.profile.SaveLoadService, class com.almasb.fxgl.ui.FXGLUIFactoryServiceProvider, class com.almasb.fxgl.ui.FXGLDialogFactoryServiceProvider, class com.almasb.fxgl.audio.AudioPlayer, class com.almasb.fxgl.notification.impl.NotificationServiceProvider, class com.almasb.fxgl.achievement.AchievementService, class com.almasb.fxgl.cutscene.CutsceneService, class com.almasb.fxgl.minigames.MiniGameService, class com.almasb.fxgl.net.NetService, class com.almasb.fxgl.app.services.UpdaterService, class com.almasb.fxgl.dev.DevService]
19:57:16.782 [FXGL Background Thread 3 ] DEBUG Engine               - fontGame: Abel-Regular.ttf
19:57:16.782 [FXGL Background Thread 3 ] DEBUG Engine               - fontMono: TerminalLandMono-Regular.otf
19:57:16.782 [FXGL Background Thread 3 ] DEBUG Engine               - fontSizeScaleUI: 1.0
19:57:16.782 [FXGL Background Thread 3 ] DEBUG Engine               - fontText: Courier-Prime.ttf
19:57:16.783 [FXGL Background Thread 3 ] DEBUG Engine               - fontUI: VarelaRound-Regular.ttf
19:57:16.783 [FXGL Background Thread 3 ] DEBUG Engine               - fullScreen: BooleanProperty [value: false]
19:57:16.783 [FXGL Background Thread 3 ] DEBUG Engine               - gameDifficulty: MEDIUM
19:57:16.783 [FXGL Background Thread 3 ] DEBUG Engine               - gameDifficultyProperty: ObjectProperty [value: MEDIUM]
19:57:16.783 [FXGL Background Thread 3 ] DEBUG Engine               - globalMusicVolume: 0.5
19:57:16.783 [FXGL Background Thread 3 ] DEBUG Engine               - globalMusicVolumeProperty: DoubleProperty [value: 0.5]
19:57:16.784 [FXGL Background Thread 3 ] DEBUG Engine               - globalSoundVolume: 0.5
19:57:16.784 [FXGL Background Thread 3 ] DEBUG Engine               - globalSoundVolumeProperty: DoubleProperty [value: 0.5]
19:57:16.784 [FXGL Background Thread 3 ] DEBUG Engine               - height: 600
19:57:16.784 [FXGL Background Thread 3 ] DEBUG Engine               - is3D: false
19:57:16.784 [FXGL Background Thread 3 ] DEBUG Engine               - isAndroid: false
19:57:16.784 [FXGL Background Thread 3 ] DEBUG Engine               - isBrowser: false
19:57:16.784 [FXGL Background Thread 3 ] DEBUG Engine               - isClickFeedbackEnabled: false
19:57:16.784 [FXGL Background Thread 3 ] DEBUG Engine               - isCloseConfirmation: false
19:57:16.785 [FXGL Background Thread 3 ] DEBUG Engine               - isDesktop: true
19:57:16.785 [FXGL Background Thread 3 ] DEBUG Engine               - isDeveloperMenuEnabled: false
19:57:16.785 [FXGL Background Thread 3 ] DEBUG Engine               - isEmbedded: false
19:57:16.785 [FXGL Background Thread 3 ] DEBUG Engine               - isEntityPreloadEnabled: true
19:57:16.785 [FXGL Background Thread 3 ] DEBUG Engine               - isExperimentalTiledLargeMap: false
19:57:16.785 [FXGL Background Thread 3 ] DEBUG Engine               - isFileSystemWriteAllowed: true
19:57:16.785 [FXGL Background Thread 3 ] DEBUG Engine               - isFullScreenAllowed: false
19:57:16.785 [FXGL Background Thread 3 ] DEBUG Engine               - isFullScreenFromStart: false
19:57:16.786 [FXGL Background Thread 3 ] DEBUG Engine               - isGameMenuEnabled: true
19:57:16.786 [FXGL Background Thread 3 ] DEBUG Engine               - isIOS: false
19:57:16.786 [FXGL Background Thread 3 ] DEBUG Engine               - isIntroEnabled: false
19:57:16.786 [FXGL Background Thread 3 ] DEBUG Engine               - isLinux: false
19:57:16.786 [FXGL Background Thread 3 ] DEBUG Engine               - isMac: false
19:57:16.786 [FXGL Background Thread 3 ] DEBUG Engine               - isMainMenuEnabled: false
19:57:16.787 [FXGL Background Thread 3 ] DEBUG Engine               - isManualResizeEnabled: false
19:57:16.787 [FXGL Background Thread 3 ] DEBUG Engine               - isMobile: false
19:57:16.787 [FXGL Background Thread 3 ] DEBUG Engine               - isNative: false
19:57:16.787 [FXGL Background Thread 3 ] DEBUG Engine               - isPauseMusicWhenMinimized: true
19:57:16.787 [FXGL Background Thread 3 ] DEBUG Engine               - isPreserveResizeRatio: false
19:57:16.787 [FXGL Background Thread 3 ] DEBUG Engine               - isProfilingEnabled: false
19:57:16.787 [FXGL Background Thread 3 ] DEBUG Engine               - isScaleAffectedOnResize: true
19:57:16.787 [FXGL Background Thread 3 ] DEBUG Engine               - isSingleStep: false
19:57:16.788 [FXGL Background Thread 3 ] DEBUG Engine               - isUserProfileEnabled: false
19:57:16.788 [FXGL Background Thread 3 ] DEBUG Engine               - isWindows: true
19:57:16.788 [FXGL Background Thread 3 ] DEBUG Engine               - language: ObjectProperty [value: ENGLISH]
19:57:16.788 [FXGL Background Thread 3 ] DEBUG Engine               - menuKey: ESCAPE
19:57:16.788 [FXGL Background Thread 3 ] DEBUG Engine               - mouseSensitivity: 0.2
19:57:16.788 [FXGL Background Thread 3 ] DEBUG Engine               - notificationViewClass: class com.almasb.fxgl.notification.view.XboxNotificationView
19:57:16.788 [FXGL Background Thread 3 ] DEBUG Engine               - pixelsPerMeter: 50.0
19:57:16.788 [FXGL Background Thread 3 ] DEBUG Engine               - platform: WINDOWS
19:57:16.789 [FXGL Background Thread 3 ] DEBUG Engine               - prefHeightProperty: ReadOnlyDoubleProperty [value: 600.0]
19:57:16.789 [FXGL Background Thread 3 ] DEBUG Engine               - prefWidthProperty: ReadOnlyDoubleProperty [value: 1000.0]
19:57:16.789 [FXGL Background Thread 3 ] DEBUG Engine               - profileDir: profiles/
19:57:16.789 [FXGL Background Thread 3 ] DEBUG Engine               - profileName: StringProperty [value: DEFAULT]
19:57:16.789 [FXGL Background Thread 3 ] DEBUG Engine               - randomSeed: -1
19:57:16.790 [FXGL Background Thread 3 ] DEBUG Engine               - runtimeInfo: RuntimeInfo(platform=WINDOWS, version=17.3, build=30.03.2023 11.49)
19:57:16.790 [FXGL Background Thread 3 ] DEBUG Engine               - saveFileExt: sav
19:57:16.790 [FXGL Background Thread 3 ] DEBUG Engine               - scaledHeightProp$fxgl: DoubleProperty [bound, value: 600.0]
19:57:16.790 [FXGL Background Thread 3 ] DEBUG Engine               - scaledWidthProp$fxgl: DoubleProperty [bound, value: 1000.0]
19:57:16.790 [FXGL Background Thread 3 ] DEBUG Engine               - sceneFactory: com.almasb.fxgl.app.scene.SceneFactory@4de23071
19:57:16.790 [FXGL Background Thread 3 ] DEBUG Engine               - secondsIn24h: 60
19:57:16.790 [FXGL Background Thread 3 ] DEBUG Engine               - soundMenuBack: menu/back.wav
19:57:16.790 [FXGL Background Thread 3 ] DEBUG Engine               - soundMenuPress: menu/press.wav
19:57:16.790 [FXGL Background Thread 3 ] DEBUG Engine               - soundMenuSelect: menu/select.wav
19:57:16.791 [FXGL Background Thread 3 ] DEBUG Engine               - soundNotification: core/notification.wav
19:57:16.791 [FXGL Background Thread 3 ] DEBUG Engine               - stageStyle: DECORATED
19:57:16.791 [FXGL Background Thread 3 ] DEBUG Engine               - supportedLanguages: [ENGLISH, FRENCH, GERMAN, HUNGARIAN, RUSSIAN]
19:57:16.791 [FXGL Background Thread 3 ] DEBUG Engine               - ticksPerSecond: -1
19:57:16.791 [FXGL Background Thread 3 ] DEBUG Engine               - title: Simulador de Restaurante
19:57:16.791 [FXGL Background Thread 3 ] DEBUG Engine               - urlGithub: https://github.com/AlmasB/FXGL
19:57:16.791 [FXGL Background Thread 3 ] DEBUG Engine               - urlLeaderboard: http://fxgl-top.herokuapp.com/
19:57:16.791 [FXGL Background Thread 3 ] DEBUG Engine               - urlPOM: https://raw.githubusercontent.com/AlmasB/FXGL/release/README.md
19:57:16.791 [FXGL Background Thread 3 ] DEBUG Engine               - userAppClass: class com.Simulador.Restaurante.RestaurantSimulator
19:57:16.792 [FXGL Background Thread 3 ] DEBUG Engine               - version: 1.0
19:57:16.792 [FXGL Background Thread 3 ] DEBUG Engine               - versionCheckDays: 7
19:57:16.792 [FXGL Background Thread 3 ] DEBUG Engine               - width: 1000
19:57:16.792 [FXGL Background Thread 3 ] DEBUG Engine               - Logging services
19:57:16.792 [FXGL Background Thread 3 ] DEBUG Engine               - class com.almasb.fxgl.app.services.FXGLAssetLoaderService
19:57:16.792 [FXGL Background Thread 3 ] DEBUG Engine               - class com.almasb.fxgl.app.FXGLApplication$GameApplicationService
19:57:16.792 [FXGL Background Thread 3 ] DEBUG Engine               - class com.almasb.fxgl.app.services.FXGLDialogService
19:57:16.792 [FXGL Background Thread 3 ] DEBUG Engine               - class com.almasb.fxgl.app.services.IOTaskExecutorService
19:57:16.792 [FXGL Background Thread 3 ] DEBUG Engine               - class com.almasb.fxgl.io.FileSystemService
19:57:16.792 [FXGL Background Thread 3 ] DEBUG Engine               - class com.almasb.fxgl.localization.LocalizationService
19:57:16.792 [FXGL Background Thread 3 ] DEBUG Engine               - class com.almasb.fxgl.app.services.SystemBundleService
19:57:16.792 [FXGL Background Thread 3 ] DEBUG Engine               - class com.almasb.fxgl.profile.SaveLoadService
19:57:16.793 [FXGL Background Thread 3 ] DEBUG Engine               - class com.almasb.fxgl.ui.FXGLUIFactoryServiceProvider
19:57:16.793 [FXGL Background Thread 3 ] DEBUG Engine               - class com.almasb.fxgl.ui.FXGLDialogFactoryServiceProvider
19:57:16.793 [FXGL Background Thread 3 ] DEBUG Engine               - class com.almasb.fxgl.audio.AudioPlayer
19:57:16.793 [FXGL Background Thread 3 ] DEBUG Engine               - class com.almasb.fxgl.notification.impl.NotificationServiceProvider
19:57:16.793 [FXGL Background Thread 3 ] DEBUG Engine               - class com.almasb.fxgl.achievement.AchievementService
19:57:16.793 [FXGL Background Thread 3 ] DEBUG Engine               - class com.almasb.fxgl.cutscene.CutsceneService
19:57:16.793 [FXGL Background Thread 3 ] DEBUG Engine               - class com.almasb.fxgl.minigames.MiniGameService
19:57:16.793 [FXGL Background Thread 3 ] DEBUG Engine               - class com.almasb.fxgl.net.NetService
19:57:16.793 [FXGL Background Thread 3 ] DEBUG Engine               - class com.almasb.fxgl.app.services.UpdaterService
19:57:16.793 [FXGL Background Thread 3 ] DEBUG Engine               - class com.almasb.fxgl.dev.DevService
20:02:23.029 [JavaFX Application Thread] DEBUG FXGLApplication      - Exiting FXGL
20:02:23.031 [JavaFX Application Thread] DEBUG Async                - Shutting down background threads
20:02:23.032 [JavaFX Application Thread] DEBUG PrimaryStageWindow   - Closing main window
20:02:23.050 [JavaFX Application Thread] DEBUG Logger               - Closing Logger
