09:17:01.090 [main                     ] DEBUG Logger               - Configured Logger
09:17:01.117 [main                     ] DEBUG GameApplication      - Logging settings
Title: Simulador de Restaurante
Version: 1.0
Width: 1000
Height: 600
Fullscreen: false
Intro: false
Profiling: false
Single step:false
App Mode: DEVELOPER
Menu Key: ESCAPE
Stage Style: DECORATED
Scene Factory: class com.almasb.fxgl.app.scene.SceneFactory

09:17:01.452 [JavaFX Application Thread] DEBUG FXGLApplication      - Initializing FXGL
09:17:01.456 [JavaFX Application Thread] INFO  Engine               - FXGL-17.3 (30.03.2023 11.49) on WINDOWS (J:21.0.5 FX:21)
09:17:01.456 [JavaFX Application Thread] DEBUG Engine               - JRE Vendor Name: Oracle Corporation
09:17:01.456 [JavaFX Application Thread] DEBUG Engine               - Running on OS: Windows 11 version 10.0
09:17:01.456 [JavaFX Application Thread] DEBUG Engine               - Architecture: amd64
09:17:01.457 [JavaFX Application Thread] INFO  Engine               - Source code and latest versions at: https://github.com/AlmasB/FXGL
09:17:01.457 [JavaFX Application Thread] INFO  Engine               -       Ask questions and discuss at: https://github.com/AlmasB/FXGL/discussions
09:17:01.457 [JavaFX Application Thread] INFO  Engine               -              Join the FXGL chat at: https://gitter.im/AlmasB/FXGL
09:17:01.530 [JavaFX Application Thread] DEBUG PrimaryStageWindow   - Creating a JavaFX scene
09:17:01.572 [JavaFX Application Thread] DEBUG PrimaryStageWindow   - Target settings size: 1000.0 x 600.0
09:17:01.572 [JavaFX Application Thread] DEBUG PrimaryStageWindow   - Scaled scene size:    1000.0 x 600.0
09:17:01.573 [JavaFX Application Thread] DEBUG PrimaryStageWindow   - Scaled ratio: (1.0, 1.0)
09:17:01.574 [JavaFX Application Thread] DEBUG PrimaryStageWindow   - Set initial scene to FXGLStartupScene
09:17:01.576 [JavaFX Application Thread] DEBUG PrimaryStageWindow   - Opening main window
09:17:01.652 [JavaFX Application Thread] DEBUG PrimaryStageWindow   - Window border size: (14.4000244140625, 37.5999755859375)
09:17:01.653 [JavaFX Application Thread] DEBUG PrimaryStageWindow   - Scaled size: 1000.0 x 600.0
09:17:01.653 [JavaFX Application Thread] DEBUG PrimaryStageWindow   - Scaled ratio: (1.0, 1.0)
09:17:01.654 [JavaFX Application Thread] DEBUG PrimaryStageWindow   - Scene size: 1000.0 x 600.0
09:17:01.654 [JavaFX Application Thread] DEBUG PrimaryStageWindow   - Stage size: 1014.4000244140625 x 637.5999755859375
09:17:01.661 [FXGL Background Thread 1 ] DEBUG Engine               - Initializing environment variables
09:17:01.713 [FXGL Background Thread 1 ] DEBUG FXGLAssetLoaderServi - User app class for loading assets: class com.Simulador.Restaurante.RestaurantSimulator
09:17:01.713 [FXGL Background Thread 1 ] DEBUG GameApplicationServi - Applying CSS: fxgl_dark.css
09:17:01.714 [FXGL Background Thread 1 ] DEBUG FXGLAssetLoaderServi - Loading from file system: jar:file:///C:/Users/Jose%20Alberto%20Morales/.m2/repository/com/github/almasb/fxgl/17.3/fxgl-17.3.jar!/fxglassets/ui/css/fxgl_dark.css
09:17:01.768 [FXGL Background Thread 1 ] DEBUG GameApplicationServi - Initializing application scenes
09:17:01.800 [FXGL Background Thread 1 ] DEBUG GameWorld            - Game world initialized
09:17:01.855 [FXGL Background Thread 1 ] DEBUG PhysicsWorld         - Physics world initialized: appHeight=600, physics.ppm=50.0
09:17:01.855 [FXGL Background Thread 1 ] DEBUG PhysicsWorld         - Using strategy: BRUTE_FORCE
09:17:01.858 [FXGL Background Thread 1 ] DEBUG GameScene            - Game scene initialized: 1000x600
09:17:01.869 [FXGL Background Thread 1 ] DEBUG FXGL.DefaultMenu     - createMenuBodyGameMenu()
09:17:01.878 [FXGL Background Thread 1 ] DEBUG FXGL.DefaultMenu     - createOptionsMenu()
09:17:01.885 [FXGL Background Thread 1 ] DEBUG FXGLAssetLoaderServi - Loading from file system: jar:file:///C:/Users/Jose%20Alberto%20Morales/.m2/repository/com/github/almasb/fxgl/17.3/fxgl-17.3.jar!/fxglassets/textures/particles/smoke.png
09:17:01.972 [FXGL Background Thread 1 ] DEBUG FXGLAssetLoaderServi - Loading from file system: jar:file:///C:/Users/Jose%20Alberto%20Morales/.m2/repository/com/github/almasb/fxgl/17.3/fxgl-17.3.jar!/fxglassets/textures/particles/trace_horizontal.png
09:17:02.003 [FXGL Background Thread 1 ] DEBUG GameApplicationServi - Application scenes initialized
09:17:02.015 [FXGL Background Thread 1 ] DEBUG SystemBundleService  - Loading FXGL system data
09:17:02.019 [FXGL Background Thread 1 ] DEBUG FileSystemAccess     - Reading from: C:\Users\Jose Alberto Morales\Documents\7to Cuatrimestre\Programacion concurrente\Restaurant\system\fxgl.bundle
09:17:02.030 [FXGL Background Thread 1 ] DEBUG SystemBundleService  - Bundle FXGL: {}
09:17:02.030 [FXGL Background Thread 1 ] DEBUG UpdaterService       - Checking for updates
09:17:02.033 [FXGL Background Thread 4 ] DEBUG FXGLApplication      - Loading fonts
09:17:02.034 [FXGL Background Thread 4 ] DEBUG FXGLAssetLoaderServi - Loading from file system: jar:file:///C:/Users/Jose%20Alberto%20Morales/.m2/repository/com/github/almasb/fxgl/17.3/fxgl-17.3.jar!/fxglassets/ui/fonts/VarelaRound-Regular.ttf
09:17:02.034 [FXGL Background Thread 1 ] DEBUG FXGLAssetLoaderServi - Loading from file system: jar:file:///C:/Users/Jose%20Alberto%20Morales/.m2/repository/com/github/almasb/fxgl/17.3/fxgl-17.3.jar!/fxglassets/languages/english.lang
09:17:02.063 [FXGL Background Thread 1 ] INFO  FXGLApplication      - FXGL initialization took: 0.403 sec
09:17:02.065 [JavaFX Application Thread] DEBUG FXGLAssetLoaderServi - Loading from file system: jar:file:///C:/Users/Jose%20Alberto%20Morales/.m2/repository/com/github/almasb/fxgl/17.3/fxgl-17.3.jar!/fxglassets/textures/fxgl_icon.png
09:17:02.069 [FXGL Background Thread 4 ] DEBUG FXGLAssetLoaderServi - Loading from file system: jar:file:///C:/Users/Jose%20Alberto%20Morales/.m2/repository/com/github/almasb/fxgl/17.3/fxgl-17.3.jar!/fxglassets/ui/fonts/Abel-Regular.ttf
09:17:02.073 [FXGL Background Thread 4 ] DEBUG FXGLAssetLoaderServi - Loading from file system: jar:file:///C:/Users/Jose%20Alberto%20Morales/.m2/repository/com/github/almasb/fxgl/17.3/fxgl-17.3.jar!/fxglassets/ui/fonts/TerminalLandMono-Regular.otf
09:17:02.077 [FXGL Background Thread 4 ] DEBUG FXGLAssetLoaderServi - Loading from file system: jar:file:///C:/Users/Jose%20Alberto%20Morales/.m2/repository/com/github/almasb/fxgl/17.3/fxgl-17.3.jar!/fxglassets/ui/fonts/Courier-Prime.ttf
09:17:02.083 [JavaFX Application Thread] DEBUG FXGLAssetLoaderServi - Loading from file system: jar:file:///C:/Users/Jose%20Alberto%20Morales/.m2/repository/com/github/almasb/fxgl/17.3/fxgl-17.3.jar!/fxglassets/textures/fxgl_default_cursor.png
09:17:02.095 [JavaFX Application Thread] DEBUG Input                - Registered new binding: Screenshot - CTRL+8
09:17:02.095 [JavaFX Application Thread] DEBUG Input                - Registered new binding: System info dump - CTRL+9
09:17:02.096 [JavaFX Application Thread] DEBUG Input                - Registered new binding: Restart - CTRL+R
09:17:02.097 [JavaFX Application Thread] DEBUG Input                - Registered new binding: Toggle Debug Camera - CTRL+7
09:17:02.099 [JavaFX Application Thread] DEBUG LoopRunner           - Starting loop
09:17:02.099 [JavaFX Application Thread] DEBUG LoopRunner           - Initializing JavaFX AnimationTimerLoop
09:17:02.100 [JavaFX Application Thread] DEBUG GameApplicationServi - Starting new game
09:17:02.100 [JavaFX Application Thread] DEBUG Input                - Clearing active input actions
09:17:02.111 [JavaFX Application Thread] DEBUG GameApplicationServi - Removing overlay from FXGLStartupScene and adding to FXGLLoadingScene
09:17:02.112 [JavaFX Application Thread] DEBUG PrimaryStageWindow   - FXGLStartupScene -> FXGLLoadingScene
09:17:02.112 [JavaFX Application Thread] DEBUG GameApplicationServi - Clearing previous game
09:17:02.112 [JavaFX Application Thread] DEBUG GameScene            - Clearing game scene
09:17:02.112 [JavaFX Application Thread] DEBUG GameWorld            - Clearing game world
09:17:02.112 [JavaFX Application Thread] DEBUG PhysicsWorld         - Clearing physics world
09:17:02.115 [FXGL Background Thread 4 ] DEBUG FXGLApplication      - Initializing game
09:17:02.116 [JavaFX Application Thread] DEBUG FXGLApplication      - Registering font factories with UI factory
09:17:02.158 [FXGL Background Thread 4 ] INFO  FXGLApplication      - Game initialization took: 0.043 sec
09:17:02.160 [JavaFX Application Thread] DEBUG Input                - Clearing active input actions
09:17:02.172 [JavaFX Application Thread] DEBUG GameApplicationServi - Removing overlay from FXGLLoadingScene and adding to GameScene
09:17:02.173 [JavaFX Application Thread] DEBUG PrimaryStageWindow   - FXGLLoadingScene -> GameScene
09:17:02.528 [FXGL Background Thread 2 ] INFO  UpdaterService       - Your current version:  17.3
09:17:02.529 [FXGL Background Thread 2 ] INFO  UpdaterService       - Latest stable version: 21.1
09:17:04.791 [Thread-4                 ] DEBUG LoopRunner           - Stopping loop
09:17:04.792 [Thread-4                 ] FATAL FXGLApplication      - Uncaught Exception:
java.lang.IllegalAccessError: class com.Simulador.Restaurante.presentation.views.RestauranteView (in module com.example.restaurant) cannot access class com.sun.javafx.application.PlatformImpl (in module javafx.graphics) because module javafx.graphics does not export com.sun.javafx.application to module com.example.restaurant
	at com.example.restaurant/com.Simulador.Restaurante.presentation.views.RestauranteView.actualizarComidaLista(RestauranteView.java:256)
	at com.example.restaurant/com.Simulador.Restaurante.concurrency.threads.MeseroThread.run(MeseroThread.java:45)

09:17:04.792 [Thread-4                 ] FATAL FXGLApplication      - Application will now exit
09:17:04.804 [Thread-4                 ] DEBUG PrimaryStageWindow   - Push state: ErrorSubScene
09:17:04.804 [Thread-4                 ] DEBUG Input                - Clearing active input actions
09:17:05.033 [FXGL Background Thread 3 ] DEBUG Engine               - Logging environment variables
09:17:05.033 [FXGL Background Thread 3 ] DEBUG Engine               - achievements: []
09:17:05.033 [FXGL Background Thread 3 ] DEBUG Engine               - actualHeight: 600.0
09:17:05.033 [FXGL Background Thread 3 ] DEBUG Engine               - actualHeightProperty: ReadOnlyDoubleProperty [value: 600.0]
09:17:05.034 [FXGL Background Thread 3 ] DEBUG Engine               - actualWidth: 1000.0
09:17:05.034 [FXGL Background Thread 3 ] DEBUG Engine               - actualWidthProperty: ReadOnlyDoubleProperty [value: 1000.0]
09:17:05.034 [FXGL Background Thread 3 ] DEBUG Engine               - appIcon: fxgl_icon.png
09:17:05.034 [FXGL Background Thread 3 ] DEBUG Engine               - applicationMode: DEVELOPER
09:17:05.034 [FXGL Background Thread 3 ] DEBUG Engine               - cSSList: [fxgl_dark.css]
09:17:05.034 [FXGL Background Thread 3 ] DEBUG Engine               - collisionDetectionStrategy: BRUTE_FORCE
09:17:05.034 [FXGL Background Thread 3 ] DEBUG Engine               - configClass: Optional.empty
09:17:05.034 [FXGL Background Thread 3 ] DEBUG Engine               - credits: []
09:17:05.034 [FXGL Background Thread 3 ] DEBUG Engine               - defaultCursor: CursorInfo(imageName=fxgl_default_cursor.png, hotspotX=7.0, hotspotY=6.0)
09:17:05.034 [FXGL Background Thread 3 ] DEBUG Engine               - devBBoxColorProperty: ObjectProperty [value: 0xff0000ff]
09:17:05.034 [FXGL Background Thread 3 ] DEBUG Engine               - devEnableDebugCameraProperty: BooleanProperty [value: false]
09:17:05.034 [FXGL Background Thread 3 ] DEBUG Engine               - devSensorColorProperty: ObjectProperty [value: 0xffff00ff]
09:17:05.034 [FXGL Background Thread 3 ] DEBUG Engine               - devShowBBoxProperty: BooleanProperty [value: false]
09:17:05.034 [FXGL Background Thread 3 ] DEBUG Engine               - devShowPositionProperty: BooleanProperty [value: false]
09:17:05.034 [FXGL Background Thread 3 ] DEBUG Engine               - enabledMenuItems: []
09:17:05.034 [FXGL Background Thread 3 ] DEBUG Engine               - engineServices: [class com.almasb.fxgl.app.services.FXGLAssetLoaderService, class com.almasb.fxgl.app.FXGLApplication$GameApplicationService, class com.almasb.fxgl.app.services.FXGLDialogService, class com.almasb.fxgl.app.services.IOTaskExecutorService, class com.almasb.fxgl.io.FileSystemService, class com.almasb.fxgl.localization.LocalizationService, class com.almasb.fxgl.app.services.SystemBundleService, class com.almasb.fxgl.profile.SaveLoadService, class com.almasb.fxgl.ui.FXGLUIFactoryServiceProvider, class com.almasb.fxgl.ui.FXGLDialogFactoryServiceProvider, class com.almasb.fxgl.audio.AudioPlayer, class com.almasb.fxgl.notification.impl.NotificationServiceProvider, class com.almasb.fxgl.achievement.AchievementService, class com.almasb.fxgl.cutscene.CutsceneService, class com.almasb.fxgl.minigames.MiniGameService, class com.almasb.fxgl.net.NetService, class com.almasb.fxgl.app.services.UpdaterService, class com.almasb.fxgl.dev.DevService]
09:17:05.034 [FXGL Background Thread 3 ] DEBUG Engine               - fontGame: Abel-Regular.ttf
09:17:05.034 [FXGL Background Thread 3 ] DEBUG Engine               - fontMono: TerminalLandMono-Regular.otf
09:17:05.034 [FXGL Background Thread 3 ] DEBUG Engine               - fontSizeScaleUI: 1.0
09:17:05.034 [FXGL Background Thread 3 ] DEBUG Engine               - fontText: Courier-Prime.ttf
09:17:05.034 [FXGL Background Thread 3 ] DEBUG Engine               - fontUI: VarelaRound-Regular.ttf
09:17:05.034 [FXGL Background Thread 3 ] DEBUG Engine               - fullScreen: BooleanProperty [value: false]
09:17:05.034 [FXGL Background Thread 3 ] DEBUG Engine               - gameDifficulty: MEDIUM
09:17:05.034 [FXGL Background Thread 3 ] DEBUG Engine               - gameDifficultyProperty: ObjectProperty [value: MEDIUM]
09:17:05.034 [FXGL Background Thread 3 ] DEBUG Engine               - globalMusicVolume: 0.5
09:17:05.035 [FXGL Background Thread 3 ] DEBUG Engine               - globalMusicVolumeProperty: DoubleProperty [value: 0.5]
09:17:05.035 [FXGL Background Thread 3 ] DEBUG Engine               - globalSoundVolume: 0.5
09:17:05.035 [FXGL Background Thread 3 ] DEBUG Engine               - globalSoundVolumeProperty: DoubleProperty [value: 0.5]
09:17:05.036 [FXGL Background Thread 3 ] DEBUG Engine               - height: 600
09:17:05.036 [FXGL Background Thread 3 ] DEBUG Engine               - is3D: false
09:17:05.036 [FXGL Background Thread 3 ] DEBUG Engine               - isAndroid: false
09:17:05.036 [FXGL Background Thread 3 ] DEBUG Engine               - isBrowser: false
09:17:05.037 [FXGL Background Thread 3 ] DEBUG Engine               - isClickFeedbackEnabled: false
09:17:05.037 [FXGL Background Thread 3 ] DEBUG Engine               - isCloseConfirmation: false
09:17:05.037 [FXGL Background Thread 3 ] DEBUG Engine               - isDesktop: true
09:17:05.037 [FXGL Background Thread 3 ] DEBUG Engine               - isDeveloperMenuEnabled: false
09:17:05.037 [FXGL Background Thread 3 ] DEBUG Engine               - isEmbedded: false
09:17:05.038 [FXGL Background Thread 3 ] DEBUG Engine               - isEntityPreloadEnabled: true
09:17:05.038 [FXGL Background Thread 3 ] DEBUG Engine               - isExperimentalTiledLargeMap: false
09:17:05.038 [FXGL Background Thread 3 ] DEBUG Engine               - isFileSystemWriteAllowed: true
09:17:05.038 [FXGL Background Thread 3 ] DEBUG Engine               - isFullScreenAllowed: false
09:17:05.038 [FXGL Background Thread 3 ] DEBUG Engine               - isFullScreenFromStart: false
09:17:05.038 [FXGL Background Thread 3 ] DEBUG Engine               - isGameMenuEnabled: true
09:17:05.040 [FXGL Background Thread 3 ] DEBUG Engine               - isIOS: false
09:17:05.040 [FXGL Background Thread 3 ] DEBUG Engine               - isIntroEnabled: false
09:17:05.040 [FXGL Background Thread 3 ] DEBUG Engine               - isLinux: false
09:17:05.040 [FXGL Background Thread 3 ] DEBUG Engine               - isMac: false
09:17:05.040 [FXGL Background Thread 3 ] DEBUG Engine               - isMainMenuEnabled: false
09:17:05.040 [FXGL Background Thread 3 ] DEBUG Engine               - isManualResizeEnabled: false
09:17:05.040 [FXGL Background Thread 3 ] DEBUG Engine               - isMobile: false
09:17:05.040 [FXGL Background Thread 3 ] DEBUG Engine               - isNative: false
09:17:05.040 [FXGL Background Thread 3 ] DEBUG Engine               - isPauseMusicWhenMinimized: true
09:17:05.040 [FXGL Background Thread 3 ] DEBUG Engine               - isPreserveResizeRatio: false
09:17:05.040 [FXGL Background Thread 3 ] DEBUG Engine               - isProfilingEnabled: false
09:17:05.040 [FXGL Background Thread 3 ] DEBUG Engine               - isScaleAffectedOnResize: true
09:17:05.043 [FXGL Background Thread 3 ] DEBUG Engine               - isSingleStep: false
09:17:05.043 [FXGL Background Thread 3 ] DEBUG Engine               - isUserProfileEnabled: false
09:17:05.043 [FXGL Background Thread 3 ] DEBUG Engine               - isWindows: true
09:17:05.043 [FXGL Background Thread 3 ] DEBUG Engine               - language: ObjectProperty [value: ENGLISH]
09:17:05.043 [FXGL Background Thread 3 ] DEBUG Engine               - menuKey: ESCAPE
09:17:05.043 [FXGL Background Thread 3 ] DEBUG Engine               - mouseSensitivity: 0.2
09:17:05.043 [FXGL Background Thread 3 ] DEBUG Engine               - notificationViewClass: class com.almasb.fxgl.notification.view.XboxNotificationView
09:17:05.043 [FXGL Background Thread 3 ] DEBUG Engine               - pixelsPerMeter: 50.0
09:17:05.043 [FXGL Background Thread 3 ] DEBUG Engine               - platform: WINDOWS
09:17:05.043 [FXGL Background Thread 3 ] DEBUG Engine               - prefHeightProperty: ReadOnlyDoubleProperty [value: 600.0]
09:17:05.043 [FXGL Background Thread 3 ] DEBUG Engine               - prefWidthProperty: ReadOnlyDoubleProperty [value: 1000.0]
09:17:05.043 [FXGL Background Thread 3 ] DEBUG Engine               - profileDir: profiles/
09:17:05.043 [FXGL Background Thread 3 ] DEBUG Engine               - profileName: StringProperty [value: DEFAULT]
09:17:05.043 [FXGL Background Thread 3 ] DEBUG Engine               - randomSeed: -1
09:17:05.044 [FXGL Background Thread 3 ] DEBUG Engine               - runtimeInfo: RuntimeInfo(platform=WINDOWS, version=17.3, build=30.03.2023 11.49)
09:17:05.044 [FXGL Background Thread 3 ] DEBUG Engine               - saveFileExt: sav
09:17:05.044 [FXGL Background Thread 3 ] DEBUG Engine               - scaledHeightProp$fxgl: DoubleProperty [bound, value: 600.0]
09:17:05.044 [FXGL Background Thread 3 ] DEBUG Engine               - scaledWidthProp$fxgl: DoubleProperty [bound, value: 1000.0]
09:17:05.044 [FXGL Background Thread 3 ] DEBUG Engine               - sceneFactory: com.almasb.fxgl.app.scene.SceneFactory@1c03c4b7
09:17:05.044 [FXGL Background Thread 3 ] DEBUG Engine               - secondsIn24h: 60
09:17:05.044 [FXGL Background Thread 3 ] DEBUG Engine               - soundMenuBack: menu/back.wav
09:17:05.044 [FXGL Background Thread 3 ] DEBUG Engine               - soundMenuPress: menu/press.wav
09:17:05.044 [FXGL Background Thread 3 ] DEBUG Engine               - soundMenuSelect: menu/select.wav
09:17:05.044 [FXGL Background Thread 3 ] DEBUG Engine               - soundNotification: core/notification.wav
09:17:05.044 [FXGL Background Thread 3 ] DEBUG Engine               - stageStyle: DECORATED
09:17:05.044 [FXGL Background Thread 3 ] DEBUG Engine               - supportedLanguages: [ENGLISH, FRENCH, GERMAN, HUNGARIAN, RUSSIAN]
09:17:05.044 [FXGL Background Thread 3 ] DEBUG Engine               - ticksPerSecond: -1
09:17:05.044 [FXGL Background Thread 3 ] DEBUG Engine               - title: Simulador de Restaurante
09:17:05.045 [FXGL Background Thread 3 ] DEBUG Engine               - urlGithub: https://github.com/AlmasB/FXGL
09:17:05.045 [FXGL Background Thread 3 ] DEBUG Engine               - urlLeaderboard: http://fxgl-top.herokuapp.com/
09:17:05.045 [FXGL Background Thread 3 ] DEBUG Engine               - urlPOM: https://raw.githubusercontent.com/AlmasB/FXGL/release/README.md
09:17:05.045 [FXGL Background Thread 3 ] DEBUG Engine               - userAppClass: class com.Simulador.Restaurante.RestaurantSimulator
09:17:05.045 [FXGL Background Thread 3 ] DEBUG Engine               - version: 1.0
09:17:05.045 [FXGL Background Thread 3 ] DEBUG Engine               - versionCheckDays: 7
09:17:05.045 [FXGL Background Thread 3 ] DEBUG Engine               - width: 1000
09:17:05.045 [FXGL Background Thread 3 ] DEBUG Engine               - Logging services
09:17:05.045 [FXGL Background Thread 3 ] DEBUG Engine               - class com.almasb.fxgl.app.services.FXGLAssetLoaderService
09:17:05.045 [FXGL Background Thread 3 ] DEBUG Engine               - class com.almasb.fxgl.app.FXGLApplication$GameApplicationService
09:17:05.045 [FXGL Background Thread 3 ] DEBUG Engine               - class com.almasb.fxgl.app.services.FXGLDialogService
09:17:05.045 [FXGL Background Thread 3 ] DEBUG Engine               - class com.almasb.fxgl.app.services.IOTaskExecutorService
09:17:05.045 [FXGL Background Thread 3 ] DEBUG Engine               - class com.almasb.fxgl.io.FileSystemService
09:17:05.045 [FXGL Background Thread 3 ] DEBUG Engine               - class com.almasb.fxgl.localization.LocalizationService
09:17:05.045 [FXGL Background Thread 3 ] DEBUG Engine               - class com.almasb.fxgl.app.services.SystemBundleService
09:17:05.045 [FXGL Background Thread 3 ] DEBUG Engine               - class com.almasb.fxgl.profile.SaveLoadService
09:17:05.045 [FXGL Background Thread 3 ] DEBUG Engine               - class com.almasb.fxgl.ui.FXGLUIFactoryServiceProvider
09:17:05.045 [FXGL Background Thread 3 ] DEBUG Engine               - class com.almasb.fxgl.ui.FXGLDialogFactoryServiceProvider
09:17:05.045 [FXGL Background Thread 3 ] DEBUG Engine               - class com.almasb.fxgl.audio.AudioPlayer
09:17:05.045 [FXGL Background Thread 3 ] DEBUG Engine               - class com.almasb.fxgl.notification.impl.NotificationServiceProvider
09:17:05.045 [FXGL Background Thread 3 ] DEBUG Engine               - class com.almasb.fxgl.achievement.AchievementService
09:17:05.045 [FXGL Background Thread 3 ] DEBUG Engine               - class com.almasb.fxgl.cutscene.CutsceneService
09:17:05.045 [FXGL Background Thread 3 ] DEBUG Engine               - class com.almasb.fxgl.minigames.MiniGameService
09:17:05.045 [FXGL Background Thread 3 ] DEBUG Engine               - class com.almasb.fxgl.net.NetService
09:17:05.045 [FXGL Background Thread 3 ] DEBUG Engine               - class com.almasb.fxgl.app.services.UpdaterService
09:17:05.045 [FXGL Background Thread 3 ] DEBUG Engine               - class com.almasb.fxgl.dev.DevService
09:17:31.893 [JavaFX Application Thread] DEBUG FXGLApplication      - Exiting FXGL
09:17:31.894 [JavaFX Application Thread] DEBUG Async                - Shutting down background threads
09:17:31.894 [JavaFX Application Thread] DEBUG PrimaryStageWindow   - Closing main window
09:17:31.910 [JavaFX Application Thread] DEBUG Logger               - Closing Logger
