21:47:22.964 [main                     ] DEBUG Logger               - Configured Logger
21:47:22.992 [main                     ] DEBUG GameApplication      - Logging settings
Title: Simulador de Restaurante
Version: 1.0
Width: 1400
Height: 700
Fullscreen: false
Intro: false
Profiling: false
Single step:false
App Mode: DEVELOPER
Menu Key: ESCAPE
Stage Style: DECORATED
Scene Factory: class com.almasb.fxgl.app.scene.SceneFactory

21:47:23.329 [JavaFX Application Thread] DEBUG FXGLApplication      - Initializing FXGL
21:47:23.332 [JavaFX Application Thread] INFO  Engine               - FXGL-17.3 (30.03.2023 11.49) on WINDOWS (J:21.0.5 FX:21)
21:47:23.332 [JavaFX Application Thread] DEBUG Engine               - JRE Vendor Name: Oracle Corporation
21:47:23.333 [JavaFX Application Thread] DEBUG Engine               - Running on OS: Windows 11 version 10.0
21:47:23.333 [JavaFX Application Thread] DEBUG Engine               - Architecture: amd64
21:47:23.333 [JavaFX Application Thread] INFO  Engine               - Source code and latest versions at: https://github.com/AlmasB/FXGL
21:47:23.333 [JavaFX Application Thread] INFO  Engine               -       Ask questions and discuss at: https://github.com/AlmasB/FXGL/discussions
21:47:23.333 [JavaFX Application Thread] INFO  Engine               -              Join the FXGL chat at: https://gitter.im/AlmasB/FXGL
21:47:23.405 [JavaFX Application Thread] DEBUG PrimaryStageWindow   - Creating a JavaFX scene
21:47:23.446 [JavaFX Application Thread] DEBUG PrimaryStageWindow   - Target settings size: 1400.0 x 700.0
21:47:23.447 [JavaFX Application Thread] DEBUG PrimaryStageWindow   - Scaled scene size:    1400.0 x 700.0
21:47:23.447 [JavaFX Application Thread] DEBUG PrimaryStageWindow   - Scaled ratio: (1.0, 1.0)
21:47:23.448 [JavaFX Application Thread] DEBUG PrimaryStageWindow   - Set initial scene to FXGLStartupScene
21:47:23.451 [JavaFX Application Thread] DEBUG PrimaryStageWindow   - Opening main window
21:47:23.527 [JavaFX Application Thread] DEBUG PrimaryStageWindow   - Window border size: (14.4000244140625, 37.5999755859375)
21:47:23.527 [JavaFX Application Thread] DEBUG PrimaryStageWindow   - Scaled size: 1400.0 x 700.0
21:47:23.527 [JavaFX Application Thread] DEBUG PrimaryStageWindow   - Scaled ratio: (1.0, 1.0)
21:47:23.528 [JavaFX Application Thread] DEBUG PrimaryStageWindow   - Scene size: 1400.0 x 700.0
21:47:23.528 [JavaFX Application Thread] DEBUG PrimaryStageWindow   - Stage size: 1414.4000244140625 x 737.5999755859375
21:47:23.536 [FXGL Background Thread 1 ] DEBUG Engine               - Initializing environment variables
21:47:23.589 [FXGL Background Thread 1 ] DEBUG FXGLAssetLoaderServi - User app class for loading assets: class com.Simulador.Restaurante.RestaurantSimulator
21:47:23.590 [FXGL Background Thread 1 ] DEBUG GameApplicationServi - Applying CSS: fxgl_dark.css
21:47:23.590 [FXGL Background Thread 1 ] DEBUG FXGLAssetLoaderServi - Loading from file system: jar:file:///C:/Users/Jose%20Alberto%20Morales/.m2/repository/com/github/almasb/fxgl/17.3/fxgl-17.3.jar!/fxglassets/ui/css/fxgl_dark.css
21:47:23.634 [FXGL Background Thread 1 ] DEBUG GameApplicationServi - Initializing application scenes
21:47:23.672 [FXGL Background Thread 1 ] DEBUG GameWorld            - Game world initialized
21:47:23.732 [FXGL Background Thread 1 ] DEBUG PhysicsWorld         - Physics world initialized: appHeight=700, physics.ppm=50.0
21:47:23.732 [FXGL Background Thread 1 ] DEBUG PhysicsWorld         - Using strategy: BRUTE_FORCE
21:47:23.736 [FXGL Background Thread 1 ] DEBUG GameScene            - Game scene initialized: 1400x700
21:47:23.747 [FXGL Background Thread 1 ] DEBUG FXGL.DefaultMenu     - createMenuBodyGameMenu()
21:47:23.758 [FXGL Background Thread 1 ] DEBUG FXGL.DefaultMenu     - createOptionsMenu()
21:47:23.767 [FXGL Background Thread 1 ] DEBUG FXGLAssetLoaderServi - Loading from file system: jar:file:///C:/Users/Jose%20Alberto%20Morales/.m2/repository/com/github/almasb/fxgl/17.3/fxgl-17.3.jar!/fxglassets/textures/particles/smoke.png
21:47:23.846 [FXGL Background Thread 1 ] DEBUG FXGLAssetLoaderServi - Loading from file system: jar:file:///C:/Users/Jose%20Alberto%20Morales/.m2/repository/com/github/almasb/fxgl/17.3/fxgl-17.3.jar!/fxglassets/textures/particles/trace_horizontal.png
21:47:23.876 [FXGL Background Thread 1 ] DEBUG GameApplicationServi - Application scenes initialized
21:47:23.886 [FXGL Background Thread 1 ] DEBUG SystemBundleService  - Loading FXGL system data
21:47:23.890 [FXGL Background Thread 1 ] DEBUG FileSystemAccess     - Reading from: C:\Users\Jose Alberto Morales\Documents\7to Cuatrimestre\Programacion concurrente\Restaurant\system\fxgl.bundle
21:47:23.898 [FXGL Background Thread 1 ] DEBUG SystemBundleService  - Bundle FXGL: {}
21:47:23.898 [FXGL Background Thread 1 ] DEBUG UpdaterService       - Checking for updates
21:47:23.902 [FXGL Background Thread 4 ] DEBUG FXGLApplication      - Loading fonts
21:47:23.903 [FXGL Background Thread 4 ] DEBUG FXGLAssetLoaderServi - Loading from file system: jar:file:///C:/Users/Jose%20Alberto%20Morales/.m2/repository/com/github/almasb/fxgl/17.3/fxgl-17.3.jar!/fxglassets/ui/fonts/VarelaRound-Regular.ttf
21:47:23.903 [FXGL Background Thread 1 ] DEBUG FXGLApplication      - Loading default localization
21:47:23.903 [FXGL Background Thread 1 ] DEBUG FXGLAssetLoaderServi - Loading from file system: jar:file:///C:/Users/Jose%20Alberto%20Morales/.m2/repository/com/github/almasb/fxgl/17.3/fxgl-17.3.jar!/fxglassets/languages/english.lang
21:47:23.920 [FXGL Background Thread 1 ] INFO  FXGLApplication      - FXGL initialization took: 0.384 sec
21:47:23.921 [JavaFX Application Thread] DEBUG FXGLAssetLoaderServi - Loading from file system: jar:file:///C:/Users/Jose%20Alberto%20Morales/.m2/repository/com/github/almasb/fxgl/17.3/fxgl-17.3.jar!/fxglassets/textures/fxgl_icon.png
21:47:23.932 [FXGL Background Thread 4 ] DEBUG FXGLAssetLoaderServi - Loading from file system: jar:file:///C:/Users/Jose%20Alberto%20Morales/.m2/repository/com/github/almasb/fxgl/17.3/fxgl-17.3.jar!/fxglassets/ui/fonts/Abel-Regular.ttf
21:47:23.936 [FXGL Background Thread 4 ] DEBUG FXGLAssetLoaderServi - Loading from file system: jar:file:///C:/Users/Jose%20Alberto%20Morales/.m2/repository/com/github/almasb/fxgl/17.3/fxgl-17.3.jar!/fxglassets/ui/fonts/TerminalLandMono-Regular.otf
21:47:23.938 [JavaFX Application Thread] DEBUG FXGLAssetLoaderServi - Loading from file system: jar:file:///C:/Users/Jose%20Alberto%20Morales/.m2/repository/com/github/almasb/fxgl/17.3/fxgl-17.3.jar!/fxglassets/textures/fxgl_default_cursor.png
21:47:23.940 [FXGL Background Thread 4 ] DEBUG FXGLAssetLoaderServi - Loading from file system: jar:file:///C:/Users/Jose%20Alberto%20Morales/.m2/repository/com/github/almasb/fxgl/17.3/fxgl-17.3.jar!/fxglassets/ui/fonts/Courier-Prime.ttf
21:47:23.949 [JavaFX Application Thread] DEBUG Input                - Registered new binding: Screenshot - CTRL+8
21:47:23.949 [JavaFX Application Thread] DEBUG Input                - Registered new binding: System info dump - CTRL+9
21:47:23.950 [JavaFX Application Thread] DEBUG Input                - Registered new binding: Restart - CTRL+R
21:47:23.951 [JavaFX Application Thread] DEBUG Input                - Registered new binding: Toggle Debug Camera - CTRL+7
21:47:23.954 [JavaFX Application Thread] DEBUG LoopRunner           - Starting loop
21:47:23.954 [JavaFX Application Thread] DEBUG LoopRunner           - Initializing JavaFX AnimationTimerLoop
21:47:23.955 [JavaFX Application Thread] DEBUG GameApplicationServi - Starting new game
21:47:23.956 [JavaFX Application Thread] DEBUG Input                - Clearing active input actions
21:47:23.967 [JavaFX Application Thread] DEBUG GameApplicationServi - Removing overlay from FXGLStartupScene and adding to FXGLLoadingScene
21:47:23.967 [JavaFX Application Thread] DEBUG PrimaryStageWindow   - FXGLStartupScene -> FXGLLoadingScene
21:47:23.967 [JavaFX Application Thread] DEBUG GameApplicationServi - Clearing previous game
21:47:23.967 [JavaFX Application Thread] DEBUG GameScene            - Clearing game scene
21:47:23.967 [JavaFX Application Thread] DEBUG GameWorld            - Clearing game world
21:47:23.968 [JavaFX Application Thread] DEBUG PhysicsWorld         - Clearing physics world
21:47:23.969 [FXGL Background Thread 4 ] DEBUG FXGLApplication      - Initializing game
21:47:23.969 [JavaFX Application Thread] DEBUG FXGLApplication      - Registering font factories with UI factory
21:47:23.977 [FXGL Background Thread 4 ] WARN  FXGLAssetLoaderServi - Asset "/assets/textures/background.png" was not found!
21:47:23.977 [FXGL Background Thread 4 ] WARN  FXGLAssetLoaderServi - Failed to load RESIZABLE_IMAGE
21:47:24.097 [FXGL Background Thread 4 ] WARN  FXGLAssetLoaderServi - Asset "/assets/textures/background.png" was not found!
21:47:24.097 [FXGL Background Thread 4 ] WARN  FXGLAssetLoaderServi - Failed to load RESIZABLE_IMAGE
21:47:24.098 [FXGL Background Thread 4 ] WARN  FXGLAssetLoaderServi - Asset "/assets/textures/background.png" was not found!
21:47:24.098 [FXGL Background Thread 4 ] WARN  FXGLAssetLoaderServi - Failed to load RESIZABLE_IMAGE
21:47:24.122 [FXGL Background Thread 4 ] WARN  FXGLAssetLoaderServi - Asset "/assets/textures/src/main/resources/assets/textures/fondo.png" was not found!
21:47:24.123 [FXGL Background Thread 4 ] WARN  FXGLAssetLoaderServi - Failed to load IMAGE
21:47:24.127 [FXGL Background Thread 4 ] INFO  FXGLApplication      - Game initialization took: 0.158 sec
21:47:24.140 [JavaFX Application Thread] DEBUG Input                - Clearing active input actions
21:47:24.154 [JavaFX Application Thread] DEBUG GameApplicationServi - Removing overlay from FXGLLoadingScene and adding to GameScene
21:47:24.154 [JavaFX Application Thread] DEBUG PrimaryStageWindow   - FXGLLoadingScene -> GameScene
21:47:24.454 [FXGL Background Thread 2 ] INFO  UpdaterService       - Your current version:  17.3
21:47:24.454 [FXGL Background Thread 2 ] INFO  UpdaterService       - Latest stable version: 21.1
21:47:26.901 [FXGL Background Thread 3 ] DEBUG Engine               - Logging environment variables
21:47:26.901 [FXGL Background Thread 3 ] DEBUG Engine               - achievements: []
21:47:26.901 [FXGL Background Thread 3 ] DEBUG Engine               - actualHeight: 700.0
21:47:26.902 [FXGL Background Thread 3 ] DEBUG Engine               - actualHeightProperty: ReadOnlyDoubleProperty [value: 700.0]
21:47:26.902 [FXGL Background Thread 3 ] DEBUG Engine               - actualWidth: 1400.0
21:47:26.902 [FXGL Background Thread 3 ] DEBUG Engine               - actualWidthProperty: ReadOnlyDoubleProperty [value: 1400.0]
21:47:26.902 [FXGL Background Thread 3 ] DEBUG Engine               - appIcon: fxgl_icon.png
21:47:26.902 [FXGL Background Thread 3 ] DEBUG Engine               - applicationMode: DEVELOPER
21:47:26.902 [FXGL Background Thread 3 ] DEBUG Engine               - cSSList: [fxgl_dark.css]
21:47:26.902 [FXGL Background Thread 3 ] DEBUG Engine               - collisionDetectionStrategy: BRUTE_FORCE
21:47:26.902 [FXGL Background Thread 3 ] DEBUG Engine               - configClass: Optional.empty
21:47:26.902 [FXGL Background Thread 3 ] DEBUG Engine               - credits: []
21:47:26.902 [FXGL Background Thread 3 ] DEBUG Engine               - defaultCursor: CursorInfo(imageName=fxgl_default_cursor.png, hotspotX=7.0, hotspotY=6.0)
21:47:26.902 [FXGL Background Thread 3 ] DEBUG Engine               - devBBoxColorProperty: ObjectProperty [value: 0xff0000ff]
21:47:26.902 [FXGL Background Thread 3 ] DEBUG Engine               - devEnableDebugCameraProperty: BooleanProperty [value: false]
21:47:26.902 [FXGL Background Thread 3 ] DEBUG Engine               - devSensorColorProperty: ObjectProperty [value: 0xffff00ff]
21:47:26.902 [FXGL Background Thread 3 ] DEBUG Engine               - devShowBBoxProperty: BooleanProperty [value: false]
21:47:26.902 [FXGL Background Thread 3 ] DEBUG Engine               - devShowPositionProperty: BooleanProperty [value: false]
21:47:26.903 [FXGL Background Thread 3 ] DEBUG Engine               - enabledMenuItems: []
21:47:26.903 [FXGL Background Thread 3 ] DEBUG Engine               - engineServices: [class com.almasb.fxgl.app.services.FXGLAssetLoaderService, class com.almasb.fxgl.app.FXGLApplication$GameApplicationService, class com.almasb.fxgl.app.services.FXGLDialogService, class com.almasb.fxgl.app.services.IOTaskExecutorService, class com.almasb.fxgl.io.FileSystemService, class com.almasb.fxgl.localization.LocalizationService, class com.almasb.fxgl.app.services.SystemBundleService, class com.almasb.fxgl.profile.SaveLoadService, class com.almasb.fxgl.ui.FXGLUIFactoryServiceProvider, class com.almasb.fxgl.ui.FXGLDialogFactoryServiceProvider, class com.almasb.fxgl.audio.AudioPlayer, class com.almasb.fxgl.notification.impl.NotificationServiceProvider, class com.almasb.fxgl.achievement.AchievementService, class com.almasb.fxgl.cutscene.CutsceneService, class com.almasb.fxgl.minigames.MiniGameService, class com.almasb.fxgl.net.NetService, class com.almasb.fxgl.app.services.UpdaterService, class com.almasb.fxgl.dev.DevService]
21:47:26.903 [FXGL Background Thread 3 ] DEBUG Engine               - fontGame: Abel-Regular.ttf
21:47:26.903 [FXGL Background Thread 3 ] DEBUG Engine               - fontMono: TerminalLandMono-Regular.otf
21:47:26.903 [FXGL Background Thread 3 ] DEBUG Engine               - fontSizeScaleUI: 1.0
21:47:26.903 [FXGL Background Thread 3 ] DEBUG Engine               - fontText: Courier-Prime.ttf
21:47:26.903 [FXGL Background Thread 3 ] DEBUG Engine               - fontUI: VarelaRound-Regular.ttf
21:47:26.903 [FXGL Background Thread 3 ] DEBUG Engine               - fullScreen: BooleanProperty [value: false]
21:47:26.903 [FXGL Background Thread 3 ] DEBUG Engine               - gameDifficulty: MEDIUM
21:47:26.903 [FXGL Background Thread 3 ] DEBUG Engine               - gameDifficultyProperty: ObjectProperty [value: MEDIUM]
21:47:26.903 [FXGL Background Thread 3 ] DEBUG Engine               - globalMusicVolume: 0.5
21:47:26.903 [FXGL Background Thread 3 ] DEBUG Engine               - globalMusicVolumeProperty: DoubleProperty [value: 0.5]
21:47:26.903 [FXGL Background Thread 3 ] DEBUG Engine               - globalSoundVolume: 0.5
21:47:26.903 [FXGL Background Thread 3 ] DEBUG Engine               - globalSoundVolumeProperty: DoubleProperty [value: 0.5]
21:47:26.903 [FXGL Background Thread 3 ] DEBUG Engine               - height: 700
21:47:26.903 [FXGL Background Thread 3 ] DEBUG Engine               - is3D: false
21:47:26.903 [FXGL Background Thread 3 ] DEBUG Engine               - isAndroid: false
21:47:26.903 [FXGL Background Thread 3 ] DEBUG Engine               - isBrowser: false
21:47:26.903 [FXGL Background Thread 3 ] DEBUG Engine               - isClickFeedbackEnabled: false
21:47:26.903 [FXGL Background Thread 3 ] DEBUG Engine               - isCloseConfirmation: false
21:47:26.903 [FXGL Background Thread 3 ] DEBUG Engine               - isDesktop: true
21:47:26.903 [FXGL Background Thread 3 ] DEBUG Engine               - isDeveloperMenuEnabled: false
21:47:26.903 [FXGL Background Thread 3 ] DEBUG Engine               - isEmbedded: false
21:47:26.903 [FXGL Background Thread 3 ] DEBUG Engine               - isEntityPreloadEnabled: true
21:47:26.903 [FXGL Background Thread 3 ] DEBUG Engine               - isExperimentalTiledLargeMap: false
21:47:26.904 [FXGL Background Thread 3 ] DEBUG Engine               - isFileSystemWriteAllowed: true
21:47:26.904 [FXGL Background Thread 3 ] DEBUG Engine               - isFullScreenAllowed: false
21:47:26.904 [FXGL Background Thread 3 ] DEBUG Engine               - isFullScreenFromStart: false
21:47:26.904 [FXGL Background Thread 3 ] DEBUG Engine               - isGameMenuEnabled: true
21:47:26.904 [FXGL Background Thread 3 ] DEBUG Engine               - isIOS: false
21:47:26.904 [FXGL Background Thread 3 ] DEBUG Engine               - isIntroEnabled: false
21:47:26.904 [FXGL Background Thread 3 ] DEBUG Engine               - isLinux: false
21:47:26.904 [FXGL Background Thread 3 ] DEBUG Engine               - isMac: false
21:47:26.904 [FXGL Background Thread 3 ] DEBUG Engine               - isMainMenuEnabled: false
21:47:26.904 [FXGL Background Thread 3 ] DEBUG Engine               - isManualResizeEnabled: false
21:47:26.904 [FXGL Background Thread 3 ] DEBUG Engine               - isMobile: false
21:47:26.904 [FXGL Background Thread 3 ] DEBUG Engine               - isNative: false
21:47:26.904 [FXGL Background Thread 3 ] DEBUG Engine               - isPauseMusicWhenMinimized: true
21:47:26.904 [FXGL Background Thread 3 ] DEBUG Engine               - isPreserveResizeRatio: false
21:47:26.904 [FXGL Background Thread 3 ] DEBUG Engine               - isProfilingEnabled: false
21:47:26.904 [FXGL Background Thread 3 ] DEBUG Engine               - isScaleAffectedOnResize: true
21:47:26.904 [FXGL Background Thread 3 ] DEBUG Engine               - isSingleStep: false
21:47:26.904 [FXGL Background Thread 3 ] DEBUG Engine               - isUserProfileEnabled: false
21:47:26.904 [FXGL Background Thread 3 ] DEBUG Engine               - isWindows: true
21:47:26.904 [FXGL Background Thread 3 ] DEBUG Engine               - language: ObjectProperty [value: ENGLISH]
21:47:26.904 [FXGL Background Thread 3 ] DEBUG Engine               - menuKey: ESCAPE
21:47:26.904 [FXGL Background Thread 3 ] DEBUG Engine               - mouseSensitivity: 0.2
21:47:26.904 [FXGL Background Thread 3 ] DEBUG Engine               - notificationViewClass: class com.almasb.fxgl.notification.view.XboxNotificationView
21:47:26.905 [FXGL Background Thread 3 ] DEBUG Engine               - pixelsPerMeter: 50.0
21:47:26.905 [FXGL Background Thread 3 ] DEBUG Engine               - platform: WINDOWS
21:47:26.905 [FXGL Background Thread 3 ] DEBUG Engine               - prefHeightProperty: ReadOnlyDoubleProperty [value: 700.0]
21:47:26.905 [FXGL Background Thread 3 ] DEBUG Engine               - prefWidthProperty: ReadOnlyDoubleProperty [value: 1400.0]
21:47:26.905 [FXGL Background Thread 3 ] DEBUG Engine               - profileDir: profiles/
21:47:26.905 [FXGL Background Thread 3 ] DEBUG Engine               - profileName: StringProperty [value: DEFAULT]
21:47:26.905 [FXGL Background Thread 3 ] DEBUG Engine               - randomSeed: -1
21:47:26.905 [FXGL Background Thread 3 ] DEBUG Engine               - runtimeInfo: RuntimeInfo(platform=WINDOWS, version=17.3, build=30.03.2023 11.49)
21:47:26.905 [FXGL Background Thread 3 ] DEBUG Engine               - saveFileExt: sav
21:47:26.905 [FXGL Background Thread 3 ] DEBUG Engine               - scaledHeightProp$fxgl: DoubleProperty [bound, value: 700.0]
21:47:26.905 [FXGL Background Thread 3 ] DEBUG Engine               - scaledWidthProp$fxgl: DoubleProperty [bound, value: 1400.0]
21:47:26.905 [FXGL Background Thread 3 ] DEBUG Engine               - sceneFactory: com.almasb.fxgl.app.scene.SceneFactory@32b61eee
21:47:26.905 [FXGL Background Thread 3 ] DEBUG Engine               - secondsIn24h: 60
21:47:26.905 [FXGL Background Thread 3 ] DEBUG Engine               - soundMenuBack: menu/back.wav
21:47:26.905 [FXGL Background Thread 3 ] DEBUG Engine               - soundMenuPress: menu/press.wav
21:47:26.905 [FXGL Background Thread 3 ] DEBUG Engine               - soundMenuSelect: menu/select.wav
21:47:26.905 [FXGL Background Thread 3 ] DEBUG Engine               - soundNotification: core/notification.wav
21:47:26.906 [FXGL Background Thread 3 ] DEBUG Engine               - stageStyle: DECORATED
21:47:26.906 [FXGL Background Thread 3 ] DEBUG Engine               - supportedLanguages: [ENGLISH, FRENCH, GERMAN, HUNGARIAN, RUSSIAN]
21:47:26.906 [FXGL Background Thread 3 ] DEBUG Engine               - ticksPerSecond: -1
21:47:26.906 [FXGL Background Thread 3 ] DEBUG Engine               - title: Simulador de Restaurante
21:47:26.906 [FXGL Background Thread 3 ] DEBUG Engine               - urlGithub: https://github.com/AlmasB/FXGL
21:47:26.906 [FXGL Background Thread 3 ] DEBUG Engine               - urlLeaderboard: http://fxgl-top.herokuapp.com/
21:47:26.906 [FXGL Background Thread 3 ] DEBUG Engine               - urlPOM: https://raw.githubusercontent.com/AlmasB/FXGL/release/README.md
21:47:26.906 [FXGL Background Thread 3 ] DEBUG Engine               - userAppClass: class com.Simulador.Restaurante.RestaurantSimulator
21:47:26.906 [FXGL Background Thread 3 ] DEBUG Engine               - version: 1.0
21:47:26.906 [FXGL Background Thread 3 ] DEBUG Engine               - versionCheckDays: 7
21:47:26.906 [FXGL Background Thread 3 ] DEBUG Engine               - width: 1400
21:47:26.906 [FXGL Background Thread 3 ] DEBUG Engine               - Logging services
21:47:26.906 [FXGL Background Thread 3 ] DEBUG Engine               - class com.almasb.fxgl.app.services.FXGLAssetLoaderService
21:47:26.906 [FXGL Background Thread 3 ] DEBUG Engine               - class com.almasb.fxgl.app.FXGLApplication$GameApplicationService
21:47:26.906 [FXGL Background Thread 3 ] DEBUG Engine               - class com.almasb.fxgl.app.services.FXGLDialogService
21:47:26.906 [FXGL Background Thread 3 ] DEBUG Engine               - class com.almasb.fxgl.app.services.IOTaskExecutorService
21:47:26.906 [FXGL Background Thread 3 ] DEBUG Engine               - class com.almasb.fxgl.io.FileSystemService
21:47:26.906 [FXGL Background Thread 3 ] DEBUG Engine               - class com.almasb.fxgl.localization.LocalizationService
21:47:26.906 [FXGL Background Thread 3 ] DEBUG Engine               - class com.almasb.fxgl.app.services.SystemBundleService
21:47:26.906 [FXGL Background Thread 3 ] DEBUG Engine               - class com.almasb.fxgl.profile.SaveLoadService
21:47:26.907 [FXGL Background Thread 3 ] DEBUG Engine               - class com.almasb.fxgl.ui.FXGLUIFactoryServiceProvider
21:47:26.907 [FXGL Background Thread 3 ] DEBUG Engine               - class com.almasb.fxgl.ui.FXGLDialogFactoryServiceProvider
21:47:26.907 [FXGL Background Thread 3 ] DEBUG Engine               - class com.almasb.fxgl.audio.AudioPlayer
21:47:26.907 [FXGL Background Thread 3 ] DEBUG Engine               - class com.almasb.fxgl.notification.impl.NotificationServiceProvider
21:47:26.907 [FXGL Background Thread 3 ] DEBUG Engine               - class com.almasb.fxgl.achievement.AchievementService
21:47:26.907 [FXGL Background Thread 3 ] DEBUG Engine               - class com.almasb.fxgl.cutscene.CutsceneService
21:47:26.907 [FXGL Background Thread 3 ] DEBUG Engine               - class com.almasb.fxgl.minigames.MiniGameService
21:47:26.907 [FXGL Background Thread 3 ] DEBUG Engine               - class com.almasb.fxgl.net.NetService
21:47:26.907 [FXGL Background Thread 3 ] DEBUG Engine               - class com.almasb.fxgl.app.services.UpdaterService
21:47:26.907 [FXGL Background Thread 3 ] DEBUG Engine               - class com.almasb.fxgl.dev.DevService
21:47:27.162 [JavaFX Application Thread] DEBUG FXGLApplication      - Exiting FXGL
21:47:27.163 [JavaFX Application Thread] DEBUG LoopRunner           - Stopping loop
21:47:27.163 [JavaFX Application Thread] DEBUG SystemBundleService  - Saving FXGL system data
21:47:27.165 [JavaFX Application Thread] DEBUG FileSystemAccess     - Writing to: C:\Users\Jose Alberto Morales\Documents\7to Cuatrimestre\Programacion concurrente\Restaurant\system\fxgl.bundle
21:47:27.168 [JavaFX Application Thread] DEBUG Async                - Shutting down background threads
21:47:27.168 [JavaFX Application Thread] DEBUG PrimaryStageWindow   - Closing main window
21:47:27.188 [JavaFX Application Thread] DEBUG Logger               - Closing Logger
