12:50:07.265 [main                     ] DEBUG Logger               - Configured Logger
12:50:07.291 [main                     ] DEBUG GameApplication      - Logging settings
Title: Simulador Restaurante
Version: 0.1
Width: 1300
Height: 700
Fullscreen: false
Intro: false
Profiling: false
Single step:false
App Mode: DEVELOPER
Menu Key: ESCAPE
Stage Style: DECORATED
Scene Factory: class com.Simulador.Restaurante.RestaurantSimulator$1

12:50:07.630 [JavaFX Application Thread] DEBUG FXGLApplication      - Initializing FXGL
12:50:07.635 [JavaFX Application Thread] INFO  Engine               - FXGL-17.3 (30.03.2023 11.49) on WINDOWS (J:21.0.5 FX:21)
12:50:07.635 [JavaFX Application Thread] DEBUG Engine               - JRE Vendor Name: Oracle Corporation
12:50:07.636 [JavaFX Application Thread] DEBUG Engine               - Running on OS: Windows 11 version 10.0
12:50:07.636 [JavaFX Application Thread] DEBUG Engine               - Architecture: amd64
12:50:07.636 [JavaFX Application Thread] INFO  Engine               - Source code and latest versions at: https://github.com/AlmasB/FXGL
12:50:07.636 [JavaFX Application Thread] INFO  Engine               -       Ask questions and discuss at: https://github.com/AlmasB/FXGL/discussions
12:50:07.636 [JavaFX Application Thread] INFO  Engine               -              Join the FXGL chat at: https://gitter.im/AlmasB/FXGL
12:50:07.713 [JavaFX Application Thread] DEBUG PrimaryStageWindow   - Creating a JavaFX scene
12:50:07.768 [JavaFX Application Thread] DEBUG PrimaryStageWindow   - Target settings size: 1300.0 x 700.0
12:50:07.768 [JavaFX Application Thread] DEBUG PrimaryStageWindow   - Scaled scene size:    1300.0 x 700.0
12:50:07.769 [JavaFX Application Thread] DEBUG PrimaryStageWindow   - Scaled ratio: (1.0, 1.0)
12:50:07.770 [JavaFX Application Thread] DEBUG PrimaryStageWindow   - Set initial scene to FXGLStartupScene
12:50:07.773 [JavaFX Application Thread] DEBUG PrimaryStageWindow   - Opening main window
12:50:07.864 [JavaFX Application Thread] DEBUG PrimaryStageWindow   - Window border size: (14.4000244140625, 37.5999755859375)
12:50:07.864 [JavaFX Application Thread] DEBUG PrimaryStageWindow   - Scaled size: 1300.0 x 700.0
12:50:07.864 [JavaFX Application Thread] DEBUG PrimaryStageWindow   - Scaled ratio: (1.0, 1.0)
12:50:07.865 [JavaFX Application Thread] DEBUG PrimaryStageWindow   - Scene size: 1300.0 x 700.0
12:50:07.865 [JavaFX Application Thread] DEBUG PrimaryStageWindow   - Stage size: 1314.4000244140625 x 737.5999755859375
12:50:07.873 [FXGL Background Thread 1 ] DEBUG Engine               - Initializing environment variables
12:50:07.935 [FXGL Background Thread 1 ] DEBUG FXGLAssetLoaderServi - User app class for loading assets: class com.Simulador.Restaurante.RestaurantSimulator
12:50:07.936 [FXGL Background Thread 1 ] DEBUG GameApplicationServi - Applying CSS: fxgl_dark.css
12:50:07.937 [FXGL Background Thread 1 ] DEBUG FXGLAssetLoaderServi - Loading from file system: jar:file:///C:/Users/Jose%20Alberto%20Morales/.m2/repository/com/github/almasb/fxgl/17.3/fxgl-17.3.jar!/fxglassets/ui/css/fxgl_dark.css
12:50:07.997 [FXGL Background Thread 1 ] DEBUG GameApplicationServi - Initializing application scenes
12:50:08.078 [FXGL Background Thread 1 ] DEBUG GameWorld            - Game world initialized
12:50:08.163 [FXGL Background Thread 1 ] DEBUG PhysicsWorld         - Physics world initialized: appHeight=700, physics.ppm=50.0
12:50:08.164 [FXGL Background Thread 1 ] DEBUG PhysicsWorld         - Using strategy: BRUTE_FORCE
12:50:08.168 [FXGL Background Thread 1 ] DEBUG GameScene            - Game scene initialized: 1300x700
12:50:08.223 [FXGL Background Thread 1 ] DEBUG FXGL.DefaultMenu     - createMenuBodyGameMenu()
12:50:08.228 [FXGL Background Thread 1 ] DEBUG FXGL.DefaultMenu     - createOptionsMenu()
12:50:08.234 [FXGL Background Thread 1 ] DEBUG FXGLAssetLoaderServi - Loading from file system: jar:file:///C:/Users/Jose%20Alberto%20Morales/.m2/repository/com/github/almasb/fxgl/17.3/fxgl-17.3.jar!/fxglassets/textures/particles/smoke.png
12:50:08.307 [FXGL Background Thread 1 ] DEBUG FXGLAssetLoaderServi - Loading from file system: jar:file:///C:/Users/Jose%20Alberto%20Morales/.m2/repository/com/github/almasb/fxgl/17.3/fxgl-17.3.jar!/fxglassets/textures/particles/trace_horizontal.png
12:50:08.338 [FXGL Background Thread 1 ] DEBUG GameApplicationServi - Application scenes initialized
12:50:08.347 [FXGL Background Thread 1 ] DEBUG SystemBundleService  - Loading FXGL system data
12:50:08.351 [FXGL Background Thread 1 ] DEBUG FileSystemAccess     - Reading from: C:\Users\Jose Alberto Morales\Documents\7to Cuatrimestre\Programacion concurrente\Restaurant\system\fxgl.bundle
12:50:08.359 [FXGL Background Thread 1 ] DEBUG SystemBundleService  - Bundle FXGL: {}
12:50:08.359 [FXGL Background Thread 1 ] DEBUG UpdaterService       - Checking for updates
12:50:08.363 [FXGL Background Thread 4 ] DEBUG FXGLApplication      - Loading fonts
12:50:08.363 [FXGL Background Thread 4 ] DEBUG FXGLAssetLoaderServi - Loading from file system: jar:file:///C:/Users/Jose%20Alberto%20Morales/.m2/repository/com/github/almasb/fxgl/17.3/fxgl-17.3.jar!/fxglassets/ui/fonts/VarelaRound-Regular.ttf
12:50:08.363 [FXGL Background Thread 1 ] DEBUG FXGLApplication      - Loading default localization
12:50:08.364 [FXGL Background Thread 1 ] DEBUG FXGLAssetLoaderServi - Loading from file system: jar:file:///C:/Users/Jose%20Alberto%20Morales/.m2/repository/com/github/almasb/fxgl/17.3/fxgl-17.3.jar!/fxglassets/languages/english.lang
12:50:08.384 [FXGL Background Thread 1 ] INFO  FXGLApplication      - FXGL initialization took: 0.511 sec
12:50:08.385 [JavaFX Application Thread] DEBUG FXGLAssetLoaderServi - Loading from file system: jar:file:///C:/Users/Jose%20Alberto%20Morales/.m2/repository/com/github/almasb/fxgl/17.3/fxgl-17.3.jar!/fxglassets/textures/fxgl_icon.png
12:50:08.395 [FXGL Background Thread 4 ] DEBUG FXGLAssetLoaderServi - Loading from file system: jar:file:///C:/Users/Jose%20Alberto%20Morales/.m2/repository/com/github/almasb/fxgl/17.3/fxgl-17.3.jar!/fxglassets/ui/fonts/Abel-Regular.ttf
12:50:08.400 [FXGL Background Thread 4 ] DEBUG FXGLAssetLoaderServi - Loading from file system: jar:file:///C:/Users/Jose%20Alberto%20Morales/.m2/repository/com/github/almasb/fxgl/17.3/fxgl-17.3.jar!/fxglassets/ui/fonts/TerminalLandMono-Regular.otf
12:50:08.404 [JavaFX Application Thread] DEBUG FXGLAssetLoaderServi - Loading from file system: jar:file:///C:/Users/Jose%20Alberto%20Morales/.m2/repository/com/github/almasb/fxgl/17.3/fxgl-17.3.jar!/fxglassets/textures/fxgl_default_cursor.png
12:50:08.405 [FXGL Background Thread 4 ] DEBUG FXGLAssetLoaderServi - Loading from file system: jar:file:///C:/Users/Jose%20Alberto%20Morales/.m2/repository/com/github/almasb/fxgl/17.3/fxgl-17.3.jar!/fxglassets/ui/fonts/Courier-Prime.ttf
12:50:08.415 [JavaFX Application Thread] DEBUG Input                - Registered new binding: Screenshot - CTRL+8
12:50:08.415 [JavaFX Application Thread] DEBUG Input                - Registered new binding: System info dump - CTRL+9
12:50:08.415 [JavaFX Application Thread] DEBUG Input                - Registered new binding: Restart - CTRL+R
12:50:08.416 [JavaFX Application Thread] DEBUG Input                - Registered new binding: Toggle Debug Camera - CTRL+7
12:50:08.418 [JavaFX Application Thread] DEBUG LoopRunner           - Starting loop
12:50:08.419 [JavaFX Application Thread] DEBUG LoopRunner           - Initializing JavaFX AnimationTimerLoop
12:50:08.421 [JavaFX Application Thread] DEBUG Input                - Clearing active input actions
12:50:08.428 [JavaFX Application Thread] DEBUG GameApplicationServi - Removing overlay from FXGLStartupScene and adding to FXGLMainMenuDummyScene
12:50:08.429 [JavaFX Application Thread] DEBUG PrimaryStageWindow   - FXGLStartupScene -> FXGLMainMenuDummyScene
12:50:08.429 [JavaFX Application Thread] DEBUG PrimaryStageWindow   - Push state: MainMenu
12:50:08.429 [JavaFX Application Thread] DEBUG Input                - Clearing active input actions
12:50:08.437 [JavaFX Application Thread] DEBUG GameApplicationServi - Removing overlay from FXGLMainMenuDummyScene and adding to MainMenu
12:50:08.437 [JavaFX Application Thread] DEBUG PrimaryStageWindow   - FXGLMainMenuDummyScene -> MainMenu
12:50:08.437 [JavaFX Application Thread] DEBUG FXGLApplication      - Registering font factories with UI factory
12:50:09.146 [FXGL Background Thread 2 ] INFO  UpdaterService       - Your current version:  17.3
12:50:09.147 [FXGL Background Thread 2 ] INFO  UpdaterService       - Latest stable version: 21.1
12:50:09.176 [JavaFX Application Thread] DEBUG Menu                 - fireNewGame()
12:50:09.176 [JavaFX Application Thread] DEBUG GameApplicationServi - Starting new game
12:50:09.176 [JavaFX Application Thread] DEBUG PrimaryStageWindow   - Pop state: MainMenu
12:50:09.176 [JavaFX Application Thread] DEBUG Input                - Clearing active input actions
12:50:09.177 [JavaFX Application Thread] DEBUG GameApplicationServi - Removing overlay from MainMenu and adding to FXGLMainMenuDummyScene
12:50:09.177 [JavaFX Application Thread] DEBUG PrimaryStageWindow   - FXGLMainMenuDummyScene <- MainMenu
12:50:09.177 [JavaFX Application Thread] DEBUG Input                - Clearing active input actions
12:50:09.183 [JavaFX Application Thread] DEBUG GameApplicationServi - Removing overlay from FXGLMainMenuDummyScene and adding to FXGLLoadingScene
12:50:09.183 [JavaFX Application Thread] DEBUG PrimaryStageWindow   - FXGLMainMenuDummyScene -> FXGLLoadingScene
12:50:09.183 [JavaFX Application Thread] DEBUG GameApplicationServi - Clearing previous game
12:50:09.183 [JavaFX Application Thread] DEBUG GameScene            - Clearing game scene
12:50:09.183 [JavaFX Application Thread] DEBUG GameWorld            - Clearing game world
12:50:09.184 [JavaFX Application Thread] DEBUG PhysicsWorld         - Clearing physics world
12:50:09.187 [FXGL Background Thread 2 ] DEBUG FXGLApplication      - Initializing game
12:50:09.287 [FXGL Background Thread 2 ] INFO  FXGLApplication      - Game initialization took: 0.100 sec
12:50:09.293 [JavaFX Application Thread] DEBUG Input                - Clearing active input actions
12:50:09.301 [JavaFX Application Thread] DEBUG GameApplicationServi - Removing overlay from FXGLLoadingScene and adding to GameScene
12:50:09.301 [JavaFX Application Thread] DEBUG PrimaryStageWindow   - FXGLLoadingScene -> GameScene
12:50:11.362 [FXGL Background Thread 3 ] DEBUG Engine               - Logging environment variables
12:50:11.362 [FXGL Background Thread 3 ] DEBUG Engine               - achievements: []
12:50:11.362 [FXGL Background Thread 3 ] DEBUG Engine               - actualHeight: 700.0
12:50:11.362 [FXGL Background Thread 3 ] DEBUG Engine               - actualHeightProperty: ReadOnlyDoubleProperty [value: 700.0]
12:50:11.362 [FXGL Background Thread 3 ] DEBUG Engine               - actualWidth: 1300.0
12:50:11.362 [FXGL Background Thread 3 ] DEBUG Engine               - actualWidthProperty: ReadOnlyDoubleProperty [value: 1300.0]
12:50:11.362 [FXGL Background Thread 3 ] DEBUG Engine               - appIcon: fxgl_icon.png
12:50:11.362 [FXGL Background Thread 3 ] DEBUG Engine               - applicationMode: DEVELOPER
12:50:11.362 [FXGL Background Thread 3 ] DEBUG Engine               - cSSList: [fxgl_dark.css]
12:50:11.362 [FXGL Background Thread 3 ] DEBUG Engine               - collisionDetectionStrategy: BRUTE_FORCE
12:50:11.362 [FXGL Background Thread 3 ] DEBUG Engine               - configClass: Optional.empty
12:50:11.362 [FXGL Background Thread 3 ] DEBUG Engine               - credits: []
12:50:11.362 [FXGL Background Thread 3 ] DEBUG Engine               - defaultCursor: CursorInfo(imageName=fxgl_default_cursor.png, hotspotX=7.0, hotspotY=6.0)
12:50:11.363 [FXGL Background Thread 3 ] DEBUG Engine               - devBBoxColorProperty: ObjectProperty [value: 0xff0000ff]
12:50:11.363 [FXGL Background Thread 3 ] DEBUG Engine               - devEnableDebugCameraProperty: BooleanProperty [value: false]
12:50:11.363 [FXGL Background Thread 3 ] DEBUG Engine               - devSensorColorProperty: ObjectProperty [value: 0xffff00ff]
12:50:11.363 [FXGL Background Thread 3 ] DEBUG Engine               - devShowBBoxProperty: BooleanProperty [value: false]
12:50:11.363 [FXGL Background Thread 3 ] DEBUG Engine               - devShowPositionProperty: BooleanProperty [value: false]
12:50:11.363 [FXGL Background Thread 3 ] DEBUG Engine               - enabledMenuItems: []
12:50:11.363 [FXGL Background Thread 3 ] DEBUG Engine               - engineServices: [class com.almasb.fxgl.app.services.FXGLAssetLoaderService, class com.almasb.fxgl.app.FXGLApplication$GameApplicationService, class com.almasb.fxgl.app.services.FXGLDialogService, class com.almasb.fxgl.app.services.IOTaskExecutorService, class com.almasb.fxgl.io.FileSystemService, class com.almasb.fxgl.localization.LocalizationService, class com.almasb.fxgl.app.services.SystemBundleService, class com.almasb.fxgl.profile.SaveLoadService, class com.almasb.fxgl.ui.FXGLUIFactoryServiceProvider, class com.almasb.fxgl.ui.FXGLDialogFactoryServiceProvider, class com.almasb.fxgl.audio.AudioPlayer, class com.almasb.fxgl.notification.impl.NotificationServiceProvider, class com.almasb.fxgl.achievement.AchievementService, class com.almasb.fxgl.cutscene.CutsceneService, class com.almasb.fxgl.minigames.MiniGameService, class com.almasb.fxgl.net.NetService, class com.almasb.fxgl.app.services.UpdaterService, class com.almasb.fxgl.dev.DevService]
12:50:11.363 [FXGL Background Thread 3 ] DEBUG Engine               - fontGame: Abel-Regular.ttf
12:50:11.363 [FXGL Background Thread 3 ] DEBUG Engine               - fontMono: TerminalLandMono-Regular.otf
12:50:11.363 [FXGL Background Thread 3 ] DEBUG Engine               - fontSizeScaleUI: 1.0
12:50:11.363 [FXGL Background Thread 3 ] DEBUG Engine               - fontText: Courier-Prime.ttf
12:50:11.363 [FXGL Background Thread 3 ] DEBUG Engine               - fontUI: VarelaRound-Regular.ttf
12:50:11.363 [FXGL Background Thread 3 ] DEBUG Engine               - fullScreen: BooleanProperty [value: false]
12:50:11.363 [FXGL Background Thread 3 ] DEBUG Engine               - gameDifficulty: MEDIUM
12:50:11.363 [FXGL Background Thread 3 ] DEBUG Engine               - gameDifficultyProperty: ObjectProperty [value: MEDIUM]
12:50:11.363 [FXGL Background Thread 3 ] DEBUG Engine               - globalMusicVolume: 0.5
12:50:11.363 [FXGL Background Thread 3 ] DEBUG Engine               - globalMusicVolumeProperty: DoubleProperty [value: 0.5]
12:50:11.363 [FXGL Background Thread 3 ] DEBUG Engine               - globalSoundVolume: 0.5
12:50:11.363 [FXGL Background Thread 3 ] DEBUG Engine               - globalSoundVolumeProperty: DoubleProperty [value: 0.5]
12:50:11.363 [FXGL Background Thread 3 ] DEBUG Engine               - height: 700
12:50:11.363 [FXGL Background Thread 3 ] DEBUG Engine               - is3D: false
12:50:11.364 [FXGL Background Thread 3 ] DEBUG Engine               - isAndroid: false
12:50:11.364 [FXGL Background Thread 3 ] DEBUG Engine               - isBrowser: false
12:50:11.364 [FXGL Background Thread 3 ] DEBUG Engine               - isClickFeedbackEnabled: false
12:50:11.364 [FXGL Background Thread 3 ] DEBUG Engine               - isCloseConfirmation: false
12:50:11.364 [FXGL Background Thread 3 ] DEBUG Engine               - isDesktop: true
12:50:11.364 [FXGL Background Thread 3 ] DEBUG Engine               - isDeveloperMenuEnabled: false
12:50:11.364 [FXGL Background Thread 3 ] DEBUG Engine               - isEmbedded: false
12:50:11.364 [FXGL Background Thread 3 ] DEBUG Engine               - isEntityPreloadEnabled: true
12:50:11.364 [FXGL Background Thread 3 ] DEBUG Engine               - isExperimentalTiledLargeMap: false
12:50:11.364 [FXGL Background Thread 3 ] DEBUG Engine               - isFileSystemWriteAllowed: true
12:50:11.364 [FXGL Background Thread 3 ] DEBUG Engine               - isFullScreenAllowed: false
12:50:11.364 [FXGL Background Thread 3 ] DEBUG Engine               - isFullScreenFromStart: false
12:50:11.364 [FXGL Background Thread 3 ] DEBUG Engine               - isGameMenuEnabled: true
12:50:11.364 [FXGL Background Thread 3 ] DEBUG Engine               - isIOS: false
12:50:11.364 [FXGL Background Thread 3 ] DEBUG Engine               - isIntroEnabled: false
12:50:11.364 [FXGL Background Thread 3 ] DEBUG Engine               - isLinux: false
12:50:11.364 [FXGL Background Thread 3 ] DEBUG Engine               - isMac: false
12:50:11.364 [FXGL Background Thread 3 ] DEBUG Engine               - isMainMenuEnabled: true
12:50:11.364 [FXGL Background Thread 3 ] DEBUG Engine               - isManualResizeEnabled: false
12:50:11.364 [FXGL Background Thread 3 ] DEBUG Engine               - isMobile: false
12:50:11.364 [FXGL Background Thread 3 ] DEBUG Engine               - isNative: false
12:50:11.364 [FXGL Background Thread 3 ] DEBUG Engine               - isPauseMusicWhenMinimized: true
12:50:11.364 [FXGL Background Thread 3 ] DEBUG Engine               - isPreserveResizeRatio: false
12:50:11.364 [FXGL Background Thread 3 ] DEBUG Engine               - isProfilingEnabled: false
12:50:11.364 [FXGL Background Thread 3 ] DEBUG Engine               - isScaleAffectedOnResize: true
12:50:11.364 [FXGL Background Thread 3 ] DEBUG Engine               - isSingleStep: false
12:50:11.364 [FXGL Background Thread 3 ] DEBUG Engine               - isUserProfileEnabled: false
12:50:11.365 [FXGL Background Thread 3 ] DEBUG Engine               - isWindows: true
12:50:11.365 [FXGL Background Thread 3 ] DEBUG Engine               - language: ObjectProperty [value: ENGLISH]
12:50:11.365 [FXGL Background Thread 3 ] DEBUG Engine               - menuKey: ESCAPE
12:50:11.365 [FXGL Background Thread 3 ] DEBUG Engine               - mouseSensitivity: 0.2
12:50:11.365 [FXGL Background Thread 3 ] DEBUG Engine               - notificationViewClass: class com.almasb.fxgl.notification.view.XboxNotificationView
12:50:11.365 [FXGL Background Thread 3 ] DEBUG Engine               - pixelsPerMeter: 50.0
12:50:11.365 [FXGL Background Thread 3 ] DEBUG Engine               - platform: WINDOWS
12:50:11.365 [FXGL Background Thread 3 ] DEBUG Engine               - prefHeightProperty: ReadOnlyDoubleProperty [value: 700.0]
12:50:11.365 [FXGL Background Thread 3 ] DEBUG Engine               - prefWidthProperty: ReadOnlyDoubleProperty [value: 1300.0]
12:50:11.365 [FXGL Background Thread 3 ] DEBUG Engine               - profileDir: profiles/
12:50:11.365 [FXGL Background Thread 3 ] DEBUG Engine               - profileName: StringProperty [value: DEFAULT]
12:50:11.365 [FXGL Background Thread 3 ] DEBUG Engine               - randomSeed: -1
12:50:11.365 [FXGL Background Thread 3 ] DEBUG Engine               - runtimeInfo: RuntimeInfo(platform=WINDOWS, version=17.3, build=30.03.2023 11.49)
12:50:11.365 [FXGL Background Thread 3 ] DEBUG Engine               - saveFileExt: sav
12:50:11.365 [FXGL Background Thread 3 ] DEBUG Engine               - scaledHeightProp$fxgl: DoubleProperty [bound, value: 700.0]
12:50:11.365 [FXGL Background Thread 3 ] DEBUG Engine               - scaledWidthProp$fxgl: DoubleProperty [bound, value: 1300.0]
12:50:11.365 [FXGL Background Thread 3 ] DEBUG Engine               - sceneFactory: com.Simulador.Restaurante.RestaurantSimulator$1@36732e3f
12:50:11.365 [FXGL Background Thread 3 ] DEBUG Engine               - secondsIn24h: 60
12:50:11.365 [FXGL Background Thread 3 ] DEBUG Engine               - soundMenuBack: menu/back.wav
12:50:11.365 [FXGL Background Thread 3 ] DEBUG Engine               - soundMenuPress: menu/press.wav
12:50:11.365 [FXGL Background Thread 3 ] DEBUG Engine               - soundMenuSelect: menu/select.wav
12:50:11.365 [FXGL Background Thread 3 ] DEBUG Engine               - soundNotification: core/notification.wav
12:50:11.365 [FXGL Background Thread 3 ] DEBUG Engine               - stageStyle: DECORATED
12:50:11.366 [FXGL Background Thread 3 ] DEBUG Engine               - supportedLanguages: [ENGLISH, FRENCH, GERMAN, HUNGARIAN, RUSSIAN]
12:50:11.366 [FXGL Background Thread 3 ] DEBUG Engine               - ticksPerSecond: -1
12:50:11.366 [FXGL Background Thread 3 ] DEBUG Engine               - title: Simulador Restaurante
12:50:11.366 [FXGL Background Thread 3 ] DEBUG Engine               - urlGithub: https://github.com/AlmasB/FXGL
12:50:11.366 [FXGL Background Thread 3 ] DEBUG Engine               - urlLeaderboard: http://fxgl-top.herokuapp.com/
12:50:11.366 [FXGL Background Thread 3 ] DEBUG Engine               - urlPOM: https://raw.githubusercontent.com/AlmasB/FXGL/release/README.md
12:50:11.366 [FXGL Background Thread 3 ] DEBUG Engine               - userAppClass: class com.Simulador.Restaurante.RestaurantSimulator
12:50:11.366 [FXGL Background Thread 3 ] DEBUG Engine               - version: 0.1
12:50:11.366 [FXGL Background Thread 3 ] DEBUG Engine               - versionCheckDays: 7
12:50:11.366 [FXGL Background Thread 3 ] DEBUG Engine               - width: 1300
12:50:11.366 [FXGL Background Thread 3 ] DEBUG Engine               - Logging services
12:50:11.366 [FXGL Background Thread 3 ] DEBUG Engine               - class com.almasb.fxgl.app.services.FXGLAssetLoaderService
12:50:11.366 [FXGL Background Thread 3 ] DEBUG Engine               - class com.almasb.fxgl.app.FXGLApplication$GameApplicationService
12:50:11.366 [FXGL Background Thread 3 ] DEBUG Engine               - class com.almasb.fxgl.app.services.FXGLDialogService
12:50:11.366 [FXGL Background Thread 3 ] DEBUG Engine               - class com.almasb.fxgl.app.services.IOTaskExecutorService
12:50:11.366 [FXGL Background Thread 3 ] DEBUG Engine               - class com.almasb.fxgl.io.FileSystemService
12:50:11.366 [FXGL Background Thread 3 ] DEBUG Engine               - class com.almasb.fxgl.localization.LocalizationService
12:50:11.366 [FXGL Background Thread 3 ] DEBUG Engine               - class com.almasb.fxgl.app.services.SystemBundleService
12:50:11.366 [FXGL Background Thread 3 ] DEBUG Engine               - class com.almasb.fxgl.profile.SaveLoadService
12:50:11.366 [FXGL Background Thread 3 ] DEBUG Engine               - class com.almasb.fxgl.ui.FXGLUIFactoryServiceProvider
12:50:11.366 [FXGL Background Thread 3 ] DEBUG Engine               - class com.almasb.fxgl.ui.FXGLDialogFactoryServiceProvider
12:50:11.366 [FXGL Background Thread 3 ] DEBUG Engine               - class com.almasb.fxgl.audio.AudioPlayer
12:50:11.366 [FXGL Background Thread 3 ] DEBUG Engine               - class com.almasb.fxgl.notification.impl.NotificationServiceProvider
12:50:11.366 [FXGL Background Thread 3 ] DEBUG Engine               - class com.almasb.fxgl.achievement.AchievementService
12:50:11.366 [FXGL Background Thread 3 ] DEBUG Engine               - class com.almasb.fxgl.cutscene.CutsceneService
12:50:11.366 [FXGL Background Thread 3 ] DEBUG Engine               - class com.almasb.fxgl.minigames.MiniGameService
12:50:11.366 [FXGL Background Thread 3 ] DEBUG Engine               - class com.almasb.fxgl.net.NetService
12:50:11.366 [FXGL Background Thread 3 ] DEBUG Engine               - class com.almasb.fxgl.app.services.UpdaterService
12:50:11.366 [FXGL Background Thread 3 ] DEBUG Engine               - class com.almasb.fxgl.dev.DevService
12:50:14.039 [JavaFX Application Thread] DEBUG FXGLApplication      - Exiting FXGL
12:50:14.039 [JavaFX Application Thread] DEBUG LoopRunner           - Stopping loop
12:50:14.039 [JavaFX Application Thread] DEBUG SystemBundleService  - Saving FXGL system data
12:50:14.041 [JavaFX Application Thread] DEBUG FileSystemAccess     - Writing to: C:\Users\Jose Alberto Morales\Documents\7to Cuatrimestre\Programacion concurrente\Restaurant\system\fxgl.bundle
12:50:14.043 [JavaFX Application Thread] DEBUG Async                - Shutting down background threads
12:50:14.043 [JavaFX Application Thread] DEBUG PrimaryStageWindow   - Closing main window
12:50:14.060 [JavaFX Application Thread] DEBUG Logger               - Closing Logger
