22:17:01.993 [main                     ] DEBUG Logger               - Configured Logger
22:17:02.014 [main                     ] DEBUG GameApplication      - Logging settings
Title: Simulador de Restaurante
Version: 1.0
Width: 1400
Height: 700
Fullscreen: false
Intro: false
Profiling: false
Single step:false
App Mode: DEVELOPER
Menu Key: ESCAPE
Stage Style: DECORATED
Scene Factory: class com.almasb.fxgl.app.scene.SceneFactory

22:17:02.345 [JavaFX Application Thread] DEBUG FXGLApplication      - Initializing FXGL
22:17:02.350 [JavaFX Application Thread] INFO  Engine               - FXGL-17.3 (30.03.2023 11.49) on WINDOWS (J:21.0.5 FX:21)
22:17:02.350 [JavaFX Application Thread] DEBUG Engine               - JRE Vendor Name: Oracle Corporation
22:17:02.350 [JavaFX Application Thread] DEBUG Engine               - Running on OS: Windows 11 version 10.0
22:17:02.350 [JavaFX Application Thread] DEBUG Engine               - Architecture: amd64
22:17:02.350 [JavaFX Application Thread] INFO  Engine               - Source code and latest versions at: https://github.com/AlmasB/FXGL
22:17:02.351 [JavaFX Application Thread] INFO  Engine               -       Ask questions and discuss at: https://github.com/AlmasB/FXGL/discussions
22:17:02.351 [JavaFX Application Thread] INFO  Engine               -              Join the FXGL chat at: https://gitter.im/AlmasB/FXGL
22:17:02.419 [JavaFX Application Thread] DEBUG PrimaryStageWindow   - Creating a JavaFX scene
22:17:02.460 [JavaFX Application Thread] DEBUG PrimaryStageWindow   - Target settings size: 1400.0 x 700.0
22:17:02.460 [JavaFX Application Thread] DEBUG PrimaryStageWindow   - Scaled scene size:    1400.0 x 700.0
22:17:02.461 [JavaFX Application Thread] DEBUG PrimaryStageWindow   - Scaled ratio: (1.0, 1.0)
22:17:02.461 [JavaFX Application Thread] DEBUG PrimaryStageWindow   - Set initial scene to FXGLStartupScene
22:17:02.465 [JavaFX Application Thread] DEBUG PrimaryStageWindow   - Opening main window
22:17:02.541 [JavaFX Application Thread] DEBUG PrimaryStageWindow   - Window border size: (14.4000244140625, 37.5999755859375)
22:17:02.541 [JavaFX Application Thread] DEBUG PrimaryStageWindow   - Scaled size: 1400.0 x 700.0
22:17:02.541 [JavaFX Application Thread] DEBUG PrimaryStageWindow   - Scaled ratio: (1.0, 1.0)
22:17:02.542 [JavaFX Application Thread] DEBUG PrimaryStageWindow   - Scene size: 1400.0 x 700.0
22:17:02.542 [JavaFX Application Thread] DEBUG PrimaryStageWindow   - Stage size: 1414.4000244140625 x 737.5999755859375
22:17:02.550 [FXGL Background Thread 1 ] DEBUG Engine               - Initializing environment variables
22:17:02.608 [FXGL Background Thread 1 ] DEBUG FXGLAssetLoaderServi - User app class for loading assets: class com.Simulador.Restaurante.RestaurantSimulator
22:17:02.609 [FXGL Background Thread 1 ] DEBUG GameApplicationServi - Applying CSS: fxgl_dark.css
22:17:02.610 [FXGL Background Thread 1 ] DEBUG FXGLAssetLoaderServi - Loading from file system: jar:file:///C:/Users/Jose%20Alberto%20Morales/.m2/repository/com/github/almasb/fxgl/17.3/fxgl-17.3.jar!/fxglassets/ui/css/fxgl_dark.css
22:17:02.655 [FXGL Background Thread 1 ] DEBUG GameApplicationServi - Initializing application scenes
22:17:02.690 [FXGL Background Thread 1 ] DEBUG GameWorld            - Game world initialized
22:17:02.753 [FXGL Background Thread 1 ] DEBUG PhysicsWorld         - Physics world initialized: appHeight=700, physics.ppm=50.0
22:17:02.753 [FXGL Background Thread 1 ] DEBUG PhysicsWorld         - Using strategy: BRUTE_FORCE
22:17:02.757 [FXGL Background Thread 1 ] DEBUG GameScene            - Game scene initialized: 1400x700
22:17:02.767 [FXGL Background Thread 1 ] DEBUG FXGL.DefaultMenu     - createMenuBodyGameMenu()
22:17:02.778 [FXGL Background Thread 1 ] DEBUG FXGL.DefaultMenu     - createOptionsMenu()
22:17:02.787 [FXGL Background Thread 1 ] DEBUG FXGLAssetLoaderServi - Loading from file system: jar:file:///C:/Users/Jose%20Alberto%20Morales/.m2/repository/com/github/almasb/fxgl/17.3/fxgl-17.3.jar!/fxglassets/textures/particles/smoke.png
22:17:02.865 [FXGL Background Thread 1 ] DEBUG FXGLAssetLoaderServi - Loading from file system: jar:file:///C:/Users/Jose%20Alberto%20Morales/.m2/repository/com/github/almasb/fxgl/17.3/fxgl-17.3.jar!/fxglassets/textures/particles/trace_horizontal.png
22:17:02.893 [FXGL Background Thread 1 ] DEBUG GameApplicationServi - Application scenes initialized
22:17:02.903 [FXGL Background Thread 1 ] DEBUG SystemBundleService  - Loading FXGL system data
22:17:02.907 [FXGL Background Thread 1 ] DEBUG FileSystemAccess     - Reading from: C:\Users\Jose Alberto Morales\Documents\7to Cuatrimestre\Programacion concurrente\Restaurant\system\fxgl.bundle
22:17:02.915 [FXGL Background Thread 1 ] DEBUG SystemBundleService  - Bundle FXGL: {}
22:17:02.915 [FXGL Background Thread 1 ] DEBUG UpdaterService       - Checking for updates
22:17:02.922 [FXGL Background Thread 4 ] DEBUG FXGLApplication      - Loading fonts
22:17:02.922 [FXGL Background Thread 4 ] DEBUG FXGLAssetLoaderServi - Loading from file system: jar:file:///C:/Users/Jose%20Alberto%20Morales/.m2/repository/com/github/almasb/fxgl/17.3/fxgl-17.3.jar!/fxglassets/ui/fonts/VarelaRound-Regular.ttf
22:17:02.922 [FXGL Background Thread 1 ] DEBUG FXGLApplication      - Loading default localization
22:17:02.923 [FXGL Background Thread 1 ] DEBUG FXGLAssetLoaderServi - Loading from file system: jar:file:///C:/Users/Jose%20Alberto%20Morales/.m2/repository/com/github/almasb/fxgl/17.3/fxgl-17.3.jar!/fxglassets/languages/english.lang
22:17:02.942 [FXGL Background Thread 1 ] INFO  FXGLApplication      - FXGL initialization took: 0.391 sec
22:17:02.943 [JavaFX Application Thread] DEBUG FXGLAssetLoaderServi - Loading from file system: jar:file:///C:/Users/Jose%20Alberto%20Morales/.m2/repository/com/github/almasb/fxgl/17.3/fxgl-17.3.jar!/fxglassets/textures/fxgl_icon.png
22:17:02.956 [FXGL Background Thread 4 ] DEBUG FXGLAssetLoaderServi - Loading from file system: jar:file:///C:/Users/Jose%20Alberto%20Morales/.m2/repository/com/github/almasb/fxgl/17.3/fxgl-17.3.jar!/fxglassets/ui/fonts/Abel-Regular.ttf
22:17:02.959 [FXGL Background Thread 4 ] DEBUG FXGLAssetLoaderServi - Loading from file system: jar:file:///C:/Users/Jose%20Alberto%20Morales/.m2/repository/com/github/almasb/fxgl/17.3/fxgl-17.3.jar!/fxglassets/ui/fonts/TerminalLandMono-Regular.otf
22:17:02.962 [JavaFX Application Thread] DEBUG FXGLAssetLoaderServi - Loading from file system: jar:file:///C:/Users/Jose%20Alberto%20Morales/.m2/repository/com/github/almasb/fxgl/17.3/fxgl-17.3.jar!/fxglassets/textures/fxgl_default_cursor.png
22:17:02.964 [FXGL Background Thread 4 ] DEBUG FXGLAssetLoaderServi - Loading from file system: jar:file:///C:/Users/Jose%20Alberto%20Morales/.m2/repository/com/github/almasb/fxgl/17.3/fxgl-17.3.jar!/fxglassets/ui/fonts/Courier-Prime.ttf
22:17:02.974 [JavaFX Application Thread] DEBUG Input                - Registered new binding: Screenshot - CTRL+8
22:17:02.974 [JavaFX Application Thread] DEBUG Input                - Registered new binding: System info dump - CTRL+9
22:17:02.975 [JavaFX Application Thread] DEBUG Input                - Registered new binding: Restart - CTRL+R
22:17:02.976 [JavaFX Application Thread] DEBUG Input                - Registered new binding: Toggle Debug Camera - CTRL+7
22:17:02.979 [JavaFX Application Thread] DEBUG LoopRunner           - Starting loop
22:17:02.979 [JavaFX Application Thread] DEBUG LoopRunner           - Initializing JavaFX AnimationTimerLoop
22:17:02.980 [JavaFX Application Thread] DEBUG GameApplicationServi - Starting new game
22:17:02.981 [JavaFX Application Thread] DEBUG Input                - Clearing active input actions
22:17:02.991 [JavaFX Application Thread] DEBUG GameApplicationServi - Removing overlay from FXGLStartupScene and adding to FXGLLoadingScene
22:17:02.991 [JavaFX Application Thread] DEBUG PrimaryStageWindow   - FXGLStartupScene -> FXGLLoadingScene
22:17:02.991 [JavaFX Application Thread] DEBUG GameApplicationServi - Clearing previous game
22:17:02.991 [JavaFX Application Thread] DEBUG GameScene            - Clearing game scene
22:17:02.991 [JavaFX Application Thread] DEBUG GameWorld            - Clearing game world
22:17:02.991 [JavaFX Application Thread] DEBUG PhysicsWorld         - Clearing physics world
22:17:02.993 [JavaFX Application Thread] DEBUG FXGLApplication      - Registering font factories with UI factory
22:17:03.089 [FXGL Background Thread 4 ] INFO  FXGLApplication      - Game initialization took: 0.096 sec
22:17:03.111 [JavaFX Application Thread] DEBUG Input                - Clearing active input actions
22:17:03.121 [JavaFX Application Thread] DEBUG GameApplicationServi - Removing overlay from FXGLLoadingScene and adding to GameScene
22:17:03.121 [JavaFX Application Thread] DEBUG PrimaryStageWindow   - FXGLLoadingScene -> GameScene
22:17:03.583 [FXGL Background Thread 2 ] INFO  UpdaterService       - Your current version:  17.3
22:17:03.583 [FXGL Background Thread 2 ] INFO  UpdaterService       - Latest stable version: 21.1
22:17:05.922 [FXGL Background Thread 3 ] DEBUG Engine               - Logging environment variables
22:17:05.922 [FXGL Background Thread 3 ] DEBUG Engine               - achievements: []
22:17:05.922 [FXGL Background Thread 3 ] DEBUG Engine               - actualHeight: 700.0
22:17:05.922 [FXGL Background Thread 3 ] DEBUG Engine               - actualHeightProperty: ReadOnlyDoubleProperty [value: 700.0]
22:17:05.922 [FXGL Background Thread 3 ] DEBUG Engine               - actualWidth: 1400.0
22:17:05.922 [FXGL Background Thread 3 ] DEBUG Engine               - actualWidthProperty: ReadOnlyDoubleProperty [value: 1400.0]
22:17:05.922 [FXGL Background Thread 3 ] DEBUG Engine               - appIcon: fxgl_icon.png
22:17:05.922 [FXGL Background Thread 3 ] DEBUG Engine               - applicationMode: DEVELOPER
22:17:05.922 [FXGL Background Thread 3 ] DEBUG Engine               - cSSList: [fxgl_dark.css]
22:17:05.922 [FXGL Background Thread 3 ] DEBUG Engine               - collisionDetectionStrategy: BRUTE_FORCE
22:17:05.922 [FXGL Background Thread 3 ] DEBUG Engine               - configClass: Optional.empty
22:17:05.923 [FXGL Background Thread 3 ] DEBUG Engine               - credits: []
22:17:05.923 [FXGL Background Thread 3 ] DEBUG Engine               - defaultCursor: CursorInfo(imageName=fxgl_default_cursor.png, hotspotX=7.0, hotspotY=6.0)
22:17:05.923 [FXGL Background Thread 3 ] DEBUG Engine               - devBBoxColorProperty: ObjectProperty [value: 0xff0000ff]
22:17:05.923 [FXGL Background Thread 3 ] DEBUG Engine               - devEnableDebugCameraProperty: BooleanProperty [value: false]
22:17:05.923 [FXGL Background Thread 3 ] DEBUG Engine               - devSensorColorProperty: ObjectProperty [value: 0xffff00ff]
22:17:05.923 [FXGL Background Thread 3 ] DEBUG Engine               - devShowBBoxProperty: BooleanProperty [value: false]
22:17:05.923 [FXGL Background Thread 3 ] DEBUG Engine               - devShowPositionProperty: BooleanProperty [value: false]
22:17:05.923 [FXGL Background Thread 3 ] DEBUG Engine               - enabledMenuItems: []
22:17:05.923 [FXGL Background Thread 3 ] DEBUG Engine               - engineServices: [class com.almasb.fxgl.app.services.FXGLAssetLoaderService, class com.almasb.fxgl.app.FXGLApplication$GameApplicationService, class com.almasb.fxgl.app.services.FXGLDialogService, class com.almasb.fxgl.app.services.IOTaskExecutorService, class com.almasb.fxgl.io.FileSystemService, class com.almasb.fxgl.localization.LocalizationService, class com.almasb.fxgl.app.services.SystemBundleService, class com.almasb.fxgl.profile.SaveLoadService, class com.almasb.fxgl.ui.FXGLUIFactoryServiceProvider, class com.almasb.fxgl.ui.FXGLDialogFactoryServiceProvider, class com.almasb.fxgl.audio.AudioPlayer, class com.almasb.fxgl.notification.impl.NotificationServiceProvider, class com.almasb.fxgl.achievement.AchievementService, class com.almasb.fxgl.cutscene.CutsceneService, class com.almasb.fxgl.minigames.MiniGameService, class com.almasb.fxgl.net.NetService, class com.almasb.fxgl.app.services.UpdaterService, class com.almasb.fxgl.dev.DevService]
22:17:05.923 [FXGL Background Thread 3 ] DEBUG Engine               - fontGame: Abel-Regular.ttf
22:17:05.924 [FXGL Background Thread 3 ] DEBUG Engine               - fontMono: TerminalLandMono-Regular.otf
22:17:05.924 [FXGL Background Thread 3 ] DEBUG Engine               - fontSizeScaleUI: 1.0
22:17:05.924 [FXGL Background Thread 3 ] DEBUG Engine               - fontText: Courier-Prime.ttf
22:17:05.924 [FXGL Background Thread 3 ] DEBUG Engine               - fontUI: VarelaRound-Regular.ttf
22:17:05.924 [FXGL Background Thread 3 ] DEBUG Engine               - fullScreen: BooleanProperty [value: false]
22:17:05.924 [FXGL Background Thread 3 ] DEBUG Engine               - gameDifficulty: MEDIUM
22:17:05.924 [FXGL Background Thread 3 ] DEBUG Engine               - gameDifficultyProperty: ObjectProperty [value: MEDIUM]
22:17:05.924 [FXGL Background Thread 3 ] DEBUG Engine               - globalMusicVolume: 0.5
22:17:05.924 [FXGL Background Thread 3 ] DEBUG Engine               - globalMusicVolumeProperty: DoubleProperty [value: 0.5]
22:17:05.924 [FXGL Background Thread 3 ] DEBUG Engine               - globalSoundVolume: 0.5
22:17:05.924 [FXGL Background Thread 3 ] DEBUG Engine               - globalSoundVolumeProperty: DoubleProperty [value: 0.5]
22:17:05.924 [FXGL Background Thread 3 ] DEBUG Engine               - height: 700
22:17:05.924 [FXGL Background Thread 3 ] DEBUG Engine               - is3D: false
22:17:05.924 [FXGL Background Thread 3 ] DEBUG Engine               - isAndroid: false
22:17:05.924 [FXGL Background Thread 3 ] DEBUG Engine               - isBrowser: false
22:17:05.924 [FXGL Background Thread 3 ] DEBUG Engine               - isClickFeedbackEnabled: false
22:17:05.924 [FXGL Background Thread 3 ] DEBUG Engine               - isCloseConfirmation: false
22:17:05.924 [FXGL Background Thread 3 ] DEBUG Engine               - isDesktop: true
22:17:05.924 [FXGL Background Thread 3 ] DEBUG Engine               - isDeveloperMenuEnabled: false
22:17:05.924 [FXGL Background Thread 3 ] DEBUG Engine               - isEmbedded: false
22:17:05.924 [FXGL Background Thread 3 ] DEBUG Engine               - isEntityPreloadEnabled: true
22:17:05.924 [FXGL Background Thread 3 ] DEBUG Engine               - isExperimentalTiledLargeMap: false
22:17:05.925 [FXGL Background Thread 3 ] DEBUG Engine               - isFileSystemWriteAllowed: true
22:17:05.925 [FXGL Background Thread 3 ] DEBUG Engine               - isFullScreenAllowed: false
22:17:05.925 [FXGL Background Thread 3 ] DEBUG Engine               - isFullScreenFromStart: false
22:17:05.925 [FXGL Background Thread 3 ] DEBUG Engine               - isGameMenuEnabled: true
22:17:05.925 [FXGL Background Thread 3 ] DEBUG Engine               - isIOS: false
22:17:05.925 [FXGL Background Thread 3 ] DEBUG Engine               - isIntroEnabled: false
22:17:05.925 [FXGL Background Thread 3 ] DEBUG Engine               - isLinux: false
22:17:05.925 [FXGL Background Thread 3 ] DEBUG Engine               - isMac: false
22:17:05.925 [FXGL Background Thread 3 ] DEBUG Engine               - isMainMenuEnabled: false
22:17:05.925 [FXGL Background Thread 3 ] DEBUG Engine               - isManualResizeEnabled: false
22:17:05.925 [FXGL Background Thread 3 ] DEBUG Engine               - isMobile: false
22:17:05.925 [FXGL Background Thread 3 ] DEBUG Engine               - isNative: false
22:17:05.925 [FXGL Background Thread 3 ] DEBUG Engine               - isPauseMusicWhenMinimized: true
22:17:05.925 [FXGL Background Thread 3 ] DEBUG Engine               - isPreserveResizeRatio: false
22:17:05.925 [FXGL Background Thread 3 ] DEBUG Engine               - isProfilingEnabled: false
22:17:05.925 [FXGL Background Thread 3 ] DEBUG Engine               - isScaleAffectedOnResize: true
22:17:05.925 [FXGL Background Thread 3 ] DEBUG Engine               - isSingleStep: false
22:17:05.925 [FXGL Background Thread 3 ] DEBUG Engine               - isUserProfileEnabled: false
22:17:05.925 [FXGL Background Thread 3 ] DEBUG Engine               - isWindows: true
22:17:05.925 [FXGL Background Thread 3 ] DEBUG Engine               - language: ObjectProperty [value: ENGLISH]
22:17:05.925 [FXGL Background Thread 3 ] DEBUG Engine               - menuKey: ESCAPE
22:17:05.925 [FXGL Background Thread 3 ] DEBUG Engine               - mouseSensitivity: 0.2
22:17:05.925 [FXGL Background Thread 3 ] DEBUG Engine               - notificationViewClass: class com.almasb.fxgl.notification.view.XboxNotificationView
22:17:05.925 [FXGL Background Thread 3 ] DEBUG Engine               - pixelsPerMeter: 50.0
22:17:05.925 [FXGL Background Thread 3 ] DEBUG Engine               - platform: WINDOWS
22:17:05.926 [FXGL Background Thread 3 ] DEBUG Engine               - prefHeightProperty: ReadOnlyDoubleProperty [value: 700.0]
22:17:05.926 [FXGL Background Thread 3 ] DEBUG Engine               - prefWidthProperty: ReadOnlyDoubleProperty [value: 1400.0]
22:17:05.926 [FXGL Background Thread 3 ] DEBUG Engine               - profileDir: profiles/
22:17:05.926 [FXGL Background Thread 3 ] DEBUG Engine               - profileName: StringProperty [value: DEFAULT]
22:17:05.926 [FXGL Background Thread 3 ] DEBUG Engine               - randomSeed: -1
22:17:05.926 [FXGL Background Thread 3 ] DEBUG Engine               - runtimeInfo: RuntimeInfo(platform=WINDOWS, version=17.3, build=30.03.2023 11.49)
22:17:05.926 [FXGL Background Thread 3 ] DEBUG Engine               - saveFileExt: sav
22:17:05.926 [FXGL Background Thread 3 ] DEBUG Engine               - scaledHeightProp$fxgl: DoubleProperty [bound, value: 700.0]
22:17:05.926 [FXGL Background Thread 3 ] DEBUG Engine               - scaledWidthProp$fxgl: DoubleProperty [bound, value: 1400.0]
22:17:05.926 [FXGL Background Thread 3 ] DEBUG Engine               - sceneFactory: com.almasb.fxgl.app.scene.SceneFactory@10358ac0
22:17:05.926 [FXGL Background Thread 3 ] DEBUG Engine               - secondsIn24h: 60
22:17:05.926 [FXGL Background Thread 3 ] DEBUG Engine               - soundMenuBack: menu/back.wav
22:17:05.926 [FXGL Background Thread 3 ] DEBUG Engine               - soundMenuPress: menu/press.wav
22:17:05.926 [FXGL Background Thread 3 ] DEBUG Engine               - soundMenuSelect: menu/select.wav
22:17:05.926 [FXGL Background Thread 3 ] DEBUG Engine               - soundNotification: core/notification.wav
22:17:05.926 [FXGL Background Thread 3 ] DEBUG Engine               - stageStyle: DECORATED
22:17:05.927 [FXGL Background Thread 3 ] DEBUG Engine               - supportedLanguages: [ENGLISH, FRENCH, GERMAN, HUNGARIAN, RUSSIAN]
22:17:05.927 [FXGL Background Thread 3 ] DEBUG Engine               - ticksPerSecond: -1
22:17:05.927 [FXGL Background Thread 3 ] DEBUG Engine               - title: Simulador de Restaurante
22:17:05.927 [FXGL Background Thread 3 ] DEBUG Engine               - urlGithub: https://github.com/AlmasB/FXGL
22:17:05.927 [FXGL Background Thread 3 ] DEBUG Engine               - urlLeaderboard: http://fxgl-top.herokuapp.com/
22:17:05.927 [FXGL Background Thread 3 ] DEBUG Engine               - urlPOM: https://raw.githubusercontent.com/AlmasB/FXGL/release/README.md
22:17:05.927 [FXGL Background Thread 3 ] DEBUG Engine               - userAppClass: class com.Simulador.Restaurante.RestaurantSimulator
22:17:05.927 [FXGL Background Thread 3 ] DEBUG Engine               - version: 1.0
22:17:05.927 [FXGL Background Thread 3 ] DEBUG Engine               - versionCheckDays: 7
22:17:05.927 [FXGL Background Thread 3 ] DEBUG Engine               - width: 1400
22:17:05.927 [FXGL Background Thread 3 ] DEBUG Engine               - Logging services
22:17:05.927 [FXGL Background Thread 3 ] DEBUG Engine               - class com.almasb.fxgl.app.services.FXGLAssetLoaderService
22:17:05.927 [FXGL Background Thread 3 ] DEBUG Engine               - class com.almasb.fxgl.app.FXGLApplication$GameApplicationService
22:17:05.927 [FXGL Background Thread 3 ] DEBUG Engine               - class com.almasb.fxgl.app.services.FXGLDialogService
22:17:05.927 [FXGL Background Thread 3 ] DEBUG Engine               - class com.almasb.fxgl.app.services.IOTaskExecutorService
22:17:05.927 [FXGL Background Thread 3 ] DEBUG Engine               - class com.almasb.fxgl.io.FileSystemService
22:17:05.927 [FXGL Background Thread 3 ] DEBUG Engine               - class com.almasb.fxgl.localization.LocalizationService
22:17:05.927 [FXGL Background Thread 3 ] DEBUG Engine               - class com.almasb.fxgl.app.services.SystemBundleService
22:17:05.927 [FXGL Background Thread 3 ] DEBUG Engine               - class com.almasb.fxgl.profile.SaveLoadService
22:17:05.927 [FXGL Background Thread 3 ] DEBUG Engine               - class com.almasb.fxgl.ui.FXGLUIFactoryServiceProvider
22:17:05.927 [FXGL Background Thread 3 ] DEBUG Engine               - class com.almasb.fxgl.ui.FXGLDialogFactoryServiceProvider
22:17:05.927 [FXGL Background Thread 3 ] DEBUG Engine               - class com.almasb.fxgl.audio.AudioPlayer
22:17:05.928 [FXGL Background Thread 3 ] DEBUG Engine               - class com.almasb.fxgl.notification.impl.NotificationServiceProvider
22:17:05.928 [FXGL Background Thread 3 ] DEBUG Engine               - class com.almasb.fxgl.achievement.AchievementService
22:17:05.928 [FXGL Background Thread 3 ] DEBUG Engine               - class com.almasb.fxgl.cutscene.CutsceneService
22:17:05.928 [FXGL Background Thread 3 ] DEBUG Engine               - class com.almasb.fxgl.minigames.MiniGameService
22:17:05.928 [FXGL Background Thread 3 ] DEBUG Engine               - class com.almasb.fxgl.net.NetService
22:17:05.928 [FXGL Background Thread 3 ] DEBUG Engine               - class com.almasb.fxgl.app.services.UpdaterService
22:17:05.928 [FXGL Background Thread 3 ] DEBUG Engine               - class com.almasb.fxgl.dev.DevService
22:17:26.460 [JavaFX Application Thread] DEBUG FXGLApplication      - Exiting FXGL
22:17:26.460 [JavaFX Application Thread] DEBUG LoopRunner           - Stopping loop
22:17:26.460 [JavaFX Application Thread] DEBUG SystemBundleService  - Saving FXGL system data
22:17:26.462 [JavaFX Application Thread] DEBUG FileSystemAccess     - Writing to: C:\Users\Jose Alberto Morales\Documents\7to Cuatrimestre\Programacion concurrente\Restaurant\system\fxgl.bundle
22:17:26.463 [JavaFX Application Thread] DEBUG Async                - Shutting down background threads
22:17:26.464 [JavaFX Application Thread] DEBUG PrimaryStageWindow   - Closing main window
22:17:26.477 [JavaFX Application Thread] DEBUG Logger               - Closing Logger
