23:39:11.183 [main                     ] DEBUG Logger               - Configured Logger
23:39:11.207 [main                     ] DEBUG GameApplication      - Logging settings
Title: Simulador de Restaurante
Version: 1.0
Width: 1400
Height: 700
Fullscreen: false
Intro: false
Profiling: false
Single step:false
App Mode: DEVELOPER
Menu Key: ESCAPE
Stage Style: DECORATED
Scene Factory: class com.almasb.fxgl.app.scene.SceneFactory

23:39:11.549 [JavaFX Application Thread] DEBUG FXGLApplication      - Initializing FXGL
23:39:11.554 [JavaFX Application Thread] INFO  Engine               - FXGL-17.3 (30.03.2023 11.49) on WINDOWS (J:21.0.5 FX:21)
23:39:11.555 [JavaFX Application Thread] DEBUG Engine               - JRE Vendor Name: Oracle Corporation
23:39:11.555 [JavaFX Application Thread] DEBUG Engine               - Running on OS: Windows 11 version 10.0
23:39:11.555 [JavaFX Application Thread] DEBUG Engine               - Architecture: amd64
23:39:11.555 [JavaFX Application Thread] INFO  Engine               - Source code and latest versions at: https://github.com/AlmasB/FXGL
23:39:11.555 [JavaFX Application Thread] INFO  Engine               -       Ask questions and discuss at: https://github.com/AlmasB/FXGL/discussions
23:39:11.555 [JavaFX Application Thread] INFO  Engine               -              Join the FXGL chat at: https://gitter.im/AlmasB/FXGL
23:39:11.625 [JavaFX Application Thread] DEBUG PrimaryStageWindow   - Creating a JavaFX scene
23:39:11.665 [JavaFX Application Thread] DEBUG PrimaryStageWindow   - Target settings size: 1400.0 x 700.0
23:39:11.665 [JavaFX Application Thread] DEBUG PrimaryStageWindow   - Scaled scene size:    1400.0 x 700.0
23:39:11.665 [JavaFX Application Thread] DEBUG PrimaryStageWindow   - Scaled ratio: (1.0, 1.0)
23:39:11.666 [JavaFX Application Thread] DEBUG PrimaryStageWindow   - Set initial scene to FXGLStartupScene
23:39:11.669 [JavaFX Application Thread] DEBUG PrimaryStageWindow   - Opening main window
23:39:11.751 [JavaFX Application Thread] DEBUG PrimaryStageWindow   - Window border size: (14.4000244140625, 37.5999755859375)
23:39:11.752 [JavaFX Application Thread] DEBUG PrimaryStageWindow   - Scaled size: 1400.0 x 700.0
23:39:11.752 [JavaFX Application Thread] DEBUG PrimaryStageWindow   - Scaled ratio: (1.0, 1.0)
23:39:11.752 [JavaFX Application Thread] DEBUG PrimaryStageWindow   - Scene size: 1400.0 x 700.0
23:39:11.752 [JavaFX Application Thread] DEBUG PrimaryStageWindow   - Stage size: 1414.4000244140625 x 737.5999755859375
23:39:11.762 [FXGL Background Thread 1 ] DEBUG Engine               - Initializing environment variables
23:39:11.818 [FXGL Background Thread 1 ] DEBUG FXGLAssetLoaderServi - User app class for loading assets: class com.Simulador.Restaurante.RestaurantSimulator
23:39:11.819 [FXGL Background Thread 1 ] DEBUG GameApplicationServi - Applying CSS: fxgl_dark.css
23:39:11.820 [FXGL Background Thread 1 ] DEBUG FXGLAssetLoaderServi - Loading from file system: jar:file:///C:/Users/Jose%20Alberto%20Morales/.m2/repository/com/github/almasb/fxgl/17.3/fxgl-17.3.jar!/fxglassets/ui/css/fxgl_dark.css
23:39:11.867 [FXGL Background Thread 1 ] DEBUG GameApplicationServi - Initializing application scenes
23:39:11.895 [FXGL Background Thread 1 ] DEBUG GameWorld            - Game world initialized
23:39:11.963 [FXGL Background Thread 1 ] DEBUG PhysicsWorld         - Physics world initialized: appHeight=700, physics.ppm=50.0
23:39:11.963 [FXGL Background Thread 1 ] DEBUG PhysicsWorld         - Using strategy: BRUTE_FORCE
23:39:11.967 [FXGL Background Thread 1 ] DEBUG GameScene            - Game scene initialized: 1400x700
23:39:11.980 [FXGL Background Thread 1 ] DEBUG FXGL.DefaultMenu     - createMenuBodyGameMenu()
23:39:11.990 [FXGL Background Thread 1 ] DEBUG FXGL.DefaultMenu     - createOptionsMenu()
23:39:12.001 [FXGL Background Thread 1 ] DEBUG FXGLAssetLoaderServi - Loading from file system: jar:file:///C:/Users/Jose%20Alberto%20Morales/.m2/repository/com/github/almasb/fxgl/17.3/fxgl-17.3.jar!/fxglassets/textures/particles/smoke.png
23:39:12.078 [FXGL Background Thread 1 ] DEBUG FXGLAssetLoaderServi - Loading from file system: jar:file:///C:/Users/Jose%20Alberto%20Morales/.m2/repository/com/github/almasb/fxgl/17.3/fxgl-17.3.jar!/fxglassets/textures/particles/trace_horizontal.png
23:39:12.105 [FXGL Background Thread 1 ] DEBUG GameApplicationServi - Application scenes initialized
23:39:12.117 [FXGL Background Thread 1 ] DEBUG SystemBundleService  - Loading FXGL system data
23:39:12.121 [FXGL Background Thread 1 ] DEBUG FileSystemAccess     - Reading from: C:\Users\Jose Alberto Morales\Documents\7to Cuatrimestre\Programacion concurrente\Restaurant\system\fxgl.bundle
23:39:12.128 [FXGL Background Thread 1 ] DEBUG SystemBundleService  - Bundle FXGL: {}
23:39:12.128 [FXGL Background Thread 1 ] DEBUG UpdaterService       - Checking for updates
23:39:12.132 [FXGL Background Thread 4 ] DEBUG FXGLApplication      - Loading fonts
23:39:12.132 [FXGL Background Thread 1 ] DEBUG FXGLApplication      - Loading default localization
23:39:12.132 [FXGL Background Thread 4 ] DEBUG FXGLAssetLoaderServi - Loading from file system: jar:file:///C:/Users/Jose%20Alberto%20Morales/.m2/repository/com/github/almasb/fxgl/17.3/fxgl-17.3.jar!/fxglassets/ui/fonts/VarelaRound-Regular.ttf
23:39:12.133 [FXGL Background Thread 1 ] DEBUG FXGLAssetLoaderServi - Loading from file system: jar:file:///C:/Users/Jose%20Alberto%20Morales/.m2/repository/com/github/almasb/fxgl/17.3/fxgl-17.3.jar!/fxglassets/languages/english.lang
23:39:12.151 [FXGL Background Thread 1 ] INFO  FXGLApplication      - FXGL initialization took: 0.389 sec
23:39:12.151 [JavaFX Application Thread] DEBUG FXGLAssetLoaderServi - Loading from file system: jar:file:///C:/Users/Jose%20Alberto%20Morales/.m2/repository/com/github/almasb/fxgl/17.3/fxgl-17.3.jar!/fxglassets/textures/fxgl_icon.png
23:39:12.166 [FXGL Background Thread 4 ] DEBUG FXGLAssetLoaderServi - Loading from file system: jar:file:///C:/Users/Jose%20Alberto%20Morales/.m2/repository/com/github/almasb/fxgl/17.3/fxgl-17.3.jar!/fxglassets/ui/fonts/Abel-Regular.ttf
23:39:12.170 [FXGL Background Thread 4 ] DEBUG FXGLAssetLoaderServi - Loading from file system: jar:file:///C:/Users/Jose%20Alberto%20Morales/.m2/repository/com/github/almasb/fxgl/17.3/fxgl-17.3.jar!/fxglassets/ui/fonts/TerminalLandMono-Regular.otf
23:39:12.171 [JavaFX Application Thread] DEBUG FXGLAssetLoaderServi - Loading from file system: jar:file:///C:/Users/Jose%20Alberto%20Morales/.m2/repository/com/github/almasb/fxgl/17.3/fxgl-17.3.jar!/fxglassets/textures/fxgl_default_cursor.png
23:39:12.177 [FXGL Background Thread 4 ] DEBUG FXGLAssetLoaderServi - Loading from file system: jar:file:///C:/Users/Jose%20Alberto%20Morales/.m2/repository/com/github/almasb/fxgl/17.3/fxgl-17.3.jar!/fxglassets/ui/fonts/Courier-Prime.ttf
23:39:12.191 [JavaFX Application Thread] DEBUG Input                - Registered new binding: Screenshot - CTRL+8
23:39:12.193 [JavaFX Application Thread] DEBUG Input                - Registered new binding: System info dump - CTRL+9
23:39:12.194 [JavaFX Application Thread] DEBUG Input                - Registered new binding: Restart - CTRL+R
23:39:12.195 [JavaFX Application Thread] DEBUG Input                - Registered new binding: Toggle Debug Camera - CTRL+7
23:39:12.197 [JavaFX Application Thread] DEBUG LoopRunner           - Starting loop
23:39:12.198 [JavaFX Application Thread] DEBUG LoopRunner           - Initializing JavaFX AnimationTimerLoop
23:39:12.200 [JavaFX Application Thread] DEBUG GameApplicationServi - Starting new game
23:39:12.200 [JavaFX Application Thread] DEBUG Input                - Clearing active input actions
23:39:12.214 [JavaFX Application Thread] DEBUG GameApplicationServi - Removing overlay from FXGLStartupScene and adding to FXGLLoadingScene
23:39:12.215 [JavaFX Application Thread] DEBUG PrimaryStageWindow   - FXGLStartupScene -> FXGLLoadingScene
23:39:12.215 [JavaFX Application Thread] DEBUG GameApplicationServi - Clearing previous game
23:39:12.215 [JavaFX Application Thread] DEBUG GameScene            - Clearing game scene
23:39:12.215 [JavaFX Application Thread] DEBUG GameWorld            - Clearing game world
23:39:12.216 [JavaFX Application Thread] DEBUG PhysicsWorld         - Clearing physics world
23:39:12.217 [FXGL Background Thread 4 ] DEBUG FXGLApplication      - Initializing game
23:39:12.695 [FXGL Background Thread 4 ] INFO  FXGLApplication      - Game initialization took: 0.478 sec
23:39:12.696 [JavaFX Application Thread] DEBUG Input                - Clearing active input actions
23:39:12.711 [JavaFX Application Thread] DEBUG GameApplicationServi - Removing overlay from FXGLLoadingScene and adding to GameScene
23:39:12.711 [JavaFX Application Thread] DEBUG PrimaryStageWindow   - FXGLLoadingScene -> GameScene
23:39:12.728 [FXGL Background Thread 2 ] INFO  UpdaterService       - Your current version:  17.3
23:39:12.729 [FXGL Background Thread 2 ] INFO  UpdaterService       - Latest stable version: 21.1
23:39:15.085 [JavaFX Application Thread] DEBUG FXGLApplication      - Exiting FXGL
23:39:15.085 [JavaFX Application Thread] DEBUG LoopRunner           - Stopping loop
23:39:15.085 [JavaFX Application Thread] DEBUG SystemBundleService  - Saving FXGL system data
23:39:15.087 [JavaFX Application Thread] DEBUG FileSystemAccess     - Writing to: C:\Users\Jose Alberto Morales\Documents\7to Cuatrimestre\Programacion concurrente\Restaurant\system\fxgl.bundle
23:39:15.089 [JavaFX Application Thread] DEBUG Async                - Shutting down background threads
23:39:15.089 [JavaFX Application Thread] DEBUG PrimaryStageWindow   - Closing main window
23:39:15.109 [JavaFX Application Thread] DEBUG Logger               - Closing Logger
