19:41:29.782 [main                     ] DEBUG Logger               - Configured Logger
19:41:29.807 [main                     ] DEBUG GameApplication      - Logging settings
Title: Simulador Restaurante
Version: 0.1
Width: 1000
Height: 700
Fullscreen: false
Intro: false
Profiling: false
Single step:false
App Mode: DEVELOPER
Menu Key: ESCAPE
Stage Style: DECORATED
Scene Factory: class com.Simulador.Restaurante.RestaurantSimulator$1

19:41:30.147 [JavaFX Application Thread] DEBUG FXGLApplication      - Initializing FXGL
19:41:30.150 [JavaFX Application Thread] INFO  Engine               - FXGL-17.3 (30.03.2023 11.49) on WINDOWS (J:21.0.5 FX:21)
19:41:30.151 [JavaFX Application Thread] DEBUG Engine               - JRE Vendor Name: Oracle Corporation
19:41:30.151 [JavaFX Application Thread] DEBUG Engine               - Running on OS: Windows 11 version 10.0
19:41:30.152 [JavaFX Application Thread] DEBUG Engine               - Architecture: amd64
19:41:30.152 [JavaFX Application Thread] INFO  Engine               - Source code and latest versions at: https://github.com/AlmasB/FXGL
19:41:30.152 [JavaFX Application Thread] INFO  Engine               -       Ask questions and discuss at: https://github.com/AlmasB/FXGL/discussions
19:41:30.152 [JavaFX Application Thread] INFO  Engine               -              Join the FXGL chat at: https://gitter.im/AlmasB/FXGL
19:41:30.233 [JavaFX Application Thread] DEBUG PrimaryStageWindow   - Creating a JavaFX scene
19:41:30.281 [JavaFX Application Thread] DEBUG PrimaryStageWindow   - Target settings size: 1000.0 x 700.0
19:41:30.281 [JavaFX Application Thread] DEBUG PrimaryStageWindow   - Scaled scene size:    1000.0 x 700.0
19:41:30.281 [JavaFX Application Thread] DEBUG PrimaryStageWindow   - Scaled ratio: (1.0, 1.0)
19:41:30.282 [JavaFX Application Thread] DEBUG PrimaryStageWindow   - Set initial scene to FXGLStartupScene
19:41:30.285 [JavaFX Application Thread] DEBUG PrimaryStageWindow   - Opening main window
19:41:30.371 [JavaFX Application Thread] DEBUG PrimaryStageWindow   - Window border size: (14.4000244140625, 37.5999755859375)
19:41:30.372 [JavaFX Application Thread] DEBUG PrimaryStageWindow   - Scaled size: 1000.0 x 700.0
19:41:30.372 [JavaFX Application Thread] DEBUG PrimaryStageWindow   - Scaled ratio: (1.0, 1.0)
19:41:30.372 [JavaFX Application Thread] DEBUG PrimaryStageWindow   - Scene size: 1000.0 x 700.0
19:41:30.372 [JavaFX Application Thread] DEBUG PrimaryStageWindow   - Stage size: 1014.4000244140625 x 737.5999755859375
19:41:30.380 [FXGL Background Thread 1 ] DEBUG Engine               - Initializing environment variables
19:41:30.430 [FXGL Background Thread 1 ] DEBUG FXGLAssetLoaderServi - User app class for loading assets: class com.Simulador.Restaurante.RestaurantSimulator
19:41:30.430 [FXGL Background Thread 1 ] DEBUG GameApplicationServi - Applying CSS: fxgl_dark.css
19:41:30.431 [FXGL Background Thread 1 ] DEBUG FXGLAssetLoaderServi - Loading from file system: jar:file:///C:/Users/Jose%20Alberto%20Morales/.m2/repository/com/github/almasb/fxgl/17.3/fxgl-17.3.jar!/fxglassets/ui/css/fxgl_dark.css
19:41:30.478 [FXGL Background Thread 1 ] DEBUG GameApplicationServi - Initializing application scenes
19:41:30.512 [FXGL Background Thread 1 ] DEBUG GameWorld            - Game world initialized
19:41:30.569 [FXGL Background Thread 1 ] DEBUG PhysicsWorld         - Physics world initialized: appHeight=700, physics.ppm=50.0
19:41:30.570 [FXGL Background Thread 1 ] DEBUG PhysicsWorld         - Using strategy: BRUTE_FORCE
19:41:30.573 [FXGL Background Thread 1 ] DEBUG GameScene            - Game scene initialized: 1000x700
19:41:30.612 [FXGL Background Thread 1 ] DEBUG FXGL.DefaultMenu     - createMenuBodyGameMenu()
19:41:30.618 [FXGL Background Thread 1 ] DEBUG FXGL.DefaultMenu     - createOptionsMenu()
19:41:30.625 [FXGL Background Thread 1 ] DEBUG FXGLAssetLoaderServi - Loading from file system: jar:file:///C:/Users/Jose%20Alberto%20Morales/.m2/repository/com/github/almasb/fxgl/17.3/fxgl-17.3.jar!/fxglassets/textures/particles/smoke.png
19:41:30.696 [FXGL Background Thread 1 ] DEBUG FXGLAssetLoaderServi - Loading from file system: jar:file:///C:/Users/Jose%20Alberto%20Morales/.m2/repository/com/github/almasb/fxgl/17.3/fxgl-17.3.jar!/fxglassets/textures/particles/trace_horizontal.png
19:41:30.730 [FXGL Background Thread 1 ] DEBUG GameApplicationServi - Application scenes initialized
19:41:30.739 [FXGL Background Thread 1 ] DEBUG SystemBundleService  - Loading FXGL system data
19:41:30.742 [FXGL Background Thread 1 ] DEBUG FileSystemAccess     - Reading from: C:\Users\Jose Alberto Morales\Documents\7to Cuatrimestre\Programacion concurrente\Restaurant\system\fxgl.bundle
19:41:30.751 [FXGL Background Thread 1 ] DEBUG SystemBundleService  - Bundle FXGL: {}
19:41:30.751 [FXGL Background Thread 1 ] DEBUG UpdaterService       - Checking for updates
19:41:30.754 [FXGL Background Thread 4 ] DEBUG FXGLApplication      - Loading fonts
19:41:30.755 [FXGL Background Thread 4 ] DEBUG FXGLAssetLoaderServi - Loading from file system: jar:file:///C:/Users/Jose%20Alberto%20Morales/.m2/repository/com/github/almasb/fxgl/17.3/fxgl-17.3.jar!/fxglassets/ui/fonts/VarelaRound-Regular.ttf
19:41:30.755 [FXGL Background Thread 1 ] DEBUG FXGLApplication      - Loading default localization
19:41:30.756 [FXGL Background Thread 1 ] DEBUG FXGLAssetLoaderServi - Loading from file system: jar:file:///C:/Users/Jose%20Alberto%20Morales/.m2/repository/com/github/almasb/fxgl/17.3/fxgl-17.3.jar!/fxglassets/languages/english.lang
19:41:30.777 [FXGL Background Thread 1 ] INFO  FXGLApplication      - FXGL initialization took: 0.396 sec
19:41:30.777 [JavaFX Application Thread] DEBUG FXGLAssetLoaderServi - Loading from file system: jar:file:///C:/Users/Jose%20Alberto%20Morales/.m2/repository/com/github/almasb/fxgl/17.3/fxgl-17.3.jar!/fxglassets/textures/fxgl_icon.png
19:41:30.787 [FXGL Background Thread 4 ] DEBUG FXGLAssetLoaderServi - Loading from file system: jar:file:///C:/Users/Jose%20Alberto%20Morales/.m2/repository/com/github/almasb/fxgl/17.3/fxgl-17.3.jar!/fxglassets/ui/fonts/Abel-Regular.ttf
19:41:30.792 [FXGL Background Thread 4 ] DEBUG FXGLAssetLoaderServi - Loading from file system: jar:file:///C:/Users/Jose%20Alberto%20Morales/.m2/repository/com/github/almasb/fxgl/17.3/fxgl-17.3.jar!/fxglassets/ui/fonts/TerminalLandMono-Regular.otf
19:41:30.796 [JavaFX Application Thread] DEBUG FXGLAssetLoaderServi - Loading from file system: jar:file:///C:/Users/Jose%20Alberto%20Morales/.m2/repository/com/github/almasb/fxgl/17.3/fxgl-17.3.jar!/fxglassets/textures/fxgl_default_cursor.png
19:41:30.796 [FXGL Background Thread 4 ] DEBUG FXGLAssetLoaderServi - Loading from file system: jar:file:///C:/Users/Jose%20Alberto%20Morales/.m2/repository/com/github/almasb/fxgl/17.3/fxgl-17.3.jar!/fxglassets/ui/fonts/Courier-Prime.ttf
19:41:30.808 [JavaFX Application Thread] DEBUG Input                - Registered new binding: Screenshot - CTRL+8
19:41:30.808 [JavaFX Application Thread] DEBUG Input                - Registered new binding: System info dump - CTRL+9
19:41:30.809 [JavaFX Application Thread] DEBUG Input                - Registered new binding: Restart - CTRL+R
19:41:30.809 [JavaFX Application Thread] DEBUG Input                - Registered new binding: Toggle Debug Camera - CTRL+7
19:41:30.811 [JavaFX Application Thread] DEBUG LoopRunner           - Starting loop
19:41:30.811 [JavaFX Application Thread] DEBUG LoopRunner           - Initializing JavaFX AnimationTimerLoop
19:41:30.813 [JavaFX Application Thread] DEBUG Input                - Clearing active input actions
19:41:30.819 [JavaFX Application Thread] DEBUG GameApplicationServi - Removing overlay from FXGLStartupScene and adding to FXGLMainMenuDummyScene
19:41:30.820 [JavaFX Application Thread] DEBUG PrimaryStageWindow   - FXGLStartupScene -> FXGLMainMenuDummyScene
19:41:30.820 [JavaFX Application Thread] DEBUG PrimaryStageWindow   - Push state: MainMenu
19:41:30.820 [JavaFX Application Thread] DEBUG Input                - Clearing active input actions
19:41:30.827 [JavaFX Application Thread] DEBUG GameApplicationServi - Removing overlay from FXGLMainMenuDummyScene and adding to MainMenu
19:41:30.828 [JavaFX Application Thread] DEBUG PrimaryStageWindow   - FXGLMainMenuDummyScene -> MainMenu
19:41:30.828 [JavaFX Application Thread] DEBUG FXGLApplication      - Registering font factories with UI factory
19:41:31.368 [FXGL Background Thread 2 ] INFO  UpdaterService       - Your current version:  17.3
19:41:31.368 [FXGL Background Thread 2 ] INFO  UpdaterService       - Latest stable version: 21.1
19:41:33.755 [FXGL Background Thread 3 ] DEBUG Engine               - Logging environment variables
19:41:33.756 [FXGL Background Thread 3 ] DEBUG Engine               - achievements: []
19:41:33.756 [FXGL Background Thread 3 ] DEBUG Engine               - actualHeight: 700.0
19:41:33.756 [FXGL Background Thread 3 ] DEBUG Engine               - actualHeightProperty: ReadOnlyDoubleProperty [value: 700.0]
19:41:33.756 [FXGL Background Thread 3 ] DEBUG Engine               - actualWidth: 1000.0
19:41:33.756 [FXGL Background Thread 3 ] DEBUG Engine               - actualWidthProperty: ReadOnlyDoubleProperty [value: 1000.0]
19:41:33.756 [FXGL Background Thread 3 ] DEBUG Engine               - appIcon: fxgl_icon.png
19:41:33.756 [FXGL Background Thread 3 ] DEBUG Engine               - applicationMode: DEVELOPER
19:41:33.756 [FXGL Background Thread 3 ] DEBUG Engine               - cSSList: [fxgl_dark.css]
19:41:33.756 [FXGL Background Thread 3 ] DEBUG Engine               - collisionDetectionStrategy: BRUTE_FORCE
19:41:33.756 [FXGL Background Thread 3 ] DEBUG Engine               - configClass: Optional.empty
19:41:33.756 [FXGL Background Thread 3 ] DEBUG Engine               - credits: []
19:41:33.757 [FXGL Background Thread 3 ] DEBUG Engine               - defaultCursor: CursorInfo(imageName=fxgl_default_cursor.png, hotspotX=7.0, hotspotY=6.0)
19:41:33.757 [FXGL Background Thread 3 ] DEBUG Engine               - devBBoxColorProperty: ObjectProperty [value: 0xff0000ff]
19:41:33.757 [FXGL Background Thread 3 ] DEBUG Engine               - devEnableDebugCameraProperty: BooleanProperty [value: false]
19:41:33.757 [FXGL Background Thread 3 ] DEBUG Engine               - devSensorColorProperty: ObjectProperty [value: 0xffff00ff]
19:41:33.757 [FXGL Background Thread 3 ] DEBUG Engine               - devShowBBoxProperty: BooleanProperty [value: false]
19:41:33.757 [FXGL Background Thread 3 ] DEBUG Engine               - devShowPositionProperty: BooleanProperty [value: false]
19:41:33.757 [FXGL Background Thread 3 ] DEBUG Engine               - enabledMenuItems: []
19:41:33.757 [FXGL Background Thread 3 ] DEBUG Engine               - engineServices: [class com.almasb.fxgl.app.services.FXGLAssetLoaderService, class com.almasb.fxgl.app.FXGLApplication$GameApplicationService, class com.almasb.fxgl.app.services.FXGLDialogService, class com.almasb.fxgl.app.services.IOTaskExecutorService, class com.almasb.fxgl.io.FileSystemService, class com.almasb.fxgl.localization.LocalizationService, class com.almasb.fxgl.app.services.SystemBundleService, class com.almasb.fxgl.profile.SaveLoadService, class com.almasb.fxgl.ui.FXGLUIFactoryServiceProvider, class com.almasb.fxgl.ui.FXGLDialogFactoryServiceProvider, class com.almasb.fxgl.audio.AudioPlayer, class com.almasb.fxgl.notification.impl.NotificationServiceProvider, class com.almasb.fxgl.achievement.AchievementService, class com.almasb.fxgl.cutscene.CutsceneService, class com.almasb.fxgl.minigames.MiniGameService, class com.almasb.fxgl.net.NetService, class com.almasb.fxgl.app.services.UpdaterService, class com.almasb.fxgl.dev.DevService]
19:41:33.757 [FXGL Background Thread 3 ] DEBUG Engine               - fontGame: Abel-Regular.ttf
19:41:33.757 [FXGL Background Thread 3 ] DEBUG Engine               - fontMono: TerminalLandMono-Regular.otf
19:41:33.757 [FXGL Background Thread 3 ] DEBUG Engine               - fontSizeScaleUI: 1.0
19:41:33.757 [FXGL Background Thread 3 ] DEBUG Engine               - fontText: Courier-Prime.ttf
19:41:33.757 [FXGL Background Thread 3 ] DEBUG Engine               - fontUI: VarelaRound-Regular.ttf
19:41:33.758 [FXGL Background Thread 3 ] DEBUG Engine               - fullScreen: BooleanProperty [value: false]
19:41:33.758 [FXGL Background Thread 3 ] DEBUG Engine               - gameDifficulty: MEDIUM
19:41:33.758 [FXGL Background Thread 3 ] DEBUG Engine               - gameDifficultyProperty: ObjectProperty [value: MEDIUM]
19:41:33.758 [FXGL Background Thread 3 ] DEBUG Engine               - globalMusicVolume: 0.5
19:41:33.758 [FXGL Background Thread 3 ] DEBUG Engine               - globalMusicVolumeProperty: DoubleProperty [value: 0.5]
19:41:33.758 [FXGL Background Thread 3 ] DEBUG Engine               - globalSoundVolume: 0.5
19:41:33.758 [FXGL Background Thread 3 ] DEBUG Engine               - globalSoundVolumeProperty: DoubleProperty [value: 0.5]
19:41:33.758 [FXGL Background Thread 3 ] DEBUG Engine               - height: 700
19:41:33.758 [FXGL Background Thread 3 ] DEBUG Engine               - is3D: false
19:41:33.758 [FXGL Background Thread 3 ] DEBUG Engine               - isAndroid: false
19:41:33.758 [FXGL Background Thread 3 ] DEBUG Engine               - isBrowser: false
19:41:33.758 [FXGL Background Thread 3 ] DEBUG Engine               - isClickFeedbackEnabled: false
19:41:33.758 [FXGL Background Thread 3 ] DEBUG Engine               - isCloseConfirmation: false
19:41:33.758 [FXGL Background Thread 3 ] DEBUG Engine               - isDesktop: true
19:41:33.758 [FXGL Background Thread 3 ] DEBUG Engine               - isDeveloperMenuEnabled: false
19:41:33.758 [FXGL Background Thread 3 ] DEBUG Engine               - isEmbedded: false
19:41:33.759 [FXGL Background Thread 3 ] DEBUG Engine               - isEntityPreloadEnabled: true
19:41:33.759 [FXGL Background Thread 3 ] DEBUG Engine               - isExperimentalTiledLargeMap: false
19:41:33.759 [FXGL Background Thread 3 ] DEBUG Engine               - isFileSystemWriteAllowed: true
19:41:33.759 [FXGL Background Thread 3 ] DEBUG Engine               - isFullScreenAllowed: false
19:41:33.759 [FXGL Background Thread 3 ] DEBUG Engine               - isFullScreenFromStart: false
19:41:33.759 [FXGL Background Thread 3 ] DEBUG Engine               - isGameMenuEnabled: true
19:41:33.759 [FXGL Background Thread 3 ] DEBUG Engine               - isIOS: false
19:41:33.759 [FXGL Background Thread 3 ] DEBUG Engine               - isIntroEnabled: false
19:41:33.759 [FXGL Background Thread 3 ] DEBUG Engine               - isLinux: false
19:41:33.759 [FXGL Background Thread 3 ] DEBUG Engine               - isMac: false
19:41:33.759 [FXGL Background Thread 3 ] DEBUG Engine               - isMainMenuEnabled: true
19:41:33.759 [FXGL Background Thread 3 ] DEBUG Engine               - isManualResizeEnabled: false
19:41:33.759 [FXGL Background Thread 3 ] DEBUG Engine               - isMobile: false
19:41:33.759 [FXGL Background Thread 3 ] DEBUG Engine               - isNative: false
19:41:33.759 [FXGL Background Thread 3 ] DEBUG Engine               - isPauseMusicWhenMinimized: true
19:41:33.759 [FXGL Background Thread 3 ] DEBUG Engine               - isPreserveResizeRatio: false
19:41:33.759 [FXGL Background Thread 3 ] DEBUG Engine               - isProfilingEnabled: false
19:41:33.759 [FXGL Background Thread 3 ] DEBUG Engine               - isScaleAffectedOnResize: true
19:41:33.759 [FXGL Background Thread 3 ] DEBUG Engine               - isSingleStep: false
19:41:33.759 [FXGL Background Thread 3 ] DEBUG Engine               - isUserProfileEnabled: false
19:41:33.759 [FXGL Background Thread 3 ] DEBUG Engine               - isWindows: true
19:41:33.760 [FXGL Background Thread 3 ] DEBUG Engine               - language: ObjectProperty [value: ENGLISH]
19:41:33.760 [FXGL Background Thread 3 ] DEBUG Engine               - menuKey: ESCAPE
19:41:33.760 [FXGL Background Thread 3 ] DEBUG Engine               - mouseSensitivity: 0.2
19:41:33.760 [FXGL Background Thread 3 ] DEBUG Engine               - notificationViewClass: class com.almasb.fxgl.notification.view.XboxNotificationView
19:41:33.760 [FXGL Background Thread 3 ] DEBUG Engine               - pixelsPerMeter: 50.0
19:41:33.760 [FXGL Background Thread 3 ] DEBUG Engine               - platform: WINDOWS
19:41:33.760 [FXGL Background Thread 3 ] DEBUG Engine               - prefHeightProperty: ReadOnlyDoubleProperty [value: 700.0]
19:41:33.760 [FXGL Background Thread 3 ] DEBUG Engine               - prefWidthProperty: ReadOnlyDoubleProperty [value: 1000.0]
19:41:33.760 [FXGL Background Thread 3 ] DEBUG Engine               - profileDir: profiles/
19:41:33.760 [FXGL Background Thread 3 ] DEBUG Engine               - profileName: StringProperty [value: DEFAULT]
19:41:33.760 [FXGL Background Thread 3 ] DEBUG Engine               - randomSeed: -1
19:41:33.760 [FXGL Background Thread 3 ] DEBUG Engine               - runtimeInfo: RuntimeInfo(platform=WINDOWS, version=17.3, build=30.03.2023 11.49)
19:41:33.760 [FXGL Background Thread 3 ] DEBUG Engine               - saveFileExt: sav
19:41:33.760 [FXGL Background Thread 3 ] DEBUG Engine               - scaledHeightProp$fxgl: DoubleProperty [bound, value: 700.0]
19:41:33.760 [FXGL Background Thread 3 ] DEBUG Engine               - scaledWidthProp$fxgl: DoubleProperty [bound, value: 1000.0]
19:41:33.760 [FXGL Background Thread 3 ] DEBUG Engine               - sceneFactory: com.Simulador.Restaurante.RestaurantSimulator$1@1c03c4b7
19:41:33.760 [FXGL Background Thread 3 ] DEBUG Engine               - secondsIn24h: 60
19:41:33.760 [FXGL Background Thread 3 ] DEBUG Engine               - soundMenuBack: menu/back.wav
19:41:33.760 [FXGL Background Thread 3 ] DEBUG Engine               - soundMenuPress: menu/press.wav
19:41:33.760 [FXGL Background Thread 3 ] DEBUG Engine               - soundMenuSelect: menu/select.wav
19:41:33.760 [FXGL Background Thread 3 ] DEBUG Engine               - soundNotification: core/notification.wav
19:41:33.761 [FXGL Background Thread 3 ] DEBUG Engine               - stageStyle: DECORATED
19:41:33.761 [FXGL Background Thread 3 ] DEBUG Engine               - supportedLanguages: [ENGLISH, FRENCH, GERMAN, HUNGARIAN, RUSSIAN]
19:41:33.761 [FXGL Background Thread 3 ] DEBUG Engine               - ticksPerSecond: -1
19:41:33.761 [FXGL Background Thread 3 ] DEBUG Engine               - title: Simulador Restaurante
19:41:33.761 [FXGL Background Thread 3 ] DEBUG Engine               - urlGithub: https://github.com/AlmasB/FXGL
19:41:33.761 [FXGL Background Thread 3 ] DEBUG Engine               - urlLeaderboard: http://fxgl-top.herokuapp.com/
19:41:33.761 [FXGL Background Thread 3 ] DEBUG Engine               - urlPOM: https://raw.githubusercontent.com/AlmasB/FXGL/release/README.md
19:41:33.761 [FXGL Background Thread 3 ] DEBUG Engine               - userAppClass: class com.Simulador.Restaurante.RestaurantSimulator
19:41:33.761 [FXGL Background Thread 3 ] DEBUG Engine               - version: 0.1
19:41:33.761 [FXGL Background Thread 3 ] DEBUG Engine               - versionCheckDays: 7
19:41:33.761 [FXGL Background Thread 3 ] DEBUG Engine               - width: 1000
19:41:33.761 [FXGL Background Thread 3 ] DEBUG Engine               - Logging services
19:41:33.761 [FXGL Background Thread 3 ] DEBUG Engine               - class com.almasb.fxgl.app.services.FXGLAssetLoaderService
19:41:33.761 [FXGL Background Thread 3 ] DEBUG Engine               - class com.almasb.fxgl.app.FXGLApplication$GameApplicationService
19:41:33.761 [FXGL Background Thread 3 ] DEBUG Engine               - class com.almasb.fxgl.app.services.FXGLDialogService
19:41:33.761 [FXGL Background Thread 3 ] DEBUG Engine               - class com.almasb.fxgl.app.services.IOTaskExecutorService
19:41:33.761 [FXGL Background Thread 3 ] DEBUG Engine               - class com.almasb.fxgl.io.FileSystemService
19:41:33.761 [FXGL Background Thread 3 ] DEBUG Engine               - class com.almasb.fxgl.localization.LocalizationService
19:41:33.761 [FXGL Background Thread 3 ] DEBUG Engine               - class com.almasb.fxgl.app.services.SystemBundleService
19:41:33.761 [FXGL Background Thread 3 ] DEBUG Engine               - class com.almasb.fxgl.profile.SaveLoadService
19:41:33.761 [FXGL Background Thread 3 ] DEBUG Engine               - class com.almasb.fxgl.ui.FXGLUIFactoryServiceProvider
19:41:33.761 [FXGL Background Thread 3 ] DEBUG Engine               - class com.almasb.fxgl.ui.FXGLDialogFactoryServiceProvider
19:41:33.761 [FXGL Background Thread 3 ] DEBUG Engine               - class com.almasb.fxgl.audio.AudioPlayer
19:41:33.761 [FXGL Background Thread 3 ] DEBUG Engine               - class com.almasb.fxgl.notification.impl.NotificationServiceProvider
19:41:33.761 [FXGL Background Thread 3 ] DEBUG Engine               - class com.almasb.fxgl.achievement.AchievementService
19:41:33.761 [FXGL Background Thread 3 ] DEBUG Engine               - class com.almasb.fxgl.cutscene.CutsceneService
19:41:33.762 [FXGL Background Thread 3 ] DEBUG Engine               - class com.almasb.fxgl.minigames.MiniGameService
19:41:33.762 [FXGL Background Thread 3 ] DEBUG Engine               - class com.almasb.fxgl.net.NetService
19:41:33.762 [FXGL Background Thread 3 ] DEBUG Engine               - class com.almasb.fxgl.app.services.UpdaterService
19:41:33.762 [FXGL Background Thread 3 ] DEBUG Engine               - class com.almasb.fxgl.dev.DevService
19:41:47.811 [JavaFX Application Thread] DEBUG Menu                 - fireNewGame()
19:41:47.812 [JavaFX Application Thread] DEBUG GameApplicationServi - Starting new game
19:41:47.812 [JavaFX Application Thread] DEBUG PrimaryStageWindow   - Pop state: MainMenu
19:41:47.812 [JavaFX Application Thread] DEBUG Input                - Clearing active input actions
19:41:47.813 [JavaFX Application Thread] DEBUG GameApplicationServi - Removing overlay from MainMenu and adding to FXGLMainMenuDummyScene
19:41:47.813 [JavaFX Application Thread] DEBUG PrimaryStageWindow   - FXGLMainMenuDummyScene <- MainMenu
19:41:47.814 [JavaFX Application Thread] DEBUG Input                - Clearing active input actions
19:41:47.820 [JavaFX Application Thread] DEBUG GameApplicationServi - Removing overlay from FXGLMainMenuDummyScene and adding to FXGLLoadingScene
19:41:47.821 [JavaFX Application Thread] DEBUG PrimaryStageWindow   - FXGLMainMenuDummyScene -> FXGLLoadingScene
19:41:47.821 [JavaFX Application Thread] DEBUG GameApplicationServi - Clearing previous game
19:41:47.821 [JavaFX Application Thread] DEBUG GameScene            - Clearing game scene
19:41:47.821 [JavaFX Application Thread] DEBUG GameWorld            - Clearing game world
19:41:47.821 [JavaFX Application Thread] DEBUG PhysicsWorld         - Clearing physics world
19:41:47.824 [FXGL Background Thread 2 ] DEBUG FXGLApplication      - Initializing game
19:41:47.839 [JavaFX Application Thread] DEBUG LoopRunner           - Stopping loop
19:41:47.840 [JavaFX Application Thread] FATAL FXGLApplication      - Uncaught Exception:
java.lang.RuntimeException: Initialization failed
	at com.almasb.fxgl.all@17.3/com.almasb.fxgl.app.FXGLApplication$InitAppTask.failed(FXGLApplication.kt:343)
	at javafx.graphics@21/javafx.concurrent.Task.setState(Task.java:710)
	at javafx.graphics@21/javafx.concurrent.Task$TaskCallable.lambda$call$2(Task.java:1429)
	at javafx.graphics@21/com.sun.javafx.application.PlatformImpl.lambda$runLater$10(PlatformImpl.java:456)
	at java.base/java.security.AccessController.doPrivileged(AccessController.java:400)
	at javafx.graphics@21/com.sun.javafx.application.PlatformImpl.lambda$runLater$11(PlatformImpl.java:455)
	at javafx.graphics@21/com.sun.glass.ui.InvokeLaterDispatcher$Future.run(InvokeLaterDispatcher.java:95)
	at javafx.graphics@21/com.sun.glass.ui.win.WinApplication._runLoop(Native Method)
	at javafx.graphics@21/com.sun.glass.ui.win.WinApplication.lambda$runLoop$3(WinApplication.java:185)
	at java.base/java.lang.Thread.run(Thread.java:1583)
Caused by: java.lang.IllegalAccessException: class com.almasb.fxgl.core.reflect.ReflectionUtils (in module com.almasb.fxgl.core) cannot access class com.Simulador.Restaurante.entities.RestaurantEntityFactory (in module com.example.restaurant) because module com.example.restaurant does not export com.Simulador.Restaurante.entities to module com.almasb.fxgl.core
	at java.base/jdk.internal.reflect.Reflection.newIllegalAccessException(Reflection.java:394)
	at java.base/java.lang.reflect.AccessibleObject.checkAccess(AccessibleObject.java:714)
	at java.base/java.lang.reflect.Method.invoke(Method.java:571)
	at com.almasb.fxgl.core@17.3/com.almasb.fxgl.core.reflect.ReflectionUtils.call(ReflectionUtils.java:104)
	at com.almasb.fxgl.core@17.3/com.almasb.fxgl.core.reflect.ReflectionUtils.lambda$mapToFunction$3(ReflectionUtils.java:111)
	at com.almasb.fxgl.entity@17.3/com.almasb.fxgl.entity.GameWorld$create$2.invoke(GameWorld.kt:430)
	at com.almasb.fxgl.entity@17.3/com.almasb.fxgl.entity.GameWorld$create$2.invoke(GameWorld.kt:430)
	at com.almasb.fxgl.core@17.3/com.almasb.fxgl.core.util.DSLKt.tryCatchRoot(DSL.kt:34)
	at com.almasb.fxgl.entity@17.3/com.almasb.fxgl.entity.GameWorld.create(GameWorld.kt:430)
	at com.almasb.fxgl.entity@17.3/com.almasb.fxgl.entity.GameWorld.spawn(GameWorld.kt:396)
	at com.almasb.fxgl.entity@17.3/com.almasb.fxgl.entity.GameWorld.spawn(GameWorld.kt:384)
	at com.almasb.fxgl.all@17.3/com.almasb.fxgl.dsl.FXGL$Companion.spawn(FXGL.kt:557)
	at com.almasb.fxgl.all@17.3/com.almasb.fxgl.dsl.FXGL.spawn(FXGL.kt)
	at com.example.restaurant/com.Simulador.Restaurante.RestaurantSimulator.spawnInitialEntities(RestaurantSimulator.java:95)
	at com.example.restaurant/com.Simulador.Restaurante.RestaurantSimulator.initGame(RestaurantSimulator.java:41)
	at com.almasb.fxgl.all@17.3/com.almasb.fxgl.app.FXGLApplication$InitAppTask.initGame(FXGLApplication.kt:339)
	at com.almasb.fxgl.all@17.3/com.almasb.fxgl.app.FXGLApplication$InitAppTask.call(FXGLApplication.kt:319)
	at com.almasb.fxgl.all@17.3/com.almasb.fxgl.app.FXGLApplication$InitAppTask.call(FXGLApplication.kt:311)
	at javafx.graphics@21/javafx.concurrent.Task$TaskCallable.call(Task.java:1399)
	at java.base/java.util.concurrent.FutureTask.run(FutureTask.java:317)
	at java.base/java.util.concurrent.Executors$RunnableAdapter.call(Executors.java:572)
	at java.base/java.util.concurrent.FutureTask.run(FutureTask.java:317)
	at java.base/java.util.concurrent.ThreadPoolExecutor.runWorker(ThreadPoolExecutor.java:1144)
	at java.base/java.util.concurrent.ThreadPoolExecutor$Worker.run(ThreadPoolExecutor.java:642)
	... 1 more

19:41:47.841 [JavaFX Application Thread] FATAL FXGLApplication      - Application will now exit
19:41:47.853 [JavaFX Application Thread] DEBUG PrimaryStageWindow   - Push state: ErrorSubScene
19:41:47.853 [JavaFX Application Thread] DEBUG Input                - Clearing active input actions
19:41:47.855 [JavaFX Application Thread] DEBUG GameApplicationServi - Removing overlay from FXGLLoadingScene and adding to ErrorSubScene
19:41:47.855 [JavaFX Application Thread] DEBUG PrimaryStageWindow   - FXGLLoadingScene -> ErrorSubScene
19:42:07.208 [JavaFX Application Thread] DEBUG FXGLApplication      - Exiting FXGL
19:42:07.208 [JavaFX Application Thread] DEBUG Async                - Shutting down background threads
19:42:07.208 [JavaFX Application Thread] DEBUG PrimaryStageWindow   - Closing main window
19:42:07.223 [JavaFX Application Thread] DEBUG Logger               - Closing Logger
