09:00:20.781 [main                     ] DEBUG Logger               - Configured Logger
09:00:20.804 [main                     ] DEBUG GameApplication      - Logging settings
Title: Simulador de Restaurante
Version: 1.0
Width: 1100
Height: 700
Fullscreen: false
Intro: false
Profiling: false
Single step:false
App Mode: DEVELOPER
Menu Key: ESCAPE
Stage Style: DECORATED
Scene Factory: class com.almasb.fxgl.app.scene.SceneFactory

09:00:21.127 [JavaFX Application Thread] DEBUG FXGLApplication      - Initializing FXGL
09:00:21.131 [JavaFX Application Thread] INFO  Engine               - FXGL-17.3 (30.03.2023 11.49) on WINDOWS (J:21.0.5 FX:21)
09:00:21.131 [JavaFX Application Thread] DEBUG Engine               - JRE Vendor Name: Oracle Corporation
09:00:21.131 [JavaFX Application Thread] DEBUG Engine               - Running on OS: Windows 11 version 10.0
09:00:21.131 [JavaFX Application Thread] DEBUG Engine               - Architecture: amd64
09:00:21.131 [JavaFX Application Thread] INFO  Engine               - Source code and latest versions at: https://github.com/AlmasB/FXGL
09:00:21.132 [JavaFX Application Thread] INFO  Engine               -       Ask questions and discuss at: https://github.com/AlmasB/FXGL/discussions
09:00:21.132 [JavaFX Application Thread] INFO  Engine               -              Join the FXGL chat at: https://gitter.im/AlmasB/FXGL
09:00:21.201 [JavaFX Application Thread] DEBUG PrimaryStageWindow   - Creating a JavaFX scene
09:00:21.242 [JavaFX Application Thread] DEBUG PrimaryStageWindow   - Target settings size: 1100.0 x 700.0
09:00:21.242 [JavaFX Application Thread] DEBUG PrimaryStageWindow   - Scaled scene size:    1100.0 x 700.0
09:00:21.242 [JavaFX Application Thread] DEBUG PrimaryStageWindow   - Scaled ratio: (1.0, 1.0)
09:00:21.244 [JavaFX Application Thread] DEBUG PrimaryStageWindow   - Set initial scene to FXGLStartupScene
09:00:21.247 [JavaFX Application Thread] DEBUG PrimaryStageWindow   - Opening main window
09:00:21.312 [JavaFX Application Thread] DEBUG PrimaryStageWindow   - Window border size: (14.4000244140625, 37.5999755859375)
09:00:21.313 [JavaFX Application Thread] DEBUG PrimaryStageWindow   - Scaled size: 1100.0 x 700.0
09:00:21.313 [JavaFX Application Thread] DEBUG PrimaryStageWindow   - Scaled ratio: (1.0, 1.0)
09:00:21.313 [JavaFX Application Thread] DEBUG PrimaryStageWindow   - Scene size: 1100.0 x 700.0
09:00:21.313 [JavaFX Application Thread] DEBUG PrimaryStageWindow   - Stage size: 1114.4000244140625 x 737.5999755859375
09:00:21.321 [FXGL Background Thread 1 ] DEBUG Engine               - Initializing environment variables
09:00:21.369 [FXGL Background Thread 1 ] DEBUG FXGLAssetLoaderServi - User app class for loading assets: class com.Simulador.Restaurante.RestaurantSimulator
09:00:21.370 [FXGL Background Thread 1 ] DEBUG GameApplicationServi - Applying CSS: fxgl_dark.css
09:00:21.371 [FXGL Background Thread 1 ] DEBUG FXGLAssetLoaderServi - Loading from file system: jar:file:///C:/Users/Jose%20Alberto%20Morales/.m2/repository/com/github/almasb/fxgl/17.3/fxgl-17.3.jar!/fxglassets/ui/css/fxgl_dark.css
09:00:21.411 [FXGL Background Thread 1 ] DEBUG GameApplicationServi - Initializing application scenes
09:00:21.445 [FXGL Background Thread 1 ] DEBUG GameWorld            - Game world initialized
09:00:21.505 [FXGL Background Thread 1 ] DEBUG PhysicsWorld         - Physics world initialized: appHeight=700, physics.ppm=50.0
09:00:21.505 [FXGL Background Thread 1 ] DEBUG PhysicsWorld         - Using strategy: BRUTE_FORCE
09:00:21.508 [FXGL Background Thread 1 ] DEBUG GameScene            - Game scene initialized: 1100x700
09:00:21.517 [FXGL Background Thread 1 ] DEBUG FXGL.DefaultMenu     - createMenuBodyGameMenu()
09:00:21.527 [FXGL Background Thread 1 ] DEBUG FXGL.DefaultMenu     - createOptionsMenu()
09:00:21.534 [FXGL Background Thread 1 ] DEBUG FXGLAssetLoaderServi - Loading from file system: jar:file:///C:/Users/Jose%20Alberto%20Morales/.m2/repository/com/github/almasb/fxgl/17.3/fxgl-17.3.jar!/fxglassets/textures/particles/smoke.png
09:00:21.608 [FXGL Background Thread 1 ] DEBUG FXGLAssetLoaderServi - Loading from file system: jar:file:///C:/Users/Jose%20Alberto%20Morales/.m2/repository/com/github/almasb/fxgl/17.3/fxgl-17.3.jar!/fxglassets/textures/particles/trace_horizontal.png
09:00:21.634 [FXGL Background Thread 1 ] DEBUG GameApplicationServi - Application scenes initialized
09:00:21.644 [FXGL Background Thread 1 ] DEBUG SystemBundleService  - Loading FXGL system data
09:00:21.648 [FXGL Background Thread 1 ] DEBUG FileSystemAccess     - Reading from: C:\Users\Jose Alberto Morales\Documents\7to Cuatrimestre\Programacion concurrente\Restaurant\system\fxgl.bundle
09:00:21.656 [FXGL Background Thread 1 ] DEBUG SystemBundleService  - Bundle FXGL: {}
09:00:21.656 [FXGL Background Thread 1 ] DEBUG UpdaterService       - Checking for updates
09:00:21.659 [FXGL Background Thread 4 ] DEBUG FXGLApplication      - Loading fonts
09:00:21.659 [FXGL Background Thread 1 ] DEBUG FXGLApplication      - Loading default localization
09:00:21.659 [FXGL Background Thread 4 ] DEBUG FXGLAssetLoaderServi - Loading from file system: jar:file:///C:/Users/Jose%20Alberto%20Morales/.m2/repository/com/github/almasb/fxgl/17.3/fxgl-17.3.jar!/fxglassets/ui/fonts/VarelaRound-Regular.ttf
09:00:21.659 [FXGL Background Thread 1 ] DEBUG FXGLAssetLoaderServi - Loading from file system: jar:file:///C:/Users/Jose%20Alberto%20Morales/.m2/repository/com/github/almasb/fxgl/17.3/fxgl-17.3.jar!/fxglassets/languages/english.lang
09:00:21.674 [FXGL Background Thread 1 ] INFO  FXGLApplication      - FXGL initialization took: 0.353 sec
09:00:21.674 [JavaFX Application Thread] DEBUG FXGLAssetLoaderServi - Loading from file system: jar:file:///C:/Users/Jose%20Alberto%20Morales/.m2/repository/com/github/almasb/fxgl/17.3/fxgl-17.3.jar!/fxglassets/textures/fxgl_icon.png
09:00:21.688 [FXGL Background Thread 4 ] DEBUG FXGLAssetLoaderServi - Loading from file system: jar:file:///C:/Users/Jose%20Alberto%20Morales/.m2/repository/com/github/almasb/fxgl/17.3/fxgl-17.3.jar!/fxglassets/ui/fonts/Abel-Regular.ttf
09:00:21.692 [FXGL Background Thread 4 ] DEBUG FXGLAssetLoaderServi - Loading from file system: jar:file:///C:/Users/Jose%20Alberto%20Morales/.m2/repository/com/github/almasb/fxgl/17.3/fxgl-17.3.jar!/fxglassets/ui/fonts/TerminalLandMono-Regular.otf
09:00:21.692 [JavaFX Application Thread] DEBUG FXGLAssetLoaderServi - Loading from file system: jar:file:///C:/Users/Jose%20Alberto%20Morales/.m2/repository/com/github/almasb/fxgl/17.3/fxgl-17.3.jar!/fxglassets/textures/fxgl_default_cursor.png
09:00:21.697 [FXGL Background Thread 4 ] DEBUG FXGLAssetLoaderServi - Loading from file system: jar:file:///C:/Users/Jose%20Alberto%20Morales/.m2/repository/com/github/almasb/fxgl/17.3/fxgl-17.3.jar!/fxglassets/ui/fonts/Courier-Prime.ttf
09:00:21.704 [JavaFX Application Thread] DEBUG Input                - Registered new binding: Screenshot - CTRL+8
09:00:21.704 [JavaFX Application Thread] DEBUG Input                - Registered new binding: System info dump - CTRL+9
09:00:21.704 [JavaFX Application Thread] DEBUG Input                - Registered new binding: Restart - CTRL+R
09:00:21.706 [JavaFX Application Thread] DEBUG Input                - Registered new binding: Toggle Debug Camera - CTRL+7
09:00:21.707 [JavaFX Application Thread] DEBUG LoopRunner           - Starting loop
09:00:21.708 [JavaFX Application Thread] DEBUG LoopRunner           - Initializing JavaFX AnimationTimerLoop
09:00:21.708 [JavaFX Application Thread] DEBUG GameApplicationServi - Starting new game
09:00:21.709 [JavaFX Application Thread] DEBUG Input                - Clearing active input actions
09:00:21.717 [JavaFX Application Thread] DEBUG GameApplicationServi - Removing overlay from FXGLStartupScene and adding to FXGLLoadingScene
09:00:21.718 [JavaFX Application Thread] DEBUG PrimaryStageWindow   - FXGLStartupScene -> FXGLLoadingScene
09:00:21.718 [JavaFX Application Thread] DEBUG GameApplicationServi - Clearing previous game
09:00:21.718 [JavaFX Application Thread] DEBUG GameScene            - Clearing game scene
09:00:21.718 [JavaFX Application Thread] DEBUG GameWorld            - Clearing game world
09:00:21.718 [JavaFX Application Thread] DEBUG PhysicsWorld         - Clearing physics world
09:00:21.719 [JavaFX Application Thread] DEBUG FXGLApplication      - Registering font factories with UI factory
09:00:22.086 [FXGL Background Thread 4 ] INFO  FXGLApplication      - Game initialization took: 0.366 sec
09:00:22.087 [JavaFX Application Thread] DEBUG Input                - Clearing active input actions
09:00:22.098 [JavaFX Application Thread] DEBUG GameApplicationServi - Removing overlay from FXGLLoadingScene and adding to GameScene
09:00:22.098 [JavaFX Application Thread] DEBUG PrimaryStageWindow   - FXGLLoadingScene -> GameScene
09:00:22.283 [FXGL Background Thread 2 ] INFO  UpdaterService       - Your current version:  17.3
09:00:22.283 [FXGL Background Thread 2 ] INFO  UpdaterService       - Latest stable version: 21.1
09:00:24.660 [FXGL Background Thread 3 ] DEBUG Engine               - Logging environment variables
09:00:24.660 [FXGL Background Thread 3 ] DEBUG Engine               - achievements: []
09:00:24.660 [FXGL Background Thread 3 ] DEBUG Engine               - actualHeight: 700.0
09:00:24.660 [FXGL Background Thread 3 ] DEBUG Engine               - actualHeightProperty: ReadOnlyDoubleProperty [value: 700.0]
09:00:24.660 [FXGL Background Thread 3 ] DEBUG Engine               - actualWidth: 1100.0
09:00:24.660 [FXGL Background Thread 3 ] DEBUG Engine               - actualWidthProperty: ReadOnlyDoubleProperty [value: 1100.0]
09:00:24.660 [FXGL Background Thread 3 ] DEBUG Engine               - appIcon: fxgl_icon.png
09:00:24.660 [FXGL Background Thread 3 ] DEBUG Engine               - applicationMode: DEVELOPER
09:00:24.661 [FXGL Background Thread 3 ] DEBUG Engine               - cSSList: [fxgl_dark.css]
09:00:24.661 [FXGL Background Thread 3 ] DEBUG Engine               - collisionDetectionStrategy: BRUTE_FORCE
09:00:24.661 [FXGL Background Thread 3 ] DEBUG Engine               - configClass: Optional.empty
09:00:24.661 [FXGL Background Thread 3 ] DEBUG Engine               - credits: []
09:00:24.661 [FXGL Background Thread 3 ] DEBUG Engine               - defaultCursor: CursorInfo(imageName=fxgl_default_cursor.png, hotspotX=7.0, hotspotY=6.0)
09:00:24.661 [FXGL Background Thread 3 ] DEBUG Engine               - devBBoxColorProperty: ObjectProperty [value: 0xff0000ff]
09:00:24.661 [FXGL Background Thread 3 ] DEBUG Engine               - devEnableDebugCameraProperty: BooleanProperty [value: false]
09:00:24.661 [FXGL Background Thread 3 ] DEBUG Engine               - devSensorColorProperty: ObjectProperty [value: 0xffff00ff]
09:00:24.661 [FXGL Background Thread 3 ] DEBUG Engine               - devShowBBoxProperty: BooleanProperty [value: false]
09:00:24.661 [FXGL Background Thread 3 ] DEBUG Engine               - devShowPositionProperty: BooleanProperty [value: false]
09:00:24.661 [FXGL Background Thread 3 ] DEBUG Engine               - enabledMenuItems: []
09:00:24.662 [FXGL Background Thread 3 ] DEBUG Engine               - engineServices: [class com.almasb.fxgl.app.services.FXGLAssetLoaderService, class com.almasb.fxgl.app.FXGLApplication$GameApplicationService, class com.almasb.fxgl.app.services.FXGLDialogService, class com.almasb.fxgl.app.services.IOTaskExecutorService, class com.almasb.fxgl.io.FileSystemService, class com.almasb.fxgl.localization.LocalizationService, class com.almasb.fxgl.app.services.SystemBundleService, class com.almasb.fxgl.profile.SaveLoadService, class com.almasb.fxgl.ui.FXGLUIFactoryServiceProvider, class com.almasb.fxgl.ui.FXGLDialogFactoryServiceProvider, class com.almasb.fxgl.audio.AudioPlayer, class com.almasb.fxgl.notification.impl.NotificationServiceProvider, class com.almasb.fxgl.achievement.AchievementService, class com.almasb.fxgl.cutscene.CutsceneService, class com.almasb.fxgl.minigames.MiniGameService, class com.almasb.fxgl.net.NetService, class com.almasb.fxgl.app.services.UpdaterService, class com.almasb.fxgl.dev.DevService]
09:00:24.662 [FXGL Background Thread 3 ] DEBUG Engine               - fontGame: Abel-Regular.ttf
09:00:24.662 [FXGL Background Thread 3 ] DEBUG Engine               - fontMono: TerminalLandMono-Regular.otf
09:00:24.662 [FXGL Background Thread 3 ] DEBUG Engine               - fontSizeScaleUI: 1.0
09:00:24.662 [FXGL Background Thread 3 ] DEBUG Engine               - fontText: Courier-Prime.ttf
09:00:24.662 [FXGL Background Thread 3 ] DEBUG Engine               - fontUI: VarelaRound-Regular.ttf
09:00:24.662 [FXGL Background Thread 3 ] DEBUG Engine               - fullScreen: BooleanProperty [value: false]
09:00:24.662 [FXGL Background Thread 3 ] DEBUG Engine               - gameDifficulty: MEDIUM
09:00:24.662 [FXGL Background Thread 3 ] DEBUG Engine               - gameDifficultyProperty: ObjectProperty [value: MEDIUM]
09:00:24.662 [FXGL Background Thread 3 ] DEBUG Engine               - globalMusicVolume: 0.5
09:00:24.662 [FXGL Background Thread 3 ] DEBUG Engine               - globalMusicVolumeProperty: DoubleProperty [value: 0.5]
09:00:24.662 [FXGL Background Thread 3 ] DEBUG Engine               - globalSoundVolume: 0.5
09:00:24.662 [FXGL Background Thread 3 ] DEBUG Engine               - globalSoundVolumeProperty: DoubleProperty [value: 0.5]
09:00:24.662 [FXGL Background Thread 3 ] DEBUG Engine               - height: 700
09:00:24.662 [FXGL Background Thread 3 ] DEBUG Engine               - is3D: false
09:00:24.662 [FXGL Background Thread 3 ] DEBUG Engine               - isAndroid: false
09:00:24.662 [FXGL Background Thread 3 ] DEBUG Engine               - isBrowser: false
09:00:24.662 [FXGL Background Thread 3 ] DEBUG Engine               - isClickFeedbackEnabled: false
09:00:24.662 [FXGL Background Thread 3 ] DEBUG Engine               - isCloseConfirmation: false
09:00:24.662 [FXGL Background Thread 3 ] DEBUG Engine               - isDesktop: true
09:00:24.663 [FXGL Background Thread 3 ] DEBUG Engine               - isDeveloperMenuEnabled: false
09:00:24.663 [FXGL Background Thread 3 ] DEBUG Engine               - isEmbedded: false
09:00:24.663 [FXGL Background Thread 3 ] DEBUG Engine               - isEntityPreloadEnabled: true
09:00:24.663 [FXGL Background Thread 3 ] DEBUG Engine               - isExperimentalTiledLargeMap: false
09:00:24.663 [FXGL Background Thread 3 ] DEBUG Engine               - isFileSystemWriteAllowed: true
09:00:24.663 [FXGL Background Thread 3 ] DEBUG Engine               - isFullScreenAllowed: false
09:00:24.663 [FXGL Background Thread 3 ] DEBUG Engine               - isFullScreenFromStart: false
09:00:24.663 [FXGL Background Thread 3 ] DEBUG Engine               - isGameMenuEnabled: true
09:00:24.663 [FXGL Background Thread 3 ] DEBUG Engine               - isIOS: false
09:00:24.663 [FXGL Background Thread 3 ] DEBUG Engine               - isIntroEnabled: false
09:00:24.663 [FXGL Background Thread 3 ] DEBUG Engine               - isLinux: false
09:00:24.663 [FXGL Background Thread 3 ] DEBUG Engine               - isMac: false
09:00:24.663 [FXGL Background Thread 3 ] DEBUG Engine               - isMainMenuEnabled: false
09:00:24.663 [FXGL Background Thread 3 ] DEBUG Engine               - isManualResizeEnabled: false
09:00:24.663 [FXGL Background Thread 3 ] DEBUG Engine               - isMobile: false
09:00:24.663 [FXGL Background Thread 3 ] DEBUG Engine               - isNative: false
09:00:24.663 [FXGL Background Thread 3 ] DEBUG Engine               - isPauseMusicWhenMinimized: true
09:00:24.663 [FXGL Background Thread 3 ] DEBUG Engine               - isPreserveResizeRatio: false
09:00:24.663 [FXGL Background Thread 3 ] DEBUG Engine               - isProfilingEnabled: false
09:00:24.663 [FXGL Background Thread 3 ] DEBUG Engine               - isScaleAffectedOnResize: true
09:00:24.663 [FXGL Background Thread 3 ] DEBUG Engine               - isSingleStep: false
09:00:24.664 [FXGL Background Thread 3 ] DEBUG Engine               - isUserProfileEnabled: false
09:00:24.664 [FXGL Background Thread 3 ] DEBUG Engine               - isWindows: true
09:00:24.664 [FXGL Background Thread 3 ] DEBUG Engine               - language: ObjectProperty [value: ENGLISH]
09:00:24.664 [FXGL Background Thread 3 ] DEBUG Engine               - menuKey: ESCAPE
09:00:24.664 [FXGL Background Thread 3 ] DEBUG Engine               - mouseSensitivity: 0.2
09:00:24.664 [FXGL Background Thread 3 ] DEBUG Engine               - notificationViewClass: class com.almasb.fxgl.notification.view.XboxNotificationView
09:00:24.664 [FXGL Background Thread 3 ] DEBUG Engine               - pixelsPerMeter: 50.0
09:00:24.664 [FXGL Background Thread 3 ] DEBUG Engine               - platform: WINDOWS
09:00:24.664 [FXGL Background Thread 3 ] DEBUG Engine               - prefHeightProperty: ReadOnlyDoubleProperty [value: 700.0]
09:00:24.664 [FXGL Background Thread 3 ] DEBUG Engine               - prefWidthProperty: ReadOnlyDoubleProperty [value: 1100.0]
09:00:24.664 [FXGL Background Thread 3 ] DEBUG Engine               - profileDir: profiles/
09:00:24.664 [FXGL Background Thread 3 ] DEBUG Engine               - profileName: StringProperty [value: DEFAULT]
09:00:24.664 [FXGL Background Thread 3 ] DEBUG Engine               - randomSeed: -1
09:00:24.664 [FXGL Background Thread 3 ] DEBUG Engine               - runtimeInfo: RuntimeInfo(platform=WINDOWS, version=17.3, build=30.03.2023 11.49)
09:00:24.664 [FXGL Background Thread 3 ] DEBUG Engine               - saveFileExt: sav
09:00:24.664 [FXGL Background Thread 3 ] DEBUG Engine               - scaledHeightProp$fxgl: DoubleProperty [bound, value: 700.0]
09:00:24.664 [FXGL Background Thread 3 ] DEBUG Engine               - scaledWidthProp$fxgl: DoubleProperty [bound, value: 1100.0]
09:00:24.664 [FXGL Background Thread 3 ] DEBUG Engine               - sceneFactory: com.almasb.fxgl.app.scene.SceneFactory@16f70868
09:00:24.664 [FXGL Background Thread 3 ] DEBUG Engine               - secondsIn24h: 60
09:00:24.664 [FXGL Background Thread 3 ] DEBUG Engine               - soundMenuBack: menu/back.wav
09:00:24.665 [FXGL Background Thread 3 ] DEBUG Engine               - soundMenuPress: menu/press.wav
09:00:24.665 [FXGL Background Thread 3 ] DEBUG Engine               - soundMenuSelect: menu/select.wav
09:00:24.665 [FXGL Background Thread 3 ] DEBUG Engine               - soundNotification: core/notification.wav
09:00:24.665 [FXGL Background Thread 3 ] DEBUG Engine               - stageStyle: DECORATED
09:00:24.665 [FXGL Background Thread 3 ] DEBUG Engine               - supportedLanguages: [ENGLISH, FRENCH, GERMAN, HUNGARIAN, RUSSIAN]
09:00:24.665 [FXGL Background Thread 3 ] DEBUG Engine               - ticksPerSecond: -1
09:00:24.665 [FXGL Background Thread 3 ] DEBUG Engine               - title: Simulador de Restaurante
09:00:24.665 [FXGL Background Thread 3 ] DEBUG Engine               - urlGithub: https://github.com/AlmasB/FXGL
09:00:24.665 [FXGL Background Thread 3 ] DEBUG Engine               - urlLeaderboard: http://fxgl-top.herokuapp.com/
09:00:24.665 [FXGL Background Thread 3 ] DEBUG Engine               - urlPOM: https://raw.githubusercontent.com/AlmasB/FXGL/release/README.md
09:00:24.665 [FXGL Background Thread 3 ] DEBUG Engine               - userAppClass: class com.Simulador.Restaurante.RestaurantSimulator
09:00:24.665 [FXGL Background Thread 3 ] DEBUG Engine               - version: 1.0
09:00:24.665 [FXGL Background Thread 3 ] DEBUG Engine               - versionCheckDays: 7
09:00:24.665 [FXGL Background Thread 3 ] DEBUG Engine               - width: 1100
09:00:24.665 [FXGL Background Thread 3 ] DEBUG Engine               - Logging services
09:00:24.665 [FXGL Background Thread 3 ] DEBUG Engine               - class com.almasb.fxgl.app.services.FXGLAssetLoaderService
09:00:24.665 [FXGL Background Thread 3 ] DEBUG Engine               - class com.almasb.fxgl.app.FXGLApplication$GameApplicationService
09:00:24.665 [FXGL Background Thread 3 ] DEBUG Engine               - class com.almasb.fxgl.app.services.FXGLDialogService
09:00:24.665 [FXGL Background Thread 3 ] DEBUG Engine               - class com.almasb.fxgl.app.services.IOTaskExecutorService
09:00:24.665 [FXGL Background Thread 3 ] DEBUG Engine               - class com.almasb.fxgl.io.FileSystemService
09:00:24.665 [FXGL Background Thread 3 ] DEBUG Engine               - class com.almasb.fxgl.localization.LocalizationService
09:00:24.665 [FXGL Background Thread 3 ] DEBUG Engine               - class com.almasb.fxgl.app.services.SystemBundleService
09:00:24.665 [FXGL Background Thread 3 ] DEBUG Engine               - class com.almasb.fxgl.profile.SaveLoadService
09:00:24.665 [FXGL Background Thread 3 ] DEBUG Engine               - class com.almasb.fxgl.ui.FXGLUIFactoryServiceProvider
09:00:24.665 [FXGL Background Thread 3 ] DEBUG Engine               - class com.almasb.fxgl.ui.FXGLDialogFactoryServiceProvider
09:00:24.665 [FXGL Background Thread 3 ] DEBUG Engine               - class com.almasb.fxgl.audio.AudioPlayer
09:00:24.665 [FXGL Background Thread 3 ] DEBUG Engine               - class com.almasb.fxgl.notification.impl.NotificationServiceProvider
09:00:24.665 [FXGL Background Thread 3 ] DEBUG Engine               - class com.almasb.fxgl.achievement.AchievementService
09:00:24.665 [FXGL Background Thread 3 ] DEBUG Engine               - class com.almasb.fxgl.cutscene.CutsceneService
09:00:24.666 [FXGL Background Thread 3 ] DEBUG Engine               - class com.almasb.fxgl.minigames.MiniGameService
09:00:24.666 [FXGL Background Thread 3 ] DEBUG Engine               - class com.almasb.fxgl.net.NetService
09:00:24.666 [FXGL Background Thread 3 ] DEBUG Engine               - class com.almasb.fxgl.app.services.UpdaterService
09:00:24.666 [FXGL Background Thread 3 ] DEBUG Engine               - class com.almasb.fxgl.dev.DevService
09:00:45.624 [JavaFX Application Thread] DEBUG FXGLApplication      - Exiting FXGL
09:00:45.624 [JavaFX Application Thread] DEBUG LoopRunner           - Stopping loop
09:00:45.625 [JavaFX Application Thread] DEBUG SystemBundleService  - Saving FXGL system data
09:00:45.626 [JavaFX Application Thread] DEBUG FileSystemAccess     - Writing to: C:\Users\Jose Alberto Morales\Documents\7to Cuatrimestre\Programacion concurrente\Restaurant\system\fxgl.bundle
09:00:45.628 [JavaFX Application Thread] DEBUG Async                - Shutting down background threads
09:00:45.628 [JavaFX Application Thread] DEBUG PrimaryStageWindow   - Closing main window
09:00:45.641 [JavaFX Application Thread] DEBUG Logger               - Closing Logger
