12:06:26.968 [main                     ] DEBUG Logger               - Configured Logger
12:06:26.994 [main                     ] DEBUG GameApplication      - Logging settings
Title: Simulador Restaurante
Version: 0.1
Width: 1300
Height: 650
Fullscreen: false
Intro: false
Profiling: false
Single step:false
App Mode: DEVELOPER
Menu Key: ESCAPE
Stage Style: DECORATED
Scene Factory: class com.Simulador.Restaurante.RestaurantSimulator$1

12:06:27.350 [JavaFX Application Thread] DEBUG FXGLApplication      - Initializing FXGL
12:06:27.354 [JavaFX Application Thread] INFO  Engine               - FXGL-17.3 (30.03.2023 11.49) on WINDOWS (J:21.0.5 FX:21)
12:06:27.354 [JavaFX Application Thread] DEBUG Engine               - JRE Vendor Name: Oracle Corporation
12:06:27.355 [JavaFX Application Thread] DEBUG Engine               - Running on OS: Windows 11 version 10.0
12:06:27.355 [JavaFX Application Thread] DEBUG Engine               - Architecture: amd64
12:06:27.355 [JavaFX Application Thread] INFO  Engine               - Source code and latest versions at: https://github.com/AlmasB/FXGL
12:06:27.355 [JavaFX Application Thread] INFO  Engine               -       Ask questions and discuss at: https://github.com/AlmasB/FXGL/discussions
12:06:27.355 [JavaFX Application Thread] INFO  Engine               -              Join the FXGL chat at: https://gitter.im/AlmasB/FXGL
12:06:27.436 [JavaFX Application Thread] DEBUG PrimaryStageWindow   - Creating a JavaFX scene
12:06:27.480 [JavaFX Application Thread] DEBUG PrimaryStageWindow   - Target settings size: 1300.0 x 650.0
12:06:27.481 [JavaFX Application Thread] DEBUG PrimaryStageWindow   - Scaled scene size:    1300.0 x 650.0
12:06:27.481 [JavaFX Application Thread] DEBUG PrimaryStageWindow   - Scaled ratio: (1.0, 1.0)
12:06:27.482 [JavaFX Application Thread] DEBUG PrimaryStageWindow   - Set initial scene to FXGLStartupScene
12:06:27.485 [JavaFX Application Thread] DEBUG PrimaryStageWindow   - Opening main window
12:06:27.563 [JavaFX Application Thread] DEBUG PrimaryStageWindow   - Window border size: (14.4000244140625, 38.0)
12:06:27.564 [JavaFX Application Thread] DEBUG PrimaryStageWindow   - Scaled size: 1300.0 x 650.0
12:06:27.564 [JavaFX Application Thread] DEBUG PrimaryStageWindow   - Scaled ratio: (1.0, 1.0)
12:06:27.564 [JavaFX Application Thread] DEBUG PrimaryStageWindow   - Scene size: 1300.0 x 650.0
12:06:27.564 [JavaFX Application Thread] DEBUG PrimaryStageWindow   - Stage size: 1314.4000244140625 x 688.0
12:06:27.572 [FXGL Background Thread 1 ] DEBUG Engine               - Initializing environment variables
12:06:27.629 [FXGL Background Thread 1 ] DEBUG FXGLAssetLoaderServi - User app class for loading assets: class com.Simulador.Restaurante.RestaurantSimulator
12:06:27.629 [FXGL Background Thread 1 ] DEBUG GameApplicationServi - Applying CSS: fxgl_dark.css
12:06:27.630 [FXGL Background Thread 1 ] DEBUG FXGLAssetLoaderServi - Loading from file system: jar:file:///C:/Users/Jose%20Alberto%20Morales/.m2/repository/com/github/almasb/fxgl/17.3/fxgl-17.3.jar!/fxglassets/ui/css/fxgl_dark.css
12:06:27.673 [FXGL Background Thread 1 ] DEBUG GameApplicationServi - Initializing application scenes
12:06:27.703 [FXGL Background Thread 1 ] DEBUG GameWorld            - Game world initialized
12:06:27.764 [FXGL Background Thread 1 ] DEBUG PhysicsWorld         - Physics world initialized: appHeight=650, physics.ppm=50.0
12:06:27.764 [FXGL Background Thread 1 ] DEBUG PhysicsWorld         - Using strategy: BRUTE_FORCE
12:06:27.769 [FXGL Background Thread 1 ] DEBUG GameScene            - Game scene initialized: 1300x650
12:06:27.810 [FXGL Background Thread 1 ] DEBUG FXGL.DefaultMenu     - createMenuBodyGameMenu()
12:06:27.816 [FXGL Background Thread 1 ] DEBUG FXGL.DefaultMenu     - createOptionsMenu()
12:06:27.822 [FXGL Background Thread 1 ] DEBUG FXGLAssetLoaderServi - Loading from file system: jar:file:///C:/Users/Jose%20Alberto%20Morales/.m2/repository/com/github/almasb/fxgl/17.3/fxgl-17.3.jar!/fxglassets/textures/particles/smoke.png
12:06:27.888 [FXGL Background Thread 1 ] DEBUG FXGLAssetLoaderServi - Loading from file system: jar:file:///C:/Users/Jose%20Alberto%20Morales/.m2/repository/com/github/almasb/fxgl/17.3/fxgl-17.3.jar!/fxglassets/textures/particles/trace_horizontal.png
12:06:27.913 [FXGL Background Thread 1 ] DEBUG GameApplicationServi - Application scenes initialized
12:06:27.922 [FXGL Background Thread 1 ] DEBUG SystemBundleService  - Loading FXGL system data
12:06:27.926 [FXGL Background Thread 1 ] DEBUG FileSystemAccess     - Reading from: C:\Users\Jose Alberto Morales\Documents\7to Cuatrimestre\Programacion concurrente\Restaurant\system\fxgl.bundle
12:06:27.934 [FXGL Background Thread 1 ] DEBUG SystemBundleService  - Bundle FXGL: {}
12:06:27.935 [FXGL Background Thread 1 ] DEBUG UpdaterService       - Checking for updates
12:06:27.938 [FXGL Background Thread 4 ] DEBUG FXGLApplication      - Loading fonts
12:06:27.939 [FXGL Background Thread 1 ] DEBUG FXGLApplication      - Loading default localization
12:06:27.939 [FXGL Background Thread 4 ] DEBUG FXGLAssetLoaderServi - Loading from file system: jar:file:///C:/Users/Jose%20Alberto%20Morales/.m2/repository/com/github/almasb/fxgl/17.3/fxgl-17.3.jar!/fxglassets/ui/fonts/VarelaRound-Regular.ttf
12:06:27.940 [FXGL Background Thread 1 ] DEBUG FXGLAssetLoaderServi - Loading from file system: jar:file:///C:/Users/Jose%20Alberto%20Morales/.m2/repository/com/github/almasb/fxgl/17.3/fxgl-17.3.jar!/fxglassets/languages/english.lang
12:06:27.963 [FXGL Background Thread 1 ] INFO  FXGLApplication      - FXGL initialization took: 0.390 sec
12:06:27.964 [JavaFX Application Thread] DEBUG FXGLAssetLoaderServi - Loading from file system: jar:file:///C:/Users/Jose%20Alberto%20Morales/.m2/repository/com/github/almasb/fxgl/17.3/fxgl-17.3.jar!/fxglassets/textures/fxgl_icon.png
12:06:27.975 [FXGL Background Thread 4 ] DEBUG FXGLAssetLoaderServi - Loading from file system: jar:file:///C:/Users/Jose%20Alberto%20Morales/.m2/repository/com/github/almasb/fxgl/17.3/fxgl-17.3.jar!/fxglassets/ui/fonts/Abel-Regular.ttf
12:06:27.978 [FXGL Background Thread 4 ] DEBUG FXGLAssetLoaderServi - Loading from file system: jar:file:///C:/Users/Jose%20Alberto%20Morales/.m2/repository/com/github/almasb/fxgl/17.3/fxgl-17.3.jar!/fxglassets/ui/fonts/TerminalLandMono-Regular.otf
12:06:27.983 [FXGL Background Thread 4 ] DEBUG FXGLAssetLoaderServi - Loading from file system: jar:file:///C:/Users/Jose%20Alberto%20Morales/.m2/repository/com/github/almasb/fxgl/17.3/fxgl-17.3.jar!/fxglassets/ui/fonts/Courier-Prime.ttf
12:06:27.984 [JavaFX Application Thread] DEBUG FXGLAssetLoaderServi - Loading from file system: jar:file:///C:/Users/Jose%20Alberto%20Morales/.m2/repository/com/github/almasb/fxgl/17.3/fxgl-17.3.jar!/fxglassets/textures/fxgl_default_cursor.png
12:06:27.995 [JavaFX Application Thread] DEBUG Input                - Registered new binding: Screenshot - CTRL+8
12:06:27.996 [JavaFX Application Thread] DEBUG Input                - Registered new binding: System info dump - CTRL+9
12:06:27.996 [JavaFX Application Thread] DEBUG Input                - Registered new binding: Restart - CTRL+R
12:06:27.997 [JavaFX Application Thread] DEBUG Input                - Registered new binding: Toggle Debug Camera - CTRL+7
12:06:27.999 [JavaFX Application Thread] DEBUG LoopRunner           - Starting loop
12:06:27.999 [JavaFX Application Thread] DEBUG LoopRunner           - Initializing JavaFX AnimationTimerLoop
12:06:28.001 [JavaFX Application Thread] DEBUG Input                - Clearing active input actions
12:06:28.007 [JavaFX Application Thread] DEBUG GameApplicationServi - Removing overlay from FXGLStartupScene and adding to FXGLMainMenuDummyScene
12:06:28.007 [JavaFX Application Thread] DEBUG PrimaryStageWindow   - FXGLStartupScene -> FXGLMainMenuDummyScene
12:06:28.008 [JavaFX Application Thread] DEBUG PrimaryStageWindow   - Push state: MainMenu
12:06:28.008 [JavaFX Application Thread] DEBUG Input                - Clearing active input actions
12:06:28.016 [JavaFX Application Thread] DEBUG GameApplicationServi - Removing overlay from FXGLMainMenuDummyScene and adding to MainMenu
12:06:28.017 [JavaFX Application Thread] DEBUG PrimaryStageWindow   - FXGLMainMenuDummyScene -> MainMenu
12:06:28.020 [JavaFX Application Thread] DEBUG FXGLApplication      - Registering font factories with UI factory
12:06:28.512 [FXGL Background Thread 2 ] INFO  UpdaterService       - Your current version:  17.3
12:06:28.512 [FXGL Background Thread 2 ] INFO  UpdaterService       - Latest stable version: 21.1
12:06:28.559 [JavaFX Application Thread] DEBUG Menu                 - fireNewGame()
12:06:28.560 [JavaFX Application Thread] DEBUG GameApplicationServi - Starting new game
12:06:28.560 [JavaFX Application Thread] DEBUG PrimaryStageWindow   - Pop state: MainMenu
12:06:28.560 [JavaFX Application Thread] DEBUG Input                - Clearing active input actions
12:06:28.560 [JavaFX Application Thread] DEBUG GameApplicationServi - Removing overlay from MainMenu and adding to FXGLMainMenuDummyScene
12:06:28.561 [JavaFX Application Thread] DEBUG PrimaryStageWindow   - FXGLMainMenuDummyScene <- MainMenu
12:06:28.561 [JavaFX Application Thread] DEBUG Input                - Clearing active input actions
12:06:28.568 [JavaFX Application Thread] DEBUG GameApplicationServi - Removing overlay from FXGLMainMenuDummyScene and adding to FXGLLoadingScene
12:06:28.568 [JavaFX Application Thread] DEBUG PrimaryStageWindow   - FXGLMainMenuDummyScene -> FXGLLoadingScene
12:06:28.568 [JavaFX Application Thread] DEBUG GameApplicationServi - Clearing previous game
12:06:28.568 [JavaFX Application Thread] DEBUG GameScene            - Clearing game scene
12:06:28.568 [JavaFX Application Thread] DEBUG GameWorld            - Clearing game world
12:06:28.568 [JavaFX Application Thread] DEBUG PhysicsWorld         - Clearing physics world
12:06:28.570 [FXGL Background Thread 2 ] DEBUG FXGLApplication      - Initializing game
12:06:28.645 [FXGL Background Thread 2 ] INFO  FXGLApplication      - Game initialization took: 0.074 sec
12:06:28.648 [JavaFX Application Thread] DEBUG Input                - Clearing active input actions
12:06:28.654 [JavaFX Application Thread] DEBUG GameApplicationServi - Removing overlay from FXGLLoadingScene and adding to GameScene
12:06:28.654 [JavaFX Application Thread] DEBUG PrimaryStageWindow   - FXGLLoadingScene -> GameScene
12:06:30.938 [FXGL Background Thread 3 ] DEBUG Engine               - Logging environment variables
12:06:30.938 [FXGL Background Thread 3 ] DEBUG Engine               - achievements: []
12:06:30.938 [FXGL Background Thread 3 ] DEBUG Engine               - actualHeight: 650.0
12:06:30.938 [FXGL Background Thread 3 ] DEBUG Engine               - actualHeightProperty: ReadOnlyDoubleProperty [value: 650.0]
12:06:30.939 [FXGL Background Thread 3 ] DEBUG Engine               - actualWidth: 1300.0
12:06:30.939 [FXGL Background Thread 3 ] DEBUG Engine               - actualWidthProperty: ReadOnlyDoubleProperty [value: 1300.0]
12:06:30.939 [FXGL Background Thread 3 ] DEBUG Engine               - appIcon: fxgl_icon.png
12:06:30.939 [FXGL Background Thread 3 ] DEBUG Engine               - applicationMode: DEVELOPER
12:06:30.939 [FXGL Background Thread 3 ] DEBUG Engine               - cSSList: [fxgl_dark.css]
12:06:30.939 [FXGL Background Thread 3 ] DEBUG Engine               - collisionDetectionStrategy: BRUTE_FORCE
12:06:30.939 [FXGL Background Thread 3 ] DEBUG Engine               - configClass: Optional.empty
12:06:30.940 [FXGL Background Thread 3 ] DEBUG Engine               - credits: []
12:06:30.940 [FXGL Background Thread 3 ] DEBUG Engine               - defaultCursor: CursorInfo(imageName=fxgl_default_cursor.png, hotspotX=7.0, hotspotY=6.0)
12:06:30.941 [FXGL Background Thread 3 ] DEBUG Engine               - devBBoxColorProperty: ObjectProperty [value: 0xff0000ff]
12:06:30.941 [FXGL Background Thread 3 ] DEBUG Engine               - devEnableDebugCameraProperty: BooleanProperty [value: false]
12:06:30.941 [FXGL Background Thread 3 ] DEBUG Engine               - devSensorColorProperty: ObjectProperty [value: 0xffff00ff]
12:06:30.941 [FXGL Background Thread 3 ] DEBUG Engine               - devShowBBoxProperty: BooleanProperty [value: false]
12:06:30.941 [FXGL Background Thread 3 ] DEBUG Engine               - devShowPositionProperty: BooleanProperty [value: false]
12:06:30.941 [FXGL Background Thread 3 ] DEBUG Engine               - enabledMenuItems: []
12:06:30.942 [FXGL Background Thread 3 ] DEBUG Engine               - engineServices: [class com.almasb.fxgl.app.services.FXGLAssetLoaderService, class com.almasb.fxgl.app.FXGLApplication$GameApplicationService, class com.almasb.fxgl.app.services.FXGLDialogService, class com.almasb.fxgl.app.services.IOTaskExecutorService, class com.almasb.fxgl.io.FileSystemService, class com.almasb.fxgl.localization.LocalizationService, class com.almasb.fxgl.app.services.SystemBundleService, class com.almasb.fxgl.profile.SaveLoadService, class com.almasb.fxgl.ui.FXGLUIFactoryServiceProvider, class com.almasb.fxgl.ui.FXGLDialogFactoryServiceProvider, class com.almasb.fxgl.audio.AudioPlayer, class com.almasb.fxgl.notification.impl.NotificationServiceProvider, class com.almasb.fxgl.achievement.AchievementService, class com.almasb.fxgl.cutscene.CutsceneService, class com.almasb.fxgl.minigames.MiniGameService, class com.almasb.fxgl.net.NetService, class com.almasb.fxgl.app.services.UpdaterService, class com.almasb.fxgl.dev.DevService]
12:06:30.942 [FXGL Background Thread 3 ] DEBUG Engine               - fontGame: Abel-Regular.ttf
12:06:30.942 [FXGL Background Thread 3 ] DEBUG Engine               - fontMono: TerminalLandMono-Regular.otf
12:06:30.942 [FXGL Background Thread 3 ] DEBUG Engine               - fontSizeScaleUI: 1.0
12:06:30.942 [FXGL Background Thread 3 ] DEBUG Engine               - fontText: Courier-Prime.ttf
12:06:30.942 [FXGL Background Thread 3 ] DEBUG Engine               - fontUI: VarelaRound-Regular.ttf
12:06:30.942 [FXGL Background Thread 3 ] DEBUG Engine               - fullScreen: BooleanProperty [value: false]
12:06:30.942 [FXGL Background Thread 3 ] DEBUG Engine               - gameDifficulty: MEDIUM
12:06:30.942 [FXGL Background Thread 3 ] DEBUG Engine               - gameDifficultyProperty: ObjectProperty [value: MEDIUM]
12:06:30.942 [FXGL Background Thread 3 ] DEBUG Engine               - globalMusicVolume: 0.5
12:06:30.942 [FXGL Background Thread 3 ] DEBUG Engine               - globalMusicVolumeProperty: DoubleProperty [value: 0.5]
12:06:30.943 [FXGL Background Thread 3 ] DEBUG Engine               - globalSoundVolume: 0.5
12:06:30.943 [FXGL Background Thread 3 ] DEBUG Engine               - globalSoundVolumeProperty: DoubleProperty [value: 0.5]
12:06:30.943 [FXGL Background Thread 3 ] DEBUG Engine               - height: 650
12:06:30.943 [FXGL Background Thread 3 ] DEBUG Engine               - is3D: false
12:06:30.943 [FXGL Background Thread 3 ] DEBUG Engine               - isAndroid: false
12:06:30.943 [FXGL Background Thread 3 ] DEBUG Engine               - isBrowser: false
12:06:30.943 [FXGL Background Thread 3 ] DEBUG Engine               - isClickFeedbackEnabled: false
12:06:30.943 [FXGL Background Thread 3 ] DEBUG Engine               - isCloseConfirmation: false
12:06:30.943 [FXGL Background Thread 3 ] DEBUG Engine               - isDesktop: true
12:06:30.943 [FXGL Background Thread 3 ] DEBUG Engine               - isDeveloperMenuEnabled: false
12:06:30.943 [FXGL Background Thread 3 ] DEBUG Engine               - isEmbedded: false
12:06:30.943 [FXGL Background Thread 3 ] DEBUG Engine               - isEntityPreloadEnabled: true
12:06:30.943 [FXGL Background Thread 3 ] DEBUG Engine               - isExperimentalTiledLargeMap: false
12:06:30.943 [FXGL Background Thread 3 ] DEBUG Engine               - isFileSystemWriteAllowed: true
12:06:30.943 [FXGL Background Thread 3 ] DEBUG Engine               - isFullScreenAllowed: false
12:06:30.943 [FXGL Background Thread 3 ] DEBUG Engine               - isFullScreenFromStart: false
12:06:30.943 [FXGL Background Thread 3 ] DEBUG Engine               - isGameMenuEnabled: true
12:06:30.943 [FXGL Background Thread 3 ] DEBUG Engine               - isIOS: false
12:06:30.943 [FXGL Background Thread 3 ] DEBUG Engine               - isIntroEnabled: false
12:06:30.943 [FXGL Background Thread 3 ] DEBUG Engine               - isLinux: false
12:06:30.943 [FXGL Background Thread 3 ] DEBUG Engine               - isMac: false
12:06:30.943 [FXGL Background Thread 3 ] DEBUG Engine               - isMainMenuEnabled: true
12:06:30.943 [FXGL Background Thread 3 ] DEBUG Engine               - isManualResizeEnabled: false
12:06:30.943 [FXGL Background Thread 3 ] DEBUG Engine               - isMobile: false
12:06:30.943 [FXGL Background Thread 3 ] DEBUG Engine               - isNative: false
12:06:30.944 [FXGL Background Thread 3 ] DEBUG Engine               - isPauseMusicWhenMinimized: true
12:06:30.944 [FXGL Background Thread 3 ] DEBUG Engine               - isPreserveResizeRatio: false
12:06:30.944 [FXGL Background Thread 3 ] DEBUG Engine               - isProfilingEnabled: false
12:06:30.944 [FXGL Background Thread 3 ] DEBUG Engine               - isScaleAffectedOnResize: true
12:06:30.944 [FXGL Background Thread 3 ] DEBUG Engine               - isSingleStep: false
12:06:30.944 [FXGL Background Thread 3 ] DEBUG Engine               - isUserProfileEnabled: false
12:06:30.944 [FXGL Background Thread 3 ] DEBUG Engine               - isWindows: true
12:06:30.944 [FXGL Background Thread 3 ] DEBUG Engine               - language: ObjectProperty [value: ENGLISH]
12:06:30.944 [FXGL Background Thread 3 ] DEBUG Engine               - menuKey: ESCAPE
12:06:30.944 [FXGL Background Thread 3 ] DEBUG Engine               - mouseSensitivity: 0.2
12:06:30.944 [FXGL Background Thread 3 ] DEBUG Engine               - notificationViewClass: class com.almasb.fxgl.notification.view.XboxNotificationView
12:06:30.944 [FXGL Background Thread 3 ] DEBUG Engine               - pixelsPerMeter: 50.0
12:06:30.944 [FXGL Background Thread 3 ] DEBUG Engine               - platform: WINDOWS
12:06:30.944 [FXGL Background Thread 3 ] DEBUG Engine               - prefHeightProperty: ReadOnlyDoubleProperty [value: 650.0]
12:06:30.944 [FXGL Background Thread 3 ] DEBUG Engine               - prefWidthProperty: ReadOnlyDoubleProperty [value: 1300.0]
12:06:30.944 [FXGL Background Thread 3 ] DEBUG Engine               - profileDir: profiles/
12:06:30.944 [FXGL Background Thread 3 ] DEBUG Engine               - profileName: StringProperty [value: DEFAULT]
12:06:30.944 [FXGL Background Thread 3 ] DEBUG Engine               - randomSeed: -1
12:06:30.944 [FXGL Background Thread 3 ] DEBUG Engine               - runtimeInfo: RuntimeInfo(platform=WINDOWS, version=17.3, build=30.03.2023 11.49)
12:06:30.944 [FXGL Background Thread 3 ] DEBUG Engine               - saveFileExt: sav
12:06:30.944 [FXGL Background Thread 3 ] DEBUG Engine               - scaledHeightProp$fxgl: DoubleProperty [bound, value: 650.0]
12:06:30.944 [FXGL Background Thread 3 ] DEBUG Engine               - scaledWidthProp$fxgl: DoubleProperty [bound, value: 1300.0]
12:06:30.945 [FXGL Background Thread 3 ] DEBUG Engine               - sceneFactory: com.Simulador.Restaurante.RestaurantSimulator$1@10c1d607
12:06:30.945 [FXGL Background Thread 3 ] DEBUG Engine               - secondsIn24h: 60
12:06:30.945 [FXGL Background Thread 3 ] DEBUG Engine               - soundMenuBack: menu/back.wav
12:06:30.945 [FXGL Background Thread 3 ] DEBUG Engine               - soundMenuPress: menu/press.wav
12:06:30.945 [FXGL Background Thread 3 ] DEBUG Engine               - soundMenuSelect: menu/select.wav
12:06:30.945 [FXGL Background Thread 3 ] DEBUG Engine               - soundNotification: core/notification.wav
12:06:30.945 [FXGL Background Thread 3 ] DEBUG Engine               - stageStyle: DECORATED
12:06:30.945 [FXGL Background Thread 3 ] DEBUG Engine               - supportedLanguages: [ENGLISH, FRENCH, GERMAN, HUNGARIAN, RUSSIAN]
12:06:30.945 [FXGL Background Thread 3 ] DEBUG Engine               - ticksPerSecond: -1
12:06:30.945 [FXGL Background Thread 3 ] DEBUG Engine               - title: Simulador Restaurante
12:06:30.945 [FXGL Background Thread 3 ] DEBUG Engine               - urlGithub: https://github.com/AlmasB/FXGL
12:06:30.945 [FXGL Background Thread 3 ] DEBUG Engine               - urlLeaderboard: http://fxgl-top.herokuapp.com/
12:06:30.945 [FXGL Background Thread 3 ] DEBUG Engine               - urlPOM: https://raw.githubusercontent.com/AlmasB/FXGL/release/README.md
12:06:30.945 [FXGL Background Thread 3 ] DEBUG Engine               - userAppClass: class com.Simulador.Restaurante.RestaurantSimulator
12:06:30.945 [FXGL Background Thread 3 ] DEBUG Engine               - version: 0.1
12:06:30.945 [FXGL Background Thread 3 ] DEBUG Engine               - versionCheckDays: 7
12:06:30.945 [FXGL Background Thread 3 ] DEBUG Engine               - width: 1300
12:06:30.945 [FXGL Background Thread 3 ] DEBUG Engine               - Logging services
12:06:30.945 [FXGL Background Thread 3 ] DEBUG Engine               - class com.almasb.fxgl.app.services.FXGLAssetLoaderService
12:06:30.945 [FXGL Background Thread 3 ] DEBUG Engine               - class com.almasb.fxgl.app.FXGLApplication$GameApplicationService
12:06:30.945 [FXGL Background Thread 3 ] DEBUG Engine               - class com.almasb.fxgl.app.services.FXGLDialogService
12:06:30.945 [FXGL Background Thread 3 ] DEBUG Engine               - class com.almasb.fxgl.app.services.IOTaskExecutorService
12:06:30.945 [FXGL Background Thread 3 ] DEBUG Engine               - class com.almasb.fxgl.io.FileSystemService
12:06:30.945 [FXGL Background Thread 3 ] DEBUG Engine               - class com.almasb.fxgl.localization.LocalizationService
12:06:30.945 [FXGL Background Thread 3 ] DEBUG Engine               - class com.almasb.fxgl.app.services.SystemBundleService
12:06:30.945 [FXGL Background Thread 3 ] DEBUG Engine               - class com.almasb.fxgl.profile.SaveLoadService
12:06:30.946 [FXGL Background Thread 3 ] DEBUG Engine               - class com.almasb.fxgl.ui.FXGLUIFactoryServiceProvider
12:06:30.946 [FXGL Background Thread 3 ] DEBUG Engine               - class com.almasb.fxgl.ui.FXGLDialogFactoryServiceProvider
12:06:30.946 [FXGL Background Thread 3 ] DEBUG Engine               - class com.almasb.fxgl.audio.AudioPlayer
12:06:30.946 [FXGL Background Thread 3 ] DEBUG Engine               - class com.almasb.fxgl.notification.impl.NotificationServiceProvider
12:06:30.946 [FXGL Background Thread 3 ] DEBUG Engine               - class com.almasb.fxgl.achievement.AchievementService
12:06:30.946 [FXGL Background Thread 3 ] DEBUG Engine               - class com.almasb.fxgl.cutscene.CutsceneService
12:06:30.946 [FXGL Background Thread 3 ] DEBUG Engine               - class com.almasb.fxgl.minigames.MiniGameService
12:06:30.946 [FXGL Background Thread 3 ] DEBUG Engine               - class com.almasb.fxgl.net.NetService
12:06:30.946 [FXGL Background Thread 3 ] DEBUG Engine               - class com.almasb.fxgl.app.services.UpdaterService
12:06:30.946 [FXGL Background Thread 3 ] DEBUG Engine               - class com.almasb.fxgl.dev.DevService
12:06:32.453 [JavaFX Application Thread] DEBUG FXGLApplication      - Exiting FXGL
12:06:32.454 [JavaFX Application Thread] DEBUG LoopRunner           - Stopping loop
12:06:32.454 [JavaFX Application Thread] DEBUG SystemBundleService  - Saving FXGL system data
12:06:32.455 [JavaFX Application Thread] DEBUG FileSystemAccess     - Writing to: C:\Users\Jose Alberto Morales\Documents\7to Cuatrimestre\Programacion concurrente\Restaurant\system\fxgl.bundle
12:06:32.457 [JavaFX Application Thread] DEBUG Async                - Shutting down background threads
12:06:32.457 [JavaFX Application Thread] DEBUG PrimaryStageWindow   - Closing main window
12:06:32.474 [JavaFX Application Thread] DEBUG Logger               - Closing Logger
