12:45:11.033 [main                     ] DEBUG Logger               - Configured Logger
12:45:11.059 [main                     ] DEBUG GameApplication      - Logging settings
Title: Simulador Restaurante
Version: 0.1
Width: 1300
Height: 600
Fullscreen: false
Intro: false
Profiling: false
Single step:false
App Mode: DEVELOPER
Menu Key: ESCAPE
Stage Style: DECORATED
Scene Factory: class com.Simulador.Restaurante.RestaurantSimulator$1

12:45:11.394 [JavaFX Application Thread] DEBUG FXGLApplication      - Initializing FXGL
12:45:11.397 [JavaFX Application Thread] INFO  Engine               - FXGL-17.3 (30.03.2023 11.49) on WINDOWS (J:21.0.5 FX:21)
12:45:11.397 [JavaFX Application Thread] DEBUG Engine               - JRE Vendor Name: Oracle Corporation
12:45:11.397 [JavaFX Application Thread] DEBUG Engine               - Running on OS: Windows 11 version 10.0
12:45:11.398 [JavaFX Application Thread] DEBUG Engine               - Architecture: amd64
12:45:11.398 [JavaFX Application Thread] INFO  Engine               - Source code and latest versions at: https://github.com/AlmasB/FXGL
12:45:11.398 [JavaFX Application Thread] INFO  Engine               -       Ask questions and discuss at: https://github.com/AlmasB/FXGL/discussions
12:45:11.398 [JavaFX Application Thread] INFO  Engine               -              Join the FXGL chat at: https://gitter.im/AlmasB/FXGL
12:45:11.474 [JavaFX Application Thread] DEBUG PrimaryStageWindow   - Creating a JavaFX scene
12:45:11.518 [JavaFX Application Thread] DEBUG PrimaryStageWindow   - Target settings size: 1300.0 x 600.0
12:45:11.518 [JavaFX Application Thread] DEBUG PrimaryStageWindow   - Scaled scene size:    1300.0 x 600.0
12:45:11.518 [JavaFX Application Thread] DEBUG PrimaryStageWindow   - Scaled ratio: (1.0, 1.0)
12:45:11.519 [JavaFX Application Thread] DEBUG PrimaryStageWindow   - Set initial scene to FXGLStartupScene
12:45:11.522 [JavaFX Application Thread] DEBUG PrimaryStageWindow   - Opening main window
12:45:11.594 [JavaFX Application Thread] DEBUG PrimaryStageWindow   - Window border size: (14.4000244140625, 37.5999755859375)
12:45:11.595 [JavaFX Application Thread] DEBUG PrimaryStageWindow   - Scaled size: 1300.0 x 600.0
12:45:11.595 [JavaFX Application Thread] DEBUG PrimaryStageWindow   - Scaled ratio: (1.0, 1.0)
12:45:11.595 [JavaFX Application Thread] DEBUG PrimaryStageWindow   - Scene size: 1300.0 x 600.0
12:45:11.595 [JavaFX Application Thread] DEBUG PrimaryStageWindow   - Stage size: 1314.4000244140625 x 637.5999755859375
12:45:11.604 [FXGL Background Thread 1 ] DEBUG Engine               - Initializing environment variables
12:45:11.657 [FXGL Background Thread 1 ] DEBUG FXGLAssetLoaderServi - User app class for loading assets: class com.Simulador.Restaurante.RestaurantSimulator
12:45:11.658 [FXGL Background Thread 1 ] DEBUG GameApplicationServi - Applying CSS: fxgl_dark.css
12:45:11.658 [FXGL Background Thread 1 ] DEBUG FXGLAssetLoaderServi - Loading from file system: jar:file:///C:/Users/Jose%20Alberto%20Morales/.m2/repository/com/github/almasb/fxgl/17.3/fxgl-17.3.jar!/fxglassets/ui/css/fxgl_dark.css
12:45:11.709 [FXGL Background Thread 1 ] DEBUG GameApplicationServi - Initializing application scenes
12:45:11.744 [FXGL Background Thread 1 ] DEBUG GameWorld            - Game world initialized
12:45:11.814 [FXGL Background Thread 1 ] DEBUG PhysicsWorld         - Physics world initialized: appHeight=600, physics.ppm=50.0
12:45:11.815 [FXGL Background Thread 1 ] DEBUG PhysicsWorld         - Using strategy: BRUTE_FORCE
12:45:11.818 [FXGL Background Thread 1 ] DEBUG GameScene            - Game scene initialized: 1300x600
12:45:11.864 [FXGL Background Thread 1 ] DEBUG FXGL.DefaultMenu     - createMenuBodyGameMenu()
12:45:11.869 [FXGL Background Thread 1 ] DEBUG FXGL.DefaultMenu     - createOptionsMenu()
12:45:11.876 [FXGL Background Thread 1 ] DEBUG FXGLAssetLoaderServi - Loading from file system: jar:file:///C:/Users/Jose%20Alberto%20Morales/.m2/repository/com/github/almasb/fxgl/17.3/fxgl-17.3.jar!/fxglassets/textures/particles/smoke.png
12:45:11.942 [FXGL Background Thread 1 ] DEBUG FXGLAssetLoaderServi - Loading from file system: jar:file:///C:/Users/Jose%20Alberto%20Morales/.m2/repository/com/github/almasb/fxgl/17.3/fxgl-17.3.jar!/fxglassets/textures/particles/trace_horizontal.png
12:45:11.965 [FXGL Background Thread 1 ] DEBUG GameApplicationServi - Application scenes initialized
12:45:11.975 [FXGL Background Thread 1 ] DEBUG SystemBundleService  - Loading FXGL system data
12:45:11.979 [FXGL Background Thread 1 ] DEBUG FileSystemAccess     - Reading from: C:\Users\Jose Alberto Morales\Documents\7to Cuatrimestre\Programacion concurrente\Restaurant\system\fxgl.bundle
12:45:11.986 [FXGL Background Thread 1 ] DEBUG SystemBundleService  - Bundle FXGL: {}
12:45:11.986 [FXGL Background Thread 1 ] DEBUG UpdaterService       - Checking for updates
12:45:11.990 [FXGL Background Thread 4 ] DEBUG FXGLApplication      - Loading fonts
12:45:11.991 [FXGL Background Thread 4 ] DEBUG FXGLAssetLoaderServi - Loading from file system: jar:file:///C:/Users/Jose%20Alberto%20Morales/.m2/repository/com/github/almasb/fxgl/17.3/fxgl-17.3.jar!/fxglassets/ui/fonts/VarelaRound-Regular.ttf
12:45:11.992 [FXGL Background Thread 1 ] DEBUG FXGLApplication      - Loading default localization
12:45:11.992 [FXGL Background Thread 1 ] DEBUG FXGLAssetLoaderServi - Loading from file system: jar:file:///C:/Users/Jose%20Alberto%20Morales/.m2/repository/com/github/almasb/fxgl/17.3/fxgl-17.3.jar!/fxglassets/languages/english.lang
12:45:12.014 [FXGL Background Thread 1 ] INFO  FXGLApplication      - FXGL initialization took: 0.410 sec
12:45:12.015 [JavaFX Application Thread] DEBUG FXGLAssetLoaderServi - Loading from file system: jar:file:///C:/Users/Jose%20Alberto%20Morales/.m2/repository/com/github/almasb/fxgl/17.3/fxgl-17.3.jar!/fxglassets/textures/fxgl_icon.png
12:45:12.026 [FXGL Background Thread 4 ] DEBUG FXGLAssetLoaderServi - Loading from file system: jar:file:///C:/Users/Jose%20Alberto%20Morales/.m2/repository/com/github/almasb/fxgl/17.3/fxgl-17.3.jar!/fxglassets/ui/fonts/Abel-Regular.ttf
12:45:12.030 [FXGL Background Thread 4 ] DEBUG FXGLAssetLoaderServi - Loading from file system: jar:file:///C:/Users/Jose%20Alberto%20Morales/.m2/repository/com/github/almasb/fxgl/17.3/fxgl-17.3.jar!/fxglassets/ui/fonts/TerminalLandMono-Regular.otf
12:45:12.035 [FXGL Background Thread 4 ] DEBUG FXGLAssetLoaderServi - Loading from file system: jar:file:///C:/Users/Jose%20Alberto%20Morales/.m2/repository/com/github/almasb/fxgl/17.3/fxgl-17.3.jar!/fxglassets/ui/fonts/Courier-Prime.ttf
12:45:12.036 [JavaFX Application Thread] DEBUG FXGLAssetLoaderServi - Loading from file system: jar:file:///C:/Users/Jose%20Alberto%20Morales/.m2/repository/com/github/almasb/fxgl/17.3/fxgl-17.3.jar!/fxglassets/textures/fxgl_default_cursor.png
12:45:12.048 [JavaFX Application Thread] DEBUG Input                - Registered new binding: Screenshot - CTRL+8
12:45:12.049 [JavaFX Application Thread] DEBUG Input                - Registered new binding: System info dump - CTRL+9
12:45:12.049 [JavaFX Application Thread] DEBUG Input                - Registered new binding: Restart - CTRL+R
12:45:12.050 [JavaFX Application Thread] DEBUG Input                - Registered new binding: Toggle Debug Camera - CTRL+7
12:45:12.054 [JavaFX Application Thread] DEBUG LoopRunner           - Starting loop
12:45:12.054 [JavaFX Application Thread] DEBUG LoopRunner           - Initializing JavaFX AnimationTimerLoop
12:45:12.055 [JavaFX Application Thread] DEBUG Input                - Clearing active input actions
12:45:12.064 [JavaFX Application Thread] DEBUG GameApplicationServi - Removing overlay from FXGLStartupScene and adding to FXGLMainMenuDummyScene
12:45:12.065 [JavaFX Application Thread] DEBUG PrimaryStageWindow   - FXGLStartupScene -> FXGLMainMenuDummyScene
12:45:12.065 [JavaFX Application Thread] DEBUG PrimaryStageWindow   - Push state: MainMenu
12:45:12.065 [JavaFX Application Thread] DEBUG Input                - Clearing active input actions
12:45:12.075 [JavaFX Application Thread] DEBUG GameApplicationServi - Removing overlay from FXGLMainMenuDummyScene and adding to MainMenu
12:45:12.076 [JavaFX Application Thread] DEBUG PrimaryStageWindow   - FXGLMainMenuDummyScene -> MainMenu
12:45:12.085 [JavaFX Application Thread] DEBUG FXGLApplication      - Registering font factories with UI factory
12:45:12.783 [FXGL Background Thread 2 ] INFO  UpdaterService       - Your current version:  17.3
12:45:12.783 [FXGL Background Thread 2 ] INFO  UpdaterService       - Latest stable version: 21.1
12:45:12.784 [JavaFX Application Thread] DEBUG Menu                 - fireNewGame()
12:45:12.784 [JavaFX Application Thread] DEBUG GameApplicationServi - Starting new game
12:45:12.785 [JavaFX Application Thread] DEBUG PrimaryStageWindow   - Pop state: MainMenu
12:45:12.785 [JavaFX Application Thread] DEBUG Input                - Clearing active input actions
12:45:12.785 [JavaFX Application Thread] DEBUG GameApplicationServi - Removing overlay from MainMenu and adding to FXGLMainMenuDummyScene
12:45:12.786 [JavaFX Application Thread] DEBUG PrimaryStageWindow   - FXGLMainMenuDummyScene <- MainMenu
12:45:12.786 [JavaFX Application Thread] DEBUG Input                - Clearing active input actions
12:45:12.792 [JavaFX Application Thread] DEBUG GameApplicationServi - Removing overlay from FXGLMainMenuDummyScene and adding to FXGLLoadingScene
12:45:12.792 [JavaFX Application Thread] DEBUG PrimaryStageWindow   - FXGLMainMenuDummyScene -> FXGLLoadingScene
12:45:12.792 [JavaFX Application Thread] DEBUG GameApplicationServi - Clearing previous game
12:45:12.792 [JavaFX Application Thread] DEBUG GameScene            - Clearing game scene
12:45:12.792 [JavaFX Application Thread] DEBUG GameWorld            - Clearing game world
12:45:12.792 [JavaFX Application Thread] DEBUG PhysicsWorld         - Clearing physics world
12:45:12.794 [FXGL Background Thread 2 ] DEBUG FXGLApplication      - Initializing game
12:45:12.878 [FXGL Background Thread 2 ] INFO  FXGLApplication      - Game initialization took: 0.084 sec
12:45:12.878 [JavaFX Application Thread] DEBUG Input                - Clearing active input actions
12:45:12.886 [JavaFX Application Thread] DEBUG GameApplicationServi - Removing overlay from FXGLLoadingScene and adding to GameScene
12:45:12.887 [JavaFX Application Thread] DEBUG PrimaryStageWindow   - FXGLLoadingScene -> GameScene
12:45:14.585 [JavaFX Application Thread] DEBUG FXGLApplication      - Exiting FXGL
12:45:14.585 [JavaFX Application Thread] DEBUG LoopRunner           - Stopping loop
12:45:14.585 [JavaFX Application Thread] DEBUG SystemBundleService  - Saving FXGL system data
12:45:14.587 [JavaFX Application Thread] DEBUG FileSystemAccess     - Writing to: C:\Users\Jose Alberto Morales\Documents\7to Cuatrimestre\Programacion concurrente\Restaurant\system\fxgl.bundle
12:45:14.589 [JavaFX Application Thread] DEBUG Async                - Shutting down background threads
12:45:14.589 [JavaFX Application Thread] DEBUG PrimaryStageWindow   - Closing main window
12:45:14.603 [JavaFX Application Thread] DEBUG Logger               - Closing Logger
