19:44:44.645 [main                     ] DEBUG Logger               - Configured Logger
19:44:44.673 [main                     ] DEBUG GameApplication      - Logging settings
Title: Simulador de Restaurante
Version: 1.0
Width: 1400
Height: 700
Fullscreen: false
Intro: false
Profiling: false
Single step:false
App Mode: DEVELOPER
Menu Key: ESCAPE
Stage Style: DECORATED
Scene Factory: class com.almasb.fxgl.app.scene.SceneFactory

19:44:45.033 [JavaFX Application Thread] DEBUG FXGLApplication      - Initializing FXGL
19:44:45.037 [JavaFX Application Thread] INFO  Engine               - FXGL-17.3 (30.03.2023 11.49) on WINDOWS (J:21.0.5 FX:21)
19:44:45.038 [JavaFX Application Thread] DEBUG Engine               - JRE Vendor Name: Oracle Corporation
19:44:45.038 [JavaFX Application Thread] DEBUG Engine               - Running on OS: Windows 11 version 10.0
19:44:45.038 [JavaFX Application Thread] DEBUG Engine               - Architecture: amd64
19:44:45.038 [JavaFX Application Thread] INFO  Engine               - Source code and latest versions at: https://github.com/AlmasB/FXGL
19:44:45.038 [JavaFX Application Thread] INFO  Engine               -       Ask questions and discuss at: https://github.com/AlmasB/FXGL/discussions
19:44:45.039 [JavaFX Application Thread] INFO  Engine               -              Join the FXGL chat at: https://gitter.im/AlmasB/FXGL
19:44:45.118 [JavaFX Application Thread] DEBUG PrimaryStageWindow   - Creating a JavaFX scene
19:44:45.164 [JavaFX Application Thread] DEBUG PrimaryStageWindow   - Target settings size: 1400.0 x 700.0
19:44:45.165 [JavaFX Application Thread] DEBUG PrimaryStageWindow   - Scaled scene size:    1400.0 x 700.0
19:44:45.165 [JavaFX Application Thread] DEBUG PrimaryStageWindow   - Scaled ratio: (1.0, 1.0)
19:44:45.166 [JavaFX Application Thread] DEBUG PrimaryStageWindow   - Set initial scene to FXGLStartupScene
19:44:45.169 [JavaFX Application Thread] DEBUG PrimaryStageWindow   - Opening main window
19:44:45.258 [JavaFX Application Thread] DEBUG PrimaryStageWindow   - Window border size: (14.4000244140625, 37.5999755859375)
19:44:45.258 [JavaFX Application Thread] DEBUG PrimaryStageWindow   - Scaled size: 1400.0 x 700.0
19:44:45.259 [JavaFX Application Thread] DEBUG PrimaryStageWindow   - Scaled ratio: (1.0, 1.0)
19:44:45.259 [JavaFX Application Thread] DEBUG PrimaryStageWindow   - Scene size: 1400.0 x 700.0
19:44:45.260 [JavaFX Application Thread] DEBUG PrimaryStageWindow   - Stage size: 1414.4000244140625 x 737.5999755859375
19:44:45.272 [FXGL Background Thread 1 ] DEBUG Engine               - Initializing environment variables
19:44:45.335 [FXGL Background Thread 1 ] DEBUG FXGLAssetLoaderServi - User app class for loading assets: class com.Simulador.Restaurante.RestaurantSimulator
19:44:45.336 [FXGL Background Thread 1 ] DEBUG GameApplicationServi - Applying CSS: fxgl_dark.css
19:44:45.337 [FXGL Background Thread 1 ] DEBUG FXGLAssetLoaderServi - Loading from file system: jar:file:///C:/Users/Jose%20Alberto%20Morales/.m2/repository/com/github/almasb/fxgl/17.3/fxgl-17.3.jar!/fxglassets/ui/css/fxgl_dark.css
19:44:45.393 [FXGL Background Thread 1 ] DEBUG GameApplicationServi - Initializing application scenes
19:44:45.438 [FXGL Background Thread 1 ] DEBUG GameWorld            - Game world initialized
19:44:45.522 [FXGL Background Thread 1 ] DEBUG PhysicsWorld         - Physics world initialized: appHeight=700, physics.ppm=50.0
19:44:45.523 [FXGL Background Thread 1 ] DEBUG PhysicsWorld         - Using strategy: BRUTE_FORCE
19:44:45.528 [FXGL Background Thread 1 ] DEBUG GameScene            - Game scene initialized: 1400x700
19:44:45.541 [FXGL Background Thread 1 ] DEBUG FXGL.DefaultMenu     - createMenuBodyGameMenu()
19:44:45.555 [FXGL Background Thread 1 ] DEBUG FXGL.DefaultMenu     - createOptionsMenu()
19:44:45.564 [FXGL Background Thread 1 ] DEBUG FXGLAssetLoaderServi - Loading from file system: jar:file:///C:/Users/Jose%20Alberto%20Morales/.m2/repository/com/github/almasb/fxgl/17.3/fxgl-17.3.jar!/fxglassets/textures/particles/smoke.png
19:44:45.667 [FXGL Background Thread 1 ] DEBUG FXGLAssetLoaderServi - Loading from file system: jar:file:///C:/Users/Jose%20Alberto%20Morales/.m2/repository/com/github/almasb/fxgl/17.3/fxgl-17.3.jar!/fxglassets/textures/particles/trace_horizontal.png
19:44:45.707 [FXGL Background Thread 1 ] DEBUG GameApplicationServi - Application scenes initialized
19:44:45.724 [FXGL Background Thread 1 ] DEBUG SystemBundleService  - Loading FXGL system data
19:44:45.730 [FXGL Background Thread 1 ] DEBUG FileSystemAccess     - Reading from: C:\Users\Jose Alberto Morales\Documents\7to Cuatrimestre\Programacion concurrente\Restaurant\system\fxgl.bundle
19:44:45.742 [FXGL Background Thread 1 ] DEBUG SystemBundleService  - Bundle FXGL: {}
19:44:45.743 [FXGL Background Thread 1 ] DEBUG UpdaterService       - Checking for updates
19:44:45.747 [FXGL Background Thread 1 ] DEBUG FXGLApplication      - Loading default localization
19:44:45.748 [FXGL Background Thread 1 ] DEBUG FXGLAssetLoaderServi - Loading from file system: jar:file:///C:/Users/Jose%20Alberto%20Morales/.m2/repository/com/github/almasb/fxgl/17.3/fxgl-17.3.jar!/fxglassets/languages/english.lang
19:44:45.748 [FXGL Background Thread 4 ] DEBUG FXGLApplication      - Loading fonts
19:44:45.748 [FXGL Background Thread 4 ] DEBUG FXGLAssetLoaderServi - Loading from file system: jar:file:///C:/Users/Jose%20Alberto%20Morales/.m2/repository/com/github/almasb/fxgl/17.3/fxgl-17.3.jar!/fxglassets/ui/fonts/VarelaRound-Regular.ttf
19:44:45.766 [FXGL Background Thread 1 ] INFO  FXGLApplication      - FXGL initialization took: 0.495 sec
19:44:45.767 [JavaFX Application Thread] DEBUG FXGLAssetLoaderServi - Loading from file system: jar:file:///C:/Users/Jose%20Alberto%20Morales/.m2/repository/com/github/almasb/fxgl/17.3/fxgl-17.3.jar!/fxglassets/textures/fxgl_icon.png
19:44:45.784 [FXGL Background Thread 4 ] DEBUG FXGLAssetLoaderServi - Loading from file system: jar:file:///C:/Users/Jose%20Alberto%20Morales/.m2/repository/com/github/almasb/fxgl/17.3/fxgl-17.3.jar!/fxglassets/ui/fonts/Abel-Regular.ttf
19:44:45.787 [JavaFX Application Thread] DEBUG FXGLAssetLoaderServi - Loading from file system: jar:file:///C:/Users/Jose%20Alberto%20Morales/.m2/repository/com/github/almasb/fxgl/17.3/fxgl-17.3.jar!/fxglassets/textures/fxgl_default_cursor.png
19:44:45.789 [FXGL Background Thread 4 ] DEBUG FXGLAssetLoaderServi - Loading from file system: jar:file:///C:/Users/Jose%20Alberto%20Morales/.m2/repository/com/github/almasb/fxgl/17.3/fxgl-17.3.jar!/fxglassets/ui/fonts/TerminalLandMono-Regular.otf
19:44:45.793 [FXGL Background Thread 4 ] DEBUG FXGLAssetLoaderServi - Loading from file system: jar:file:///C:/Users/Jose%20Alberto%20Morales/.m2/repository/com/github/almasb/fxgl/17.3/fxgl-17.3.jar!/fxglassets/ui/fonts/Courier-Prime.ttf
19:44:45.798 [JavaFX Application Thread] DEBUG Input                - Registered new binding: Screenshot - CTRL+8
19:44:45.799 [JavaFX Application Thread] DEBUG Input                - Registered new binding: System info dump - CTRL+9
19:44:45.799 [JavaFX Application Thread] DEBUG Input                - Registered new binding: Restart - CTRL+R
19:44:45.800 [JavaFX Application Thread] DEBUG Input                - Registered new binding: Toggle Debug Camera - CTRL+7
19:44:45.802 [JavaFX Application Thread] DEBUG LoopRunner           - Starting loop
19:44:45.802 [JavaFX Application Thread] DEBUG LoopRunner           - Initializing JavaFX AnimationTimerLoop
19:44:45.804 [JavaFX Application Thread] DEBUG GameApplicationServi - Starting new game
19:44:45.805 [JavaFX Application Thread] DEBUG Input                - Clearing active input actions
19:44:45.816 [JavaFX Application Thread] DEBUG GameApplicationServi - Removing overlay from FXGLStartupScene and adding to FXGLLoadingScene
19:44:45.817 [JavaFX Application Thread] DEBUG PrimaryStageWindow   - FXGLStartupScene -> FXGLLoadingScene
19:44:45.817 [JavaFX Application Thread] DEBUG GameApplicationServi - Clearing previous game
19:44:45.817 [JavaFX Application Thread] DEBUG GameScene            - Clearing game scene
19:44:45.817 [JavaFX Application Thread] DEBUG GameWorld            - Clearing game world
19:44:45.817 [JavaFX Application Thread] DEBUG PhysicsWorld         - Clearing physics world
19:44:45.818 [JavaFX Application Thread] DEBUG FXGLApplication      - Registering font factories with UI factory
19:44:45.850 [FXGL Background Thread 4 ] INFO  FXGLApplication      - Game initialization took: 0.032 sec
19:44:45.859 [JavaFX Application Thread] DEBUG Input                - Clearing active input actions
19:44:45.869 [JavaFX Application Thread] DEBUG GameApplicationServi - Removing overlay from FXGLLoadingScene and adding to GameScene
19:44:45.869 [JavaFX Application Thread] DEBUG PrimaryStageWindow   - FXGLLoadingScene -> GameScene
19:44:46.395 [FXGL Background Thread 2 ] INFO  UpdaterService       - Your current version:  17.3
19:44:46.395 [FXGL Background Thread 2 ] INFO  UpdaterService       - Latest stable version: 21.1
19:44:48.747 [FXGL Background Thread 3 ] DEBUG Engine               - Logging environment variables
19:44:48.747 [FXGL Background Thread 3 ] DEBUG Engine               - achievements: []
19:44:48.748 [FXGL Background Thread 3 ] DEBUG Engine               - actualHeight: 700.0
19:44:48.748 [FXGL Background Thread 3 ] DEBUG Engine               - actualHeightProperty: ReadOnlyDoubleProperty [value: 700.0]
19:44:48.748 [FXGL Background Thread 3 ] DEBUG Engine               - actualWidth: 1400.0
19:44:48.748 [FXGL Background Thread 3 ] DEBUG Engine               - actualWidthProperty: ReadOnlyDoubleProperty [value: 1400.0]
19:44:48.748 [FXGL Background Thread 3 ] DEBUG Engine               - appIcon: fxgl_icon.png
19:44:48.748 [FXGL Background Thread 3 ] DEBUG Engine               - applicationMode: DEVELOPER
19:44:48.748 [FXGL Background Thread 3 ] DEBUG Engine               - cSSList: [fxgl_dark.css]
19:44:48.748 [FXGL Background Thread 3 ] DEBUG Engine               - collisionDetectionStrategy: BRUTE_FORCE
19:44:48.748 [FXGL Background Thread 3 ] DEBUG Engine               - configClass: Optional.empty
19:44:48.748 [FXGL Background Thread 3 ] DEBUG Engine               - credits: []
19:44:48.748 [FXGL Background Thread 3 ] DEBUG Engine               - defaultCursor: CursorInfo(imageName=fxgl_default_cursor.png, hotspotX=7.0, hotspotY=6.0)
19:44:48.748 [FXGL Background Thread 3 ] DEBUG Engine               - devBBoxColorProperty: ObjectProperty [value: 0xff0000ff]
19:44:48.748 [FXGL Background Thread 3 ] DEBUG Engine               - devEnableDebugCameraProperty: BooleanProperty [value: false]
19:44:48.749 [FXGL Background Thread 3 ] DEBUG Engine               - devSensorColorProperty: ObjectProperty [value: 0xffff00ff]
19:44:48.749 [FXGL Background Thread 3 ] DEBUG Engine               - devShowBBoxProperty: BooleanProperty [value: false]
19:44:48.749 [FXGL Background Thread 3 ] DEBUG Engine               - devShowPositionProperty: BooleanProperty [value: false]
19:44:48.749 [FXGL Background Thread 3 ] DEBUG Engine               - enabledMenuItems: []
19:44:48.749 [FXGL Background Thread 3 ] DEBUG Engine               - engineServices: [class com.almasb.fxgl.app.services.FXGLAssetLoaderService, class com.almasb.fxgl.app.FXGLApplication$GameApplicationService, class com.almasb.fxgl.app.services.FXGLDialogService, class com.almasb.fxgl.app.services.IOTaskExecutorService, class com.almasb.fxgl.io.FileSystemService, class com.almasb.fxgl.localization.LocalizationService, class com.almasb.fxgl.app.services.SystemBundleService, class com.almasb.fxgl.profile.SaveLoadService, class com.almasb.fxgl.ui.FXGLUIFactoryServiceProvider, class com.almasb.fxgl.ui.FXGLDialogFactoryServiceProvider, class com.almasb.fxgl.audio.AudioPlayer, class com.almasb.fxgl.notification.impl.NotificationServiceProvider, class com.almasb.fxgl.achievement.AchievementService, class com.almasb.fxgl.cutscene.CutsceneService, class com.almasb.fxgl.minigames.MiniGameService, class com.almasb.fxgl.net.NetService, class com.almasb.fxgl.app.services.UpdaterService, class com.almasb.fxgl.dev.DevService]
19:44:48.749 [FXGL Background Thread 3 ] DEBUG Engine               - fontGame: Abel-Regular.ttf
19:44:48.749 [FXGL Background Thread 3 ] DEBUG Engine               - fontMono: TerminalLandMono-Regular.otf
19:44:48.749 [FXGL Background Thread 3 ] DEBUG Engine               - fontSizeScaleUI: 1.0
19:44:48.749 [FXGL Background Thread 3 ] DEBUG Engine               - fontText: Courier-Prime.ttf
19:44:48.749 [FXGL Background Thread 3 ] DEBUG Engine               - fontUI: VarelaRound-Regular.ttf
19:44:48.749 [FXGL Background Thread 3 ] DEBUG Engine               - fullScreen: BooleanProperty [value: false]
19:44:48.749 [FXGL Background Thread 3 ] DEBUG Engine               - gameDifficulty: MEDIUM
19:44:48.749 [FXGL Background Thread 3 ] DEBUG Engine               - gameDifficultyProperty: ObjectProperty [value: MEDIUM]
19:44:48.749 [FXGL Background Thread 3 ] DEBUG Engine               - globalMusicVolume: 0.5
19:44:48.749 [FXGL Background Thread 3 ] DEBUG Engine               - globalMusicVolumeProperty: DoubleProperty [value: 0.5]
19:44:48.749 [FXGL Background Thread 3 ] DEBUG Engine               - globalSoundVolume: 0.5
19:44:48.749 [FXGL Background Thread 3 ] DEBUG Engine               - globalSoundVolumeProperty: DoubleProperty [value: 0.5]
19:44:48.749 [FXGL Background Thread 3 ] DEBUG Engine               - height: 700
19:44:48.750 [FXGL Background Thread 3 ] DEBUG Engine               - is3D: false
19:44:48.750 [FXGL Background Thread 3 ] DEBUG Engine               - isAndroid: false
19:44:48.750 [FXGL Background Thread 3 ] DEBUG Engine               - isBrowser: false
19:44:48.750 [FXGL Background Thread 3 ] DEBUG Engine               - isClickFeedbackEnabled: false
19:44:48.750 [FXGL Background Thread 3 ] DEBUG Engine               - isCloseConfirmation: false
19:44:48.750 [FXGL Background Thread 3 ] DEBUG Engine               - isDesktop: true
19:44:48.750 [FXGL Background Thread 3 ] DEBUG Engine               - isDeveloperMenuEnabled: false
19:44:48.750 [FXGL Background Thread 3 ] DEBUG Engine               - isEmbedded: false
19:44:48.750 [FXGL Background Thread 3 ] DEBUG Engine               - isEntityPreloadEnabled: true
19:44:48.750 [FXGL Background Thread 3 ] DEBUG Engine               - isExperimentalTiledLargeMap: false
19:44:48.750 [FXGL Background Thread 3 ] DEBUG Engine               - isFileSystemWriteAllowed: true
19:44:48.750 [FXGL Background Thread 3 ] DEBUG Engine               - isFullScreenAllowed: false
19:44:48.750 [FXGL Background Thread 3 ] DEBUG Engine               - isFullScreenFromStart: false
19:44:48.750 [FXGL Background Thread 3 ] DEBUG Engine               - isGameMenuEnabled: true
19:44:48.750 [FXGL Background Thread 3 ] DEBUG Engine               - isIOS: false
19:44:48.750 [FXGL Background Thread 3 ] DEBUG Engine               - isIntroEnabled: false
19:44:48.750 [FXGL Background Thread 3 ] DEBUG Engine               - isLinux: false
19:44:48.750 [FXGL Background Thread 3 ] DEBUG Engine               - isMac: false
19:44:48.750 [FXGL Background Thread 3 ] DEBUG Engine               - isMainMenuEnabled: false
19:44:48.750 [FXGL Background Thread 3 ] DEBUG Engine               - isManualResizeEnabled: false
19:44:48.750 [FXGL Background Thread 3 ] DEBUG Engine               - isMobile: false
19:44:48.750 [FXGL Background Thread 3 ] DEBUG Engine               - isNative: false
19:44:48.750 [FXGL Background Thread 3 ] DEBUG Engine               - isPauseMusicWhenMinimized: true
19:44:48.750 [FXGL Background Thread 3 ] DEBUG Engine               - isPreserveResizeRatio: false
19:44:48.750 [FXGL Background Thread 3 ] DEBUG Engine               - isProfilingEnabled: false
19:44:48.750 [FXGL Background Thread 3 ] DEBUG Engine               - isScaleAffectedOnResize: true
19:44:48.750 [FXGL Background Thread 3 ] DEBUG Engine               - isSingleStep: false
19:44:48.751 [FXGL Background Thread 3 ] DEBUG Engine               - isUserProfileEnabled: false
19:44:48.751 [FXGL Background Thread 3 ] DEBUG Engine               - isWindows: true
19:44:48.751 [FXGL Background Thread 3 ] DEBUG Engine               - language: ObjectProperty [value: ENGLISH]
19:44:48.751 [FXGL Background Thread 3 ] DEBUG Engine               - menuKey: ESCAPE
19:44:48.751 [FXGL Background Thread 3 ] DEBUG Engine               - mouseSensitivity: 0.2
19:44:48.751 [FXGL Background Thread 3 ] DEBUG Engine               - notificationViewClass: class com.almasb.fxgl.notification.view.XboxNotificationView
19:44:48.751 [FXGL Background Thread 3 ] DEBUG Engine               - pixelsPerMeter: 50.0
19:44:48.751 [FXGL Background Thread 3 ] DEBUG Engine               - platform: WINDOWS
19:44:48.751 [FXGL Background Thread 3 ] DEBUG Engine               - prefHeightProperty: ReadOnlyDoubleProperty [value: 700.0]
19:44:48.751 [FXGL Background Thread 3 ] DEBUG Engine               - prefWidthProperty: ReadOnlyDoubleProperty [value: 1400.0]
19:44:48.751 [FXGL Background Thread 3 ] DEBUG Engine               - profileDir: profiles/
19:44:48.751 [FXGL Background Thread 3 ] DEBUG Engine               - profileName: StringProperty [value: DEFAULT]
19:44:48.751 [FXGL Background Thread 3 ] DEBUG Engine               - randomSeed: -1
19:44:48.751 [FXGL Background Thread 3 ] DEBUG Engine               - runtimeInfo: RuntimeInfo(platform=WINDOWS, version=17.3, build=30.03.2023 11.49)
19:44:48.751 [FXGL Background Thread 3 ] DEBUG Engine               - saveFileExt: sav
19:44:48.751 [FXGL Background Thread 3 ] DEBUG Engine               - scaledHeightProp$fxgl: DoubleProperty [bound, value: 700.0]
19:44:48.751 [FXGL Background Thread 3 ] DEBUG Engine               - scaledWidthProp$fxgl: DoubleProperty [bound, value: 1400.0]
19:44:48.751 [FXGL Background Thread 3 ] DEBUG Engine               - sceneFactory: com.almasb.fxgl.app.scene.SceneFactory@7e022a04
19:44:48.751 [FXGL Background Thread 3 ] DEBUG Engine               - secondsIn24h: 60
19:44:48.751 [FXGL Background Thread 3 ] DEBUG Engine               - soundMenuBack: menu/back.wav
19:44:48.751 [FXGL Background Thread 3 ] DEBUG Engine               - soundMenuPress: menu/press.wav
19:44:48.752 [FXGL Background Thread 3 ] DEBUG Engine               - soundMenuSelect: menu/select.wav
19:44:48.752 [FXGL Background Thread 3 ] DEBUG Engine               - soundNotification: core/notification.wav
19:44:48.752 [FXGL Background Thread 3 ] DEBUG Engine               - stageStyle: DECORATED
19:44:48.752 [FXGL Background Thread 3 ] DEBUG Engine               - supportedLanguages: [ENGLISH, FRENCH, GERMAN, HUNGARIAN, RUSSIAN]
19:44:48.752 [FXGL Background Thread 3 ] DEBUG Engine               - ticksPerSecond: -1
19:44:48.752 [FXGL Background Thread 3 ] DEBUG Engine               - title: Simulador de Restaurante
19:44:48.752 [FXGL Background Thread 3 ] DEBUG Engine               - urlGithub: https://github.com/AlmasB/FXGL
19:44:48.752 [FXGL Background Thread 3 ] DEBUG Engine               - urlLeaderboard: http://fxgl-top.herokuapp.com/
19:44:48.752 [FXGL Background Thread 3 ] DEBUG Engine               - urlPOM: https://raw.githubusercontent.com/AlmasB/FXGL/release/README.md
19:44:48.752 [FXGL Background Thread 3 ] DEBUG Engine               - userAppClass: class com.Simulador.Restaurante.RestaurantSimulator
19:44:48.752 [FXGL Background Thread 3 ] DEBUG Engine               - version: 1.0
19:44:48.752 [FXGL Background Thread 3 ] DEBUG Engine               - versionCheckDays: 7
19:44:48.752 [FXGL Background Thread 3 ] DEBUG Engine               - width: 1400
19:44:48.752 [FXGL Background Thread 3 ] DEBUG Engine               - Logging services
19:44:48.752 [FXGL Background Thread 3 ] DEBUG Engine               - class com.almasb.fxgl.app.services.FXGLAssetLoaderService
19:44:48.752 [FXGL Background Thread 3 ] DEBUG Engine               - class com.almasb.fxgl.app.FXGLApplication$GameApplicationService
19:44:48.752 [FXGL Background Thread 3 ] DEBUG Engine               - class com.almasb.fxgl.app.services.FXGLDialogService
19:44:48.752 [FXGL Background Thread 3 ] DEBUG Engine               - class com.almasb.fxgl.app.services.IOTaskExecutorService
19:44:48.752 [FXGL Background Thread 3 ] DEBUG Engine               - class com.almasb.fxgl.io.FileSystemService
19:44:48.752 [FXGL Background Thread 3 ] DEBUG Engine               - class com.almasb.fxgl.localization.LocalizationService
19:44:48.752 [FXGL Background Thread 3 ] DEBUG Engine               - class com.almasb.fxgl.app.services.SystemBundleService
19:44:48.752 [FXGL Background Thread 3 ] DEBUG Engine               - class com.almasb.fxgl.profile.SaveLoadService
19:44:48.752 [FXGL Background Thread 3 ] DEBUG Engine               - class com.almasb.fxgl.ui.FXGLUIFactoryServiceProvider
19:44:48.752 [FXGL Background Thread 3 ] DEBUG Engine               - class com.almasb.fxgl.ui.FXGLDialogFactoryServiceProvider
19:44:48.752 [FXGL Background Thread 3 ] DEBUG Engine               - class com.almasb.fxgl.audio.AudioPlayer
19:44:48.752 [FXGL Background Thread 3 ] DEBUG Engine               - class com.almasb.fxgl.notification.impl.NotificationServiceProvider
19:44:48.752 [FXGL Background Thread 3 ] DEBUG Engine               - class com.almasb.fxgl.achievement.AchievementService
19:44:48.752 [FXGL Background Thread 3 ] DEBUG Engine               - class com.almasb.fxgl.cutscene.CutsceneService
19:44:48.752 [FXGL Background Thread 3 ] DEBUG Engine               - class com.almasb.fxgl.minigames.MiniGameService
19:44:48.753 [FXGL Background Thread 3 ] DEBUG Engine               - class com.almasb.fxgl.net.NetService
19:44:48.753 [FXGL Background Thread 3 ] DEBUG Engine               - class com.almasb.fxgl.app.services.UpdaterService
19:44:48.753 [FXGL Background Thread 3 ] DEBUG Engine               - class com.almasb.fxgl.dev.DevService
19:44:56.011 [JavaFX Application Thread] DEBUG FXGLApplication      - Exiting FXGL
19:44:56.011 [JavaFX Application Thread] DEBUG LoopRunner           - Stopping loop
19:44:56.012 [JavaFX Application Thread] DEBUG SystemBundleService  - Saving FXGL system data
19:44:56.013 [JavaFX Application Thread] DEBUG FileSystemAccess     - Writing to: C:\Users\Jose Alberto Morales\Documents\7to Cuatrimestre\Programacion concurrente\Restaurant\system\fxgl.bundle
19:44:56.015 [JavaFX Application Thread] DEBUG Async                - Shutting down background threads
19:44:56.015 [JavaFX Application Thread] DEBUG PrimaryStageWindow   - Closing main window
19:44:56.031 [JavaFX Application Thread] DEBUG Logger               - Closing Logger
