12:26:56.568 [main                     ] DEBUG Logger               - Configured Logger
12:26:56.595 [main                     ] DEBUG GameApplication      - Logging settings
Title: Simulador Restaurante
Version: 0.1
Width: 1300
Height: 600
Fullscreen: false
Intro: false
Profiling: false
Single step:false
App Mode: DEVELOPER
Menu Key: ESCAPE
Stage Style: DECORATED
Scene Factory: class com.Simulador.Restaurante.RestaurantSimulator$1

12:26:56.961 [JavaFX Application Thread] DEBUG FXGLApplication      - Initializing FXGL
12:26:56.964 [JavaFX Application Thread] INFO  Engine               - FXGL-17.3 (30.03.2023 11.49) on WINDOWS (J:21.0.5 FX:21)
12:26:56.964 [JavaFX Application Thread] DEBUG Engine               - JRE Vendor Name: Oracle Corporation
12:26:56.964 [JavaFX Application Thread] DEBUG Engine               - Running on OS: Windows 11 version 10.0
12:26:56.964 [JavaFX Application Thread] DEBUG Engine               - Architecture: amd64
12:26:56.964 [JavaFX Application Thread] INFO  Engine               - Source code and latest versions at: https://github.com/AlmasB/FXGL
12:26:56.965 [JavaFX Application Thread] INFO  Engine               -       Ask questions and discuss at: https://github.com/AlmasB/FXGL/discussions
12:26:56.965 [JavaFX Application Thread] INFO  Engine               -              Join the FXGL chat at: https://gitter.im/AlmasB/FXGL
12:26:57.038 [JavaFX Application Thread] DEBUG PrimaryStageWindow   - Creating a JavaFX scene
12:26:57.077 [JavaFX Application Thread] DEBUG PrimaryStageWindow   - Target settings size: 1300.0 x 600.0
12:26:57.078 [JavaFX Application Thread] DEBUG PrimaryStageWindow   - Scaled scene size:    1300.0 x 600.0
12:26:57.078 [JavaFX Application Thread] DEBUG PrimaryStageWindow   - Scaled ratio: (1.0, 1.0)
12:26:57.079 [JavaFX Application Thread] DEBUG PrimaryStageWindow   - Set initial scene to FXGLStartupScene
12:26:57.081 [JavaFX Application Thread] DEBUG PrimaryStageWindow   - Opening main window
12:26:57.155 [JavaFX Application Thread] DEBUG PrimaryStageWindow   - Window border size: (14.4000244140625, 37.5999755859375)
12:26:57.155 [JavaFX Application Thread] DEBUG PrimaryStageWindow   - Scaled size: 1300.0 x 600.0
12:26:57.155 [JavaFX Application Thread] DEBUG PrimaryStageWindow   - Scaled ratio: (1.0, 1.0)
12:26:57.155 [JavaFX Application Thread] DEBUG PrimaryStageWindow   - Scene size: 1300.0 x 600.0
12:26:57.155 [JavaFX Application Thread] DEBUG PrimaryStageWindow   - Stage size: 1314.4000244140625 x 637.5999755859375
12:26:57.164 [FXGL Background Thread 1 ] DEBUG Engine               - Initializing environment variables
12:26:57.214 [FXGL Background Thread 1 ] DEBUG FXGLAssetLoaderServi - User app class for loading assets: class com.Simulador.Restaurante.RestaurantSimulator
12:26:57.215 [FXGL Background Thread 1 ] DEBUG GameApplicationServi - Applying CSS: fxgl_dark.css
12:26:57.215 [FXGL Background Thread 1 ] DEBUG FXGLAssetLoaderServi - Loading from file system: jar:file:///C:/Users/Jose%20Alberto%20Morales/.m2/repository/com/github/almasb/fxgl/17.3/fxgl-17.3.jar!/fxglassets/ui/css/fxgl_dark.css
12:26:57.260 [FXGL Background Thread 1 ] DEBUG GameApplicationServi - Initializing application scenes
12:26:57.290 [FXGL Background Thread 1 ] DEBUG GameWorld            - Game world initialized
12:26:57.351 [FXGL Background Thread 1 ] DEBUG PhysicsWorld         - Physics world initialized: appHeight=600, physics.ppm=50.0
12:26:57.351 [FXGL Background Thread 1 ] DEBUG PhysicsWorld         - Using strategy: BRUTE_FORCE
12:26:57.355 [FXGL Background Thread 1 ] DEBUG GameScene            - Game scene initialized: 1300x600
12:26:57.399 [FXGL Background Thread 1 ] DEBUG FXGL.DefaultMenu     - createMenuBodyGameMenu()
12:26:57.405 [FXGL Background Thread 1 ] DEBUG FXGL.DefaultMenu     - createOptionsMenu()
12:26:57.410 [FXGL Background Thread 1 ] DEBUG FXGLAssetLoaderServi - Loading from file system: jar:file:///C:/Users/Jose%20Alberto%20Morales/.m2/repository/com/github/almasb/fxgl/17.3/fxgl-17.3.jar!/fxglassets/textures/particles/smoke.png
12:26:57.475 [FXGL Background Thread 1 ] DEBUG FXGLAssetLoaderServi - Loading from file system: jar:file:///C:/Users/Jose%20Alberto%20Morales/.m2/repository/com/github/almasb/fxgl/17.3/fxgl-17.3.jar!/fxglassets/textures/particles/trace_horizontal.png
12:26:57.510 [FXGL Background Thread 1 ] DEBUG GameApplicationServi - Application scenes initialized
12:26:57.518 [FXGL Background Thread 1 ] DEBUG SystemBundleService  - Loading FXGL system data
12:26:57.521 [FXGL Background Thread 1 ] DEBUG FileSystemAccess     - Reading from: C:\Users\Jose Alberto Morales\Documents\7to Cuatrimestre\Programacion concurrente\Restaurant\system\fxgl.bundle
12:26:57.529 [FXGL Background Thread 1 ] DEBUG SystemBundleService  - Bundle FXGL: {}
12:26:57.529 [FXGL Background Thread 1 ] DEBUG UpdaterService       - Checking for updates
12:26:57.532 [FXGL Background Thread 4 ] DEBUG FXGLApplication      - Loading fonts
12:26:57.533 [FXGL Background Thread 4 ] DEBUG FXGLAssetLoaderServi - Loading from file system: jar:file:///C:/Users/Jose%20Alberto%20Morales/.m2/repository/com/github/almasb/fxgl/17.3/fxgl-17.3.jar!/fxglassets/ui/fonts/VarelaRound-Regular.ttf
12:26:57.533 [FXGL Background Thread 1 ] DEBUG FXGLApplication      - Loading default localization
12:26:57.534 [FXGL Background Thread 1 ] DEBUG FXGLAssetLoaderServi - Loading from file system: jar:file:///C:/Users/Jose%20Alberto%20Morales/.m2/repository/com/github/almasb/fxgl/17.3/fxgl-17.3.jar!/fxglassets/languages/english.lang
12:26:57.553 [FXGL Background Thread 1 ] INFO  FXGLApplication      - FXGL initialization took: 0.389 sec
12:26:57.554 [JavaFX Application Thread] DEBUG FXGLAssetLoaderServi - Loading from file system: jar:file:///C:/Users/Jose%20Alberto%20Morales/.m2/repository/com/github/almasb/fxgl/17.3/fxgl-17.3.jar!/fxglassets/textures/fxgl_icon.png
12:26:57.566 [FXGL Background Thread 4 ] DEBUG FXGLAssetLoaderServi - Loading from file system: jar:file:///C:/Users/Jose%20Alberto%20Morales/.m2/repository/com/github/almasb/fxgl/17.3/fxgl-17.3.jar!/fxglassets/ui/fonts/Abel-Regular.ttf
12:26:57.570 [FXGL Background Thread 4 ] DEBUG FXGLAssetLoaderServi - Loading from file system: jar:file:///C:/Users/Jose%20Alberto%20Morales/.m2/repository/com/github/almasb/fxgl/17.3/fxgl-17.3.jar!/fxglassets/ui/fonts/TerminalLandMono-Regular.otf
12:26:57.574 [FXGL Background Thread 4 ] DEBUG FXGLAssetLoaderServi - Loading from file system: jar:file:///C:/Users/Jose%20Alberto%20Morales/.m2/repository/com/github/almasb/fxgl/17.3/fxgl-17.3.jar!/fxglassets/ui/fonts/Courier-Prime.ttf
12:26:57.582 [JavaFX Application Thread] DEBUG FXGLAssetLoaderServi - Loading from file system: jar:file:///C:/Users/Jose%20Alberto%20Morales/.m2/repository/com/github/almasb/fxgl/17.3/fxgl-17.3.jar!/fxglassets/textures/fxgl_default_cursor.png
12:26:57.593 [JavaFX Application Thread] DEBUG Input                - Registered new binding: Screenshot - CTRL+8
12:26:57.594 [JavaFX Application Thread] DEBUG Input                - Registered new binding: System info dump - CTRL+9
12:26:57.594 [JavaFX Application Thread] DEBUG Input                - Registered new binding: Restart - CTRL+R
12:26:57.594 [JavaFX Application Thread] DEBUG Input                - Registered new binding: Toggle Debug Camera - CTRL+7
12:26:57.596 [JavaFX Application Thread] DEBUG LoopRunner           - Starting loop
12:26:57.597 [JavaFX Application Thread] DEBUG LoopRunner           - Initializing JavaFX AnimationTimerLoop
12:26:57.599 [JavaFX Application Thread] DEBUG Input                - Clearing active input actions
12:26:57.605 [JavaFX Application Thread] DEBUG GameApplicationServi - Removing overlay from FXGLStartupScene and adding to FXGLMainMenuDummyScene
12:26:57.606 [JavaFX Application Thread] DEBUG PrimaryStageWindow   - FXGLStartupScene -> FXGLMainMenuDummyScene
12:26:57.606 [JavaFX Application Thread] DEBUG PrimaryStageWindow   - Push state: MainMenu
12:26:57.606 [JavaFX Application Thread] DEBUG Input                - Clearing active input actions
12:26:57.616 [JavaFX Application Thread] DEBUG GameApplicationServi - Removing overlay from FXGLMainMenuDummyScene and adding to MainMenu
12:26:57.617 [JavaFX Application Thread] DEBUG PrimaryStageWindow   - FXGLMainMenuDummyScene -> MainMenu
12:26:57.617 [JavaFX Application Thread] DEBUG FXGLApplication      - Registering font factories with UI factory
12:26:58.079 [FXGL Background Thread 2 ] INFO  UpdaterService       - Your current version:  17.3
12:26:58.079 [FXGL Background Thread 2 ] INFO  UpdaterService       - Latest stable version: 21.1
12:26:58.472 [JavaFX Application Thread] DEBUG Menu                 - fireNewGame()
12:26:58.472 [JavaFX Application Thread] DEBUG GameApplicationServi - Starting new game
12:26:58.472 [JavaFX Application Thread] DEBUG PrimaryStageWindow   - Pop state: MainMenu
12:26:58.473 [JavaFX Application Thread] DEBUG Input                - Clearing active input actions
12:26:58.473 [JavaFX Application Thread] DEBUG GameApplicationServi - Removing overlay from MainMenu and adding to FXGLMainMenuDummyScene
12:26:58.473 [JavaFX Application Thread] DEBUG PrimaryStageWindow   - FXGLMainMenuDummyScene <- MainMenu
12:26:58.474 [JavaFX Application Thread] DEBUG Input                - Clearing active input actions
12:26:58.479 [JavaFX Application Thread] DEBUG GameApplicationServi - Removing overlay from FXGLMainMenuDummyScene and adding to FXGLLoadingScene
12:26:58.479 [JavaFX Application Thread] DEBUG PrimaryStageWindow   - FXGLMainMenuDummyScene -> FXGLLoadingScene
12:26:58.479 [JavaFX Application Thread] DEBUG GameApplicationServi - Clearing previous game
12:26:58.479 [JavaFX Application Thread] DEBUG GameScene            - Clearing game scene
12:26:58.479 [JavaFX Application Thread] DEBUG GameWorld            - Clearing game world
12:26:58.479 [JavaFX Application Thread] DEBUG PhysicsWorld         - Clearing physics world
12:26:58.480 [FXGL Background Thread 2 ] DEBUG FXGLApplication      - Initializing game
12:26:58.556 [FXGL Background Thread 2 ] INFO  FXGLApplication      - Game initialization took: 0.075 sec
12:26:58.556 [JavaFX Application Thread] DEBUG Input                - Clearing active input actions
12:26:58.561 [JavaFX Application Thread] DEBUG GameApplicationServi - Removing overlay from FXGLLoadingScene and adding to GameScene
12:26:58.562 [JavaFX Application Thread] DEBUG PrimaryStageWindow   - FXGLLoadingScene -> GameScene
12:27:00.471 [JavaFX Application Thread] DEBUG FXGLApplication      - Exiting FXGL
12:27:00.471 [JavaFX Application Thread] DEBUG LoopRunner           - Stopping loop
12:27:00.471 [JavaFX Application Thread] DEBUG SystemBundleService  - Saving FXGL system data
12:27:00.473 [JavaFX Application Thread] DEBUG FileSystemAccess     - Writing to: C:\Users\Jose Alberto Morales\Documents\7to Cuatrimestre\Programacion concurrente\Restaurant\system\fxgl.bundle
12:27:00.475 [JavaFX Application Thread] DEBUG Async                - Shutting down background threads
12:27:00.475 [JavaFX Application Thread] DEBUG PrimaryStageWindow   - Closing main window
12:27:00.491 [JavaFX Application Thread] DEBUG Logger               - Closing Logger
