10:57:55.197 [main                     ] DEBUG Logger               - Configured Logger
10:57:55.219 [main                     ] DEBUG GameApplication      - Logging settings
Title: Simulador de Restaurante
Version: 1.0
Width: 1400
Height: 700
Fullscreen: false
Intro: false
Profiling: false
Single step:false
App Mode: DEVELOPER
Menu Key: ESCAPE
Stage Style: DECORATED
Scene Factory: class com.almasb.fxgl.app.scene.SceneFactory

10:57:55.542 [JavaFX Application Thread] DEBUG FXGLApplication      - Initializing FXGL
10:57:55.545 [JavaFX Application Thread] INFO  Engine               - FXGL-17.3 (30.03.2023 11.49) on WINDOWS (J:21.0.5 FX:21)
10:57:55.545 [JavaFX Application Thread] DEBUG Engine               - JRE Vendor Name: Oracle Corporation
10:57:55.545 [JavaFX Application Thread] DEBUG Engine               - Running on OS: Windows 11 version 10.0
10:57:55.545 [JavaFX Application Thread] DEBUG Engine               - Architecture: amd64
10:57:55.545 [JavaFX Application Thread] INFO  Engine               - Source code and latest versions at: https://github.com/AlmasB/FXGL
10:57:55.545 [JavaFX Application Thread] INFO  Engine               -       Ask questions and discuss at: https://github.com/AlmasB/FXGL/discussions
10:57:55.546 [JavaFX Application Thread] INFO  Engine               -              Join the FXGL chat at: https://gitter.im/AlmasB/FXGL
10:57:55.617 [JavaFX Application Thread] DEBUG PrimaryStageWindow   - Creating a JavaFX scene
10:57:55.660 [JavaFX Application Thread] DEBUG PrimaryStageWindow   - Target settings size: 1400.0 x 700.0
10:57:55.660 [JavaFX Application Thread] DEBUG PrimaryStageWindow   - Scaled scene size:    1400.0 x 700.0
10:57:55.661 [JavaFX Application Thread] DEBUG PrimaryStageWindow   - Scaled ratio: (1.0, 1.0)
10:57:55.662 [JavaFX Application Thread] DEBUG PrimaryStageWindow   - Set initial scene to FXGLStartupScene
10:57:55.665 [JavaFX Application Thread] DEBUG PrimaryStageWindow   - Opening main window
10:57:55.739 [JavaFX Application Thread] DEBUG PrimaryStageWindow   - Window border size: (14.4000244140625, 37.5999755859375)
10:57:55.739 [JavaFX Application Thread] DEBUG PrimaryStageWindow   - Scaled size: 1400.0 x 700.0
10:57:55.739 [JavaFX Application Thread] DEBUG PrimaryStageWindow   - Scaled ratio: (1.0, 1.0)
10:57:55.740 [JavaFX Application Thread] DEBUG PrimaryStageWindow   - Scene size: 1400.0 x 700.0
10:57:55.740 [JavaFX Application Thread] DEBUG PrimaryStageWindow   - Stage size: 1414.4000244140625 x 737.5999755859375
10:57:55.747 [FXGL Background Thread 1 ] DEBUG Engine               - Initializing environment variables
10:57:55.805 [FXGL Background Thread 1 ] DEBUG FXGLAssetLoaderServi - User app class for loading assets: class com.Simulador.Restaurante.RestaurantSimulator
10:57:55.806 [FXGL Background Thread 1 ] DEBUG GameApplicationServi - Applying CSS: fxgl_dark.css
10:57:55.807 [FXGL Background Thread 1 ] DEBUG FXGLAssetLoaderServi - Loading from file system: jar:file:///C:/Users/Jose%20Alberto%20Morales/.m2/repository/com/github/almasb/fxgl/17.3/fxgl-17.3.jar!/fxglassets/ui/css/fxgl_dark.css
10:57:55.856 [FXGL Background Thread 1 ] DEBUG GameApplicationServi - Initializing application scenes
10:57:55.893 [FXGL Background Thread 1 ] DEBUG GameWorld            - Game world initialized
10:57:55.965 [FXGL Background Thread 1 ] DEBUG PhysicsWorld         - Physics world initialized: appHeight=700, physics.ppm=50.0
10:57:55.965 [FXGL Background Thread 1 ] DEBUG PhysicsWorld         - Using strategy: BRUTE_FORCE
10:57:55.970 [FXGL Background Thread 1 ] DEBUG GameScene            - Game scene initialized: 1400x700
10:57:55.981 [FXGL Background Thread 1 ] DEBUG FXGL.DefaultMenu     - createMenuBodyGameMenu()
10:57:55.992 [FXGL Background Thread 1 ] DEBUG FXGL.DefaultMenu     - createOptionsMenu()
10:57:56.000 [FXGL Background Thread 1 ] DEBUG FXGLAssetLoaderServi - Loading from file system: jar:file:///C:/Users/Jose%20Alberto%20Morales/.m2/repository/com/github/almasb/fxgl/17.3/fxgl-17.3.jar!/fxglassets/textures/particles/smoke.png
10:57:56.077 [FXGL Background Thread 1 ] DEBUG FXGLAssetLoaderServi - Loading from file system: jar:file:///C:/Users/Jose%20Alberto%20Morales/.m2/repository/com/github/almasb/fxgl/17.3/fxgl-17.3.jar!/fxglassets/textures/particles/trace_horizontal.png
10:57:56.102 [FXGL Background Thread 1 ] DEBUG GameApplicationServi - Application scenes initialized
10:57:56.112 [FXGL Background Thread 1 ] DEBUG SystemBundleService  - Loading FXGL system data
10:57:56.116 [FXGL Background Thread 1 ] DEBUG FileSystemAccess     - Reading from: C:\Users\Jose Alberto Morales\Documents\7to Cuatrimestre\Programacion concurrente\Restaurant\system\fxgl.bundle
10:57:56.124 [FXGL Background Thread 1 ] DEBUG SystemBundleService  - Bundle FXGL: {}
10:57:56.125 [FXGL Background Thread 1 ] DEBUG UpdaterService       - Checking for updates
10:57:56.128 [FXGL Background Thread 4 ] DEBUG FXGLApplication      - Loading fonts
10:57:56.128 [FXGL Background Thread 4 ] DEBUG FXGLAssetLoaderServi - Loading from file system: jar:file:///C:/Users/Jose%20Alberto%20Morales/.m2/repository/com/github/almasb/fxgl/17.3/fxgl-17.3.jar!/fxglassets/ui/fonts/VarelaRound-Regular.ttf
10:57:56.129 [FXGL Background Thread 1 ] DEBUG FXGLApplication      - Loading default localization
10:57:56.129 [FXGL Background Thread 1 ] DEBUG FXGLAssetLoaderServi - Loading from file system: jar:file:///C:/Users/Jose%20Alberto%20Morales/.m2/repository/com/github/almasb/fxgl/17.3/fxgl-17.3.jar!/fxglassets/languages/english.lang
10:57:56.150 [FXGL Background Thread 1 ] INFO  FXGLApplication      - FXGL initialization took: 0.403 sec
10:57:56.151 [JavaFX Application Thread] DEBUG FXGLAssetLoaderServi - Loading from file system: jar:file:///C:/Users/Jose%20Alberto%20Morales/.m2/repository/com/github/almasb/fxgl/17.3/fxgl-17.3.jar!/fxglassets/textures/fxgl_icon.png
10:57:56.161 [FXGL Background Thread 4 ] DEBUG FXGLAssetLoaderServi - Loading from file system: jar:file:///C:/Users/Jose%20Alberto%20Morales/.m2/repository/com/github/almasb/fxgl/17.3/fxgl-17.3.jar!/fxglassets/ui/fonts/Abel-Regular.ttf
10:57:56.166 [FXGL Background Thread 4 ] DEBUG FXGLAssetLoaderServi - Loading from file system: jar:file:///C:/Users/Jose%20Alberto%20Morales/.m2/repository/com/github/almasb/fxgl/17.3/fxgl-17.3.jar!/fxglassets/ui/fonts/TerminalLandMono-Regular.otf
10:57:56.170 [FXGL Background Thread 4 ] DEBUG FXGLAssetLoaderServi - Loading from file system: jar:file:///C:/Users/Jose%20Alberto%20Morales/.m2/repository/com/github/almasb/fxgl/17.3/fxgl-17.3.jar!/fxglassets/ui/fonts/Courier-Prime.ttf
10:57:56.171 [JavaFX Application Thread] DEBUG FXGLAssetLoaderServi - Loading from file system: jar:file:///C:/Users/Jose%20Alberto%20Morales/.m2/repository/com/github/almasb/fxgl/17.3/fxgl-17.3.jar!/fxglassets/textures/fxgl_default_cursor.png
10:57:56.182 [JavaFX Application Thread] DEBUG Input                - Registered new binding: Screenshot - CTRL+8
10:57:56.182 [JavaFX Application Thread] DEBUG Input                - Registered new binding: System info dump - CTRL+9
10:57:56.183 [JavaFX Application Thread] DEBUG Input                - Registered new binding: Restart - CTRL+R
10:57:56.183 [JavaFX Application Thread] DEBUG Input                - Registered new binding: Toggle Debug Camera - CTRL+7
10:57:56.186 [JavaFX Application Thread] DEBUG LoopRunner           - Starting loop
10:57:56.187 [JavaFX Application Thread] DEBUG LoopRunner           - Initializing JavaFX AnimationTimerLoop
10:57:56.187 [JavaFX Application Thread] DEBUG GameApplicationServi - Starting new game
10:57:56.188 [JavaFX Application Thread] DEBUG Input                - Clearing active input actions
10:57:56.197 [JavaFX Application Thread] DEBUG GameApplicationServi - Removing overlay from FXGLStartupScene and adding to FXGLLoadingScene
10:57:56.198 [JavaFX Application Thread] DEBUG PrimaryStageWindow   - FXGLStartupScene -> FXGLLoadingScene
10:57:56.198 [JavaFX Application Thread] DEBUG GameApplicationServi - Clearing previous game
10:57:56.198 [JavaFX Application Thread] DEBUG GameScene            - Clearing game scene
10:57:56.198 [JavaFX Application Thread] DEBUG GameWorld            - Clearing game world
10:57:56.198 [JavaFX Application Thread] DEBUG PhysicsWorld         - Clearing physics world
10:57:56.199 [FXGL Background Thread 4 ] DEBUG FXGLApplication      - Initializing game
10:57:56.199 [JavaFX Application Thread] DEBUG FXGLApplication      - Registering font factories with UI factory
10:57:56.234 [FXGL Background Thread 4 ] INFO  FXGLApplication      - Game initialization took: 0.035 sec
10:57:56.235 [JavaFX Application Thread] DEBUG Input                - Clearing active input actions
10:57:56.242 [JavaFX Application Thread] DEBUG GameApplicationServi - Removing overlay from FXGLLoadingScene and adding to GameScene
10:57:56.243 [JavaFX Application Thread] DEBUG PrimaryStageWindow   - FXGLLoadingScene -> GameScene
10:57:56.600 [FXGL Background Thread 2 ] INFO  UpdaterService       - Your current version:  17.3
10:57:56.600 [FXGL Background Thread 2 ] INFO  UpdaterService       - Latest stable version: 21.1
10:57:59.128 [FXGL Background Thread 3 ] DEBUG Engine               - Logging environment variables
10:57:59.128 [FXGL Background Thread 3 ] DEBUG Engine               - achievements: []
10:57:59.128 [FXGL Background Thread 3 ] DEBUG Engine               - actualHeight: 700.0
10:57:59.128 [FXGL Background Thread 3 ] DEBUG Engine               - actualHeightProperty: ReadOnlyDoubleProperty [value: 700.0]
10:57:59.128 [FXGL Background Thread 3 ] DEBUG Engine               - actualWidth: 1400.0
10:57:59.129 [FXGL Background Thread 3 ] DEBUG Engine               - actualWidthProperty: ReadOnlyDoubleProperty [value: 1400.0]
10:57:59.129 [FXGL Background Thread 3 ] DEBUG Engine               - appIcon: fxgl_icon.png
10:57:59.129 [FXGL Background Thread 3 ] DEBUG Engine               - applicationMode: DEVELOPER
10:57:59.129 [FXGL Background Thread 3 ] DEBUG Engine               - cSSList: [fxgl_dark.css]
10:57:59.129 [FXGL Background Thread 3 ] DEBUG Engine               - collisionDetectionStrategy: BRUTE_FORCE
10:57:59.129 [FXGL Background Thread 3 ] DEBUG Engine               - configClass: Optional.empty
10:57:59.129 [FXGL Background Thread 3 ] DEBUG Engine               - credits: []
10:57:59.129 [FXGL Background Thread 3 ] DEBUG Engine               - defaultCursor: CursorInfo(imageName=fxgl_default_cursor.png, hotspotX=7.0, hotspotY=6.0)
10:57:59.129 [FXGL Background Thread 3 ] DEBUG Engine               - devBBoxColorProperty: ObjectProperty [value: 0xff0000ff]
10:57:59.129 [FXGL Background Thread 3 ] DEBUG Engine               - devEnableDebugCameraProperty: BooleanProperty [value: false]
10:57:59.129 [FXGL Background Thread 3 ] DEBUG Engine               - devSensorColorProperty: ObjectProperty [value: 0xffff00ff]
10:57:59.129 [FXGL Background Thread 3 ] DEBUG Engine               - devShowBBoxProperty: BooleanProperty [value: false]
10:57:59.129 [FXGL Background Thread 3 ] DEBUG Engine               - devShowPositionProperty: BooleanProperty [value: false]
10:57:59.129 [FXGL Background Thread 3 ] DEBUG Engine               - enabledMenuItems: []
10:57:59.129 [FXGL Background Thread 3 ] DEBUG Engine               - engineServices: [class com.almasb.fxgl.app.services.FXGLAssetLoaderService, class com.almasb.fxgl.app.FXGLApplication$GameApplicationService, class com.almasb.fxgl.app.services.FXGLDialogService, class com.almasb.fxgl.app.services.IOTaskExecutorService, class com.almasb.fxgl.io.FileSystemService, class com.almasb.fxgl.localization.LocalizationService, class com.almasb.fxgl.app.services.SystemBundleService, class com.almasb.fxgl.profile.SaveLoadService, class com.almasb.fxgl.ui.FXGLUIFactoryServiceProvider, class com.almasb.fxgl.ui.FXGLDialogFactoryServiceProvider, class com.almasb.fxgl.audio.AudioPlayer, class com.almasb.fxgl.notification.impl.NotificationServiceProvider, class com.almasb.fxgl.achievement.AchievementService, class com.almasb.fxgl.cutscene.CutsceneService, class com.almasb.fxgl.minigames.MiniGameService, class com.almasb.fxgl.net.NetService, class com.almasb.fxgl.app.services.UpdaterService, class com.almasb.fxgl.dev.DevService]
10:57:59.129 [FXGL Background Thread 3 ] DEBUG Engine               - fontGame: Abel-Regular.ttf
10:57:59.129 [FXGL Background Thread 3 ] DEBUG Engine               - fontMono: TerminalLandMono-Regular.otf
10:57:59.129 [FXGL Background Thread 3 ] DEBUG Engine               - fontSizeScaleUI: 1.0
10:57:59.129 [FXGL Background Thread 3 ] DEBUG Engine               - fontText: Courier-Prime.ttf
10:57:59.129 [FXGL Background Thread 3 ] DEBUG Engine               - fontUI: VarelaRound-Regular.ttf
10:57:59.129 [FXGL Background Thread 3 ] DEBUG Engine               - fullScreen: BooleanProperty [value: false]
10:57:59.129 [FXGL Background Thread 3 ] DEBUG Engine               - gameDifficulty: MEDIUM
10:57:59.129 [FXGL Background Thread 3 ] DEBUG Engine               - gameDifficultyProperty: ObjectProperty [value: MEDIUM]
10:57:59.129 [FXGL Background Thread 3 ] DEBUG Engine               - globalMusicVolume: 0.5
10:57:59.129 [FXGL Background Thread 3 ] DEBUG Engine               - globalMusicVolumeProperty: DoubleProperty [value: 0.5]
10:57:59.129 [FXGL Background Thread 3 ] DEBUG Engine               - globalSoundVolume: 0.5
10:57:59.129 [FXGL Background Thread 3 ] DEBUG Engine               - globalSoundVolumeProperty: DoubleProperty [value: 0.5]
10:57:59.129 [FXGL Background Thread 3 ] DEBUG Engine               - height: 700
10:57:59.129 [FXGL Background Thread 3 ] DEBUG Engine               - is3D: false
10:57:59.129 [FXGL Background Thread 3 ] DEBUG Engine               - isAndroid: false
10:57:59.129 [FXGL Background Thread 3 ] DEBUG Engine               - isBrowser: false
10:57:59.129 [FXGL Background Thread 3 ] DEBUG Engine               - isClickFeedbackEnabled: false
10:57:59.129 [FXGL Background Thread 3 ] DEBUG Engine               - isCloseConfirmation: false
10:57:59.129 [FXGL Background Thread 3 ] DEBUG Engine               - isDesktop: true
10:57:59.129 [FXGL Background Thread 3 ] DEBUG Engine               - isDeveloperMenuEnabled: false
10:57:59.129 [FXGL Background Thread 3 ] DEBUG Engine               - isEmbedded: false
10:57:59.130 [FXGL Background Thread 3 ] DEBUG Engine               - isEntityPreloadEnabled: true
10:57:59.130 [FXGL Background Thread 3 ] DEBUG Engine               - isExperimentalTiledLargeMap: false
10:57:59.130 [FXGL Background Thread 3 ] DEBUG Engine               - isFileSystemWriteAllowed: true
10:57:59.130 [FXGL Background Thread 3 ] DEBUG Engine               - isFullScreenAllowed: false
10:57:59.130 [FXGL Background Thread 3 ] DEBUG Engine               - isFullScreenFromStart: false
10:57:59.130 [FXGL Background Thread 3 ] DEBUG Engine               - isGameMenuEnabled: true
10:57:59.130 [FXGL Background Thread 3 ] DEBUG Engine               - isIOS: false
10:57:59.130 [FXGL Background Thread 3 ] DEBUG Engine               - isIntroEnabled: false
10:57:59.130 [FXGL Background Thread 3 ] DEBUG Engine               - isLinux: false
10:57:59.130 [FXGL Background Thread 3 ] DEBUG Engine               - isMac: false
10:57:59.130 [FXGL Background Thread 3 ] DEBUG Engine               - isMainMenuEnabled: false
10:57:59.130 [FXGL Background Thread 3 ] DEBUG Engine               - isManualResizeEnabled: false
10:57:59.130 [FXGL Background Thread 3 ] DEBUG Engine               - isMobile: false
10:57:59.130 [FXGL Background Thread 3 ] DEBUG Engine               - isNative: false
10:57:59.130 [FXGL Background Thread 3 ] DEBUG Engine               - isPauseMusicWhenMinimized: true
10:57:59.130 [FXGL Background Thread 3 ] DEBUG Engine               - isPreserveResizeRatio: false
10:57:59.130 [FXGL Background Thread 3 ] DEBUG Engine               - isProfilingEnabled: false
10:57:59.130 [FXGL Background Thread 3 ] DEBUG Engine               - isScaleAffectedOnResize: true
10:57:59.130 [FXGL Background Thread 3 ] DEBUG Engine               - isSingleStep: false
10:57:59.130 [FXGL Background Thread 3 ] DEBUG Engine               - isUserProfileEnabled: false
10:57:59.131 [FXGL Background Thread 3 ] DEBUG Engine               - isWindows: true
10:57:59.131 [FXGL Background Thread 3 ] DEBUG Engine               - language: ObjectProperty [value: ENGLISH]
10:57:59.131 [FXGL Background Thread 3 ] DEBUG Engine               - menuKey: ESCAPE
10:57:59.131 [FXGL Background Thread 3 ] DEBUG Engine               - mouseSensitivity: 0.2
10:57:59.131 [FXGL Background Thread 3 ] DEBUG Engine               - notificationViewClass: class com.almasb.fxgl.notification.view.XboxNotificationView
10:57:59.131 [FXGL Background Thread 3 ] DEBUG Engine               - pixelsPerMeter: 50.0
10:57:59.131 [FXGL Background Thread 3 ] DEBUG Engine               - platform: WINDOWS
10:57:59.131 [FXGL Background Thread 3 ] DEBUG Engine               - prefHeightProperty: ReadOnlyDoubleProperty [value: 700.0]
10:57:59.131 [FXGL Background Thread 3 ] DEBUG Engine               - prefWidthProperty: ReadOnlyDoubleProperty [value: 1400.0]
10:57:59.131 [FXGL Background Thread 3 ] DEBUG Engine               - profileDir: profiles/
10:57:59.131 [FXGL Background Thread 3 ] DEBUG Engine               - profileName: StringProperty [value: DEFAULT]
10:57:59.131 [FXGL Background Thread 3 ] DEBUG Engine               - randomSeed: -1
10:57:59.131 [FXGL Background Thread 3 ] DEBUG Engine               - runtimeInfo: RuntimeInfo(platform=WINDOWS, version=17.3, build=30.03.2023 11.49)
10:57:59.131 [FXGL Background Thread 3 ] DEBUG Engine               - saveFileExt: sav
10:57:59.131 [FXGL Background Thread 3 ] DEBUG Engine               - scaledHeightProp$fxgl: DoubleProperty [bound, value: 700.0]
10:57:59.131 [FXGL Background Thread 3 ] DEBUG Engine               - scaledWidthProp$fxgl: DoubleProperty [bound, value: 1400.0]
10:57:59.132 [FXGL Background Thread 3 ] DEBUG Engine               - sceneFactory: com.almasb.fxgl.app.scene.SceneFactory@6f2e4efc
10:57:59.132 [FXGL Background Thread 3 ] DEBUG Engine               - secondsIn24h: 60
10:57:59.132 [FXGL Background Thread 3 ] DEBUG Engine               - soundMenuBack: menu/back.wav
10:57:59.132 [FXGL Background Thread 3 ] DEBUG Engine               - soundMenuPress: menu/press.wav
10:57:59.132 [FXGL Background Thread 3 ] DEBUG Engine               - soundMenuSelect: menu/select.wav
10:57:59.132 [FXGL Background Thread 3 ] DEBUG Engine               - soundNotification: core/notification.wav
10:57:59.132 [FXGL Background Thread 3 ] DEBUG Engine               - stageStyle: DECORATED
10:57:59.132 [FXGL Background Thread 3 ] DEBUG Engine               - supportedLanguages: [ENGLISH, FRENCH, GERMAN, HUNGARIAN, RUSSIAN]
10:57:59.132 [FXGL Background Thread 3 ] DEBUG Engine               - ticksPerSecond: -1
10:57:59.132 [FXGL Background Thread 3 ] DEBUG Engine               - title: Simulador de Restaurante
10:57:59.132 [FXGL Background Thread 3 ] DEBUG Engine               - urlGithub: https://github.com/AlmasB/FXGL
10:57:59.132 [FXGL Background Thread 3 ] DEBUG Engine               - urlLeaderboard: http://fxgl-top.herokuapp.com/
10:57:59.132 [FXGL Background Thread 3 ] DEBUG Engine               - urlPOM: https://raw.githubusercontent.com/AlmasB/FXGL/release/README.md
10:57:59.132 [FXGL Background Thread 3 ] DEBUG Engine               - userAppClass: class com.Simulador.Restaurante.RestaurantSimulator
10:57:59.132 [FXGL Background Thread 3 ] DEBUG Engine               - version: 1.0
10:57:59.132 [FXGL Background Thread 3 ] DEBUG Engine               - versionCheckDays: 7
10:57:59.132 [FXGL Background Thread 3 ] DEBUG Engine               - width: 1400
10:57:59.132 [FXGL Background Thread 3 ] DEBUG Engine               - Logging services
10:57:59.132 [FXGL Background Thread 3 ] DEBUG Engine               - class com.almasb.fxgl.app.services.FXGLAssetLoaderService
10:57:59.132 [FXGL Background Thread 3 ] DEBUG Engine               - class com.almasb.fxgl.app.FXGLApplication$GameApplicationService
10:57:59.132 [FXGL Background Thread 3 ] DEBUG Engine               - class com.almasb.fxgl.app.services.FXGLDialogService
10:57:59.132 [FXGL Background Thread 3 ] DEBUG Engine               - class com.almasb.fxgl.app.services.IOTaskExecutorService
10:57:59.132 [FXGL Background Thread 3 ] DEBUG Engine               - class com.almasb.fxgl.io.FileSystemService
10:57:59.132 [FXGL Background Thread 3 ] DEBUG Engine               - class com.almasb.fxgl.localization.LocalizationService
10:57:59.132 [FXGL Background Thread 3 ] DEBUG Engine               - class com.almasb.fxgl.app.services.SystemBundleService
10:57:59.132 [FXGL Background Thread 3 ] DEBUG Engine               - class com.almasb.fxgl.profile.SaveLoadService
10:57:59.133 [FXGL Background Thread 3 ] DEBUG Engine               - class com.almasb.fxgl.ui.FXGLUIFactoryServiceProvider
10:57:59.133 [FXGL Background Thread 3 ] DEBUG Engine               - class com.almasb.fxgl.ui.FXGLDialogFactoryServiceProvider
10:57:59.133 [FXGL Background Thread 3 ] DEBUG Engine               - class com.almasb.fxgl.audio.AudioPlayer
10:57:59.133 [FXGL Background Thread 3 ] DEBUG Engine               - class com.almasb.fxgl.notification.impl.NotificationServiceProvider
10:57:59.133 [FXGL Background Thread 3 ] DEBUG Engine               - class com.almasb.fxgl.achievement.AchievementService
10:57:59.133 [FXGL Background Thread 3 ] DEBUG Engine               - class com.almasb.fxgl.cutscene.CutsceneService
10:57:59.133 [FXGL Background Thread 3 ] DEBUG Engine               - class com.almasb.fxgl.minigames.MiniGameService
10:57:59.133 [FXGL Background Thread 3 ] DEBUG Engine               - class com.almasb.fxgl.net.NetService
10:57:59.133 [FXGL Background Thread 3 ] DEBUG Engine               - class com.almasb.fxgl.app.services.UpdaterService
10:57:59.133 [FXGL Background Thread 3 ] DEBUG Engine               - class com.almasb.fxgl.dev.DevService
10:58:42.285 [Thread-30                ] DEBUG LoopRunner           - Stopping loop
10:58:42.285 [Thread-30                ] FATAL FXGLApplication      - Uncaught Exception:
java.lang.IndexOutOfBoundsException: Index 20 out of bounds for length 20
	at java.base/jdk.internal.util.Preconditions.outOfBounds(Preconditions.java:100)
	at java.base/jdk.internal.util.Preconditions.outOfBoundsCheckIndex(Preconditions.java:106)
	at java.base/jdk.internal.util.Preconditions.checkIndex(Preconditions.java:302)
	at java.base/java.util.Objects.checkIndex(Objects.java:385)
	at java.base/java.util.ArrayList.get(ArrayList.java:427)
	at com.example.restaurant/com.Simulador.Restaurante.presentation.views.RestauranteView.moverComensalFuera(RestauranteView.java:158)
	at com.example.restaurant/com.Simulador.Restaurante.concurrency.threads.ComensalThread.run(ComensalThread.java:63)

10:58:42.286 [Thread-30                ] FATAL FXGLApplication      - Application will now exit
10:58:42.299 [Thread-30                ] DEBUG PrimaryStageWindow   - Push state: ErrorSubScene
10:58:42.299 [Thread-30                ] DEBUG Input                - Clearing active input actions
10:58:51.109 [JavaFX Application Thread] DEBUG FXGLApplication      - Exiting FXGL
10:58:51.109 [JavaFX Application Thread] DEBUG Async                - Shutting down background threads
10:58:51.109 [JavaFX Application Thread] DEBUG PrimaryStageWindow   - Closing main window
10:58:51.123 [JavaFX Application Thread] DEBUG Logger               - Closing Logger
