19:55:55.593 [main                     ] DEBUG Logger               - Configured Logger
19:55:55.615 [main                     ] DEBUG GameApplication      - Logging settings
Title: Simulador de Restaurante
Version: 1.0
Width: 1000
Height: 600
Fullscreen: false
Intro: false
Profiling: false
Single step:false
App Mode: DEVELOPER
Menu Key: ESCAPE
Stage Style: DECORATED
Scene Factory: class com.almasb.fxgl.app.scene.SceneFactory

19:55:55.934 [JavaFX Application Thread] DEBUG FXGLApplication      - Initializing FXGL
19:55:55.938 [JavaFX Application Thread] INFO  Engine               - FXGL-17.3 (30.03.2023 11.49) on WINDOWS (J:21.0.5 FX:21)
19:55:55.938 [JavaFX Application Thread] DEBUG Engine               - JRE Vendor Name: Oracle Corporation
19:55:55.938 [JavaFX Application Thread] DEBUG Engine               - Running on OS: Windows 11 version 10.0
19:55:55.939 [JavaFX Application Thread] DEBUG Engine               - Architecture: amd64
19:55:55.939 [JavaFX Application Thread] INFO  Engine               - Source code and latest versions at: https://github.com/AlmasB/FXGL
19:55:55.939 [JavaFX Application Thread] INFO  Engine               -       Ask questions and discuss at: https://github.com/AlmasB/FXGL/discussions
19:55:55.939 [JavaFX Application Thread] INFO  Engine               -              Join the FXGL chat at: https://gitter.im/AlmasB/FXGL
19:55:56.008 [JavaFX Application Thread] DEBUG PrimaryStageWindow   - Creating a JavaFX scene
19:55:56.046 [JavaFX Application Thread] DEBUG PrimaryStageWindow   - Target settings size: 1000.0 x 600.0
19:55:56.047 [JavaFX Application Thread] DEBUG PrimaryStageWindow   - Scaled scene size:    1000.0 x 600.0
19:55:56.047 [JavaFX Application Thread] DEBUG PrimaryStageWindow   - Scaled ratio: (1.0, 1.0)
19:55:56.048 [JavaFX Application Thread] DEBUG PrimaryStageWindow   - Set initial scene to FXGLStartupScene
19:55:56.051 [JavaFX Application Thread] DEBUG PrimaryStageWindow   - Opening main window
19:55:56.122 [JavaFX Application Thread] DEBUG PrimaryStageWindow   - Window border size: (14.4000244140625, 37.5999755859375)
19:55:56.122 [JavaFX Application Thread] DEBUG PrimaryStageWindow   - Scaled size: 1000.0 x 600.0
19:55:56.122 [JavaFX Application Thread] DEBUG PrimaryStageWindow   - Scaled ratio: (1.0, 1.0)
19:55:56.123 [JavaFX Application Thread] DEBUG PrimaryStageWindow   - Scene size: 1000.0 x 600.0
19:55:56.123 [JavaFX Application Thread] DEBUG PrimaryStageWindow   - Stage size: 1014.4000244140625 x 637.5999755859375
19:55:56.130 [FXGL Background Thread 1 ] DEBUG Engine               - Initializing environment variables
19:55:56.181 [FXGL Background Thread 1 ] DEBUG FXGLAssetLoaderServi - User app class for loading assets: class com.Simulador.Restaurante.RestaurantSimulator
19:55:56.182 [FXGL Background Thread 1 ] DEBUG GameApplicationServi - Applying CSS: fxgl_dark.css
19:55:56.183 [FXGL Background Thread 1 ] DEBUG FXGLAssetLoaderServi - Loading from file system: jar:file:///C:/Users/Jose%20Alberto%20Morales/.m2/repository/com/github/almasb/fxgl/17.3/fxgl-17.3.jar!/fxglassets/ui/css/fxgl_dark.css
19:55:56.228 [FXGL Background Thread 1 ] DEBUG GameApplicationServi - Initializing application scenes
19:55:56.259 [FXGL Background Thread 1 ] DEBUG GameWorld            - Game world initialized
19:55:56.317 [FXGL Background Thread 1 ] DEBUG PhysicsWorld         - Physics world initialized: appHeight=600, physics.ppm=50.0
19:55:56.317 [FXGL Background Thread 1 ] DEBUG PhysicsWorld         - Using strategy: BRUTE_FORCE
19:55:56.321 [FXGL Background Thread 1 ] DEBUG GameScene            - Game scene initialized: 1000x600
19:55:56.330 [FXGL Background Thread 1 ] DEBUG FXGL.DefaultMenu     - createMenuBodyGameMenu()
19:55:56.340 [FXGL Background Thread 1 ] DEBUG FXGL.DefaultMenu     - createOptionsMenu()
19:55:56.348 [FXGL Background Thread 1 ] DEBUG FXGLAssetLoaderServi - Loading from file system: jar:file:///C:/Users/Jose%20Alberto%20Morales/.m2/repository/com/github/almasb/fxgl/17.3/fxgl-17.3.jar!/fxglassets/textures/particles/smoke.png
19:55:56.433 [FXGL Background Thread 1 ] DEBUG FXGLAssetLoaderServi - Loading from file system: jar:file:///C:/Users/Jose%20Alberto%20Morales/.m2/repository/com/github/almasb/fxgl/17.3/fxgl-17.3.jar!/fxglassets/textures/particles/trace_horizontal.png
19:55:56.473 [FXGL Background Thread 1 ] DEBUG GameApplicationServi - Application scenes initialized
19:55:56.484 [FXGL Background Thread 1 ] DEBUG SystemBundleService  - Loading FXGL system data
19:55:56.489 [FXGL Background Thread 1 ] DEBUG FileSystemAccess     - Reading from: C:\Users\Jose Alberto Morales\Documents\7to Cuatrimestre\Programacion concurrente\Restaurant\system\fxgl.bundle
19:55:56.498 [FXGL Background Thread 1 ] DEBUG SystemBundleService  - Bundle FXGL: {}
19:55:56.498 [FXGL Background Thread 1 ] DEBUG UpdaterService       - Checking for updates
19:55:56.502 [FXGL Background Thread 4 ] DEBUG FXGLApplication      - Loading fonts
19:55:56.502 [FXGL Background Thread 4 ] DEBUG FXGLAssetLoaderServi - Loading from file system: jar:file:///C:/Users/Jose%20Alberto%20Morales/.m2/repository/com/github/almasb/fxgl/17.3/fxgl-17.3.jar!/fxglassets/ui/fonts/VarelaRound-Regular.ttf
19:55:56.503 [FXGL Background Thread 1 ] DEBUG FXGLApplication      - Loading default localization
19:55:56.503 [FXGL Background Thread 1 ] DEBUG FXGLAssetLoaderServi - Loading from file system: jar:file:///C:/Users/Jose%20Alberto%20Morales/.m2/repository/com/github/almasb/fxgl/17.3/fxgl-17.3.jar!/fxglassets/languages/english.lang
19:55:56.522 [FXGL Background Thread 1 ] INFO  FXGLApplication      - FXGL initialization took: 0.391 sec
19:55:56.522 [JavaFX Application Thread] DEBUG FXGLAssetLoaderServi - Loading from file system: jar:file:///C:/Users/Jose%20Alberto%20Morales/.m2/repository/com/github/almasb/fxgl/17.3/fxgl-17.3.jar!/fxglassets/textures/fxgl_icon.png
19:55:56.535 [FXGL Background Thread 4 ] DEBUG FXGLAssetLoaderServi - Loading from file system: jar:file:///C:/Users/Jose%20Alberto%20Morales/.m2/repository/com/github/almasb/fxgl/17.3/fxgl-17.3.jar!/fxglassets/ui/fonts/Abel-Regular.ttf
19:55:56.539 [FXGL Background Thread 4 ] DEBUG FXGLAssetLoaderServi - Loading from file system: jar:file:///C:/Users/Jose%20Alberto%20Morales/.m2/repository/com/github/almasb/fxgl/17.3/fxgl-17.3.jar!/fxglassets/ui/fonts/TerminalLandMono-Regular.otf
19:55:56.544 [FXGL Background Thread 4 ] DEBUG FXGLAssetLoaderServi - Loading from file system: jar:file:///C:/Users/Jose%20Alberto%20Morales/.m2/repository/com/github/almasb/fxgl/17.3/fxgl-17.3.jar!/fxglassets/ui/fonts/Courier-Prime.ttf
19:55:56.550 [JavaFX Application Thread] DEBUG FXGLAssetLoaderServi - Loading from file system: jar:file:///C:/Users/Jose%20Alberto%20Morales/.m2/repository/com/github/almasb/fxgl/17.3/fxgl-17.3.jar!/fxglassets/textures/fxgl_default_cursor.png
19:55:56.559 [JavaFX Application Thread] DEBUG Input                - Registered new binding: Screenshot - CTRL+8
19:55:56.560 [JavaFX Application Thread] DEBUG Input                - Registered new binding: System info dump - CTRL+9
19:55:56.560 [JavaFX Application Thread] DEBUG Input                - Registered new binding: Restart - CTRL+R
19:55:56.561 [JavaFX Application Thread] DEBUG Input                - Registered new binding: Toggle Debug Camera - CTRL+7
19:55:56.563 [JavaFX Application Thread] DEBUG LoopRunner           - Starting loop
19:55:56.563 [JavaFX Application Thread] DEBUG LoopRunner           - Initializing JavaFX AnimationTimerLoop
19:55:56.564 [JavaFX Application Thread] DEBUG GameApplicationServi - Starting new game
19:55:56.565 [JavaFX Application Thread] DEBUG Input                - Clearing active input actions
19:55:56.576 [JavaFX Application Thread] DEBUG GameApplicationServi - Removing overlay from FXGLStartupScene and adding to FXGLLoadingScene
19:55:56.577 [JavaFX Application Thread] DEBUG PrimaryStageWindow   - FXGLStartupScene -> FXGLLoadingScene
19:55:56.577 [JavaFX Application Thread] DEBUG GameApplicationServi - Clearing previous game
19:55:56.577 [JavaFX Application Thread] DEBUG GameScene            - Clearing game scene
19:55:56.577 [JavaFX Application Thread] DEBUG GameWorld            - Clearing game world
19:55:56.577 [JavaFX Application Thread] DEBUG PhysicsWorld         - Clearing physics world
19:55:56.578 [FXGL Background Thread 4 ] DEBUG FXGLApplication      - Initializing game
19:55:56.578 [JavaFX Application Thread] DEBUG FXGLApplication      - Registering font factories with UI factory
19:55:56.630 [FXGL Background Thread 4 ] INFO  FXGLApplication      - Game initialization took: 0.052 sec
19:55:56.699 [JavaFX Application Thread] DEBUG Input                - Clearing active input actions
19:55:56.710 [JavaFX Application Thread] DEBUG GameApplicationServi - Removing overlay from FXGLLoadingScene and adding to GameScene
19:55:56.710 [JavaFX Application Thread] DEBUG PrimaryStageWindow   - FXGLLoadingScene -> GameScene
19:55:57.039 [FXGL Background Thread 2 ] INFO  UpdaterService       - Your current version:  17.3
19:55:57.039 [FXGL Background Thread 2 ] INFO  UpdaterService       - Latest stable version: 21.1
19:55:59.061 [JavaFX Application Thread] DEBUG FXGLApplication      - Exiting FXGL
19:55:59.061 [JavaFX Application Thread] DEBUG LoopRunner           - Stopping loop
19:55:59.061 [JavaFX Application Thread] DEBUG SystemBundleService  - Saving FXGL system data
19:55:59.065 [JavaFX Application Thread] DEBUG FileSystemAccess     - Writing to: C:\Users\Jose Alberto Morales\Documents\7to Cuatrimestre\Programacion concurrente\Restaurant\system\fxgl.bundle
19:55:59.071 [JavaFX Application Thread] DEBUG Async                - Shutting down background threads
19:55:59.071 [JavaFX Application Thread] DEBUG PrimaryStageWindow   - Closing main window
19:55:59.095 [JavaFX Application Thread] DEBUG Logger               - Closing Logger
