12:26:26.266 [main                     ] DEBUG Logger               - Configured Logger
12:26:26.291 [main                     ] DEBUG GameApplication      - Logging settings
Title: Simulador Restaurante
Version: 0.1
Width: 1300
Height: 600
Fullscreen: false
Intro: false
Profiling: false
Single step:false
App Mode: DEVELOPER
Menu Key: ESCAPE
Stage Style: DECORATED
Scene Factory: class com.Simulador.Restaurante.RestaurantSimulator$1

12:26:26.625 [JavaFX Application Thread] DEBUG FXGLApplication      - Initializing FXGL
12:26:26.628 [JavaFX Application Thread] INFO  Engine               - FXGL-17.3 (30.03.2023 11.49) on WINDOWS (J:21.0.5 FX:21)
12:26:26.629 [JavaFX Application Thread] DEBUG Engine               - JRE Vendor Name: Oracle Corporation
12:26:26.629 [JavaFX Application Thread] DEBUG Engine               - Running on OS: Windows 11 version 10.0
12:26:26.629 [JavaFX Application Thread] DEBUG Engine               - Architecture: amd64
12:26:26.629 [JavaFX Application Thread] INFO  Engine               - Source code and latest versions at: https://github.com/AlmasB/FXGL
12:26:26.629 [JavaFX Application Thread] INFO  Engine               -       Ask questions and discuss at: https://github.com/AlmasB/FXGL/discussions
12:26:26.629 [JavaFX Application Thread] INFO  Engine               -              Join the FXGL chat at: https://gitter.im/AlmasB/FXGL
12:26:26.705 [JavaFX Application Thread] DEBUG PrimaryStageWindow   - Creating a JavaFX scene
12:26:26.757 [JavaFX Application Thread] DEBUG PrimaryStageWindow   - Target settings size: 1300.0 x 600.0
12:26:26.757 [JavaFX Application Thread] DEBUG PrimaryStageWindow   - Scaled scene size:    1300.0 x 600.0
12:26:26.758 [JavaFX Application Thread] DEBUG PrimaryStageWindow   - Scaled ratio: (1.0, 1.0)
12:26:26.759 [JavaFX Application Thread] DEBUG PrimaryStageWindow   - Set initial scene to FXGLStartupScene
12:26:26.765 [JavaFX Application Thread] DEBUG PrimaryStageWindow   - Opening main window
12:26:26.838 [JavaFX Application Thread] DEBUG PrimaryStageWindow   - Window border size: (14.4000244140625, 37.5999755859375)
12:26:26.838 [JavaFX Application Thread] DEBUG PrimaryStageWindow   - Scaled size: 1300.0 x 600.0
12:26:26.838 [JavaFX Application Thread] DEBUG PrimaryStageWindow   - Scaled ratio: (1.0, 1.0)
12:26:26.838 [JavaFX Application Thread] DEBUG PrimaryStageWindow   - Scene size: 1300.0 x 600.0
12:26:26.839 [JavaFX Application Thread] DEBUG PrimaryStageWindow   - Stage size: 1314.4000244140625 x 637.5999755859375
12:26:26.847 [FXGL Background Thread 1 ] DEBUG Engine               - Initializing environment variables
12:26:26.902 [FXGL Background Thread 1 ] DEBUG FXGLAssetLoaderServi - User app class for loading assets: class com.Simulador.Restaurante.RestaurantSimulator
12:26:26.903 [FXGL Background Thread 1 ] DEBUG GameApplicationServi - Applying CSS: fxgl_dark.css
12:26:26.904 [FXGL Background Thread 1 ] DEBUG FXGLAssetLoaderServi - Loading from file system: jar:file:///C:/Users/Jose%20Alberto%20Morales/.m2/repository/com/github/almasb/fxgl/17.3/fxgl-17.3.jar!/fxglassets/ui/css/fxgl_dark.css
12:26:26.945 [FXGL Background Thread 1 ] DEBUG GameApplicationServi - Initializing application scenes
12:26:26.982 [FXGL Background Thread 1 ] DEBUG GameWorld            - Game world initialized
12:26:27.058 [FXGL Background Thread 1 ] DEBUG PhysicsWorld         - Physics world initialized: appHeight=600, physics.ppm=50.0
12:26:27.059 [FXGL Background Thread 1 ] DEBUG PhysicsWorld         - Using strategy: BRUTE_FORCE
12:26:27.063 [FXGL Background Thread 1 ] DEBUG GameScene            - Game scene initialized: 1300x600
12:26:27.111 [FXGL Background Thread 1 ] DEBUG FXGL.DefaultMenu     - createMenuBodyGameMenu()
12:26:27.116 [FXGL Background Thread 1 ] DEBUG FXGL.DefaultMenu     - createOptionsMenu()
12:26:27.122 [FXGL Background Thread 1 ] DEBUG FXGLAssetLoaderServi - Loading from file system: jar:file:///C:/Users/Jose%20Alberto%20Morales/.m2/repository/com/github/almasb/fxgl/17.3/fxgl-17.3.jar!/fxglassets/textures/particles/smoke.png
12:26:27.194 [FXGL Background Thread 1 ] DEBUG FXGLAssetLoaderServi - Loading from file system: jar:file:///C:/Users/Jose%20Alberto%20Morales/.m2/repository/com/github/almasb/fxgl/17.3/fxgl-17.3.jar!/fxglassets/textures/particles/trace_horizontal.png
12:26:27.219 [FXGL Background Thread 1 ] DEBUG GameApplicationServi - Application scenes initialized
12:26:27.228 [FXGL Background Thread 1 ] DEBUG SystemBundleService  - Loading FXGL system data
12:26:27.233 [FXGL Background Thread 1 ] DEBUG FileSystemAccess     - Reading from: C:\Users\Jose Alberto Morales\Documents\7to Cuatrimestre\Programacion concurrente\Restaurant\system\fxgl.bundle
12:26:27.243 [FXGL Background Thread 1 ] DEBUG SystemBundleService  - Bundle FXGL: {}
12:26:27.243 [FXGL Background Thread 1 ] DEBUG UpdaterService       - Checking for updates
12:26:27.248 [FXGL Background Thread 4 ] DEBUG FXGLApplication      - Loading fonts
12:26:27.249 [FXGL Background Thread 1 ] DEBUG FXGLApplication      - Loading default localization
12:26:27.249 [FXGL Background Thread 1 ] DEBUG FXGLAssetLoaderServi - Loading from file system: jar:file:///C:/Users/Jose%20Alberto%20Morales/.m2/repository/com/github/almasb/fxgl/17.3/fxgl-17.3.jar!/fxglassets/languages/english.lang
12:26:27.266 [FXGL Background Thread 1 ] INFO  FXGLApplication      - FXGL initialization took: 0.418 sec
12:26:27.267 [JavaFX Application Thread] DEBUG FXGLAssetLoaderServi - Loading from file system: jar:file:///C:/Users/Jose%20Alberto%20Morales/.m2/repository/com/github/almasb/fxgl/17.3/fxgl-17.3.jar!/fxglassets/textures/fxgl_icon.png
12:26:27.297 [JavaFX Application Thread] DEBUG FXGLAssetLoaderServi - Loading from file system: jar:file:///C:/Users/Jose%20Alberto%20Morales/.m2/repository/com/github/almasb/fxgl/17.3/fxgl-17.3.jar!/fxglassets/textures/fxgl_default_cursor.png
12:26:27.305 [FXGL Background Thread 4 ] DEBUG FXGLAssetLoaderServi - Loading from file system: jar:file:///C:/Users/Jose%20Alberto%20Morales/.m2/repository/com/github/almasb/fxgl/17.3/fxgl-17.3.jar!/fxglassets/ui/fonts/Abel-Regular.ttf
12:26:27.308 [JavaFX Application Thread] DEBUG Input                - Registered new binding: Screenshot - CTRL+8
12:26:27.309 [FXGL Background Thread 4 ] DEBUG FXGLAssetLoaderServi - Loading from file system: jar:file:///C:/Users/Jose%20Alberto%20Morales/.m2/repository/com/github/almasb/fxgl/17.3/fxgl-17.3.jar!/fxglassets/ui/fonts/TerminalLandMono-Regular.otf
12:26:27.309 [JavaFX Application Thread] DEBUG Input                - Registered new binding: System info dump - CTRL+9
12:26:27.310 [JavaFX Application Thread] DEBUG Input                - Registered new binding: Restart - CTRL+R
12:26:27.310 [JavaFX Application Thread] DEBUG Input                - Registered new binding: Toggle Debug Camera - CTRL+7
12:26:27.313 [JavaFX Application Thread] DEBUG LoopRunner           - Starting loop
12:26:27.313 [JavaFX Application Thread] DEBUG LoopRunner           - Initializing JavaFX AnimationTimerLoop
12:26:27.313 [FXGL Background Thread 4 ] DEBUG FXGLAssetLoaderServi - Loading from file system: jar:file:///C:/Users/Jose%20Alberto%20Morales/.m2/repository/com/github/almasb/fxgl/17.3/fxgl-17.3.jar!/fxglassets/ui/fonts/Courier-Prime.ttf
12:26:27.316 [JavaFX Application Thread] DEBUG Input                - Clearing active input actions
12:26:27.324 [JavaFX Application Thread] DEBUG GameApplicationServi - Removing overlay from FXGLStartupScene and adding to FXGLMainMenuDummyScene
12:26:27.325 [JavaFX Application Thread] DEBUG PrimaryStageWindow   - FXGLStartupScene -> FXGLMainMenuDummyScene
12:26:27.325 [JavaFX Application Thread] DEBUG PrimaryStageWindow   - Push state: MainMenu
12:26:27.325 [JavaFX Application Thread] DEBUG Input                - Clearing active input actions
12:26:27.333 [JavaFX Application Thread] DEBUG GameApplicationServi - Removing overlay from FXGLMainMenuDummyScene and adding to MainMenu
12:26:27.334 [JavaFX Application Thread] DEBUG PrimaryStageWindow   - FXGLMainMenuDummyScene -> MainMenu
12:26:27.395 [JavaFX Application Thread] DEBUG FXGLApplication      - Registering font factories with UI factory
12:26:27.873 [FXGL Background Thread 2 ] INFO  UpdaterService       - Your current version:  17.3
12:26:27.873 [FXGL Background Thread 2 ] INFO  UpdaterService       - Latest stable version: 21.1
12:26:30.246 [FXGL Background Thread 3 ] DEBUG Engine               - Logging environment variables
12:26:30.246 [FXGL Background Thread 3 ] DEBUG Engine               - achievements: []
12:26:30.246 [FXGL Background Thread 3 ] DEBUG Engine               - actualHeight: 600.0
12:26:30.246 [FXGL Background Thread 3 ] DEBUG Engine               - actualHeightProperty: ReadOnlyDoubleProperty [value: 600.0]
12:26:30.246 [FXGL Background Thread 3 ] DEBUG Engine               - actualWidth: 1300.0
12:26:30.246 [FXGL Background Thread 3 ] DEBUG Engine               - actualWidthProperty: ReadOnlyDoubleProperty [value: 1300.0]
12:26:30.246 [FXGL Background Thread 3 ] DEBUG Engine               - appIcon: fxgl_icon.png
12:26:30.246 [FXGL Background Thread 3 ] DEBUG Engine               - applicationMode: DEVELOPER
12:26:30.247 [FXGL Background Thread 3 ] DEBUG Engine               - cSSList: [fxgl_dark.css]
12:26:30.247 [FXGL Background Thread 3 ] DEBUG Engine               - collisionDetectionStrategy: BRUTE_FORCE
12:26:30.247 [FXGL Background Thread 3 ] DEBUG Engine               - configClass: Optional.empty
12:26:30.247 [FXGL Background Thread 3 ] DEBUG Engine               - credits: []
12:26:30.247 [FXGL Background Thread 3 ] DEBUG Engine               - defaultCursor: CursorInfo(imageName=fxgl_default_cursor.png, hotspotX=7.0, hotspotY=6.0)
12:26:30.247 [FXGL Background Thread 3 ] DEBUG Engine               - devBBoxColorProperty: ObjectProperty [value: 0xff0000ff]
12:26:30.247 [FXGL Background Thread 3 ] DEBUG Engine               - devEnableDebugCameraProperty: BooleanProperty [value: false]
12:26:30.247 [FXGL Background Thread 3 ] DEBUG Engine               - devSensorColorProperty: ObjectProperty [value: 0xffff00ff]
12:26:30.247 [FXGL Background Thread 3 ] DEBUG Engine               - devShowBBoxProperty: BooleanProperty [value: false]
12:26:30.247 [FXGL Background Thread 3 ] DEBUG Engine               - devShowPositionProperty: BooleanProperty [value: false]
12:26:30.247 [FXGL Background Thread 3 ] DEBUG Engine               - enabledMenuItems: []
12:26:30.247 [FXGL Background Thread 3 ] DEBUG Engine               - engineServices: [class com.almasb.fxgl.app.services.FXGLAssetLoaderService, class com.almasb.fxgl.app.FXGLApplication$GameApplicationService, class com.almasb.fxgl.app.services.FXGLDialogService, class com.almasb.fxgl.app.services.IOTaskExecutorService, class com.almasb.fxgl.io.FileSystemService, class com.almasb.fxgl.localization.LocalizationService, class com.almasb.fxgl.app.services.SystemBundleService, class com.almasb.fxgl.profile.SaveLoadService, class com.almasb.fxgl.ui.FXGLUIFactoryServiceProvider, class com.almasb.fxgl.ui.FXGLDialogFactoryServiceProvider, class com.almasb.fxgl.audio.AudioPlayer, class com.almasb.fxgl.notification.impl.NotificationServiceProvider, class com.almasb.fxgl.achievement.AchievementService, class com.almasb.fxgl.cutscene.CutsceneService, class com.almasb.fxgl.minigames.MiniGameService, class com.almasb.fxgl.net.NetService, class com.almasb.fxgl.app.services.UpdaterService, class com.almasb.fxgl.dev.DevService]
12:26:30.247 [FXGL Background Thread 3 ] DEBUG Engine               - fontGame: Abel-Regular.ttf
12:26:30.247 [FXGL Background Thread 3 ] DEBUG Engine               - fontMono: TerminalLandMono-Regular.otf
12:26:30.248 [FXGL Background Thread 3 ] DEBUG Engine               - fontSizeScaleUI: 1.0
12:26:30.248 [FXGL Background Thread 3 ] DEBUG Engine               - fontText: Courier-Prime.ttf
12:26:30.248 [FXGL Background Thread 3 ] DEBUG Engine               - fontUI: VarelaRound-Regular.ttf
12:26:30.248 [FXGL Background Thread 3 ] DEBUG Engine               - fullScreen: BooleanProperty [value: false]
12:26:30.248 [FXGL Background Thread 3 ] DEBUG Engine               - gameDifficulty: MEDIUM
12:26:30.248 [FXGL Background Thread 3 ] DEBUG Engine               - gameDifficultyProperty: ObjectProperty [value: MEDIUM]
12:26:30.248 [FXGL Background Thread 3 ] DEBUG Engine               - globalMusicVolume: 0.5
12:26:30.248 [FXGL Background Thread 3 ] DEBUG Engine               - globalMusicVolumeProperty: DoubleProperty [value: 0.5]
12:26:30.248 [FXGL Background Thread 3 ] DEBUG Engine               - globalSoundVolume: 0.5
12:26:30.248 [FXGL Background Thread 3 ] DEBUG Engine               - globalSoundVolumeProperty: DoubleProperty [value: 0.5]
12:26:30.248 [FXGL Background Thread 3 ] DEBUG Engine               - height: 600
12:26:30.248 [FXGL Background Thread 3 ] DEBUG Engine               - is3D: false
12:26:30.248 [FXGL Background Thread 3 ] DEBUG Engine               - isAndroid: false
12:26:30.248 [FXGL Background Thread 3 ] DEBUG Engine               - isBrowser: false
12:26:30.248 [FXGL Background Thread 3 ] DEBUG Engine               - isClickFeedbackEnabled: false
12:26:30.248 [FXGL Background Thread 3 ] DEBUG Engine               - isCloseConfirmation: false
12:26:30.248 [FXGL Background Thread 3 ] DEBUG Engine               - isDesktop: true
12:26:30.248 [FXGL Background Thread 3 ] DEBUG Engine               - isDeveloperMenuEnabled: false
12:26:30.249 [FXGL Background Thread 3 ] DEBUG Engine               - isEmbedded: false
12:26:30.249 [FXGL Background Thread 3 ] DEBUG Engine               - isEntityPreloadEnabled: true
12:26:30.249 [FXGL Background Thread 3 ] DEBUG Engine               - isExperimentalTiledLargeMap: false
12:26:30.249 [FXGL Background Thread 3 ] DEBUG Engine               - isFileSystemWriteAllowed: true
12:26:30.249 [FXGL Background Thread 3 ] DEBUG Engine               - isFullScreenAllowed: false
12:26:30.249 [FXGL Background Thread 3 ] DEBUG Engine               - isFullScreenFromStart: false
12:26:30.249 [FXGL Background Thread 3 ] DEBUG Engine               - isGameMenuEnabled: true
12:26:30.249 [FXGL Background Thread 3 ] DEBUG Engine               - isIOS: false
12:26:30.249 [FXGL Background Thread 3 ] DEBUG Engine               - isIntroEnabled: false
12:26:30.249 [FXGL Background Thread 3 ] DEBUG Engine               - isLinux: false
12:26:30.249 [FXGL Background Thread 3 ] DEBUG Engine               - isMac: false
12:26:30.249 [FXGL Background Thread 3 ] DEBUG Engine               - isMainMenuEnabled: true
12:26:30.249 [FXGL Background Thread 3 ] DEBUG Engine               - isManualResizeEnabled: false
12:26:30.249 [FXGL Background Thread 3 ] DEBUG Engine               - isMobile: false
12:26:30.249 [FXGL Background Thread 3 ] DEBUG Engine               - isNative: false
12:26:30.249 [FXGL Background Thread 3 ] DEBUG Engine               - isPauseMusicWhenMinimized: true
12:26:30.249 [FXGL Background Thread 3 ] DEBUG Engine               - isPreserveResizeRatio: false
12:26:30.249 [FXGL Background Thread 3 ] DEBUG Engine               - isProfilingEnabled: false
12:26:30.249 [FXGL Background Thread 3 ] DEBUG Engine               - isScaleAffectedOnResize: true
12:26:30.249 [FXGL Background Thread 3 ] DEBUG Engine               - isSingleStep: false
12:26:30.249 [FXGL Background Thread 3 ] DEBUG Engine               - isUserProfileEnabled: false
12:26:30.249 [FXGL Background Thread 3 ] DEBUG Engine               - isWindows: true
12:26:30.250 [FXGL Background Thread 3 ] DEBUG Engine               - language: ObjectProperty [value: ENGLISH]
12:26:30.250 [FXGL Background Thread 3 ] DEBUG Engine               - menuKey: ESCAPE
12:26:30.250 [FXGL Background Thread 3 ] DEBUG Engine               - mouseSensitivity: 0.2
12:26:30.250 [FXGL Background Thread 3 ] DEBUG Engine               - notificationViewClass: class com.almasb.fxgl.notification.view.XboxNotificationView
12:26:30.250 [FXGL Background Thread 3 ] DEBUG Engine               - pixelsPerMeter: 50.0
12:26:30.250 [FXGL Background Thread 3 ] DEBUG Engine               - platform: WINDOWS
12:26:30.250 [FXGL Background Thread 3 ] DEBUG Engine               - prefHeightProperty: ReadOnlyDoubleProperty [value: 600.0]
12:26:30.250 [FXGL Background Thread 3 ] DEBUG Engine               - prefWidthProperty: ReadOnlyDoubleProperty [value: 1300.0]
12:26:30.250 [FXGL Background Thread 3 ] DEBUG Engine               - profileDir: profiles/
12:26:30.250 [FXGL Background Thread 3 ] DEBUG Engine               - profileName: StringProperty [value: DEFAULT]
12:26:30.250 [FXGL Background Thread 3 ] DEBUG Engine               - randomSeed: -1
12:26:30.250 [FXGL Background Thread 3 ] DEBUG Engine               - runtimeInfo: RuntimeInfo(platform=WINDOWS, version=17.3, build=30.03.2023 11.49)
12:26:30.250 [FXGL Background Thread 3 ] DEBUG Engine               - saveFileExt: sav
12:26:30.250 [FXGL Background Thread 3 ] DEBUG Engine               - scaledHeightProp$fxgl: DoubleProperty [bound, value: 600.0]
12:26:30.250 [FXGL Background Thread 3 ] DEBUG Engine               - scaledWidthProp$fxgl: DoubleProperty [bound, value: 1300.0]
12:26:30.250 [FXGL Background Thread 3 ] DEBUG Engine               - sceneFactory: com.Simulador.Restaurante.RestaurantSimulator$1@4a442d9e
12:26:30.250 [FXGL Background Thread 3 ] DEBUG Engine               - secondsIn24h: 60
12:26:30.251 [FXGL Background Thread 3 ] DEBUG Engine               - soundMenuBack: menu/back.wav
12:26:30.251 [FXGL Background Thread 3 ] DEBUG Engine               - soundMenuPress: menu/press.wav
12:26:30.251 [FXGL Background Thread 3 ] DEBUG Engine               - soundMenuSelect: menu/select.wav
12:26:30.251 [FXGL Background Thread 3 ] DEBUG Engine               - soundNotification: core/notification.wav
12:26:30.251 [FXGL Background Thread 3 ] DEBUG Engine               - stageStyle: DECORATED
12:26:30.251 [FXGL Background Thread 3 ] DEBUG Engine               - supportedLanguages: [ENGLISH, FRENCH, GERMAN, HUNGARIAN, RUSSIAN]
12:26:30.251 [FXGL Background Thread 3 ] DEBUG Engine               - ticksPerSecond: -1
12:26:30.251 [FXGL Background Thread 3 ] DEBUG Engine               - title: Simulador Restaurante
12:26:30.251 [FXGL Background Thread 3 ] DEBUG Engine               - urlGithub: https://github.com/AlmasB/FXGL
12:26:30.251 [FXGL Background Thread 3 ] DEBUG Engine               - urlLeaderboard: http://fxgl-top.herokuapp.com/
12:26:30.251 [FXGL Background Thread 3 ] DEBUG Engine               - urlPOM: https://raw.githubusercontent.com/AlmasB/FXGL/release/README.md
12:26:30.251 [FXGL Background Thread 3 ] DEBUG Engine               - userAppClass: class com.Simulador.Restaurante.RestaurantSimulator
12:26:30.251 [FXGL Background Thread 3 ] DEBUG Engine               - version: 0.1
12:26:30.251 [FXGL Background Thread 3 ] DEBUG Engine               - versionCheckDays: 7
12:26:30.251 [FXGL Background Thread 3 ] DEBUG Engine               - width: 1300
12:26:30.251 [FXGL Background Thread 3 ] DEBUG Engine               - Logging services
12:26:30.251 [FXGL Background Thread 3 ] DEBUG Engine               - class com.almasb.fxgl.app.services.FXGLAssetLoaderService
12:26:30.251 [FXGL Background Thread 3 ] DEBUG Engine               - class com.almasb.fxgl.app.FXGLApplication$GameApplicationService
12:26:30.251 [FXGL Background Thread 3 ] DEBUG Engine               - class com.almasb.fxgl.app.services.FXGLDialogService
12:26:30.251 [FXGL Background Thread 3 ] DEBUG Engine               - class com.almasb.fxgl.app.services.IOTaskExecutorService
12:26:30.251 [FXGL Background Thread 3 ] DEBUG Engine               - class com.almasb.fxgl.io.FileSystemService
12:26:30.251 [FXGL Background Thread 3 ] DEBUG Engine               - class com.almasb.fxgl.localization.LocalizationService
12:26:30.251 [FXGL Background Thread 3 ] DEBUG Engine               - class com.almasb.fxgl.app.services.SystemBundleService
12:26:30.251 [FXGL Background Thread 3 ] DEBUG Engine               - class com.almasb.fxgl.profile.SaveLoadService
12:26:30.251 [FXGL Background Thread 3 ] DEBUG Engine               - class com.almasb.fxgl.ui.FXGLUIFactoryServiceProvider
12:26:30.252 [FXGL Background Thread 3 ] DEBUG Engine               - class com.almasb.fxgl.ui.FXGLDialogFactoryServiceProvider
12:26:30.252 [FXGL Background Thread 3 ] DEBUG Engine               - class com.almasb.fxgl.audio.AudioPlayer
12:26:30.252 [FXGL Background Thread 3 ] DEBUG Engine               - class com.almasb.fxgl.notification.impl.NotificationServiceProvider
12:26:30.252 [FXGL Background Thread 3 ] DEBUG Engine               - class com.almasb.fxgl.achievement.AchievementService
12:26:30.252 [FXGL Background Thread 3 ] DEBUG Engine               - class com.almasb.fxgl.cutscene.CutsceneService
12:26:30.252 [FXGL Background Thread 3 ] DEBUG Engine               - class com.almasb.fxgl.minigames.MiniGameService
12:26:30.252 [FXGL Background Thread 3 ] DEBUG Engine               - class com.almasb.fxgl.net.NetService
12:26:30.252 [FXGL Background Thread 3 ] DEBUG Engine               - class com.almasb.fxgl.app.services.UpdaterService
12:26:30.252 [FXGL Background Thread 3 ] DEBUG Engine               - class com.almasb.fxgl.dev.DevService
12:26:31.957 [JavaFX Application Thread] DEBUG FXGLApplication      - Exiting FXGL
12:26:31.957 [JavaFX Application Thread] DEBUG LoopRunner           - Stopping loop
12:26:31.957 [JavaFX Application Thread] DEBUG SystemBundleService  - Saving FXGL system data
12:26:31.960 [JavaFX Application Thread] DEBUG FileSystemAccess     - Writing to: C:\Users\Jose Alberto Morales\Documents\7to Cuatrimestre\Programacion concurrente\Restaurant\system\fxgl.bundle
12:26:31.962 [JavaFX Application Thread] DEBUG Async                - Shutting down background threads
12:26:31.962 [JavaFX Application Thread] DEBUG PrimaryStageWindow   - Closing main window
12:26:31.978 [JavaFX Application Thread] DEBUG Logger               - Closing Logger
