21:29:31.376 [main                     ] DEBUG Logger               - Configured Logger
21:29:31.404 [main                     ] DEBUG GameApplication      - Logging settings
Title: Simulador de Restaurante
Version: 1.0
Width: 1400
Height: 700
Fullscreen: false
Intro: false
Profiling: false
Single step:false
App Mode: DEVELOPER
Menu Key: ESCAPE
Stage Style: DECORATED
Scene Factory: class com.almasb.fxgl.app.scene.SceneFactory

21:29:31.743 [JavaFX Application Thread] DEBUG FXGLApplication      - Initializing FXGL
21:29:31.748 [JavaFX Application Thread] INFO  Engine               - FXGL-17.3 (30.03.2023 11.49) on WINDOWS (J:21.0.5 FX:21)
21:29:31.748 [JavaFX Application Thread] DEBUG Engine               - JRE Vendor Name: Oracle Corporation
21:29:31.748 [JavaFX Application Thread] DEBUG Engine               - Running on OS: Windows 11 version 10.0
21:29:31.748 [JavaFX Application Thread] DEBUG Engine               - Architecture: amd64
21:29:31.748 [JavaFX Application Thread] INFO  Engine               - Source code and latest versions at: https://github.com/AlmasB/FXGL
21:29:31.749 [JavaFX Application Thread] INFO  Engine               -       Ask questions and discuss at: https://github.com/AlmasB/FXGL/discussions
21:29:31.749 [JavaFX Application Thread] INFO  Engine               -              Join the FXGL chat at: https://gitter.im/AlmasB/FXGL
21:29:31.822 [JavaFX Application Thread] DEBUG PrimaryStageWindow   - Creating a JavaFX scene
21:29:31.865 [JavaFX Application Thread] DEBUG PrimaryStageWindow   - Target settings size: 1400.0 x 700.0
21:29:31.865 [JavaFX Application Thread] DEBUG PrimaryStageWindow   - Scaled scene size:    1400.0 x 700.0
21:29:31.865 [JavaFX Application Thread] DEBUG PrimaryStageWindow   - Scaled ratio: (1.0, 1.0)
21:29:31.867 [JavaFX Application Thread] DEBUG PrimaryStageWindow   - Set initial scene to FXGLStartupScene
21:29:31.870 [JavaFX Application Thread] DEBUG PrimaryStageWindow   - Opening main window
21:29:31.946 [JavaFX Application Thread] DEBUG PrimaryStageWindow   - Window border size: (14.4000244140625, 37.5999755859375)
21:29:31.946 [JavaFX Application Thread] DEBUG PrimaryStageWindow   - Scaled size: 1400.0 x 700.0
21:29:31.946 [JavaFX Application Thread] DEBUG PrimaryStageWindow   - Scaled ratio: (1.0, 1.0)
21:29:31.948 [JavaFX Application Thread] DEBUG PrimaryStageWindow   - Scene size: 1400.0 x 700.0
21:29:31.948 [JavaFX Application Thread] DEBUG PrimaryStageWindow   - Stage size: 1414.4000244140625 x 737.5999755859375
21:29:31.956 [FXGL Background Thread 1 ] DEBUG Engine               - Initializing environment variables
21:29:32.013 [FXGL Background Thread 1 ] DEBUG FXGLAssetLoaderServi - User app class for loading assets: class com.Simulador.Restaurante.RestaurantSimulator
21:29:32.013 [FXGL Background Thread 1 ] DEBUG GameApplicationServi - Applying CSS: fxgl_dark.css
21:29:32.014 [FXGL Background Thread 1 ] DEBUG FXGLAssetLoaderServi - Loading from file system: jar:file:///C:/Users/Jose%20Alberto%20Morales/.m2/repository/com/github/almasb/fxgl/17.3/fxgl-17.3.jar!/fxglassets/ui/css/fxgl_dark.css
21:29:32.062 [FXGL Background Thread 1 ] DEBUG GameApplicationServi - Initializing application scenes
21:29:32.105 [FXGL Background Thread 1 ] DEBUG GameWorld            - Game world initialized
21:29:32.168 [FXGL Background Thread 1 ] DEBUG PhysicsWorld         - Physics world initialized: appHeight=700, physics.ppm=50.0
21:29:32.168 [FXGL Background Thread 1 ] DEBUG PhysicsWorld         - Using strategy: BRUTE_FORCE
21:29:32.171 [FXGL Background Thread 1 ] DEBUG GameScene            - Game scene initialized: 1400x700
21:29:32.182 [FXGL Background Thread 1 ] DEBUG FXGL.DefaultMenu     - createMenuBodyGameMenu()
21:29:32.192 [FXGL Background Thread 1 ] DEBUG FXGL.DefaultMenu     - createOptionsMenu()
21:29:32.200 [FXGL Background Thread 1 ] DEBUG FXGLAssetLoaderServi - Loading from file system: jar:file:///C:/Users/Jose%20Alberto%20Morales/.m2/repository/com/github/almasb/fxgl/17.3/fxgl-17.3.jar!/fxglassets/textures/particles/smoke.png
21:29:32.293 [FXGL Background Thread 1 ] DEBUG FXGLAssetLoaderServi - Loading from file system: jar:file:///C:/Users/Jose%20Alberto%20Morales/.m2/repository/com/github/almasb/fxgl/17.3/fxgl-17.3.jar!/fxglassets/textures/particles/trace_horizontal.png
21:29:32.328 [FXGL Background Thread 1 ] DEBUG GameApplicationServi - Application scenes initialized
21:29:32.341 [FXGL Background Thread 1 ] DEBUG SystemBundleService  - Loading FXGL system data
21:29:32.345 [FXGL Background Thread 1 ] DEBUG FileSystemAccess     - Reading from: C:\Users\Jose Alberto Morales\Documents\7to Cuatrimestre\Programacion concurrente\Restaurant\system\fxgl.bundle
21:29:32.355 [FXGL Background Thread 1 ] DEBUG SystemBundleService  - Bundle FXGL: {}
21:29:32.355 [FXGL Background Thread 1 ] DEBUG UpdaterService       - Checking for updates
21:29:32.359 [FXGL Background Thread 4 ] DEBUG FXGLApplication      - Loading fonts
21:29:32.359 [FXGL Background Thread 1 ] DEBUG FXGLApplication      - Loading default localization
21:29:32.359 [FXGL Background Thread 4 ] DEBUG FXGLAssetLoaderServi - Loading from file system: jar:file:///C:/Users/Jose%20Alberto%20Morales/.m2/repository/com/github/almasb/fxgl/17.3/fxgl-17.3.jar!/fxglassets/ui/fonts/VarelaRound-Regular.ttf
21:29:32.360 [FXGL Background Thread 1 ] DEBUG FXGLAssetLoaderServi - Loading from file system: jar:file:///C:/Users/Jose%20Alberto%20Morales/.m2/repository/com/github/almasb/fxgl/17.3/fxgl-17.3.jar!/fxglassets/languages/english.lang
21:29:32.396 [FXGL Background Thread 4 ] DEBUG FXGLAssetLoaderServi - Loading from file system: jar:file:///C:/Users/Jose%20Alberto%20Morales/.m2/repository/com/github/almasb/fxgl/17.3/fxgl-17.3.jar!/fxglassets/ui/fonts/Abel-Regular.ttf
21:29:32.396 [FXGL Background Thread 1 ] INFO  FXGLApplication      - FXGL initialization took: 0.441 sec
21:29:32.397 [JavaFX Application Thread] DEBUG FXGLAssetLoaderServi - Loading from file system: jar:file:///C:/Users/Jose%20Alberto%20Morales/.m2/repository/com/github/almasb/fxgl/17.3/fxgl-17.3.jar!/fxglassets/textures/fxgl_icon.png
21:29:32.404 [FXGL Background Thread 4 ] DEBUG FXGLAssetLoaderServi - Loading from file system: jar:file:///C:/Users/Jose%20Alberto%20Morales/.m2/repository/com/github/almasb/fxgl/17.3/fxgl-17.3.jar!/fxglassets/ui/fonts/TerminalLandMono-Regular.otf
21:29:32.410 [FXGL Background Thread 4 ] DEBUG FXGLAssetLoaderServi - Loading from file system: jar:file:///C:/Users/Jose%20Alberto%20Morales/.m2/repository/com/github/almasb/fxgl/17.3/fxgl-17.3.jar!/fxglassets/ui/fonts/Courier-Prime.ttf
21:29:32.424 [JavaFX Application Thread] DEBUG FXGLAssetLoaderServi - Loading from file system: jar:file:///C:/Users/Jose%20Alberto%20Morales/.m2/repository/com/github/almasb/fxgl/17.3/fxgl-17.3.jar!/fxglassets/textures/fxgl_default_cursor.png
21:29:32.446 [JavaFX Application Thread] DEBUG Input                - Registered new binding: Screenshot - CTRL+8
21:29:32.447 [JavaFX Application Thread] DEBUG Input                - Registered new binding: System info dump - CTRL+9
21:29:32.447 [JavaFX Application Thread] DEBUG Input                - Registered new binding: Restart - CTRL+R
21:29:32.448 [JavaFX Application Thread] DEBUG Input                - Registered new binding: Toggle Debug Camera - CTRL+7
21:29:32.451 [JavaFX Application Thread] DEBUG LoopRunner           - Starting loop
21:29:32.452 [JavaFX Application Thread] DEBUG LoopRunner           - Initializing JavaFX AnimationTimerLoop
21:29:32.453 [JavaFX Application Thread] DEBUG GameApplicationServi - Starting new game
21:29:32.454 [JavaFX Application Thread] DEBUG Input                - Clearing active input actions
21:29:32.469 [JavaFX Application Thread] DEBUG GameApplicationServi - Removing overlay from FXGLStartupScene and adding to FXGLLoadingScene
21:29:32.469 [JavaFX Application Thread] DEBUG PrimaryStageWindow   - FXGLStartupScene -> FXGLLoadingScene
21:29:32.469 [JavaFX Application Thread] DEBUG GameApplicationServi - Clearing previous game
21:29:32.469 [JavaFX Application Thread] DEBUG GameScene            - Clearing game scene
21:29:32.470 [JavaFX Application Thread] DEBUG GameWorld            - Clearing game world
21:29:32.470 [JavaFX Application Thread] DEBUG PhysicsWorld         - Clearing physics world
21:29:32.471 [FXGL Background Thread 4 ] DEBUG FXGLApplication      - Initializing game
21:29:32.472 [JavaFX Application Thread] DEBUG FXGLApplication      - Registering font factories with UI factory
21:29:32.501 [FXGL Background Thread 4 ] WARN  FXGLAssetLoaderServi - Asset "/assets/textures/background.png" was not found!
21:29:32.501 [FXGL Background Thread 4 ] WARN  FXGLAssetLoaderServi - Failed to load RESIZABLE_IMAGE
21:29:32.608 [FXGL Background Thread 4 ] WARN  FXGLAssetLoaderServi - Asset "/assets/textures/background.png" was not found!
21:29:32.608 [FXGL Background Thread 4 ] WARN  FXGLAssetLoaderServi - Failed to load RESIZABLE_IMAGE
21:29:32.608 [FXGL Background Thread 4 ] WARN  FXGLAssetLoaderServi - Asset "/assets/textures/background.png" was not found!
21:29:32.609 [FXGL Background Thread 4 ] WARN  FXGLAssetLoaderServi - Failed to load RESIZABLE_IMAGE
21:29:32.630 [FXGL Background Thread 4 ] WARN  FXGLAssetLoaderServi - Asset "/assets/textures/background.png]" was not found!
21:29:32.630 [FXGL Background Thread 4 ] WARN  FXGLAssetLoaderServi - Failed to load IMAGE
21:29:32.636 [FXGL Background Thread 4 ] INFO  FXGLApplication      - Game initialization took: 0.164 sec
21:29:32.695 [JavaFX Application Thread] DEBUG Input                - Clearing active input actions
21:29:32.715 [JavaFX Application Thread] DEBUG GameApplicationServi - Removing overlay from FXGLLoadingScene and adding to GameScene
21:29:32.715 [JavaFX Application Thread] DEBUG PrimaryStageWindow   - FXGLLoadingScene -> GameScene
21:29:33.073 [FXGL Background Thread 2 ] INFO  UpdaterService       - Your current version:  17.3
21:29:33.073 [FXGL Background Thread 2 ] INFO  UpdaterService       - Latest stable version: 21.1
21:29:35.281 [JavaFX Application Thread] DEBUG FXGLApplication      - Exiting FXGL
21:29:35.281 [JavaFX Application Thread] DEBUG LoopRunner           - Stopping loop
21:29:35.281 [JavaFX Application Thread] DEBUG SystemBundleService  - Saving FXGL system data
21:29:35.283 [JavaFX Application Thread] DEBUG FileSystemAccess     - Writing to: C:\Users\Jose Alberto Morales\Documents\7to Cuatrimestre\Programacion concurrente\Restaurant\system\fxgl.bundle
21:29:35.284 [JavaFX Application Thread] DEBUG Async                - Shutting down background threads
21:29:35.284 [JavaFX Application Thread] DEBUG PrimaryStageWindow   - Closing main window
21:29:35.302 [JavaFX Application Thread] DEBUG Logger               - Closing Logger
