19:56:04.696 [main                     ] DEBUG Logger               - Configured Logger
19:56:04.806 [main                     ] DEBUG GameApplication      - Logging settings
Title: Simulador Restaurante
Version: 0.1
Width: 1300
Height: 600
Fullscreen: false
Intro: false
Profiling: false
Single step:false
App Mode: DEVELOPER
Menu Key: ESCAPE
Stage Style: DECORATED
Scene Factory: class com.Simulador.Restaurante.RestaurantSimulator$1

19:56:05.311 [JavaFX Application Thread] DEBUG FXGLApplication      - Initializing FXGL
19:56:05.315 [JavaFX Application Thread] INFO  Engine               - FXGL-17.3 (30.03.2023 11.49) on WINDOWS (J:21.0.5 FX:21)
19:56:05.316 [JavaFX Application Thread] DEBUG Engine               - JRE Vendor Name: Oracle Corporation
19:56:05.316 [JavaFX Application Thread] DEBUG Engine               - Running on OS: Windows 11 version 10.0
19:56:05.316 [JavaFX Application Thread] DEBUG Engine               - Architecture: amd64
19:56:05.317 [JavaFX Application Thread] INFO  Engine               - Source code and latest versions at: https://github.com/AlmasB/FXGL
19:56:05.317 [JavaFX Application Thread] INFO  Engine               -       Ask questions and discuss at: https://github.com/AlmasB/FXGL/discussions
19:56:05.317 [JavaFX Application Thread] INFO  Engine               -              Join the FXGL chat at: https://gitter.im/AlmasB/FXGL
19:56:05.426 [JavaFX Application Thread] DEBUG PrimaryStageWindow   - Creating a JavaFX scene
19:56:05.483 [JavaFX Application Thread] DEBUG PrimaryStageWindow   - Target settings size: 1300.0 x 600.0
19:56:05.483 [JavaFX Application Thread] DEBUG PrimaryStageWindow   - Scaled scene size:    1300.0 x 600.0
19:56:05.483 [JavaFX Application Thread] DEBUG PrimaryStageWindow   - Scaled ratio: (1.0, 1.0)
19:56:05.484 [JavaFX Application Thread] DEBUG PrimaryStageWindow   - Set initial scene to FXGLStartupScene
19:56:05.487 [JavaFX Application Thread] DEBUG PrimaryStageWindow   - Opening main window
19:56:05.571 [JavaFX Application Thread] DEBUG PrimaryStageWindow   - Window border size: (14.4000244140625, 37.5999755859375)
19:56:05.571 [JavaFX Application Thread] DEBUG PrimaryStageWindow   - Scaled size: 1300.0 x 600.0
19:56:05.572 [JavaFX Application Thread] DEBUG PrimaryStageWindow   - Scaled ratio: (1.0, 1.0)
19:56:05.572 [JavaFX Application Thread] DEBUG PrimaryStageWindow   - Scene size: 1300.0 x 600.0
19:56:05.572 [JavaFX Application Thread] DEBUG PrimaryStageWindow   - Stage size: 1314.4000244140625 x 637.5999755859375
19:56:05.584 [FXGL Background Thread 1 ] DEBUG Engine               - Initializing environment variables
19:56:05.651 [FXGL Background Thread 1 ] DEBUG FXGLAssetLoaderServi - User app class for loading assets: class com.Simulador.Restaurante.RestaurantSimulator
19:56:05.651 [FXGL Background Thread 1 ] DEBUG GameApplicationServi - Applying CSS: fxgl_dark.css
19:56:05.652 [FXGL Background Thread 1 ] DEBUG FXGLAssetLoaderServi - Loading from file system: jar:file:///C:/Users/Jose%20Alberto%20Morales/.m2/repository/com/github/almasb/fxgl/17.3/fxgl-17.3.jar!/fxglassets/ui/css/fxgl_dark.css
19:56:05.708 [FXGL Background Thread 1 ] DEBUG GameApplicationServi - Initializing application scenes
19:56:05.755 [FXGL Background Thread 1 ] DEBUG GameWorld            - Game world initialized
19:56:05.829 [FXGL Background Thread 1 ] DEBUG PhysicsWorld         - Physics world initialized: appHeight=600, physics.ppm=50.0
19:56:05.829 [FXGL Background Thread 1 ] DEBUG PhysicsWorld         - Using strategy: BRUTE_FORCE
19:56:05.832 [FXGL Background Thread 1 ] DEBUG GameScene            - Game scene initialized: 1300x600
19:56:05.884 [FXGL Background Thread 1 ] DEBUG FXGL.DefaultMenu     - createMenuBodyGameMenu()
19:56:05.891 [FXGL Background Thread 1 ] DEBUG FXGL.DefaultMenu     - createOptionsMenu()
19:56:05.899 [FXGL Background Thread 1 ] DEBUG FXGLAssetLoaderServi - Loading from file system: jar:file:///C:/Users/Jose%20Alberto%20Morales/.m2/repository/com/github/almasb/fxgl/17.3/fxgl-17.3.jar!/fxglassets/textures/particles/smoke.png
19:56:05.995 [FXGL Background Thread 1 ] DEBUG FXGLAssetLoaderServi - Loading from file system: jar:file:///C:/Users/Jose%20Alberto%20Morales/.m2/repository/com/github/almasb/fxgl/17.3/fxgl-17.3.jar!/fxglassets/textures/particles/trace_horizontal.png
19:56:06.022 [FXGL Background Thread 1 ] DEBUG GameApplicationServi - Application scenes initialized
19:56:06.033 [FXGL Background Thread 1 ] DEBUG SystemBundleService  - Loading FXGL system data
19:56:06.039 [FXGL Background Thread 1 ] DEBUG FileSystemAccess     - Reading from: C:\Users\Jose Alberto Morales\Documents\7to Cuatrimestre\Programacion concurrente\Restaurant\system\fxgl.bundle
19:56:06.052 [FXGL Background Thread 1 ] DEBUG SystemBundleService  - Bundle FXGL: {}
19:56:06.052 [FXGL Background Thread 1 ] DEBUG UpdaterService       - Checking for updates
19:56:06.056 [FXGL Background Thread 4 ] DEBUG FXGLApplication      - Loading fonts
19:56:06.056 [FXGL Background Thread 1 ] DEBUG FXGLApplication      - Loading default localization
19:56:06.056 [FXGL Background Thread 4 ] DEBUG FXGLAssetLoaderServi - Loading from file system: jar:file:///C:/Users/Jose%20Alberto%20Morales/.m2/repository/com/github/almasb/fxgl/17.3/fxgl-17.3.jar!/fxglassets/ui/fonts/VarelaRound-Regular.ttf
19:56:06.057 [FXGL Background Thread 1 ] DEBUG FXGLAssetLoaderServi - Loading from file system: jar:file:///C:/Users/Jose%20Alberto%20Morales/.m2/repository/com/github/almasb/fxgl/17.3/fxgl-17.3.jar!/fxglassets/languages/english.lang
19:56:06.080 [FXGL Background Thread 1 ] INFO  FXGLApplication      - FXGL initialization took: 0.497 sec
19:56:06.081 [JavaFX Application Thread] DEBUG FXGLAssetLoaderServi - Loading from file system: jar:file:///C:/Users/Jose%20Alberto%20Morales/.m2/repository/com/github/almasb/fxgl/17.3/fxgl-17.3.jar!/fxglassets/textures/fxgl_icon.png
19:56:06.088 [FXGL Background Thread 4 ] DEBUG FXGLAssetLoaderServi - Loading from file system: jar:file:///C:/Users/Jose%20Alberto%20Morales/.m2/repository/com/github/almasb/fxgl/17.3/fxgl-17.3.jar!/fxglassets/ui/fonts/Abel-Regular.ttf
19:56:06.092 [FXGL Background Thread 4 ] DEBUG FXGLAssetLoaderServi - Loading from file system: jar:file:///C:/Users/Jose%20Alberto%20Morales/.m2/repository/com/github/almasb/fxgl/17.3/fxgl-17.3.jar!/fxglassets/ui/fonts/TerminalLandMono-Regular.otf
19:56:06.097 [FXGL Background Thread 4 ] DEBUG FXGLAssetLoaderServi - Loading from file system: jar:file:///C:/Users/Jose%20Alberto%20Morales/.m2/repository/com/github/almasb/fxgl/17.3/fxgl-17.3.jar!/fxglassets/ui/fonts/Courier-Prime.ttf
19:56:06.099 [JavaFX Application Thread] DEBUG FXGLAssetLoaderServi - Loading from file system: jar:file:///C:/Users/Jose%20Alberto%20Morales/.m2/repository/com/github/almasb/fxgl/17.3/fxgl-17.3.jar!/fxglassets/textures/fxgl_default_cursor.png
19:56:06.113 [JavaFX Application Thread] DEBUG Input                - Registered new binding: Screenshot - CTRL+8
19:56:06.114 [JavaFX Application Thread] DEBUG Input                - Registered new binding: System info dump - CTRL+9
19:56:06.114 [JavaFX Application Thread] DEBUG Input                - Registered new binding: Restart - CTRL+R
19:56:06.115 [JavaFX Application Thread] DEBUG Input                - Registered new binding: Toggle Debug Camera - CTRL+7
19:56:06.118 [JavaFX Application Thread] DEBUG LoopRunner           - Starting loop
19:56:06.118 [JavaFX Application Thread] DEBUG LoopRunner           - Initializing JavaFX AnimationTimerLoop
19:56:06.120 [JavaFX Application Thread] DEBUG Input                - Clearing active input actions
19:56:06.130 [JavaFX Application Thread] DEBUG GameApplicationServi - Removing overlay from FXGLStartupScene and adding to FXGLMainMenuDummyScene
19:56:06.130 [JavaFX Application Thread] DEBUG PrimaryStageWindow   - FXGLStartupScene -> FXGLMainMenuDummyScene
19:56:06.130 [JavaFX Application Thread] DEBUG PrimaryStageWindow   - Push state: MainMenu
19:56:06.130 [JavaFX Application Thread] DEBUG Input                - Clearing active input actions
19:56:06.139 [JavaFX Application Thread] DEBUG GameApplicationServi - Removing overlay from FXGLMainMenuDummyScene and adding to MainMenu
19:56:06.140 [JavaFX Application Thread] DEBUG PrimaryStageWindow   - FXGLMainMenuDummyScene -> MainMenu
19:56:06.143 [JavaFX Application Thread] DEBUG FXGLApplication      - Registering font factories with UI factory
19:56:06.979 [FXGL Background Thread 2 ] INFO  UpdaterService       - Your current version:  17.3
19:56:06.980 [FXGL Background Thread 2 ] INFO  UpdaterService       - Latest stable version: 21.1
19:56:09.055 [FXGL Background Thread 3 ] DEBUG Engine               - Logging environment variables
19:56:09.057 [FXGL Background Thread 3 ] DEBUG Engine               - achievements: []
19:56:09.057 [FXGL Background Thread 3 ] DEBUG Engine               - actualHeight: 600.0
19:56:09.057 [FXGL Background Thread 3 ] DEBUG Engine               - actualHeightProperty: ReadOnlyDoubleProperty [value: 600.0]
19:56:09.057 [FXGL Background Thread 3 ] DEBUG Engine               - actualWidth: 1300.0
19:56:09.058 [FXGL Background Thread 3 ] DEBUG Engine               - actualWidthProperty: ReadOnlyDoubleProperty [value: 1300.0]
19:56:09.058 [FXGL Background Thread 3 ] DEBUG Engine               - appIcon: fxgl_icon.png
19:56:09.058 [FXGL Background Thread 3 ] DEBUG Engine               - applicationMode: DEVELOPER
19:56:09.058 [FXGL Background Thread 3 ] DEBUG Engine               - cSSList: [fxgl_dark.css]
19:56:09.058 [FXGL Background Thread 3 ] DEBUG Engine               - collisionDetectionStrategy: BRUTE_FORCE
19:56:09.058 [FXGL Background Thread 3 ] DEBUG Engine               - configClass: Optional.empty
19:56:09.059 [FXGL Background Thread 3 ] DEBUG Engine               - credits: []
19:56:09.060 [FXGL Background Thread 3 ] DEBUG Engine               - defaultCursor: CursorInfo(imageName=fxgl_default_cursor.png, hotspotX=7.0, hotspotY=6.0)
19:56:09.060 [FXGL Background Thread 3 ] DEBUG Engine               - devBBoxColorProperty: ObjectProperty [value: 0xff0000ff]
19:56:09.061 [FXGL Background Thread 3 ] DEBUG Engine               - devEnableDebugCameraProperty: BooleanProperty [value: false]
19:56:09.061 [FXGL Background Thread 3 ] DEBUG Engine               - devSensorColorProperty: ObjectProperty [value: 0xffff00ff]
19:56:09.062 [FXGL Background Thread 3 ] DEBUG Engine               - devShowBBoxProperty: BooleanProperty [value: false]
19:56:09.062 [FXGL Background Thread 3 ] DEBUG Engine               - devShowPositionProperty: BooleanProperty [value: false]
19:56:09.062 [FXGL Background Thread 3 ] DEBUG Engine               - enabledMenuItems: []
19:56:09.062 [FXGL Background Thread 3 ] DEBUG Engine               - engineServices: [class com.almasb.fxgl.app.services.FXGLAssetLoaderService, class com.almasb.fxgl.app.FXGLApplication$GameApplicationService, class com.almasb.fxgl.app.services.FXGLDialogService, class com.almasb.fxgl.app.services.IOTaskExecutorService, class com.almasb.fxgl.io.FileSystemService, class com.almasb.fxgl.localization.LocalizationService, class com.almasb.fxgl.app.services.SystemBundleService, class com.almasb.fxgl.profile.SaveLoadService, class com.almasb.fxgl.ui.FXGLUIFactoryServiceProvider, class com.almasb.fxgl.ui.FXGLDialogFactoryServiceProvider, class com.almasb.fxgl.audio.AudioPlayer, class com.almasb.fxgl.notification.impl.NotificationServiceProvider, class com.almasb.fxgl.achievement.AchievementService, class com.almasb.fxgl.cutscene.CutsceneService, class com.almasb.fxgl.minigames.MiniGameService, class com.almasb.fxgl.net.NetService, class com.almasb.fxgl.app.services.UpdaterService, class com.almasb.fxgl.dev.DevService]
19:56:09.062 [FXGL Background Thread 3 ] DEBUG Engine               - fontGame: Abel-Regular.ttf
19:56:09.062 [FXGL Background Thread 3 ] DEBUG Engine               - fontMono: TerminalLandMono-Regular.otf
19:56:09.062 [FXGL Background Thread 3 ] DEBUG Engine               - fontSizeScaleUI: 1.0
19:56:09.063 [FXGL Background Thread 3 ] DEBUG Engine               - fontText: Courier-Prime.ttf
19:56:09.063 [FXGL Background Thread 3 ] DEBUG Engine               - fontUI: VarelaRound-Regular.ttf
19:56:09.063 [FXGL Background Thread 3 ] DEBUG Engine               - fullScreen: BooleanProperty [value: false]
19:56:09.063 [FXGL Background Thread 3 ] DEBUG Engine               - gameDifficulty: MEDIUM
19:56:09.063 [FXGL Background Thread 3 ] DEBUG Engine               - gameDifficultyProperty: ObjectProperty [value: MEDIUM]
19:56:09.063 [FXGL Background Thread 3 ] DEBUG Engine               - globalMusicVolume: 0.5
19:56:09.064 [FXGL Background Thread 3 ] DEBUG Engine               - globalMusicVolumeProperty: DoubleProperty [value: 0.5]
19:56:09.064 [FXGL Background Thread 3 ] DEBUG Engine               - globalSoundVolume: 0.5
19:56:09.064 [FXGL Background Thread 3 ] DEBUG Engine               - globalSoundVolumeProperty: DoubleProperty [value: 0.5]
19:56:09.064 [FXGL Background Thread 3 ] DEBUG Engine               - height: 600
19:56:09.064 [FXGL Background Thread 3 ] DEBUG Engine               - is3D: false
19:56:09.065 [FXGL Background Thread 3 ] DEBUG Engine               - isAndroid: false
19:56:09.065 [FXGL Background Thread 3 ] DEBUG Engine               - isBrowser: false
19:56:09.065 [FXGL Background Thread 3 ] DEBUG Engine               - isClickFeedbackEnabled: false
19:56:09.065 [FXGL Background Thread 3 ] DEBUG Engine               - isCloseConfirmation: false
19:56:09.065 [FXGL Background Thread 3 ] DEBUG Engine               - isDesktop: true
19:56:09.066 [FXGL Background Thread 3 ] DEBUG Engine               - isDeveloperMenuEnabled: false
19:56:09.066 [FXGL Background Thread 3 ] DEBUG Engine               - isEmbedded: false
19:56:09.066 [FXGL Background Thread 3 ] DEBUG Engine               - isEntityPreloadEnabled: true
19:56:09.067 [FXGL Background Thread 3 ] DEBUG Engine               - isExperimentalTiledLargeMap: false
19:56:09.068 [FXGL Background Thread 3 ] DEBUG Engine               - isFileSystemWriteAllowed: true
19:56:09.068 [FXGL Background Thread 3 ] DEBUG Engine               - isFullScreenAllowed: false
19:56:09.068 [FXGL Background Thread 3 ] DEBUG Engine               - isFullScreenFromStart: false
19:56:09.069 [FXGL Background Thread 3 ] DEBUG Engine               - isGameMenuEnabled: true
19:56:09.069 [FXGL Background Thread 3 ] DEBUG Engine               - isIOS: false
19:56:09.069 [FXGL Background Thread 3 ] DEBUG Engine               - isIntroEnabled: false
19:56:09.069 [FXGL Background Thread 3 ] DEBUG Engine               - isLinux: false
19:56:09.069 [FXGL Background Thread 3 ] DEBUG Engine               - isMac: false
19:56:09.069 [FXGL Background Thread 3 ] DEBUG Engine               - isMainMenuEnabled: true
19:56:09.069 [FXGL Background Thread 3 ] DEBUG Engine               - isManualResizeEnabled: false
19:56:09.070 [FXGL Background Thread 3 ] DEBUG Engine               - isMobile: false
19:56:09.070 [FXGL Background Thread 3 ] DEBUG Engine               - isNative: false
19:56:09.070 [FXGL Background Thread 3 ] DEBUG Engine               - isPauseMusicWhenMinimized: true
19:56:09.070 [FXGL Background Thread 3 ] DEBUG Engine               - isPreserveResizeRatio: false
19:56:09.071 [FXGL Background Thread 3 ] DEBUG Engine               - isProfilingEnabled: false
19:56:09.071 [FXGL Background Thread 3 ] DEBUG Engine               - isScaleAffectedOnResize: true
19:56:09.071 [FXGL Background Thread 3 ] DEBUG Engine               - isSingleStep: false
19:56:09.074 [FXGL Background Thread 3 ] DEBUG Engine               - isUserProfileEnabled: false
19:56:09.074 [FXGL Background Thread 3 ] DEBUG Engine               - isWindows: true
19:56:09.074 [FXGL Background Thread 3 ] DEBUG Engine               - language: ObjectProperty [value: ENGLISH]
19:56:09.074 [FXGL Background Thread 3 ] DEBUG Engine               - menuKey: ESCAPE
19:56:09.074 [FXGL Background Thread 3 ] DEBUG Engine               - mouseSensitivity: 0.2
19:56:09.074 [FXGL Background Thread 3 ] DEBUG Engine               - notificationViewClass: class com.almasb.fxgl.notification.view.XboxNotificationView
19:56:09.074 [FXGL Background Thread 3 ] DEBUG Engine               - pixelsPerMeter: 50.0
19:56:09.075 [FXGL Background Thread 3 ] DEBUG Engine               - platform: WINDOWS
19:56:09.075 [FXGL Background Thread 3 ] DEBUG Engine               - prefHeightProperty: ReadOnlyDoubleProperty [value: 600.0]
19:56:09.075 [FXGL Background Thread 3 ] DEBUG Engine               - prefWidthProperty: ReadOnlyDoubleProperty [value: 1300.0]
19:56:09.075 [FXGL Background Thread 3 ] DEBUG Engine               - profileDir: profiles/
19:56:09.075 [FXGL Background Thread 3 ] DEBUG Engine               - profileName: StringProperty [value: DEFAULT]
19:56:09.075 [FXGL Background Thread 3 ] DEBUG Engine               - randomSeed: -1
19:56:09.076 [FXGL Background Thread 3 ] DEBUG Engine               - runtimeInfo: RuntimeInfo(platform=WINDOWS, version=17.3, build=30.03.2023 11.49)
19:56:09.076 [FXGL Background Thread 3 ] DEBUG Engine               - saveFileExt: sav
19:56:09.076 [FXGL Background Thread 3 ] DEBUG Engine               - scaledHeightProp$fxgl: DoubleProperty [bound, value: 600.0]
19:56:09.076 [FXGL Background Thread 3 ] DEBUG Engine               - scaledWidthProp$fxgl: DoubleProperty [bound, value: 1300.0]
19:56:09.076 [FXGL Background Thread 3 ] DEBUG Engine               - sceneFactory: com.Simulador.Restaurante.RestaurantSimulator$1@1e2967a2
19:56:09.076 [FXGL Background Thread 3 ] DEBUG Engine               - secondsIn24h: 60
19:56:09.076 [FXGL Background Thread 3 ] DEBUG Engine               - soundMenuBack: menu/back.wav
19:56:09.076 [FXGL Background Thread 3 ] DEBUG Engine               - soundMenuPress: menu/press.wav
19:56:09.076 [FXGL Background Thread 3 ] DEBUG Engine               - soundMenuSelect: menu/select.wav
19:56:09.076 [FXGL Background Thread 3 ] DEBUG Engine               - soundNotification: core/notification.wav
19:56:09.076 [FXGL Background Thread 3 ] DEBUG Engine               - stageStyle: DECORATED
19:56:09.076 [FXGL Background Thread 3 ] DEBUG Engine               - supportedLanguages: [ENGLISH, FRENCH, GERMAN, HUNGARIAN, RUSSIAN]
19:56:09.076 [FXGL Background Thread 3 ] DEBUG Engine               - ticksPerSecond: -1
19:56:09.076 [FXGL Background Thread 3 ] DEBUG Engine               - title: Simulador Restaurante
19:56:09.076 [FXGL Background Thread 3 ] DEBUG Engine               - urlGithub: https://github.com/AlmasB/FXGL
19:56:09.076 [FXGL Background Thread 3 ] DEBUG Engine               - urlLeaderboard: http://fxgl-top.herokuapp.com/
19:56:09.076 [FXGL Background Thread 3 ] DEBUG Engine               - urlPOM: https://raw.githubusercontent.com/AlmasB/FXGL/release/README.md
19:56:09.076 [FXGL Background Thread 3 ] DEBUG Engine               - userAppClass: class com.Simulador.Restaurante.RestaurantSimulator
19:56:09.076 [FXGL Background Thread 3 ] DEBUG Engine               - version: 0.1
19:56:09.077 [FXGL Background Thread 3 ] DEBUG Engine               - versionCheckDays: 7
19:56:09.077 [FXGL Background Thread 3 ] DEBUG Engine               - width: 1300
19:56:09.077 [FXGL Background Thread 3 ] DEBUG Engine               - Logging services
19:56:09.077 [FXGL Background Thread 3 ] DEBUG Engine               - class com.almasb.fxgl.app.services.FXGLAssetLoaderService
19:56:09.077 [FXGL Background Thread 3 ] DEBUG Engine               - class com.almasb.fxgl.app.FXGLApplication$GameApplicationService
19:56:09.077 [FXGL Background Thread 3 ] DEBUG Engine               - class com.almasb.fxgl.app.services.FXGLDialogService
19:56:09.077 [FXGL Background Thread 3 ] DEBUG Engine               - class com.almasb.fxgl.app.services.IOTaskExecutorService
19:56:09.077 [FXGL Background Thread 3 ] DEBUG Engine               - class com.almasb.fxgl.io.FileSystemService
19:56:09.077 [FXGL Background Thread 3 ] DEBUG Engine               - class com.almasb.fxgl.localization.LocalizationService
19:56:09.077 [FXGL Background Thread 3 ] DEBUG Engine               - class com.almasb.fxgl.app.services.SystemBundleService
19:56:09.077 [FXGL Background Thread 3 ] DEBUG Engine               - class com.almasb.fxgl.profile.SaveLoadService
19:56:09.077 [FXGL Background Thread 3 ] DEBUG Engine               - class com.almasb.fxgl.ui.FXGLUIFactoryServiceProvider
19:56:09.077 [FXGL Background Thread 3 ] DEBUG Engine               - class com.almasb.fxgl.ui.FXGLDialogFactoryServiceProvider
19:56:09.077 [FXGL Background Thread 3 ] DEBUG Engine               - class com.almasb.fxgl.audio.AudioPlayer
19:56:09.077 [FXGL Background Thread 3 ] DEBUG Engine               - class com.almasb.fxgl.notification.impl.NotificationServiceProvider
19:56:09.077 [FXGL Background Thread 3 ] DEBUG Engine               - class com.almasb.fxgl.achievement.AchievementService
19:56:09.077 [FXGL Background Thread 3 ] DEBUG Engine               - class com.almasb.fxgl.cutscene.CutsceneService
19:56:09.077 [FXGL Background Thread 3 ] DEBUG Engine               - class com.almasb.fxgl.minigames.MiniGameService
19:56:09.077 [FXGL Background Thread 3 ] DEBUG Engine               - class com.almasb.fxgl.net.NetService
19:56:09.077 [FXGL Background Thread 3 ] DEBUG Engine               - class com.almasb.fxgl.app.services.UpdaterService
19:56:09.077 [FXGL Background Thread 3 ] DEBUG Engine               - class com.almasb.fxgl.dev.DevService
19:56:09.206 [JavaFX Application Thread] DEBUG Menu                 - fireNewGame()
19:56:09.206 [JavaFX Application Thread] DEBUG GameApplicationServi - Starting new game
19:56:09.207 [JavaFX Application Thread] DEBUG PrimaryStageWindow   - Pop state: MainMenu
19:56:09.207 [JavaFX Application Thread] DEBUG Input                - Clearing active input actions
19:56:09.207 [JavaFX Application Thread] DEBUG GameApplicationServi - Removing overlay from MainMenu and adding to FXGLMainMenuDummyScene
19:56:09.207 [JavaFX Application Thread] DEBUG PrimaryStageWindow   - FXGLMainMenuDummyScene <- MainMenu
19:56:09.208 [JavaFX Application Thread] DEBUG Input                - Clearing active input actions
19:56:09.213 [JavaFX Application Thread] DEBUG GameApplicationServi - Removing overlay from FXGLMainMenuDummyScene and adding to FXGLLoadingScene
19:56:09.213 [JavaFX Application Thread] DEBUG PrimaryStageWindow   - FXGLMainMenuDummyScene -> FXGLLoadingScene
19:56:09.214 [JavaFX Application Thread] DEBUG GameApplicationServi - Clearing previous game
19:56:09.214 [JavaFX Application Thread] DEBUG GameScene            - Clearing game scene
19:56:09.214 [JavaFX Application Thread] DEBUG GameWorld            - Clearing game world
19:56:09.214 [JavaFX Application Thread] DEBUG PhysicsWorld         - Clearing physics world
19:56:09.215 [FXGL Background Thread 2 ] DEBUG FXGLApplication      - Initializing game
19:56:09.290 [FXGL Background Thread 2 ] INFO  FXGLApplication      - Game initialization took: 0.075 sec
19:56:09.292 [JavaFX Application Thread] DEBUG Input                - Clearing active input actions
19:56:09.299 [JavaFX Application Thread] DEBUG GameApplicationServi - Removing overlay from FXGLLoadingScene and adding to GameScene
19:56:09.299 [JavaFX Application Thread] DEBUG PrimaryStageWindow   - FXGLLoadingScene -> GameScene
19:56:36.152 [JavaFX Application Thread] DEBUG FXGLApplication      - Exiting FXGL
19:56:36.153 [JavaFX Application Thread] DEBUG LoopRunner           - Stopping loop
19:56:36.153 [JavaFX Application Thread] DEBUG SystemBundleService  - Saving FXGL system data
19:56:36.160 [JavaFX Application Thread] DEBUG FileSystemAccess     - Writing to: C:\Users\Jose Alberto Morales\Documents\7to Cuatrimestre\Programacion concurrente\Restaurant\system\fxgl.bundle
19:56:36.165 [JavaFX Application Thread] DEBUG Async                - Shutting down background threads
19:56:36.165 [JavaFX Application Thread] DEBUG PrimaryStageWindow   - Closing main window
19:56:36.190 [JavaFX Application Thread] DEBUG Logger               - Closing Logger
