11:07:40.493 [main                     ] DEBUG Logger               - Configured Logger
11:07:40.517 [main                     ] DEBUG GameApplication      - Logging settings
Title: Simulador Restaurante
Version: 0.1
Width: 1300
Height: 600
Fullscreen: false
Intro: false
Profiling: false
Single step:false
App Mode: DEVELOPER
Menu Key: ESCAPE
Stage Style: DECORATED
Scene Factory: class com.Simulador.Restaurante.RestaurantSimulator$1

11:07:40.847 [JavaFX Application Thread] DEBUG FXGLApplication      - Initializing FXGL
11:07:40.851 [JavaFX Application Thread] INFO  Engine               - FXGL-17.3 (30.03.2023 11.49) on WINDOWS (J:21.0.5 FX:21)
11:07:40.851 [JavaFX Application Thread] DEBUG Engine               - JRE Vendor Name: Oracle Corporation
11:07:40.851 [JavaFX Application Thread] DEBUG Engine               - Running on OS: Windows 11 version 10.0
11:07:40.851 [JavaFX Application Thread] DEBUG Engine               - Architecture: amd64
11:07:40.851 [JavaFX Application Thread] INFO  Engine               - Source code and latest versions at: https://github.com/AlmasB/FXGL
11:07:40.852 [JavaFX Application Thread] INFO  Engine               -       Ask questions and discuss at: https://github.com/AlmasB/FXGL/discussions
11:07:40.852 [JavaFX Application Thread] INFO  Engine               -              Join the FXGL chat at: https://gitter.im/AlmasB/FXGL
11:07:40.928 [JavaFX Application Thread] DEBUG PrimaryStageWindow   - Creating a JavaFX scene
11:07:40.968 [JavaFX Application Thread] DEBUG PrimaryStageWindow   - Target settings size: 1300.0 x 600.0
11:07:40.968 [JavaFX Application Thread] DEBUG PrimaryStageWindow   - Scaled scene size:    1300.0 x 600.0
11:07:40.969 [JavaFX Application Thread] DEBUG PrimaryStageWindow   - Scaled ratio: (1.0, 1.0)
11:07:40.970 [JavaFX Application Thread] DEBUG PrimaryStageWindow   - Set initial scene to FXGLStartupScene
11:07:40.973 [JavaFX Application Thread] DEBUG PrimaryStageWindow   - Opening main window
11:07:41.045 [JavaFX Application Thread] DEBUG PrimaryStageWindow   - Window border size: (14.4000244140625, 37.5999755859375)
11:07:41.045 [JavaFX Application Thread] DEBUG PrimaryStageWindow   - Scaled size: 1300.0 x 600.0
11:07:41.046 [JavaFX Application Thread] DEBUG PrimaryStageWindow   - Scaled ratio: (1.0, 1.0)
11:07:41.046 [JavaFX Application Thread] DEBUG PrimaryStageWindow   - Scene size: 1300.0 x 600.0
11:07:41.046 [JavaFX Application Thread] DEBUG PrimaryStageWindow   - Stage size: 1314.4000244140625 x 637.5999755859375
11:07:41.054 [FXGL Background Thread 1 ] DEBUG Engine               - Initializing environment variables
11:07:41.104 [FXGL Background Thread 1 ] DEBUG FXGLAssetLoaderServi - User app class for loading assets: class com.Simulador.Restaurante.RestaurantSimulator
11:07:41.104 [FXGL Background Thread 1 ] DEBUG GameApplicationServi - Applying CSS: fxgl_dark.css
11:07:41.105 [FXGL Background Thread 1 ] DEBUG FXGLAssetLoaderServi - Loading from file system: jar:file:///C:/Users/Jose%20Alberto%20Morales/.m2/repository/com/github/almasb/fxgl/17.3/fxgl-17.3.jar!/fxglassets/ui/css/fxgl_dark.css
11:07:41.155 [FXGL Background Thread 1 ] DEBUG GameApplicationServi - Initializing application scenes
11:07:41.192 [FXGL Background Thread 1 ] DEBUG GameWorld            - Game world initialized
11:07:41.265 [FXGL Background Thread 1 ] DEBUG PhysicsWorld         - Physics world initialized: appHeight=600, physics.ppm=50.0
11:07:41.265 [FXGL Background Thread 1 ] DEBUG PhysicsWorld         - Using strategy: BRUTE_FORCE
11:07:41.268 [FXGL Background Thread 1 ] DEBUG GameScene            - Game scene initialized: 1300x600
11:07:41.309 [FXGL Background Thread 1 ] DEBUG FXGL.DefaultMenu     - createMenuBodyGameMenu()
11:07:41.315 [FXGL Background Thread 1 ] DEBUG FXGL.DefaultMenu     - createOptionsMenu()
11:07:41.320 [FXGL Background Thread 1 ] DEBUG FXGLAssetLoaderServi - Loading from file system: jar:file:///C:/Users/Jose%20Alberto%20Morales/.m2/repository/com/github/almasb/fxgl/17.3/fxgl-17.3.jar!/fxglassets/textures/particles/smoke.png
11:07:41.393 [FXGL Background Thread 1 ] DEBUG FXGLAssetLoaderServi - Loading from file system: jar:file:///C:/Users/Jose%20Alberto%20Morales/.m2/repository/com/github/almasb/fxgl/17.3/fxgl-17.3.jar!/fxglassets/textures/particles/trace_horizontal.png
11:07:41.417 [FXGL Background Thread 1 ] DEBUG GameApplicationServi - Application scenes initialized
11:07:41.428 [FXGL Background Thread 1 ] DEBUG SystemBundleService  - Loading FXGL system data
11:07:41.432 [FXGL Background Thread 1 ] DEBUG FileSystemAccess     - Reading from: C:\Users\Jose Alberto Morales\Documents\7to Cuatrimestre\Programacion concurrente\Restaurant\system\fxgl.bundle
11:07:41.442 [FXGL Background Thread 1 ] DEBUG SystemBundleService  - Bundle FXGL: {}
11:07:41.442 [FXGL Background Thread 1 ] DEBUG UpdaterService       - Checking for updates
11:07:41.447 [FXGL Background Thread 4 ] DEBUG FXGLApplication      - Loading fonts
11:07:41.447 [FXGL Background Thread 1 ] DEBUG FXGLApplication      - Loading default localization
11:07:41.447 [FXGL Background Thread 4 ] DEBUG FXGLAssetLoaderServi - Loading from file system: jar:file:///C:/Users/Jose%20Alberto%20Morales/.m2/repository/com/github/almasb/fxgl/17.3/fxgl-17.3.jar!/fxglassets/ui/fonts/VarelaRound-Regular.ttf
11:07:41.448 [FXGL Background Thread 1 ] DEBUG FXGLAssetLoaderServi - Loading from file system: jar:file:///C:/Users/Jose%20Alberto%20Morales/.m2/repository/com/github/almasb/fxgl/17.3/fxgl-17.3.jar!/fxglassets/languages/english.lang
11:07:41.467 [FXGL Background Thread 1 ] INFO  FXGLApplication      - FXGL initialization took: 0.413 sec
11:07:41.468 [JavaFX Application Thread] DEBUG FXGLAssetLoaderServi - Loading from file system: jar:file:///C:/Users/Jose%20Alberto%20Morales/.m2/repository/com/github/almasb/fxgl/17.3/fxgl-17.3.jar!/fxglassets/textures/fxgl_icon.png
11:07:41.483 [FXGL Background Thread 4 ] DEBUG FXGLAssetLoaderServi - Loading from file system: jar:file:///C:/Users/Jose%20Alberto%20Morales/.m2/repository/com/github/almasb/fxgl/17.3/fxgl-17.3.jar!/fxglassets/ui/fonts/Abel-Regular.ttf
11:07:41.489 [FXGL Background Thread 4 ] DEBUG FXGLAssetLoaderServi - Loading from file system: jar:file:///C:/Users/Jose%20Alberto%20Morales/.m2/repository/com/github/almasb/fxgl/17.3/fxgl-17.3.jar!/fxglassets/ui/fonts/TerminalLandMono-Regular.otf
11:07:41.489 [JavaFX Application Thread] DEBUG FXGLAssetLoaderServi - Loading from file system: jar:file:///C:/Users/Jose%20Alberto%20Morales/.m2/repository/com/github/almasb/fxgl/17.3/fxgl-17.3.jar!/fxglassets/textures/fxgl_default_cursor.png
11:07:41.493 [FXGL Background Thread 4 ] DEBUG FXGLAssetLoaderServi - Loading from file system: jar:file:///C:/Users/Jose%20Alberto%20Morales/.m2/repository/com/github/almasb/fxgl/17.3/fxgl-17.3.jar!/fxglassets/ui/fonts/Courier-Prime.ttf
11:07:41.501 [JavaFX Application Thread] DEBUG Input                - Registered new binding: Screenshot - CTRL+8
11:07:41.502 [JavaFX Application Thread] DEBUG Input                - Registered new binding: System info dump - CTRL+9
11:07:41.502 [JavaFX Application Thread] DEBUG Input                - Registered new binding: Restart - CTRL+R
11:07:41.503 [JavaFX Application Thread] DEBUG Input                - Registered new binding: Toggle Debug Camera - CTRL+7
11:07:41.506 [JavaFX Application Thread] DEBUG LoopRunner           - Starting loop
11:07:41.506 [JavaFX Application Thread] DEBUG LoopRunner           - Initializing JavaFX AnimationTimerLoop
11:07:41.508 [JavaFX Application Thread] DEBUG Input                - Clearing active input actions
11:07:41.515 [JavaFX Application Thread] DEBUG GameApplicationServi - Removing overlay from FXGLStartupScene and adding to FXGLMainMenuDummyScene
11:07:41.515 [JavaFX Application Thread] DEBUG PrimaryStageWindow   - FXGLStartupScene -> FXGLMainMenuDummyScene
11:07:41.515 [JavaFX Application Thread] DEBUG PrimaryStageWindow   - Push state: MainMenu
11:07:41.516 [JavaFX Application Thread] DEBUG Input                - Clearing active input actions
11:07:41.524 [JavaFX Application Thread] DEBUG GameApplicationServi - Removing overlay from FXGLMainMenuDummyScene and adding to MainMenu
11:07:41.525 [JavaFX Application Thread] DEBUG PrimaryStageWindow   - FXGLMainMenuDummyScene -> MainMenu
11:07:41.525 [JavaFX Application Thread] DEBUG FXGLApplication      - Registering font factories with UI factory
11:07:42.185 [FXGL Background Thread 2 ] INFO  UpdaterService       - Your current version:  17.3
11:07:42.185 [FXGL Background Thread 2 ] INFO  UpdaterService       - Latest stable version: 21.1
11:07:42.575 [JavaFX Application Thread] DEBUG Menu                 - fireNewGame()
11:07:42.575 [JavaFX Application Thread] DEBUG GameApplicationServi - Starting new game
11:07:42.576 [JavaFX Application Thread] DEBUG PrimaryStageWindow   - Pop state: MainMenu
11:07:42.576 [JavaFX Application Thread] DEBUG Input                - Clearing active input actions
11:07:42.576 [JavaFX Application Thread] DEBUG GameApplicationServi - Removing overlay from MainMenu and adding to FXGLMainMenuDummyScene
11:07:42.577 [JavaFX Application Thread] DEBUG PrimaryStageWindow   - FXGLMainMenuDummyScene <- MainMenu
11:07:42.577 [JavaFX Application Thread] DEBUG Input                - Clearing active input actions
11:07:42.581 [JavaFX Application Thread] DEBUG GameApplicationServi - Removing overlay from FXGLMainMenuDummyScene and adding to FXGLLoadingScene
11:07:42.582 [JavaFX Application Thread] DEBUG PrimaryStageWindow   - FXGLMainMenuDummyScene -> FXGLLoadingScene
11:07:42.582 [JavaFX Application Thread] DEBUG GameApplicationServi - Clearing previous game
11:07:42.582 [JavaFX Application Thread] DEBUG GameScene            - Clearing game scene
11:07:42.582 [JavaFX Application Thread] DEBUG GameWorld            - Clearing game world
11:07:42.582 [JavaFX Application Thread] DEBUG PhysicsWorld         - Clearing physics world
11:07:42.584 [FXGL Background Thread 2 ] DEBUG FXGLApplication      - Initializing game
11:07:42.655 [FXGL Background Thread 2 ] INFO  FXGLApplication      - Game initialization took: 0.071 sec
11:07:42.656 [JavaFX Application Thread] DEBUG Input                - Clearing active input actions
11:07:42.664 [JavaFX Application Thread] DEBUG GameApplicationServi - Removing overlay from FXGLLoadingScene and adding to GameScene
11:07:42.664 [JavaFX Application Thread] DEBUG PrimaryStageWindow   - FXGLLoadingScene -> GameScene
11:07:43.990 [JavaFX Application Thread] DEBUG FXGLApplication      - Exiting FXGL
11:07:43.990 [JavaFX Application Thread] DEBUG LoopRunner           - Stopping loop
11:07:43.990 [JavaFX Application Thread] DEBUG SystemBundleService  - Saving FXGL system data
11:07:43.992 [JavaFX Application Thread] DEBUG FileSystemAccess     - Writing to: C:\Users\Jose Alberto Morales\Documents\7to Cuatrimestre\Programacion concurrente\Restaurant\system\fxgl.bundle
11:07:43.994 [JavaFX Application Thread] DEBUG Async                - Shutting down background threads
11:07:43.994 [JavaFX Application Thread] DEBUG PrimaryStageWindow   - Closing main window
11:07:44.009 [JavaFX Application Thread] DEBUG Logger               - Closing Logger
