11:10:12.531 [main                     ] DEBUG Logger               - Configured Logger
11:10:12.558 [main                     ] DEBUG GameApplication      - Logging settings
Title: Simulador de Restaurante
Version: 1.0
Width: 1400
Height: 700
Fullscreen: false
Intro: false
Profiling: false
Single step:false
App Mode: DEVELOPER
Menu Key: ESCAPE
Stage Style: DECORATED
Scene Factory: class com.almasb.fxgl.app.scene.SceneFactory

11:10:12.886 [JavaFX Application Thread] DEBUG FXGLApplication      - Initializing FXGL
11:10:12.889 [JavaFX Application Thread] INFO  Engine               - FXGL-17.3 (30.03.2023 11.49) on WINDOWS (J:21.0.5 FX:21)
11:10:12.889 [JavaFX Application Thread] DEBUG Engine               - JRE Vendor Name: Oracle Corporation
11:10:12.889 [JavaFX Application Thread] DEBUG Engine               - Running on OS: Windows 11 version 10.0
11:10:12.890 [JavaFX Application Thread] DEBUG Engine               - Architecture: amd64
11:10:12.890 [JavaFX Application Thread] INFO  Engine               - Source code and latest versions at: https://github.com/AlmasB/FXGL
11:10:12.890 [JavaFX Application Thread] INFO  Engine               -       Ask questions and discuss at: https://github.com/AlmasB/FXGL/discussions
11:10:12.890 [JavaFX Application Thread] INFO  Engine               -              Join the FXGL chat at: https://gitter.im/AlmasB/FXGL
11:10:12.963 [JavaFX Application Thread] DEBUG PrimaryStageWindow   - Creating a JavaFX scene
11:10:13.006 [JavaFX Application Thread] DEBUG PrimaryStageWindow   - Target settings size: 1400.0 x 700.0
11:10:13.007 [JavaFX Application Thread] DEBUG PrimaryStageWindow   - Scaled scene size:    1400.0 x 700.0
11:10:13.007 [JavaFX Application Thread] DEBUG PrimaryStageWindow   - Scaled ratio: (1.0, 1.0)
11:10:13.008 [JavaFX Application Thread] DEBUG PrimaryStageWindow   - Set initial scene to FXGLStartupScene
11:10:13.011 [JavaFX Application Thread] DEBUG PrimaryStageWindow   - Opening main window
11:10:13.082 [JavaFX Application Thread] DEBUG PrimaryStageWindow   - Window border size: (14.4000244140625, 37.5999755859375)
11:10:13.082 [JavaFX Application Thread] DEBUG PrimaryStageWindow   - Scaled size: 1400.0 x 700.0
11:10:13.082 [JavaFX Application Thread] DEBUG PrimaryStageWindow   - Scaled ratio: (1.0, 1.0)
11:10:13.083 [JavaFX Application Thread] DEBUG PrimaryStageWindow   - Scene size: 1400.0 x 700.0
11:10:13.083 [JavaFX Application Thread] DEBUG PrimaryStageWindow   - Stage size: 1414.4000244140625 x 737.5999755859375
11:10:13.091 [FXGL Background Thread 1 ] DEBUG Engine               - Initializing environment variables
11:10:13.144 [FXGL Background Thread 1 ] DEBUG FXGLAssetLoaderServi - User app class for loading assets: class com.Simulador.Restaurante.RestaurantSimulator
11:10:13.144 [FXGL Background Thread 1 ] DEBUG GameApplicationServi - Applying CSS: fxgl_dark.css
11:10:13.145 [FXGL Background Thread 1 ] DEBUG FXGLAssetLoaderServi - Loading from file system: jar:file:///C:/Users/Jose%20Alberto%20Morales/.m2/repository/com/github/almasb/fxgl/17.3/fxgl-17.3.jar!/fxglassets/ui/css/fxgl_dark.css
11:10:13.198 [FXGL Background Thread 1 ] DEBUG GameApplicationServi - Initializing application scenes
11:10:13.230 [FXGL Background Thread 1 ] DEBUG GameWorld            - Game world initialized
11:10:13.298 [FXGL Background Thread 1 ] DEBUG PhysicsWorld         - Physics world initialized: appHeight=700, physics.ppm=50.0
11:10:13.299 [FXGL Background Thread 1 ] DEBUG PhysicsWorld         - Using strategy: BRUTE_FORCE
11:10:13.304 [FXGL Background Thread 1 ] DEBUG GameScene            - Game scene initialized: 1400x700
11:10:13.317 [FXGL Background Thread 1 ] DEBUG FXGL.DefaultMenu     - createMenuBodyGameMenu()
11:10:13.329 [FXGL Background Thread 1 ] DEBUG FXGL.DefaultMenu     - createOptionsMenu()
11:10:13.338 [FXGL Background Thread 1 ] DEBUG FXGLAssetLoaderServi - Loading from file system: jar:file:///C:/Users/Jose%20Alberto%20Morales/.m2/repository/com/github/almasb/fxgl/17.3/fxgl-17.3.jar!/fxglassets/textures/particles/smoke.png
11:10:13.414 [FXGL Background Thread 1 ] DEBUG FXGLAssetLoaderServi - Loading from file system: jar:file:///C:/Users/Jose%20Alberto%20Morales/.m2/repository/com/github/almasb/fxgl/17.3/fxgl-17.3.jar!/fxglassets/textures/particles/trace_horizontal.png
11:10:13.452 [FXGL Background Thread 1 ] DEBUG GameApplicationServi - Application scenes initialized
11:10:13.461 [FXGL Background Thread 1 ] DEBUG SystemBundleService  - Loading FXGL system data
11:10:13.465 [FXGL Background Thread 1 ] DEBUG FileSystemAccess     - Reading from: C:\Users\Jose Alberto Morales\Documents\7to Cuatrimestre\Programacion concurrente\Restaurant\system\fxgl.bundle
11:10:13.473 [FXGL Background Thread 1 ] DEBUG SystemBundleService  - Bundle FXGL: {}
11:10:13.473 [FXGL Background Thread 1 ] DEBUG UpdaterService       - Checking for updates
11:10:13.476 [FXGL Background Thread 4 ] DEBUG FXGLApplication      - Loading fonts
11:10:13.477 [FXGL Background Thread 1 ] DEBUG FXGLApplication      - Loading default localization
11:10:13.477 [FXGL Background Thread 4 ] DEBUG FXGLAssetLoaderServi - Loading from file system: jar:file:///C:/Users/Jose%20Alberto%20Morales/.m2/repository/com/github/almasb/fxgl/17.3/fxgl-17.3.jar!/fxglassets/ui/fonts/VarelaRound-Regular.ttf
11:10:13.477 [FXGL Background Thread 1 ] DEBUG FXGLAssetLoaderServi - Loading from file system: jar:file:///C:/Users/Jose%20Alberto%20Morales/.m2/repository/com/github/almasb/fxgl/17.3/fxgl-17.3.jar!/fxglassets/languages/english.lang
11:10:13.500 [FXGL Background Thread 1 ] INFO  FXGLApplication      - FXGL initialization took: 0.408 sec
11:10:13.501 [JavaFX Application Thread] DEBUG FXGLAssetLoaderServi - Loading from file system: jar:file:///C:/Users/Jose%20Alberto%20Morales/.m2/repository/com/github/almasb/fxgl/17.3/fxgl-17.3.jar!/fxglassets/textures/fxgl_icon.png
11:10:13.506 [FXGL Background Thread 4 ] DEBUG FXGLAssetLoaderServi - Loading from file system: jar:file:///C:/Users/Jose%20Alberto%20Morales/.m2/repository/com/github/almasb/fxgl/17.3/fxgl-17.3.jar!/fxglassets/ui/fonts/Abel-Regular.ttf
11:10:13.510 [FXGL Background Thread 4 ] DEBUG FXGLAssetLoaderServi - Loading from file system: jar:file:///C:/Users/Jose%20Alberto%20Morales/.m2/repository/com/github/almasb/fxgl/17.3/fxgl-17.3.jar!/fxglassets/ui/fonts/TerminalLandMono-Regular.otf
11:10:13.514 [FXGL Background Thread 4 ] DEBUG FXGLAssetLoaderServi - Loading from file system: jar:file:///C:/Users/Jose%20Alberto%20Morales/.m2/repository/com/github/almasb/fxgl/17.3/fxgl-17.3.jar!/fxglassets/ui/fonts/Courier-Prime.ttf
11:10:13.528 [JavaFX Application Thread] DEBUG FXGLAssetLoaderServi - Loading from file system: jar:file:///C:/Users/Jose%20Alberto%20Morales/.m2/repository/com/github/almasb/fxgl/17.3/fxgl-17.3.jar!/fxglassets/textures/fxgl_default_cursor.png
11:10:13.536 [JavaFX Application Thread] DEBUG Input                - Registered new binding: Screenshot - CTRL+8
11:10:13.537 [JavaFX Application Thread] DEBUG Input                - Registered new binding: System info dump - CTRL+9
11:10:13.537 [JavaFX Application Thread] DEBUG Input                - Registered new binding: Restart - CTRL+R
11:10:13.538 [JavaFX Application Thread] DEBUG Input                - Registered new binding: Toggle Debug Camera - CTRL+7
11:10:13.540 [JavaFX Application Thread] DEBUG LoopRunner           - Starting loop
11:10:13.540 [JavaFX Application Thread] DEBUG LoopRunner           - Initializing JavaFX AnimationTimerLoop
11:10:13.541 [JavaFX Application Thread] DEBUG GameApplicationServi - Starting new game
11:10:13.542 [JavaFX Application Thread] DEBUG Input                - Clearing active input actions
11:10:13.550 [JavaFX Application Thread] DEBUG GameApplicationServi - Removing overlay from FXGLStartupScene and adding to FXGLLoadingScene
11:10:13.551 [JavaFX Application Thread] DEBUG PrimaryStageWindow   - FXGLStartupScene -> FXGLLoadingScene
11:10:13.551 [JavaFX Application Thread] DEBUG GameApplicationServi - Clearing previous game
11:10:13.551 [JavaFX Application Thread] DEBUG GameScene            - Clearing game scene
11:10:13.551 [JavaFX Application Thread] DEBUG GameWorld            - Clearing game world
11:10:13.551 [JavaFX Application Thread] DEBUG PhysicsWorld         - Clearing physics world
11:10:13.552 [FXGL Background Thread 4 ] DEBUG FXGLApplication      - Initializing game
11:10:13.552 [JavaFX Application Thread] DEBUG FXGLApplication      - Registering font factories with UI factory
11:10:13.585 [FXGL Background Thread 4 ] INFO  FXGLApplication      - Game initialization took: 0.032 sec
11:10:13.586 [JavaFX Application Thread] DEBUG Input                - Clearing active input actions
11:10:13.594 [JavaFX Application Thread] DEBUG GameApplicationServi - Removing overlay from FXGLLoadingScene and adding to GameScene
11:10:13.594 [JavaFX Application Thread] DEBUG PrimaryStageWindow   - FXGLLoadingScene -> GameScene
11:10:14.032 [FXGL Background Thread 2 ] INFO  UpdaterService       - Your current version:  17.3
11:10:14.032 [FXGL Background Thread 2 ] INFO  UpdaterService       - Latest stable version: 21.1
11:10:16.475 [FXGL Background Thread 3 ] DEBUG Engine               - Logging environment variables
11:10:16.475 [FXGL Background Thread 3 ] DEBUG Engine               - achievements: []
11:10:16.475 [FXGL Background Thread 3 ] DEBUG Engine               - actualHeight: 700.0
11:10:16.475 [FXGL Background Thread 3 ] DEBUG Engine               - actualHeightProperty: ReadOnlyDoubleProperty [value: 700.0]
11:10:16.475 [FXGL Background Thread 3 ] DEBUG Engine               - actualWidth: 1400.0
11:10:16.476 [FXGL Background Thread 3 ] DEBUG Engine               - actualWidthProperty: ReadOnlyDoubleProperty [value: 1400.0]
11:10:16.476 [FXGL Background Thread 3 ] DEBUG Engine               - appIcon: fxgl_icon.png
11:10:16.476 [FXGL Background Thread 3 ] DEBUG Engine               - applicationMode: DEVELOPER
11:10:16.476 [FXGL Background Thread 3 ] DEBUG Engine               - cSSList: [fxgl_dark.css]
11:10:16.476 [FXGL Background Thread 3 ] DEBUG Engine               - collisionDetectionStrategy: BRUTE_FORCE
11:10:16.476 [FXGL Background Thread 3 ] DEBUG Engine               - configClass: Optional.empty
11:10:16.476 [FXGL Background Thread 3 ] DEBUG Engine               - credits: []
11:10:16.476 [FXGL Background Thread 3 ] DEBUG Engine               - defaultCursor: CursorInfo(imageName=fxgl_default_cursor.png, hotspotX=7.0, hotspotY=6.0)
11:10:16.477 [FXGL Background Thread 3 ] DEBUG Engine               - devBBoxColorProperty: ObjectProperty [value: 0xff0000ff]
11:10:16.477 [FXGL Background Thread 3 ] DEBUG Engine               - devEnableDebugCameraProperty: BooleanProperty [value: false]
11:10:16.477 [FXGL Background Thread 3 ] DEBUG Engine               - devSensorColorProperty: ObjectProperty [value: 0xffff00ff]
11:10:16.477 [FXGL Background Thread 3 ] DEBUG Engine               - devShowBBoxProperty: BooleanProperty [value: false]
11:10:16.477 [FXGL Background Thread 3 ] DEBUG Engine               - devShowPositionProperty: BooleanProperty [value: false]
11:10:16.477 [FXGL Background Thread 3 ] DEBUG Engine               - enabledMenuItems: []
11:10:16.477 [FXGL Background Thread 3 ] DEBUG Engine               - engineServices: [class com.almasb.fxgl.app.services.FXGLAssetLoaderService, class com.almasb.fxgl.app.FXGLApplication$GameApplicationService, class com.almasb.fxgl.app.services.FXGLDialogService, class com.almasb.fxgl.app.services.IOTaskExecutorService, class com.almasb.fxgl.io.FileSystemService, class com.almasb.fxgl.localization.LocalizationService, class com.almasb.fxgl.app.services.SystemBundleService, class com.almasb.fxgl.profile.SaveLoadService, class com.almasb.fxgl.ui.FXGLUIFactoryServiceProvider, class com.almasb.fxgl.ui.FXGLDialogFactoryServiceProvider, class com.almasb.fxgl.audio.AudioPlayer, class com.almasb.fxgl.notification.impl.NotificationServiceProvider, class com.almasb.fxgl.achievement.AchievementService, class com.almasb.fxgl.cutscene.CutsceneService, class com.almasb.fxgl.minigames.MiniGameService, class com.almasb.fxgl.net.NetService, class com.almasb.fxgl.app.services.UpdaterService, class com.almasb.fxgl.dev.DevService]
11:10:16.477 [FXGL Background Thread 3 ] DEBUG Engine               - fontGame: Abel-Regular.ttf
11:10:16.477 [FXGL Background Thread 3 ] DEBUG Engine               - fontMono: TerminalLandMono-Regular.otf
11:10:16.477 [FXGL Background Thread 3 ] DEBUG Engine               - fontSizeScaleUI: 1.0
11:10:16.477 [FXGL Background Thread 3 ] DEBUG Engine               - fontText: Courier-Prime.ttf
11:10:16.477 [FXGL Background Thread 3 ] DEBUG Engine               - fontUI: VarelaRound-Regular.ttf
11:10:16.477 [FXGL Background Thread 3 ] DEBUG Engine               - fullScreen: BooleanProperty [value: false]
11:10:16.477 [FXGL Background Thread 3 ] DEBUG Engine               - gameDifficulty: MEDIUM
11:10:16.478 [FXGL Background Thread 3 ] DEBUG Engine               - gameDifficultyProperty: ObjectProperty [value: MEDIUM]
11:10:16.478 [FXGL Background Thread 3 ] DEBUG Engine               - globalMusicVolume: 0.5
11:10:16.478 [FXGL Background Thread 3 ] DEBUG Engine               - globalMusicVolumeProperty: DoubleProperty [value: 0.5]
11:10:16.478 [FXGL Background Thread 3 ] DEBUG Engine               - globalSoundVolume: 0.5
11:10:16.478 [FXGL Background Thread 3 ] DEBUG Engine               - globalSoundVolumeProperty: DoubleProperty [value: 0.5]
11:10:16.478 [FXGL Background Thread 3 ] DEBUG Engine               - height: 700
11:10:16.478 [FXGL Background Thread 3 ] DEBUG Engine               - is3D: false
11:10:16.478 [FXGL Background Thread 3 ] DEBUG Engine               - isAndroid: false
11:10:16.478 [FXGL Background Thread 3 ] DEBUG Engine               - isBrowser: false
11:10:16.478 [FXGL Background Thread 3 ] DEBUG Engine               - isClickFeedbackEnabled: false
11:10:16.478 [FXGL Background Thread 3 ] DEBUG Engine               - isCloseConfirmation: false
11:10:16.478 [FXGL Background Thread 3 ] DEBUG Engine               - isDesktop: true
11:10:16.478 [FXGL Background Thread 3 ] DEBUG Engine               - isDeveloperMenuEnabled: false
11:10:16.478 [FXGL Background Thread 3 ] DEBUG Engine               - isEmbedded: false
11:10:16.478 [FXGL Background Thread 3 ] DEBUG Engine               - isEntityPreloadEnabled: true
11:10:16.478 [FXGL Background Thread 3 ] DEBUG Engine               - isExperimentalTiledLargeMap: false
11:10:16.478 [FXGL Background Thread 3 ] DEBUG Engine               - isFileSystemWriteAllowed: true
11:10:16.478 [FXGL Background Thread 3 ] DEBUG Engine               - isFullScreenAllowed: false
11:10:16.478 [FXGL Background Thread 3 ] DEBUG Engine               - isFullScreenFromStart: false
11:10:16.478 [FXGL Background Thread 3 ] DEBUG Engine               - isGameMenuEnabled: true
11:10:16.478 [FXGL Background Thread 3 ] DEBUG Engine               - isIOS: false
11:10:16.478 [FXGL Background Thread 3 ] DEBUG Engine               - isIntroEnabled: false
11:10:16.478 [FXGL Background Thread 3 ] DEBUG Engine               - isLinux: false
11:10:16.478 [FXGL Background Thread 3 ] DEBUG Engine               - isMac: false
11:10:16.479 [FXGL Background Thread 3 ] DEBUG Engine               - isMainMenuEnabled: false
11:10:16.479 [FXGL Background Thread 3 ] DEBUG Engine               - isManualResizeEnabled: false
11:10:16.479 [FXGL Background Thread 3 ] DEBUG Engine               - isMobile: false
11:10:16.479 [FXGL Background Thread 3 ] DEBUG Engine               - isNative: false
11:10:16.479 [FXGL Background Thread 3 ] DEBUG Engine               - isPauseMusicWhenMinimized: true
11:10:16.479 [FXGL Background Thread 3 ] DEBUG Engine               - isPreserveResizeRatio: false
11:10:16.479 [FXGL Background Thread 3 ] DEBUG Engine               - isProfilingEnabled: false
11:10:16.479 [FXGL Background Thread 3 ] DEBUG Engine               - isScaleAffectedOnResize: true
11:10:16.479 [FXGL Background Thread 3 ] DEBUG Engine               - isSingleStep: false
11:10:16.479 [FXGL Background Thread 3 ] DEBUG Engine               - isUserProfileEnabled: false
11:10:16.479 [FXGL Background Thread 3 ] DEBUG Engine               - isWindows: true
11:10:16.479 [FXGL Background Thread 3 ] DEBUG Engine               - language: ObjectProperty [value: ENGLISH]
11:10:16.479 [FXGL Background Thread 3 ] DEBUG Engine               - menuKey: ESCAPE
11:10:16.479 [FXGL Background Thread 3 ] DEBUG Engine               - mouseSensitivity: 0.2
11:10:16.479 [FXGL Background Thread 3 ] DEBUG Engine               - notificationViewClass: class com.almasb.fxgl.notification.view.XboxNotificationView
11:10:16.479 [FXGL Background Thread 3 ] DEBUG Engine               - pixelsPerMeter: 50.0
11:10:16.479 [FXGL Background Thread 3 ] DEBUG Engine               - platform: WINDOWS
11:10:16.479 [FXGL Background Thread 3 ] DEBUG Engine               - prefHeightProperty: ReadOnlyDoubleProperty [value: 700.0]
11:10:16.479 [FXGL Background Thread 3 ] DEBUG Engine               - prefWidthProperty: ReadOnlyDoubleProperty [value: 1400.0]
11:10:16.479 [FXGL Background Thread 3 ] DEBUG Engine               - profileDir: profiles/
11:10:16.479 [FXGL Background Thread 3 ] DEBUG Engine               - profileName: StringProperty [value: DEFAULT]
11:10:16.479 [FXGL Background Thread 3 ] DEBUG Engine               - randomSeed: -1
11:10:16.480 [FXGL Background Thread 3 ] DEBUG Engine               - runtimeInfo: RuntimeInfo(platform=WINDOWS, version=17.3, build=30.03.2023 11.49)
11:10:16.480 [FXGL Background Thread 3 ] DEBUG Engine               - saveFileExt: sav
11:10:16.480 [FXGL Background Thread 3 ] DEBUG Engine               - scaledHeightProp$fxgl: DoubleProperty [bound, value: 700.0]
11:10:16.480 [FXGL Background Thread 3 ] DEBUG Engine               - scaledWidthProp$fxgl: DoubleProperty [bound, value: 1400.0]
11:10:16.480 [FXGL Background Thread 3 ] DEBUG Engine               - sceneFactory: com.almasb.fxgl.app.scene.SceneFactory@624c6035
11:10:16.480 [FXGL Background Thread 3 ] DEBUG Engine               - secondsIn24h: 60
11:10:16.480 [FXGL Background Thread 3 ] DEBUG Engine               - soundMenuBack: menu/back.wav
11:10:16.480 [FXGL Background Thread 3 ] DEBUG Engine               - soundMenuPress: menu/press.wav
11:10:16.480 [FXGL Background Thread 3 ] DEBUG Engine               - soundMenuSelect: menu/select.wav
11:10:16.480 [FXGL Background Thread 3 ] DEBUG Engine               - soundNotification: core/notification.wav
11:10:16.480 [FXGL Background Thread 3 ] DEBUG Engine               - stageStyle: DECORATED
11:10:16.480 [FXGL Background Thread 3 ] DEBUG Engine               - supportedLanguages: [ENGLISH, FRENCH, GERMAN, HUNGARIAN, RUSSIAN]
11:10:16.480 [FXGL Background Thread 3 ] DEBUG Engine               - ticksPerSecond: -1
11:10:16.480 [FXGL Background Thread 3 ] DEBUG Engine               - title: Simulador de Restaurante
11:10:16.480 [FXGL Background Thread 3 ] DEBUG Engine               - urlGithub: https://github.com/AlmasB/FXGL
11:10:16.480 [FXGL Background Thread 3 ] DEBUG Engine               - urlLeaderboard: http://fxgl-top.herokuapp.com/
11:10:16.480 [FXGL Background Thread 3 ] DEBUG Engine               - urlPOM: https://raw.githubusercontent.com/AlmasB/FXGL/release/README.md
11:10:16.480 [FXGL Background Thread 3 ] DEBUG Engine               - userAppClass: class com.Simulador.Restaurante.RestaurantSimulator
11:10:16.480 [FXGL Background Thread 3 ] DEBUG Engine               - version: 1.0
11:10:16.481 [FXGL Background Thread 3 ] DEBUG Engine               - versionCheckDays: 7
11:10:16.481 [FXGL Background Thread 3 ] DEBUG Engine               - width: 1400
11:10:16.481 [FXGL Background Thread 3 ] DEBUG Engine               - Logging services
11:10:16.481 [FXGL Background Thread 3 ] DEBUG Engine               - class com.almasb.fxgl.app.services.FXGLAssetLoaderService
11:10:16.481 [FXGL Background Thread 3 ] DEBUG Engine               - class com.almasb.fxgl.app.FXGLApplication$GameApplicationService
11:10:16.481 [FXGL Background Thread 3 ] DEBUG Engine               - class com.almasb.fxgl.app.services.FXGLDialogService
11:10:16.481 [FXGL Background Thread 3 ] DEBUG Engine               - class com.almasb.fxgl.app.services.IOTaskExecutorService
11:10:16.481 [FXGL Background Thread 3 ] DEBUG Engine               - class com.almasb.fxgl.io.FileSystemService
11:10:16.481 [FXGL Background Thread 3 ] DEBUG Engine               - class com.almasb.fxgl.localization.LocalizationService
11:10:16.481 [FXGL Background Thread 3 ] DEBUG Engine               - class com.almasb.fxgl.app.services.SystemBundleService
11:10:16.481 [FXGL Background Thread 3 ] DEBUG Engine               - class com.almasb.fxgl.profile.SaveLoadService
11:10:16.481 [FXGL Background Thread 3 ] DEBUG Engine               - class com.almasb.fxgl.ui.FXGLUIFactoryServiceProvider
11:10:16.481 [FXGL Background Thread 3 ] DEBUG Engine               - class com.almasb.fxgl.ui.FXGLDialogFactoryServiceProvider
11:10:16.481 [FXGL Background Thread 3 ] DEBUG Engine               - class com.almasb.fxgl.audio.AudioPlayer
11:10:16.481 [FXGL Background Thread 3 ] DEBUG Engine               - class com.almasb.fxgl.notification.impl.NotificationServiceProvider
11:10:16.481 [FXGL Background Thread 3 ] DEBUG Engine               - class com.almasb.fxgl.achievement.AchievementService
11:10:16.481 [FXGL Background Thread 3 ] DEBUG Engine               - class com.almasb.fxgl.cutscene.CutsceneService
11:10:16.481 [FXGL Background Thread 3 ] DEBUG Engine               - class com.almasb.fxgl.minigames.MiniGameService
11:10:16.481 [FXGL Background Thread 3 ] DEBUG Engine               - class com.almasb.fxgl.net.NetService
11:10:16.481 [FXGL Background Thread 3 ] DEBUG Engine               - class com.almasb.fxgl.app.services.UpdaterService
11:10:16.481 [FXGL Background Thread 3 ] DEBUG Engine               - class com.almasb.fxgl.dev.DevService
11:10:33.634 [JavaFX Application Thread] DEBUG FXGLApplication      - Exiting FXGL
11:10:33.634 [JavaFX Application Thread] DEBUG LoopRunner           - Stopping loop
11:10:33.634 [JavaFX Application Thread] DEBUG SystemBundleService  - Saving FXGL system data
11:10:33.636 [JavaFX Application Thread] DEBUG FileSystemAccess     - Writing to: C:\Users\Jose Alberto Morales\Documents\7to Cuatrimestre\Programacion concurrente\Restaurant\system\fxgl.bundle
11:10:33.637 [JavaFX Application Thread] DEBUG Async                - Shutting down background threads
11:10:33.638 [JavaFX Application Thread] DEBUG PrimaryStageWindow   - Closing main window
11:10:33.661 [JavaFX Application Thread] DEBUG Logger               - Closing Logger
