12:51:00.819 [main                     ] DEBUG Logger               - Configured Logger
12:51:00.847 [main                     ] DEBUG GameApplication      - Logging settings
Title: Simulador Restaurante
Version: 0.1
Width: 1300
Height: 650
Fullscreen: false
Intro: false
Profiling: false
Single step:false
App Mode: DEVELOPER
Menu Key: ESCAPE
Stage Style: DECORATED
Scene Factory: class com.Simulador.Restaurante.RestaurantSimulator$1

12:51:01.192 [JavaFX Application Thread] DEBUG FXGLApplication      - Initializing FXGL
12:51:01.196 [JavaFX Application Thread] INFO  Engine               - FXGL-17.3 (30.03.2023 11.49) on WINDOWS (J:21.0.5 FX:21)
12:51:01.196 [JavaFX Application Thread] DEBUG Engine               - JRE Vendor Name: Oracle Corporation
12:51:01.196 [JavaFX Application Thread] DEBUG Engine               - Running on OS: Windows 11 version 10.0
12:51:01.196 [JavaFX Application Thread] DEBUG Engine               - Architecture: amd64
12:51:01.196 [JavaFX Application Thread] INFO  Engine               - Source code and latest versions at: https://github.com/AlmasB/FXGL
12:51:01.197 [JavaFX Application Thread] INFO  Engine               -       Ask questions and discuss at: https://github.com/AlmasB/FXGL/discussions
12:51:01.197 [JavaFX Application Thread] INFO  Engine               -              Join the FXGL chat at: https://gitter.im/AlmasB/FXGL
12:51:01.268 [JavaFX Application Thread] DEBUG PrimaryStageWindow   - Creating a JavaFX scene
12:51:01.310 [JavaFX Application Thread] DEBUG PrimaryStageWindow   - Target settings size: 1300.0 x 650.0
12:51:01.310 [JavaFX Application Thread] DEBUG PrimaryStageWindow   - Scaled scene size:    1300.0 x 650.0
12:51:01.310 [JavaFX Application Thread] DEBUG PrimaryStageWindow   - Scaled ratio: (1.0, 1.0)
12:51:01.311 [JavaFX Application Thread] DEBUG PrimaryStageWindow   - Set initial scene to FXGLStartupScene
12:51:01.314 [JavaFX Application Thread] DEBUG PrimaryStageWindow   - Opening main window
12:51:01.388 [JavaFX Application Thread] DEBUG PrimaryStageWindow   - Window border size: (14.4000244140625, 38.0)
12:51:01.388 [JavaFX Application Thread] DEBUG PrimaryStageWindow   - Scaled size: 1300.0 x 650.0
12:51:01.388 [JavaFX Application Thread] DEBUG PrimaryStageWindow   - Scaled ratio: (1.0, 1.0)
12:51:01.389 [JavaFX Application Thread] DEBUG PrimaryStageWindow   - Scene size: 1300.0 x 650.0
12:51:01.389 [JavaFX Application Thread] DEBUG PrimaryStageWindow   - Stage size: 1314.4000244140625 x 688.0
12:51:01.396 [FXGL Background Thread 1 ] DEBUG Engine               - Initializing environment variables
12:51:01.452 [FXGL Background Thread 1 ] DEBUG FXGLAssetLoaderServi - User app class for loading assets: class com.Simulador.Restaurante.RestaurantSimulator
12:51:01.453 [FXGL Background Thread 1 ] DEBUG GameApplicationServi - Applying CSS: fxgl_dark.css
12:51:01.453 [FXGL Background Thread 1 ] DEBUG FXGLAssetLoaderServi - Loading from file system: jar:file:///C:/Users/Jose%20Alberto%20Morales/.m2/repository/com/github/almasb/fxgl/17.3/fxgl-17.3.jar!/fxglassets/ui/css/fxgl_dark.css
12:51:01.501 [FXGL Background Thread 1 ] DEBUG GameApplicationServi - Initializing application scenes
12:51:01.533 [FXGL Background Thread 1 ] DEBUG GameWorld            - Game world initialized
12:51:01.607 [FXGL Background Thread 1 ] DEBUG PhysicsWorld         - Physics world initialized: appHeight=650, physics.ppm=50.0
12:51:01.607 [FXGL Background Thread 1 ] DEBUG PhysicsWorld         - Using strategy: BRUTE_FORCE
12:51:01.612 [FXGL Background Thread 1 ] DEBUG GameScene            - Game scene initialized: 1300x650
12:51:01.658 [FXGL Background Thread 1 ] DEBUG FXGL.DefaultMenu     - createMenuBodyGameMenu()
12:51:01.662 [FXGL Background Thread 1 ] DEBUG FXGL.DefaultMenu     - createOptionsMenu()
12:51:01.669 [FXGL Background Thread 1 ] DEBUG FXGLAssetLoaderServi - Loading from file system: jar:file:///C:/Users/Jose%20Alberto%20Morales/.m2/repository/com/github/almasb/fxgl/17.3/fxgl-17.3.jar!/fxglassets/textures/particles/smoke.png
12:51:01.742 [FXGL Background Thread 1 ] DEBUG FXGLAssetLoaderServi - Loading from file system: jar:file:///C:/Users/Jose%20Alberto%20Morales/.m2/repository/com/github/almasb/fxgl/17.3/fxgl-17.3.jar!/fxglassets/textures/particles/trace_horizontal.png
12:51:01.774 [FXGL Background Thread 1 ] DEBUG GameApplicationServi - Application scenes initialized
12:51:01.782 [FXGL Background Thread 1 ] DEBUG SystemBundleService  - Loading FXGL system data
12:51:01.786 [FXGL Background Thread 1 ] DEBUG FileSystemAccess     - Reading from: C:\Users\Jose Alberto Morales\Documents\7to Cuatrimestre\Programacion concurrente\Restaurant\system\fxgl.bundle
12:51:01.795 [FXGL Background Thread 1 ] DEBUG SystemBundleService  - Bundle FXGL: {}
12:51:01.795 [FXGL Background Thread 1 ] DEBUG UpdaterService       - Checking for updates
12:51:01.799 [FXGL Background Thread 4 ] DEBUG FXGLApplication      - Loading fonts
12:51:01.799 [FXGL Background Thread 1 ] DEBUG FXGLApplication      - Loading default localization
12:51:01.800 [FXGL Background Thread 4 ] DEBUG FXGLAssetLoaderServi - Loading from file system: jar:file:///C:/Users/Jose%20Alberto%20Morales/.m2/repository/com/github/almasb/fxgl/17.3/fxgl-17.3.jar!/fxglassets/ui/fonts/VarelaRound-Regular.ttf
12:51:01.800 [FXGL Background Thread 1 ] DEBUG FXGLAssetLoaderServi - Loading from file system: jar:file:///C:/Users/Jose%20Alberto%20Morales/.m2/repository/com/github/almasb/fxgl/17.3/fxgl-17.3.jar!/fxglassets/languages/english.lang
12:51:01.818 [FXGL Background Thread 1 ] INFO  FXGLApplication      - FXGL initialization took: 0.422 sec
12:51:01.819 [JavaFX Application Thread] DEBUG FXGLAssetLoaderServi - Loading from file system: jar:file:///C:/Users/Jose%20Alberto%20Morales/.m2/repository/com/github/almasb/fxgl/17.3/fxgl-17.3.jar!/fxglassets/textures/fxgl_icon.png
12:51:01.837 [FXGL Background Thread 4 ] DEBUG FXGLAssetLoaderServi - Loading from file system: jar:file:///C:/Users/Jose%20Alberto%20Morales/.m2/repository/com/github/almasb/fxgl/17.3/fxgl-17.3.jar!/fxglassets/ui/fonts/Abel-Regular.ttf
12:51:01.843 [JavaFX Application Thread] DEBUG FXGLAssetLoaderServi - Loading from file system: jar:file:///C:/Users/Jose%20Alberto%20Morales/.m2/repository/com/github/almasb/fxgl/17.3/fxgl-17.3.jar!/fxglassets/textures/fxgl_default_cursor.png
12:51:01.843 [FXGL Background Thread 4 ] DEBUG FXGLAssetLoaderServi - Loading from file system: jar:file:///C:/Users/Jose%20Alberto%20Morales/.m2/repository/com/github/almasb/fxgl/17.3/fxgl-17.3.jar!/fxglassets/ui/fonts/TerminalLandMono-Regular.otf
12:51:01.847 [FXGL Background Thread 4 ] DEBUG FXGLAssetLoaderServi - Loading from file system: jar:file:///C:/Users/Jose%20Alberto%20Morales/.m2/repository/com/github/almasb/fxgl/17.3/fxgl-17.3.jar!/fxglassets/ui/fonts/Courier-Prime.ttf
12:51:01.855 [JavaFX Application Thread] DEBUG Input                - Registered new binding: Screenshot - CTRL+8
12:51:01.855 [JavaFX Application Thread] DEBUG Input                - Registered new binding: System info dump - CTRL+9
12:51:01.855 [JavaFX Application Thread] DEBUG Input                - Registered new binding: Restart - CTRL+R
12:51:01.856 [JavaFX Application Thread] DEBUG Input                - Registered new binding: Toggle Debug Camera - CTRL+7
12:51:01.859 [JavaFX Application Thread] DEBUG LoopRunner           - Starting loop
12:51:01.859 [JavaFX Application Thread] DEBUG LoopRunner           - Initializing JavaFX AnimationTimerLoop
12:51:01.860 [JavaFX Application Thread] DEBUG Input                - Clearing active input actions
12:51:01.868 [JavaFX Application Thread] DEBUG GameApplicationServi - Removing overlay from FXGLStartupScene and adding to FXGLMainMenuDummyScene
12:51:01.869 [JavaFX Application Thread] DEBUG PrimaryStageWindow   - FXGLStartupScene -> FXGLMainMenuDummyScene
12:51:01.869 [JavaFX Application Thread] DEBUG PrimaryStageWindow   - Push state: MainMenu
12:51:01.869 [JavaFX Application Thread] DEBUG Input                - Clearing active input actions
12:51:01.879 [JavaFX Application Thread] DEBUG GameApplicationServi - Removing overlay from FXGLMainMenuDummyScene and adding to MainMenu
12:51:01.879 [JavaFX Application Thread] DEBUG PrimaryStageWindow   - FXGLMainMenuDummyScene -> MainMenu
12:51:01.883 [JavaFX Application Thread] DEBUG FXGLApplication      - Registering font factories with UI factory
12:51:02.455 [JavaFX Application Thread] DEBUG Menu                 - fireNewGame()
12:51:02.455 [JavaFX Application Thread] DEBUG GameApplicationServi - Starting new game
12:51:02.456 [JavaFX Application Thread] DEBUG PrimaryStageWindow   - Pop state: MainMenu
12:51:02.456 [JavaFX Application Thread] DEBUG Input                - Clearing active input actions
12:51:02.457 [JavaFX Application Thread] DEBUG GameApplicationServi - Removing overlay from MainMenu and adding to FXGLMainMenuDummyScene
12:51:02.457 [JavaFX Application Thread] DEBUG PrimaryStageWindow   - FXGLMainMenuDummyScene <- MainMenu
12:51:02.458 [JavaFX Application Thread] DEBUG Input                - Clearing active input actions
12:51:02.469 [JavaFX Application Thread] DEBUG GameApplicationServi - Removing overlay from FXGLMainMenuDummyScene and adding to FXGLLoadingScene
12:51:02.469 [JavaFX Application Thread] DEBUG PrimaryStageWindow   - FXGLMainMenuDummyScene -> FXGLLoadingScene
12:51:02.469 [JavaFX Application Thread] DEBUG GameApplicationServi - Clearing previous game
12:51:02.470 [JavaFX Application Thread] DEBUG GameScene            - Clearing game scene
12:51:02.470 [JavaFX Application Thread] DEBUG GameWorld            - Clearing game world
12:51:02.470 [JavaFX Application Thread] DEBUG PhysicsWorld         - Clearing physics world
12:51:02.471 [FXGL Background Thread 4 ] DEBUG FXGLApplication      - Initializing game
12:51:02.569 [FXGL Background Thread 4 ] INFO  FXGLApplication      - Game initialization took: 0.099 sec
12:51:02.570 [JavaFX Application Thread] DEBUG Input                - Clearing active input actions
12:51:02.582 [JavaFX Application Thread] DEBUG GameApplicationServi - Removing overlay from FXGLLoadingScene and adding to GameScene
12:51:02.583 [JavaFX Application Thread] DEBUG PrimaryStageWindow   - FXGLLoadingScene -> GameScene
12:51:02.646 [FXGL Background Thread 2 ] INFO  UpdaterService       - Your current version:  17.3
12:51:02.647 [FXGL Background Thread 2 ] INFO  UpdaterService       - Latest stable version: 21.1
12:51:04.480 [JavaFX Application Thread] DEBUG FXGLApplication      - Exiting FXGL
12:51:04.480 [JavaFX Application Thread] DEBUG LoopRunner           - Stopping loop
12:51:04.480 [JavaFX Application Thread] DEBUG SystemBundleService  - Saving FXGL system data
12:51:04.482 [JavaFX Application Thread] DEBUG FileSystemAccess     - Writing to: C:\Users\Jose Alberto Morales\Documents\7to Cuatrimestre\Programacion concurrente\Restaurant\system\fxgl.bundle
12:51:04.483 [JavaFX Application Thread] DEBUG Async                - Shutting down background threads
12:51:04.483 [JavaFX Application Thread] DEBUG PrimaryStageWindow   - Closing main window
12:51:04.499 [JavaFX Application Thread] DEBUG Logger               - Closing Logger
