11:28:11.626 [main                     ] DEBUG Logger               - Configured Logger
11:28:11.648 [main                     ] DEBUG GameApplication      - Logging settings
Title: Simulador Restaurante
Version: 0.1
Width: 1300
Height: 600
Fullscreen: false
Intro: false
Profiling: false
Single step:false
App Mode: DEVELOPER
Menu Key: ESCAPE
Stage Style: DECORATED
Scene Factory: class com.Simulador.Restaurante.RestaurantSimulator$1

11:28:11.974 [JavaFX Application Thread] DEBUG FXGLApplication      - Initializing FXGL
11:28:11.979 [JavaFX Application Thread] INFO  Engine               - FXGL-17.3 (30.03.2023 11.49) on WINDOWS (J:21.0.5 FX:21)
11:28:11.979 [JavaFX Application Thread] DEBUG Engine               - JRE Vendor Name: Oracle Corporation
11:28:11.979 [JavaFX Application Thread] DEBUG Engine               - Running on OS: Windows 11 version 10.0
11:28:11.979 [JavaFX Application Thread] DEBUG Engine               - Architecture: amd64
11:28:11.979 [JavaFX Application Thread] INFO  Engine               - Source code and latest versions at: https://github.com/AlmasB/FXGL
11:28:11.979 [JavaFX Application Thread] INFO  Engine               -       Ask questions and discuss at: https://github.com/AlmasB/FXGL/discussions
11:28:11.979 [JavaFX Application Thread] INFO  Engine               -              Join the FXGL chat at: https://gitter.im/AlmasB/FXGL
11:28:12.050 [JavaFX Application Thread] DEBUG PrimaryStageWindow   - Creating a JavaFX scene
11:28:12.089 [JavaFX Application Thread] DEBUG PrimaryStageWindow   - Target settings size: 1300.0 x 600.0
11:28:12.089 [JavaFX Application Thread] DEBUG PrimaryStageWindow   - Scaled scene size:    1300.0 x 600.0
11:28:12.090 [JavaFX Application Thread] DEBUG PrimaryStageWindow   - Scaled ratio: (1.0, 1.0)
11:28:12.091 [JavaFX Application Thread] DEBUG PrimaryStageWindow   - Set initial scene to FXGLStartupScene
11:28:12.094 [JavaFX Application Thread] DEBUG PrimaryStageWindow   - Opening main window
11:28:12.178 [JavaFX Application Thread] DEBUG PrimaryStageWindow   - Window border size: (14.4000244140625, 37.5999755859375)
11:28:12.178 [JavaFX Application Thread] DEBUG PrimaryStageWindow   - Scaled size: 1300.0 x 600.0
11:28:12.178 [JavaFX Application Thread] DEBUG PrimaryStageWindow   - Scaled ratio: (1.0, 1.0)
11:28:12.178 [JavaFX Application Thread] DEBUG PrimaryStageWindow   - Scene size: 1300.0 x 600.0
11:28:12.179 [JavaFX Application Thread] DEBUG PrimaryStageWindow   - Stage size: 1314.4000244140625 x 637.5999755859375
11:28:12.187 [FXGL Background Thread 1 ] DEBUG Engine               - Initializing environment variables
11:28:12.244 [FXGL Background Thread 1 ] DEBUG FXGLAssetLoaderServi - User app class for loading assets: class com.Simulador.Restaurante.RestaurantSimulator
11:28:12.244 [FXGL Background Thread 1 ] DEBUG GameApplicationServi - Applying CSS: fxgl_dark.css
11:28:12.246 [FXGL Background Thread 1 ] DEBUG FXGLAssetLoaderServi - Loading from file system: jar:file:///C:/Users/Jose%20Alberto%20Morales/.m2/repository/com/github/almasb/fxgl/17.3/fxgl-17.3.jar!/fxglassets/ui/css/fxgl_dark.css
11:28:12.293 [FXGL Background Thread 1 ] DEBUG GameApplicationServi - Initializing application scenes
11:28:12.333 [FXGL Background Thread 1 ] DEBUG GameWorld            - Game world initialized
11:28:12.410 [FXGL Background Thread 1 ] DEBUG PhysicsWorld         - Physics world initialized: appHeight=600, physics.ppm=50.0
11:28:12.411 [FXGL Background Thread 1 ] DEBUG PhysicsWorld         - Using strategy: BRUTE_FORCE
11:28:12.414 [FXGL Background Thread 1 ] DEBUG GameScene            - Game scene initialized: 1300x600
11:28:12.466 [FXGL Background Thread 1 ] DEBUG FXGL.DefaultMenu     - createMenuBodyGameMenu()
11:28:12.474 [FXGL Background Thread 1 ] DEBUG FXGL.DefaultMenu     - createOptionsMenu()
11:28:12.484 [FXGL Background Thread 1 ] DEBUG FXGLAssetLoaderServi - Loading from file system: jar:file:///C:/Users/Jose%20Alberto%20Morales/.m2/repository/com/github/almasb/fxgl/17.3/fxgl-17.3.jar!/fxglassets/textures/particles/smoke.png
11:28:12.570 [FXGL Background Thread 1 ] DEBUG FXGLAssetLoaderServi - Loading from file system: jar:file:///C:/Users/Jose%20Alberto%20Morales/.m2/repository/com/github/almasb/fxgl/17.3/fxgl-17.3.jar!/fxglassets/textures/particles/trace_horizontal.png
11:28:12.605 [FXGL Background Thread 1 ] DEBUG GameApplicationServi - Application scenes initialized
11:28:12.616 [FXGL Background Thread 1 ] DEBUG SystemBundleService  - Loading FXGL system data
11:28:12.619 [FXGL Background Thread 1 ] DEBUG FileSystemAccess     - Reading from: C:\Users\Jose Alberto Morales\Documents\7to Cuatrimestre\Programacion concurrente\Restaurant\system\fxgl.bundle
11:28:12.629 [FXGL Background Thread 1 ] DEBUG SystemBundleService  - Bundle FXGL: {}
11:28:12.630 [FXGL Background Thread 1 ] DEBUG UpdaterService       - Checking for updates
11:28:12.634 [FXGL Background Thread 4 ] DEBUG FXGLApplication      - Loading fonts
11:28:12.635 [FXGL Background Thread 1 ] DEBUG FXGLApplication      - Loading default localization
11:28:12.635 [FXGL Background Thread 4 ] DEBUG FXGLAssetLoaderServi - Loading from file system: jar:file:///C:/Users/Jose%20Alberto%20Morales/.m2/repository/com/github/almasb/fxgl/17.3/fxgl-17.3.jar!/fxglassets/ui/fonts/VarelaRound-Regular.ttf
11:28:12.636 [FXGL Background Thread 1 ] DEBUG FXGLAssetLoaderServi - Loading from file system: jar:file:///C:/Users/Jose%20Alberto%20Morales/.m2/repository/com/github/almasb/fxgl/17.3/fxgl-17.3.jar!/fxglassets/languages/english.lang
11:28:12.655 [FXGL Background Thread 1 ] INFO  FXGLApplication      - FXGL initialization took: 0.467 sec
11:28:12.656 [JavaFX Application Thread] DEBUG FXGLAssetLoaderServi - Loading from file system: jar:file:///C:/Users/Jose%20Alberto%20Morales/.m2/repository/com/github/almasb/fxgl/17.3/fxgl-17.3.jar!/fxglassets/textures/fxgl_icon.png
11:28:12.669 [FXGL Background Thread 4 ] DEBUG FXGLAssetLoaderServi - Loading from file system: jar:file:///C:/Users/Jose%20Alberto%20Morales/.m2/repository/com/github/almasb/fxgl/17.3/fxgl-17.3.jar!/fxglassets/ui/fonts/Abel-Regular.ttf
11:28:12.673 [FXGL Background Thread 4 ] DEBUG FXGLAssetLoaderServi - Loading from file system: jar:file:///C:/Users/Jose%20Alberto%20Morales/.m2/repository/com/github/almasb/fxgl/17.3/fxgl-17.3.jar!/fxglassets/ui/fonts/TerminalLandMono-Regular.otf
11:28:12.675 [JavaFX Application Thread] DEBUG FXGLAssetLoaderServi - Loading from file system: jar:file:///C:/Users/Jose%20Alberto%20Morales/.m2/repository/com/github/almasb/fxgl/17.3/fxgl-17.3.jar!/fxglassets/textures/fxgl_default_cursor.png
11:28:12.677 [FXGL Background Thread 4 ] DEBUG FXGLAssetLoaderServi - Loading from file system: jar:file:///C:/Users/Jose%20Alberto%20Morales/.m2/repository/com/github/almasb/fxgl/17.3/fxgl-17.3.jar!/fxglassets/ui/fonts/Courier-Prime.ttf
11:28:12.686 [JavaFX Application Thread] DEBUG Input                - Registered new binding: Screenshot - CTRL+8
11:28:12.687 [JavaFX Application Thread] DEBUG Input                - Registered new binding: System info dump - CTRL+9
11:28:12.687 [JavaFX Application Thread] DEBUG Input                - Registered new binding: Restart - CTRL+R
11:28:12.688 [JavaFX Application Thread] DEBUG Input                - Registered new binding: Toggle Debug Camera - CTRL+7
11:28:12.690 [JavaFX Application Thread] DEBUG LoopRunner           - Starting loop
11:28:12.691 [JavaFX Application Thread] DEBUG LoopRunner           - Initializing JavaFX AnimationTimerLoop
11:28:12.694 [JavaFX Application Thread] DEBUG Input                - Clearing active input actions
11:28:12.702 [JavaFX Application Thread] DEBUG GameApplicationServi - Removing overlay from FXGLStartupScene and adding to FXGLMainMenuDummyScene
11:28:12.702 [JavaFX Application Thread] DEBUG PrimaryStageWindow   - FXGLStartupScene -> FXGLMainMenuDummyScene
11:28:12.702 [JavaFX Application Thread] DEBUG PrimaryStageWindow   - Push state: MainMenu
11:28:12.702 [JavaFX Application Thread] DEBUG Input                - Clearing active input actions
11:28:12.711 [JavaFX Application Thread] DEBUG GameApplicationServi - Removing overlay from FXGLMainMenuDummyScene and adding to MainMenu
11:28:12.712 [JavaFX Application Thread] DEBUG PrimaryStageWindow   - FXGLMainMenuDummyScene -> MainMenu
11:28:12.712 [JavaFX Application Thread] DEBUG FXGLApplication      - Registering font factories with UI factory
11:28:13.604 [FXGL Background Thread 2 ] INFO  UpdaterService       - Your current version:  17.3
11:28:13.604 [FXGL Background Thread 2 ] INFO  UpdaterService       - Latest stable version: 21.1
11:28:14.088 [JavaFX Application Thread] DEBUG Menu                 - fireNewGame()
11:28:14.088 [JavaFX Application Thread] DEBUG GameApplicationServi - Starting new game
11:28:14.088 [JavaFX Application Thread] DEBUG PrimaryStageWindow   - Pop state: MainMenu
11:28:14.088 [JavaFX Application Thread] DEBUG Input                - Clearing active input actions
11:28:14.089 [JavaFX Application Thread] DEBUG GameApplicationServi - Removing overlay from MainMenu and adding to FXGLMainMenuDummyScene
11:28:14.089 [JavaFX Application Thread] DEBUG PrimaryStageWindow   - FXGLMainMenuDummyScene <- MainMenu
11:28:14.089 [JavaFX Application Thread] DEBUG Input                - Clearing active input actions
11:28:14.095 [JavaFX Application Thread] DEBUG GameApplicationServi - Removing overlay from FXGLMainMenuDummyScene and adding to FXGLLoadingScene
11:28:14.095 [JavaFX Application Thread] DEBUG PrimaryStageWindow   - FXGLMainMenuDummyScene -> FXGLLoadingScene
11:28:14.095 [JavaFX Application Thread] DEBUG GameApplicationServi - Clearing previous game
11:28:14.095 [JavaFX Application Thread] DEBUG GameScene            - Clearing game scene
11:28:14.095 [JavaFX Application Thread] DEBUG GameWorld            - Clearing game world
11:28:14.095 [JavaFX Application Thread] DEBUG PhysicsWorld         - Clearing physics world
11:28:14.097 [FXGL Background Thread 2 ] DEBUG FXGLApplication      - Initializing game
11:28:14.204 [FXGL Background Thread 2 ] INFO  FXGLApplication      - Game initialization took: 0.106 sec
11:28:14.209 [JavaFX Application Thread] DEBUG Input                - Clearing active input actions
11:28:14.217 [JavaFX Application Thread] DEBUG GameApplicationServi - Removing overlay from FXGLLoadingScene and adding to GameScene
11:28:14.218 [JavaFX Application Thread] DEBUG PrimaryStageWindow   - FXGLLoadingScene -> GameScene
11:28:15.634 [FXGL Background Thread 3 ] DEBUG Engine               - Logging environment variables
11:28:15.634 [FXGL Background Thread 3 ] DEBUG Engine               - achievements: []
11:28:15.634 [FXGL Background Thread 3 ] DEBUG Engine               - actualHeight: 600.0
11:28:15.635 [FXGL Background Thread 3 ] DEBUG Engine               - actualHeightProperty: ReadOnlyDoubleProperty [value: 600.0]
11:28:15.635 [FXGL Background Thread 3 ] DEBUG Engine               - actualWidth: 1300.0
11:28:15.635 [FXGL Background Thread 3 ] DEBUG Engine               - actualWidthProperty: ReadOnlyDoubleProperty [value: 1300.0]
11:28:15.635 [FXGL Background Thread 3 ] DEBUG Engine               - appIcon: fxgl_icon.png
11:28:15.635 [FXGL Background Thread 3 ] DEBUG Engine               - applicationMode: DEVELOPER
11:28:15.635 [FXGL Background Thread 3 ] DEBUG Engine               - cSSList: [fxgl_dark.css]
11:28:15.635 [FXGL Background Thread 3 ] DEBUG Engine               - collisionDetectionStrategy: BRUTE_FORCE
11:28:15.635 [FXGL Background Thread 3 ] DEBUG Engine               - configClass: Optional.empty
11:28:15.635 [FXGL Background Thread 3 ] DEBUG Engine               - credits: []
11:28:15.635 [FXGL Background Thread 3 ] DEBUG Engine               - defaultCursor: CursorInfo(imageName=fxgl_default_cursor.png, hotspotX=7.0, hotspotY=6.0)
11:28:15.636 [FXGL Background Thread 3 ] DEBUG Engine               - devBBoxColorProperty: ObjectProperty [value: 0xff0000ff]
11:28:15.636 [FXGL Background Thread 3 ] DEBUG Engine               - devEnableDebugCameraProperty: BooleanProperty [value: false]
11:28:15.636 [FXGL Background Thread 3 ] DEBUG Engine               - devSensorColorProperty: ObjectProperty [value: 0xffff00ff]
11:28:15.636 [FXGL Background Thread 3 ] DEBUG Engine               - devShowBBoxProperty: BooleanProperty [value: false]
11:28:15.636 [FXGL Background Thread 3 ] DEBUG Engine               - devShowPositionProperty: BooleanProperty [value: false]
11:28:15.636 [FXGL Background Thread 3 ] DEBUG Engine               - enabledMenuItems: []
11:28:15.636 [FXGL Background Thread 3 ] DEBUG Engine               - engineServices: [class com.almasb.fxgl.app.services.FXGLAssetLoaderService, class com.almasb.fxgl.app.FXGLApplication$GameApplicationService, class com.almasb.fxgl.app.services.FXGLDialogService, class com.almasb.fxgl.app.services.IOTaskExecutorService, class com.almasb.fxgl.io.FileSystemService, class com.almasb.fxgl.localization.LocalizationService, class com.almasb.fxgl.app.services.SystemBundleService, class com.almasb.fxgl.profile.SaveLoadService, class com.almasb.fxgl.ui.FXGLUIFactoryServiceProvider, class com.almasb.fxgl.ui.FXGLDialogFactoryServiceProvider, class com.almasb.fxgl.audio.AudioPlayer, class com.almasb.fxgl.notification.impl.NotificationServiceProvider, class com.almasb.fxgl.achievement.AchievementService, class com.almasb.fxgl.cutscene.CutsceneService, class com.almasb.fxgl.minigames.MiniGameService, class com.almasb.fxgl.net.NetService, class com.almasb.fxgl.app.services.UpdaterService, class com.almasb.fxgl.dev.DevService]
11:28:15.636 [FXGL Background Thread 3 ] DEBUG Engine               - fontGame: Abel-Regular.ttf
11:28:15.636 [FXGL Background Thread 3 ] DEBUG Engine               - fontMono: TerminalLandMono-Regular.otf
11:28:15.636 [FXGL Background Thread 3 ] DEBUG Engine               - fontSizeScaleUI: 1.0
11:28:15.636 [FXGL Background Thread 3 ] DEBUG Engine               - fontText: Courier-Prime.ttf
11:28:15.636 [FXGL Background Thread 3 ] DEBUG Engine               - fontUI: VarelaRound-Regular.ttf
11:28:15.636 [FXGL Background Thread 3 ] DEBUG Engine               - fullScreen: BooleanProperty [value: false]
11:28:15.636 [FXGL Background Thread 3 ] DEBUG Engine               - gameDifficulty: MEDIUM
11:28:15.636 [FXGL Background Thread 3 ] DEBUG Engine               - gameDifficultyProperty: ObjectProperty [value: MEDIUM]
11:28:15.637 [FXGL Background Thread 3 ] DEBUG Engine               - globalMusicVolume: 0.5
11:28:15.637 [FXGL Background Thread 3 ] DEBUG Engine               - globalMusicVolumeProperty: DoubleProperty [value: 0.5]
11:28:15.637 [FXGL Background Thread 3 ] DEBUG Engine               - globalSoundVolume: 0.5
11:28:15.637 [FXGL Background Thread 3 ] DEBUG Engine               - globalSoundVolumeProperty: DoubleProperty [value: 0.5]
11:28:15.637 [FXGL Background Thread 3 ] DEBUG Engine               - height: 600
11:28:15.637 [FXGL Background Thread 3 ] DEBUG Engine               - is3D: false
11:28:15.637 [FXGL Background Thread 3 ] DEBUG Engine               - isAndroid: false
11:28:15.637 [FXGL Background Thread 3 ] DEBUG Engine               - isBrowser: false
11:28:15.637 [FXGL Background Thread 3 ] DEBUG Engine               - isClickFeedbackEnabled: false
11:28:15.637 [FXGL Background Thread 3 ] DEBUG Engine               - isCloseConfirmation: false
11:28:15.637 [FXGL Background Thread 3 ] DEBUG Engine               - isDesktop: true
11:28:15.637 [FXGL Background Thread 3 ] DEBUG Engine               - isDeveloperMenuEnabled: false
11:28:15.637 [FXGL Background Thread 3 ] DEBUG Engine               - isEmbedded: false
11:28:15.637 [FXGL Background Thread 3 ] DEBUG Engine               - isEntityPreloadEnabled: true
11:28:15.637 [FXGL Background Thread 3 ] DEBUG Engine               - isExperimentalTiledLargeMap: false
11:28:15.637 [FXGL Background Thread 3 ] DEBUG Engine               - isFileSystemWriteAllowed: true
11:28:15.638 [FXGL Background Thread 3 ] DEBUG Engine               - isFullScreenAllowed: false
11:28:15.638 [FXGL Background Thread 3 ] DEBUG Engine               - isFullScreenFromStart: false
11:28:15.638 [FXGL Background Thread 3 ] DEBUG Engine               - isGameMenuEnabled: true
11:28:15.638 [FXGL Background Thread 3 ] DEBUG Engine               - isIOS: false
11:28:15.638 [FXGL Background Thread 3 ] DEBUG Engine               - isIntroEnabled: false
11:28:15.638 [FXGL Background Thread 3 ] DEBUG Engine               - isLinux: false
11:28:15.638 [FXGL Background Thread 3 ] DEBUG Engine               - isMac: false
11:28:15.639 [FXGL Background Thread 3 ] DEBUG Engine               - isMainMenuEnabled: true
11:28:15.640 [FXGL Background Thread 3 ] DEBUG Engine               - isManualResizeEnabled: false
11:28:15.640 [FXGL Background Thread 3 ] DEBUG Engine               - isMobile: false
11:28:15.640 [FXGL Background Thread 3 ] DEBUG Engine               - isNative: false
11:28:15.640 [FXGL Background Thread 3 ] DEBUG Engine               - isPauseMusicWhenMinimized: true
11:28:15.641 [FXGL Background Thread 3 ] DEBUG Engine               - isPreserveResizeRatio: false
11:28:15.641 [FXGL Background Thread 3 ] DEBUG Engine               - isProfilingEnabled: false
11:28:15.641 [FXGL Background Thread 3 ] DEBUG Engine               - isScaleAffectedOnResize: true
11:28:15.641 [FXGL Background Thread 3 ] DEBUG Engine               - isSingleStep: false
11:28:15.641 [FXGL Background Thread 3 ] DEBUG Engine               - isUserProfileEnabled: false
11:28:15.641 [FXGL Background Thread 3 ] DEBUG Engine               - isWindows: true
11:28:15.641 [FXGL Background Thread 3 ] DEBUG Engine               - language: ObjectProperty [value: ENGLISH]
11:28:15.641 [FXGL Background Thread 3 ] DEBUG Engine               - menuKey: ESCAPE
11:28:15.641 [FXGL Background Thread 3 ] DEBUG Engine               - mouseSensitivity: 0.2
11:28:15.641 [FXGL Background Thread 3 ] DEBUG Engine               - notificationViewClass: class com.almasb.fxgl.notification.view.XboxNotificationView
11:28:15.641 [FXGL Background Thread 3 ] DEBUG Engine               - pixelsPerMeter: 50.0
11:28:15.641 [FXGL Background Thread 3 ] DEBUG Engine               - platform: WINDOWS
11:28:15.641 [FXGL Background Thread 3 ] DEBUG Engine               - prefHeightProperty: ReadOnlyDoubleProperty [value: 600.0]
11:28:15.641 [FXGL Background Thread 3 ] DEBUG Engine               - prefWidthProperty: ReadOnlyDoubleProperty [value: 1300.0]
11:28:15.641 [FXGL Background Thread 3 ] DEBUG Engine               - profileDir: profiles/
11:28:15.641 [FXGL Background Thread 3 ] DEBUG Engine               - profileName: StringProperty [value: DEFAULT]
11:28:15.641 [FXGL Background Thread 3 ] DEBUG Engine               - randomSeed: -1
11:28:15.641 [FXGL Background Thread 3 ] DEBUG Engine               - runtimeInfo: RuntimeInfo(platform=WINDOWS, version=17.3, build=30.03.2023 11.49)
11:28:15.642 [FXGL Background Thread 3 ] DEBUG Engine               - saveFileExt: sav
11:28:15.642 [FXGL Background Thread 3 ] DEBUG Engine               - scaledHeightProp$fxgl: DoubleProperty [bound, value: 600.0]
11:28:15.642 [FXGL Background Thread 3 ] DEBUG Engine               - scaledWidthProp$fxgl: DoubleProperty [bound, value: 1300.0]
11:28:15.642 [FXGL Background Thread 3 ] DEBUG Engine               - sceneFactory: com.Simulador.Restaurante.RestaurantSimulator$1@47c92f92
11:28:15.642 [FXGL Background Thread 3 ] DEBUG Engine               - secondsIn24h: 60
11:28:15.642 [FXGL Background Thread 3 ] DEBUG Engine               - soundMenuBack: menu/back.wav
11:28:15.642 [FXGL Background Thread 3 ] DEBUG Engine               - soundMenuPress: menu/press.wav
11:28:15.642 [FXGL Background Thread 3 ] DEBUG Engine               - soundMenuSelect: menu/select.wav
11:28:15.642 [FXGL Background Thread 3 ] DEBUG Engine               - soundNotification: core/notification.wav
11:28:15.642 [FXGL Background Thread 3 ] DEBUG Engine               - stageStyle: DECORATED
11:28:15.642 [FXGL Background Thread 3 ] DEBUG Engine               - supportedLanguages: [ENGLISH, FRENCH, GERMAN, HUNGARIAN, RUSSIAN]
11:28:15.642 [FXGL Background Thread 3 ] DEBUG Engine               - ticksPerSecond: -1
11:28:15.642 [FXGL Background Thread 3 ] DEBUG Engine               - title: Simulador Restaurante
11:28:15.642 [FXGL Background Thread 3 ] DEBUG Engine               - urlGithub: https://github.com/AlmasB/FXGL
11:28:15.642 [FXGL Background Thread 3 ] DEBUG Engine               - urlLeaderboard: http://fxgl-top.herokuapp.com/
11:28:15.642 [FXGL Background Thread 3 ] DEBUG Engine               - urlPOM: https://raw.githubusercontent.com/AlmasB/FXGL/release/README.md
11:28:15.642 [FXGL Background Thread 3 ] DEBUG Engine               - userAppClass: class com.Simulador.Restaurante.RestaurantSimulator
11:28:15.642 [FXGL Background Thread 3 ] DEBUG Engine               - version: 0.1
11:28:15.642 [FXGL Background Thread 3 ] DEBUG Engine               - versionCheckDays: 7
11:28:15.642 [FXGL Background Thread 3 ] DEBUG Engine               - width: 1300
11:28:15.642 [FXGL Background Thread 3 ] DEBUG Engine               - Logging services
11:28:15.642 [FXGL Background Thread 3 ] DEBUG Engine               - class com.almasb.fxgl.app.services.FXGLAssetLoaderService
11:28:15.642 [FXGL Background Thread 3 ] DEBUG Engine               - class com.almasb.fxgl.app.FXGLApplication$GameApplicationService
11:28:15.644 [FXGL Background Thread 3 ] DEBUG Engine               - class com.almasb.fxgl.app.services.FXGLDialogService
11:28:15.644 [FXGL Background Thread 3 ] DEBUG Engine               - class com.almasb.fxgl.app.services.IOTaskExecutorService
11:28:15.644 [FXGL Background Thread 3 ] DEBUG Engine               - class com.almasb.fxgl.io.FileSystemService
11:28:15.644 [FXGL Background Thread 3 ] DEBUG Engine               - class com.almasb.fxgl.localization.LocalizationService
11:28:15.644 [FXGL Background Thread 3 ] DEBUG Engine               - class com.almasb.fxgl.app.services.SystemBundleService
11:28:15.644 [FXGL Background Thread 3 ] DEBUG Engine               - class com.almasb.fxgl.profile.SaveLoadService
11:28:15.644 [FXGL Background Thread 3 ] DEBUG Engine               - class com.almasb.fxgl.ui.FXGLUIFactoryServiceProvider
11:28:15.644 [FXGL Background Thread 3 ] DEBUG Engine               - class com.almasb.fxgl.ui.FXGLDialogFactoryServiceProvider
11:28:15.644 [FXGL Background Thread 3 ] DEBUG Engine               - class com.almasb.fxgl.audio.AudioPlayer
11:28:15.644 [FXGL Background Thread 3 ] DEBUG Engine               - class com.almasb.fxgl.notification.impl.NotificationServiceProvider
11:28:15.644 [FXGL Background Thread 3 ] DEBUG Engine               - class com.almasb.fxgl.achievement.AchievementService
11:28:15.644 [FXGL Background Thread 3 ] DEBUG Engine               - class com.almasb.fxgl.cutscene.CutsceneService
11:28:15.644 [FXGL Background Thread 3 ] DEBUG Engine               - class com.almasb.fxgl.minigames.MiniGameService
11:28:15.645 [FXGL Background Thread 3 ] DEBUG Engine               - class com.almasb.fxgl.net.NetService
11:28:15.645 [FXGL Background Thread 3 ] DEBUG Engine               - class com.almasb.fxgl.app.services.UpdaterService
11:28:15.645 [FXGL Background Thread 3 ] DEBUG Engine               - class com.almasb.fxgl.dev.DevService
11:28:29.612 [JavaFX Application Thread] DEBUG FXGLApplication      - Exiting FXGL
11:28:29.613 [JavaFX Application Thread] DEBUG LoopRunner           - Stopping loop
11:28:29.613 [JavaFX Application Thread] DEBUG SystemBundleService  - Saving FXGL system data
11:28:29.614 [JavaFX Application Thread] DEBUG FileSystemAccess     - Writing to: C:\Users\Jose Alberto Morales\Documents\7to Cuatrimestre\Programacion concurrente\Restaurant\system\fxgl.bundle
11:28:29.616 [JavaFX Application Thread] DEBUG Async                - Shutting down background threads
11:28:29.616 [JavaFX Application Thread] DEBUG PrimaryStageWindow   - Closing main window
11:28:29.630 [JavaFX Application Thread] DEBUG Logger               - Closing Logger
