15:04:45.321 [main                     ] DEBUG Logger               - Configured Logger
15:04:45.344 [main                     ] DEBUG GameApplication      - Logging settings
Title: Simulador de Restaurante
Version: 1.0
Width: 1400
Height: 700
Fullscreen: false
Intro: false
Profiling: false
Single step:false
App Mode: DEVELOPER
Menu Key: ESCAPE
Stage Style: DECORATED
Scene Factory: class com.almasb.fxgl.app.scene.SceneFactory

15:04:45.682 [JavaFX Application Thread] DEBUG FXGLApplication      - Initializing FXGL
15:04:45.685 [JavaFX Application Thread] INFO  Engine               - FXGL-17.3 (30.03.2023 11.49) on WINDOWS (J:21.0.5 FX:21)
15:04:45.685 [JavaFX Application Thread] DEBUG Engine               - JRE Vendor Name: Oracle Corporation
15:04:45.686 [JavaFX Application Thread] DEBUG Engine               - Running on OS: Windows 11 version 10.0
15:04:45.686 [JavaFX Application Thread] DEBUG Engine               - Architecture: amd64
15:04:45.686 [JavaFX Application Thread] INFO  Engine               - Source code and latest versions at: https://github.com/AlmasB/FXGL
15:04:45.686 [JavaFX Application Thread] INFO  Engine               -       Ask questions and discuss at: https://github.com/AlmasB/FXGL/discussions
15:04:45.686 [JavaFX Application Thread] INFO  Engine               -              Join the FXGL chat at: https://gitter.im/AlmasB/FXGL
15:04:45.765 [JavaFX Application Thread] DEBUG PrimaryStageWindow   - Creating a JavaFX scene
15:04:45.807 [JavaFX Application Thread] DEBUG PrimaryStageWindow   - Target settings size: 1400.0 x 700.0
15:04:45.807 [JavaFX Application Thread] DEBUG PrimaryStageWindow   - Scaled scene size:    1400.0 x 700.0
15:04:45.807 [JavaFX Application Thread] DEBUG PrimaryStageWindow   - Scaled ratio: (1.0, 1.0)
15:04:45.808 [JavaFX Application Thread] DEBUG PrimaryStageWindow   - Set initial scene to FXGLStartupScene
15:04:45.812 [JavaFX Application Thread] DEBUG PrimaryStageWindow   - Opening main window
15:04:45.889 [JavaFX Application Thread] DEBUG PrimaryStageWindow   - Window border size: (14.4000244140625, 37.5999755859375)
15:04:45.890 [JavaFX Application Thread] DEBUG PrimaryStageWindow   - Scaled size: 1400.0 x 700.0
15:04:45.890 [JavaFX Application Thread] DEBUG PrimaryStageWindow   - Scaled ratio: (1.0, 1.0)
15:04:45.890 [JavaFX Application Thread] DEBUG PrimaryStageWindow   - Scene size: 1400.0 x 700.0
15:04:45.890 [JavaFX Application Thread] DEBUG PrimaryStageWindow   - Stage size: 1414.4000244140625 x 737.5999755859375
15:04:45.898 [FXGL Background Thread 1 ] DEBUG Engine               - Initializing environment variables
15:04:45.951 [FXGL Background Thread 1 ] DEBUG FXGLAssetLoaderServi - User app class for loading assets: class com.Simulador.Restaurante.RestaurantSimulator
15:04:45.951 [FXGL Background Thread 1 ] DEBUG GameApplicationServi - Applying CSS: fxgl_dark.css
15:04:45.952 [FXGL Background Thread 1 ] DEBUG FXGLAssetLoaderServi - Loading from file system: jar:file:///C:/Users/Jose%20Alberto%20Morales/.m2/repository/com/github/almasb/fxgl/17.3/fxgl-17.3.jar!/fxglassets/ui/css/fxgl_dark.css
15:04:46.000 [FXGL Background Thread 1 ] DEBUG GameApplicationServi - Initializing application scenes
15:04:46.028 [FXGL Background Thread 1 ] DEBUG GameWorld            - Game world initialized
15:04:46.090 [FXGL Background Thread 1 ] DEBUG PhysicsWorld         - Physics world initialized: appHeight=700, physics.ppm=50.0
15:04:46.090 [FXGL Background Thread 1 ] DEBUG PhysicsWorld         - Using strategy: BRUTE_FORCE
15:04:46.094 [FXGL Background Thread 1 ] DEBUG GameScene            - Game scene initialized: 1400x700
15:04:46.104 [FXGL Background Thread 1 ] DEBUG FXGL.DefaultMenu     - createMenuBodyGameMenu()
15:04:46.115 [FXGL Background Thread 1 ] DEBUG FXGL.DefaultMenu     - createOptionsMenu()
15:04:46.122 [FXGL Background Thread 1 ] DEBUG FXGLAssetLoaderServi - Loading from file system: jar:file:///C:/Users/Jose%20Alberto%20Morales/.m2/repository/com/github/almasb/fxgl/17.3/fxgl-17.3.jar!/fxglassets/textures/particles/smoke.png
15:04:46.198 [FXGL Background Thread 1 ] DEBUG FXGLAssetLoaderServi - Loading from file system: jar:file:///C:/Users/Jose%20Alberto%20Morales/.m2/repository/com/github/almasb/fxgl/17.3/fxgl-17.3.jar!/fxglassets/textures/particles/trace_horizontal.png
15:04:46.232 [FXGL Background Thread 1 ] DEBUG GameApplicationServi - Application scenes initialized
15:04:46.243 [FXGL Background Thread 1 ] DEBUG SystemBundleService  - Loading FXGL system data
15:04:46.247 [FXGL Background Thread 1 ] DEBUG FileSystemAccess     - Reading from: C:\Users\Jose Alberto Morales\Documents\7to Cuatrimestre\Programacion concurrente\Restaurant\system\fxgl.bundle
15:04:46.255 [FXGL Background Thread 1 ] DEBUG SystemBundleService  - Bundle FXGL: {}
15:04:46.255 [FXGL Background Thread 1 ] DEBUG UpdaterService       - Checking for updates
15:04:46.258 [FXGL Background Thread 4 ] DEBUG FXGLApplication      - Loading fonts
15:04:46.259 [FXGL Background Thread 1 ] DEBUG FXGLApplication      - Loading default localization
15:04:46.259 [FXGL Background Thread 4 ] DEBUG FXGLAssetLoaderServi - Loading from file system: jar:file:///C:/Users/Jose%20Alberto%20Morales/.m2/repository/com/github/almasb/fxgl/17.3/fxgl-17.3.jar!/fxglassets/ui/fonts/VarelaRound-Regular.ttf
15:04:46.259 [FXGL Background Thread 1 ] DEBUG FXGLAssetLoaderServi - Loading from file system: jar:file:///C:/Users/Jose%20Alberto%20Morales/.m2/repository/com/github/almasb/fxgl/17.3/fxgl-17.3.jar!/fxglassets/languages/english.lang
15:04:46.278 [FXGL Background Thread 1 ] INFO  FXGLApplication      - FXGL initialization took: 0.381 sec
15:04:46.279 [JavaFX Application Thread] DEBUG FXGLAssetLoaderServi - Loading from file system: jar:file:///C:/Users/Jose%20Alberto%20Morales/.m2/repository/com/github/almasb/fxgl/17.3/fxgl-17.3.jar!/fxglassets/textures/fxgl_icon.png
15:04:46.291 [FXGL Background Thread 4 ] DEBUG FXGLAssetLoaderServi - Loading from file system: jar:file:///C:/Users/Jose%20Alberto%20Morales/.m2/repository/com/github/almasb/fxgl/17.3/fxgl-17.3.jar!/fxglassets/ui/fonts/Abel-Regular.ttf
15:04:46.295 [FXGL Background Thread 4 ] DEBUG FXGLAssetLoaderServi - Loading from file system: jar:file:///C:/Users/Jose%20Alberto%20Morales/.m2/repository/com/github/almasb/fxgl/17.3/fxgl-17.3.jar!/fxglassets/ui/fonts/TerminalLandMono-Regular.otf
15:04:46.300 [FXGL Background Thread 4 ] DEBUG FXGLAssetLoaderServi - Loading from file system: jar:file:///C:/Users/Jose%20Alberto%20Morales/.m2/repository/com/github/almasb/fxgl/17.3/fxgl-17.3.jar!/fxglassets/ui/fonts/Courier-Prime.ttf
15:04:46.307 [JavaFX Application Thread] DEBUG FXGLAssetLoaderServi - Loading from file system: jar:file:///C:/Users/Jose%20Alberto%20Morales/.m2/repository/com/github/almasb/fxgl/17.3/fxgl-17.3.jar!/fxglassets/textures/fxgl_default_cursor.png
15:04:46.319 [JavaFX Application Thread] DEBUG Input                - Registered new binding: Screenshot - CTRL+8
15:04:46.320 [JavaFX Application Thread] DEBUG Input                - Registered new binding: System info dump - CTRL+9
15:04:46.320 [JavaFX Application Thread] DEBUG Input                - Registered new binding: Restart - CTRL+R
15:04:46.321 [JavaFX Application Thread] DEBUG Input                - Registered new binding: Toggle Debug Camera - CTRL+7
15:04:46.323 [JavaFX Application Thread] DEBUG LoopRunner           - Starting loop
15:04:46.324 [JavaFX Application Thread] DEBUG LoopRunner           - Initializing JavaFX AnimationTimerLoop
15:04:46.325 [JavaFX Application Thread] DEBUG GameApplicationServi - Starting new game
15:04:46.325 [JavaFX Application Thread] DEBUG Input                - Clearing active input actions
15:04:46.336 [JavaFX Application Thread] DEBUG GameApplicationServi - Removing overlay from FXGLStartupScene and adding to FXGLLoadingScene
15:04:46.336 [JavaFX Application Thread] DEBUG PrimaryStageWindow   - FXGLStartupScene -> FXGLLoadingScene
15:04:46.336 [JavaFX Application Thread] DEBUG GameApplicationServi - Clearing previous game
15:04:46.336 [JavaFX Application Thread] DEBUG GameScene            - Clearing game scene
15:04:46.336 [JavaFX Application Thread] DEBUG GameWorld            - Clearing game world
15:04:46.336 [JavaFX Application Thread] DEBUG PhysicsWorld         - Clearing physics world
15:04:46.338 [JavaFX Application Thread] DEBUG FXGLApplication      - Registering font factories with UI factory
15:04:46.396 [FXGL Background Thread 4 ] INFO  FXGLApplication      - Game initialization took: 0.058 sec
15:04:46.459 [JavaFX Application Thread] DEBUG Input                - Clearing active input actions
15:04:46.468 [JavaFX Application Thread] DEBUG GameApplicationServi - Removing overlay from FXGLLoadingScene and adding to GameScene
15:04:46.468 [JavaFX Application Thread] DEBUG PrimaryStageWindow   - FXGLLoadingScene -> GameScene
15:04:46.771 [FXGL Background Thread 2 ] INFO  UpdaterService       - Your current version:  17.3
15:04:46.771 [FXGL Background Thread 2 ] INFO  UpdaterService       - Latest stable version: 21.1
15:04:49.259 [FXGL Background Thread 3 ] DEBUG Engine               - Logging environment variables
15:04:49.259 [FXGL Background Thread 3 ] DEBUG Engine               - achievements: []
15:04:49.259 [FXGL Background Thread 3 ] DEBUG Engine               - actualHeight: 700.0
15:04:49.259 [FXGL Background Thread 3 ] DEBUG Engine               - actualHeightProperty: ReadOnlyDoubleProperty [value: 700.0]
15:04:49.259 [FXGL Background Thread 3 ] DEBUG Engine               - actualWidth: 1400.0
15:04:49.259 [FXGL Background Thread 3 ] DEBUG Engine               - actualWidthProperty: ReadOnlyDoubleProperty [value: 1400.0]
15:04:49.259 [FXGL Background Thread 3 ] DEBUG Engine               - appIcon: fxgl_icon.png
15:04:49.259 [FXGL Background Thread 3 ] DEBUG Engine               - applicationMode: DEVELOPER
15:04:49.259 [FXGL Background Thread 3 ] DEBUG Engine               - cSSList: [fxgl_dark.css]
15:04:49.260 [FXGL Background Thread 3 ] DEBUG Engine               - collisionDetectionStrategy: BRUTE_FORCE
15:04:49.260 [FXGL Background Thread 3 ] DEBUG Engine               - configClass: Optional.empty
15:04:49.260 [FXGL Background Thread 3 ] DEBUG Engine               - credits: []
15:04:49.260 [FXGL Background Thread 3 ] DEBUG Engine               - defaultCursor: CursorInfo(imageName=fxgl_default_cursor.png, hotspotX=7.0, hotspotY=6.0)
15:04:49.260 [FXGL Background Thread 3 ] DEBUG Engine               - devBBoxColorProperty: ObjectProperty [value: 0xff0000ff]
15:04:49.260 [FXGL Background Thread 3 ] DEBUG Engine               - devEnableDebugCameraProperty: BooleanProperty [value: false]
15:04:49.260 [FXGL Background Thread 3 ] DEBUG Engine               - devSensorColorProperty: ObjectProperty [value: 0xffff00ff]
15:04:49.260 [FXGL Background Thread 3 ] DEBUG Engine               - devShowBBoxProperty: BooleanProperty [value: false]
15:04:49.260 [FXGL Background Thread 3 ] DEBUG Engine               - devShowPositionProperty: BooleanProperty [value: false]
15:04:49.260 [FXGL Background Thread 3 ] DEBUG Engine               - enabledMenuItems: []
15:04:49.260 [FXGL Background Thread 3 ] DEBUG Engine               - engineServices: [class com.almasb.fxgl.app.services.FXGLAssetLoaderService, class com.almasb.fxgl.app.FXGLApplication$GameApplicationService, class com.almasb.fxgl.app.services.FXGLDialogService, class com.almasb.fxgl.app.services.IOTaskExecutorService, class com.almasb.fxgl.io.FileSystemService, class com.almasb.fxgl.localization.LocalizationService, class com.almasb.fxgl.app.services.SystemBundleService, class com.almasb.fxgl.profile.SaveLoadService, class com.almasb.fxgl.ui.FXGLUIFactoryServiceProvider, class com.almasb.fxgl.ui.FXGLDialogFactoryServiceProvider, class com.almasb.fxgl.audio.AudioPlayer, class com.almasb.fxgl.notification.impl.NotificationServiceProvider, class com.almasb.fxgl.achievement.AchievementService, class com.almasb.fxgl.cutscene.CutsceneService, class com.almasb.fxgl.minigames.MiniGameService, class com.almasb.fxgl.net.NetService, class com.almasb.fxgl.app.services.UpdaterService, class com.almasb.fxgl.dev.DevService]
15:04:49.260 [FXGL Background Thread 3 ] DEBUG Engine               - fontGame: Abel-Regular.ttf
15:04:49.260 [FXGL Background Thread 3 ] DEBUG Engine               - fontMono: TerminalLandMono-Regular.otf
15:04:49.260 [FXGL Background Thread 3 ] DEBUG Engine               - fontSizeScaleUI: 1.0
15:04:49.260 [FXGL Background Thread 3 ] DEBUG Engine               - fontText: Courier-Prime.ttf
15:04:49.260 [FXGL Background Thread 3 ] DEBUG Engine               - fontUI: VarelaRound-Regular.ttf
15:04:49.261 [FXGL Background Thread 3 ] DEBUG Engine               - fullScreen: BooleanProperty [value: false]
15:04:49.261 [FXGL Background Thread 3 ] DEBUG Engine               - gameDifficulty: MEDIUM
15:04:49.261 [FXGL Background Thread 3 ] DEBUG Engine               - gameDifficultyProperty: ObjectProperty [value: MEDIUM]
15:04:49.261 [FXGL Background Thread 3 ] DEBUG Engine               - globalMusicVolume: 0.5
15:04:49.261 [FXGL Background Thread 3 ] DEBUG Engine               - globalMusicVolumeProperty: DoubleProperty [value: 0.5]
15:04:49.261 [FXGL Background Thread 3 ] DEBUG Engine               - globalSoundVolume: 0.5
15:04:49.261 [FXGL Background Thread 3 ] DEBUG Engine               - globalSoundVolumeProperty: DoubleProperty [value: 0.5]
15:04:49.261 [FXGL Background Thread 3 ] DEBUG Engine               - height: 700
15:04:49.261 [FXGL Background Thread 3 ] DEBUG Engine               - is3D: false
15:04:49.261 [FXGL Background Thread 3 ] DEBUG Engine               - isAndroid: false
15:04:49.261 [FXGL Background Thread 3 ] DEBUG Engine               - isBrowser: false
15:04:49.261 [FXGL Background Thread 3 ] DEBUG Engine               - isClickFeedbackEnabled: false
15:04:49.261 [FXGL Background Thread 3 ] DEBUG Engine               - isCloseConfirmation: false
15:04:49.261 [FXGL Background Thread 3 ] DEBUG Engine               - isDesktop: true
15:04:49.261 [FXGL Background Thread 3 ] DEBUG Engine               - isDeveloperMenuEnabled: false
15:04:49.261 [FXGL Background Thread 3 ] DEBUG Engine               - isEmbedded: false
15:04:49.261 [FXGL Background Thread 3 ] DEBUG Engine               - isEntityPreloadEnabled: true
15:04:49.261 [FXGL Background Thread 3 ] DEBUG Engine               - isExperimentalTiledLargeMap: false
15:04:49.261 [FXGL Background Thread 3 ] DEBUG Engine               - isFileSystemWriteAllowed: true
15:04:49.261 [FXGL Background Thread 3 ] DEBUG Engine               - isFullScreenAllowed: false
15:04:49.261 [FXGL Background Thread 3 ] DEBUG Engine               - isFullScreenFromStart: false
15:04:49.261 [FXGL Background Thread 3 ] DEBUG Engine               - isGameMenuEnabled: true
15:04:49.261 [FXGL Background Thread 3 ] DEBUG Engine               - isIOS: false
15:04:49.261 [FXGL Background Thread 3 ] DEBUG Engine               - isIntroEnabled: false
15:04:49.262 [FXGL Background Thread 3 ] DEBUG Engine               - isLinux: false
15:04:49.262 [FXGL Background Thread 3 ] DEBUG Engine               - isMac: false
15:04:49.262 [FXGL Background Thread 3 ] DEBUG Engine               - isMainMenuEnabled: false
15:04:49.262 [FXGL Background Thread 3 ] DEBUG Engine               - isManualResizeEnabled: false
15:04:49.262 [FXGL Background Thread 3 ] DEBUG Engine               - isMobile: false
15:04:49.262 [FXGL Background Thread 3 ] DEBUG Engine               - isNative: false
15:04:49.262 [FXGL Background Thread 3 ] DEBUG Engine               - isPauseMusicWhenMinimized: true
15:04:49.262 [FXGL Background Thread 3 ] DEBUG Engine               - isPreserveResizeRatio: false
15:04:49.262 [FXGL Background Thread 3 ] DEBUG Engine               - isProfilingEnabled: false
15:04:49.262 [FXGL Background Thread 3 ] DEBUG Engine               - isScaleAffectedOnResize: true
15:04:49.262 [FXGL Background Thread 3 ] DEBUG Engine               - isSingleStep: false
15:04:49.262 [FXGL Background Thread 3 ] DEBUG Engine               - isUserProfileEnabled: false
15:04:49.262 [FXGL Background Thread 3 ] DEBUG Engine               - isWindows: true
15:04:49.262 [FXGL Background Thread 3 ] DEBUG Engine               - language: ObjectProperty [value: ENGLISH]
15:04:49.262 [FXGL Background Thread 3 ] DEBUG Engine               - menuKey: ESCAPE
15:04:49.262 [FXGL Background Thread 3 ] DEBUG Engine               - mouseSensitivity: 0.2
15:04:49.262 [FXGL Background Thread 3 ] DEBUG Engine               - notificationViewClass: class com.almasb.fxgl.notification.view.XboxNotificationView
15:04:49.262 [FXGL Background Thread 3 ] DEBUG Engine               - pixelsPerMeter: 50.0
15:04:49.262 [FXGL Background Thread 3 ] DEBUG Engine               - platform: WINDOWS
15:04:49.262 [FXGL Background Thread 3 ] DEBUG Engine               - prefHeightProperty: ReadOnlyDoubleProperty [value: 700.0]
15:04:49.262 [FXGL Background Thread 3 ] DEBUG Engine               - prefWidthProperty: ReadOnlyDoubleProperty [value: 1400.0]
15:04:49.262 [FXGL Background Thread 3 ] DEBUG Engine               - profileDir: profiles/
15:04:49.262 [FXGL Background Thread 3 ] DEBUG Engine               - profileName: StringProperty [value: DEFAULT]
15:04:49.262 [FXGL Background Thread 3 ] DEBUG Engine               - randomSeed: -1
15:04:49.263 [FXGL Background Thread 3 ] DEBUG Engine               - runtimeInfo: RuntimeInfo(platform=WINDOWS, version=17.3, build=30.03.2023 11.49)
15:04:49.263 [FXGL Background Thread 3 ] DEBUG Engine               - saveFileExt: sav
15:04:49.263 [FXGL Background Thread 3 ] DEBUG Engine               - scaledHeightProp$fxgl: DoubleProperty [bound, value: 700.0]
15:04:49.263 [FXGL Background Thread 3 ] DEBUG Engine               - scaledWidthProp$fxgl: DoubleProperty [bound, value: 1400.0]
15:04:49.263 [FXGL Background Thread 3 ] DEBUG Engine               - sceneFactory: com.almasb.fxgl.app.scene.SceneFactory@6e719a40
15:04:49.263 [FXGL Background Thread 3 ] DEBUG Engine               - secondsIn24h: 60
15:04:49.263 [FXGL Background Thread 3 ] DEBUG Engine               - soundMenuBack: menu/back.wav
15:04:49.263 [FXGL Background Thread 3 ] DEBUG Engine               - soundMenuPress: menu/press.wav
15:04:49.263 [FXGL Background Thread 3 ] DEBUG Engine               - soundMenuSelect: menu/select.wav
15:04:49.263 [FXGL Background Thread 3 ] DEBUG Engine               - soundNotification: core/notification.wav
15:04:49.263 [FXGL Background Thread 3 ] DEBUG Engine               - stageStyle: DECORATED
15:04:49.263 [FXGL Background Thread 3 ] DEBUG Engine               - supportedLanguages: [ENGLISH, FRENCH, GERMAN, HUNGARIAN, RUSSIAN]
15:04:49.263 [FXGL Background Thread 3 ] DEBUG Engine               - ticksPerSecond: -1
15:04:49.263 [FXGL Background Thread 3 ] DEBUG Engine               - title: Simulador de Restaurante
15:04:49.263 [FXGL Background Thread 3 ] DEBUG Engine               - urlGithub: https://github.com/AlmasB/FXGL
15:04:49.263 [FXGL Background Thread 3 ] DEBUG Engine               - urlLeaderboard: http://fxgl-top.herokuapp.com/
15:04:49.263 [FXGL Background Thread 3 ] DEBUG Engine               - urlPOM: https://raw.githubusercontent.com/AlmasB/FXGL/release/README.md
15:04:49.263 [FXGL Background Thread 3 ] DEBUG Engine               - userAppClass: class com.Simulador.Restaurante.RestaurantSimulator
15:04:49.263 [FXGL Background Thread 3 ] DEBUG Engine               - version: 1.0
15:04:49.263 [FXGL Background Thread 3 ] DEBUG Engine               - versionCheckDays: 7
15:04:49.263 [FXGL Background Thread 3 ] DEBUG Engine               - width: 1400
15:04:49.263 [FXGL Background Thread 3 ] DEBUG Engine               - Logging services
15:04:49.263 [FXGL Background Thread 3 ] DEBUG Engine               - class com.almasb.fxgl.app.services.FXGLAssetLoaderService
15:04:49.264 [FXGL Background Thread 3 ] DEBUG Engine               - class com.almasb.fxgl.app.FXGLApplication$GameApplicationService
15:04:49.264 [FXGL Background Thread 3 ] DEBUG Engine               - class com.almasb.fxgl.app.services.FXGLDialogService
15:04:49.264 [FXGL Background Thread 3 ] DEBUG Engine               - class com.almasb.fxgl.app.services.IOTaskExecutorService
15:04:49.264 [FXGL Background Thread 3 ] DEBUG Engine               - class com.almasb.fxgl.io.FileSystemService
15:04:49.264 [FXGL Background Thread 3 ] DEBUG Engine               - class com.almasb.fxgl.localization.LocalizationService
15:04:49.264 [FXGL Background Thread 3 ] DEBUG Engine               - class com.almasb.fxgl.app.services.SystemBundleService
15:04:49.264 [FXGL Background Thread 3 ] DEBUG Engine               - class com.almasb.fxgl.profile.SaveLoadService
15:04:49.264 [FXGL Background Thread 3 ] DEBUG Engine               - class com.almasb.fxgl.ui.FXGLUIFactoryServiceProvider
15:04:49.264 [FXGL Background Thread 3 ] DEBUG Engine               - class com.almasb.fxgl.ui.FXGLDialogFactoryServiceProvider
15:04:49.264 [FXGL Background Thread 3 ] DEBUG Engine               - class com.almasb.fxgl.audio.AudioPlayer
15:04:49.264 [FXGL Background Thread 3 ] DEBUG Engine               - class com.almasb.fxgl.notification.impl.NotificationServiceProvider
15:04:49.264 [FXGL Background Thread 3 ] DEBUG Engine               - class com.almasb.fxgl.achievement.AchievementService
15:04:49.264 [FXGL Background Thread 3 ] DEBUG Engine               - class com.almasb.fxgl.cutscene.CutsceneService
15:04:49.264 [FXGL Background Thread 3 ] DEBUG Engine               - class com.almasb.fxgl.minigames.MiniGameService
15:04:49.264 [FXGL Background Thread 3 ] DEBUG Engine               - class com.almasb.fxgl.net.NetService
15:04:49.264 [FXGL Background Thread 3 ] DEBUG Engine               - class com.almasb.fxgl.app.services.UpdaterService
15:04:49.264 [FXGL Background Thread 3 ] DEBUG Engine               - class com.almasb.fxgl.dev.DevService
15:04:51.418 [JavaFX Application Thread] DEBUG FXGLApplication      - Exiting FXGL
15:04:51.418 [JavaFX Application Thread] DEBUG LoopRunner           - Stopping loop
15:04:51.418 [JavaFX Application Thread] DEBUG SystemBundleService  - Saving FXGL system data
15:04:51.420 [JavaFX Application Thread] DEBUG FileSystemAccess     - Writing to: C:\Users\Jose Alberto Morales\Documents\7to Cuatrimestre\Programacion concurrente\Restaurant\system\fxgl.bundle
15:04:51.422 [JavaFX Application Thread] DEBUG Async                - Shutting down background threads
15:04:51.422 [JavaFX Application Thread] DEBUG PrimaryStageWindow   - Closing main window
15:04:51.437 [JavaFX Application Thread] DEBUG Logger               - Closing Logger
