20:17:05.586 [main                     ] DEBUG Logger               - Configured Logger
20:17:05.610 [main                     ] DEBUG GameApplication      - Logging settings
Title: Simulador de Restaurante
Version: 1.0
Width: 1000
Height: 600
Fullscreen: false
Intro: false
Profiling: false
Single step:false
App Mode: DEVELOPER
Menu Key: ESCAPE
Stage Style: DECORATED
Scene Factory: class com.almasb.fxgl.app.scene.SceneFactory

20:17:05.926 [JavaFX Application Thread] DEBUG FXGLApplication      - Initializing FXGL
20:17:05.930 [JavaFX Application Thread] INFO  Engine               - FXGL-17.3 (30.03.2023 11.49) on WINDOWS (J:21.0.5 FX:21)
20:17:05.931 [JavaFX Application Thread] DEBUG Engine               - JRE Vendor Name: Oracle Corporation
20:17:05.931 [JavaFX Application Thread] DEBUG Engine               - Running on OS: Windows 11 version 10.0
20:17:05.931 [JavaFX Application Thread] DEBUG Engine               - Architecture: amd64
20:17:05.931 [JavaFX Application Thread] INFO  Engine               - Source code and latest versions at: https://github.com/AlmasB/FXGL
20:17:05.932 [JavaFX Application Thread] INFO  Engine               -       Ask questions and discuss at: https://github.com/AlmasB/FXGL/discussions
20:17:05.932 [JavaFX Application Thread] INFO  Engine               -              Join the FXGL chat at: https://gitter.im/AlmasB/FXGL
20:17:06.003 [JavaFX Application Thread] DEBUG PrimaryStageWindow   - Creating a JavaFX scene
20:17:06.045 [JavaFX Application Thread] DEBUG PrimaryStageWindow   - Target settings size: 1000.0 x 600.0
20:17:06.046 [JavaFX Application Thread] DEBUG PrimaryStageWindow   - Scaled scene size:    1000.0 x 600.0
20:17:06.046 [JavaFX Application Thread] DEBUG PrimaryStageWindow   - Scaled ratio: (1.0, 1.0)
20:17:06.047 [JavaFX Application Thread] DEBUG PrimaryStageWindow   - Set initial scene to FXGLStartupScene
20:17:06.050 [JavaFX Application Thread] DEBUG PrimaryStageWindow   - Opening main window
20:17:06.119 [JavaFX Application Thread] DEBUG PrimaryStageWindow   - Window border size: (14.4000244140625, 37.5999755859375)
20:17:06.119 [JavaFX Application Thread] DEBUG PrimaryStageWindow   - Scaled size: 1000.0 x 600.0
20:17:06.119 [JavaFX Application Thread] DEBUG PrimaryStageWindow   - Scaled ratio: (1.0, 1.0)
20:17:06.119 [JavaFX Application Thread] DEBUG PrimaryStageWindow   - Scene size: 1000.0 x 600.0
20:17:06.120 [JavaFX Application Thread] DEBUG PrimaryStageWindow   - Stage size: 1014.4000244140625 x 637.5999755859375
20:17:06.130 [FXGL Background Thread 1 ] DEBUG Engine               - Initializing environment variables
20:17:06.188 [FXGL Background Thread 1 ] DEBUG FXGLAssetLoaderServi - User app class for loading assets: class com.Simulador.Restaurante.RestaurantSimulator
20:17:06.189 [FXGL Background Thread 1 ] DEBUG GameApplicationServi - Applying CSS: fxgl_dark.css
20:17:06.189 [FXGL Background Thread 1 ] DEBUG FXGLAssetLoaderServi - Loading from file system: jar:file:///C:/Users/Jose%20Alberto%20Morales/.m2/repository/com/github/almasb/fxgl/17.3/fxgl-17.3.jar!/fxglassets/ui/css/fxgl_dark.css
20:17:06.237 [FXGL Background Thread 1 ] DEBUG GameApplicationServi - Initializing application scenes
20:17:06.271 [FXGL Background Thread 1 ] DEBUG GameWorld            - Game world initialized
20:17:06.337 [FXGL Background Thread 1 ] DEBUG PhysicsWorld         - Physics world initialized: appHeight=600, physics.ppm=50.0
20:17:06.337 [FXGL Background Thread 1 ] DEBUG PhysicsWorld         - Using strategy: BRUTE_FORCE
20:17:06.342 [FXGL Background Thread 1 ] DEBUG GameScene            - Game scene initialized: 1000x600
20:17:06.351 [FXGL Background Thread 1 ] DEBUG FXGL.DefaultMenu     - createMenuBodyGameMenu()
20:17:06.361 [FXGL Background Thread 1 ] DEBUG FXGL.DefaultMenu     - createOptionsMenu()
20:17:06.370 [FXGL Background Thread 1 ] DEBUG FXGLAssetLoaderServi - Loading from file system: jar:file:///C:/Users/Jose%20Alberto%20Morales/.m2/repository/com/github/almasb/fxgl/17.3/fxgl-17.3.jar!/fxglassets/textures/particles/smoke.png
20:17:06.450 [FXGL Background Thread 1 ] DEBUG FXGLAssetLoaderServi - Loading from file system: jar:file:///C:/Users/Jose%20Alberto%20Morales/.m2/repository/com/github/almasb/fxgl/17.3/fxgl-17.3.jar!/fxglassets/textures/particles/trace_horizontal.png
20:17:06.473 [FXGL Background Thread 1 ] DEBUG GameApplicationServi - Application scenes initialized
20:17:06.483 [FXGL Background Thread 1 ] DEBUG SystemBundleService  - Loading FXGL system data
20:17:06.486 [FXGL Background Thread 1 ] DEBUG FileSystemAccess     - Reading from: C:\Users\Jose Alberto Morales\Documents\7to Cuatrimestre\Programacion concurrente\Restaurant\system\fxgl.bundle
20:17:06.495 [FXGL Background Thread 1 ] DEBUG SystemBundleService  - Bundle FXGL: {}
20:17:06.495 [FXGL Background Thread 1 ] DEBUG UpdaterService       - Checking for updates
20:17:06.498 [FXGL Background Thread 4 ] DEBUG FXGLApplication      - Loading fonts
20:17:06.498 [FXGL Background Thread 1 ] DEBUG FXGLApplication      - Loading default localization
20:17:06.498 [FXGL Background Thread 4 ] DEBUG FXGLAssetLoaderServi - Loading from file system: jar:file:///C:/Users/Jose%20Alberto%20Morales/.m2/repository/com/github/almasb/fxgl/17.3/fxgl-17.3.jar!/fxglassets/ui/fonts/VarelaRound-Regular.ttf
20:17:06.498 [FXGL Background Thread 1 ] DEBUG FXGLAssetLoaderServi - Loading from file system: jar:file:///C:/Users/Jose%20Alberto%20Morales/.m2/repository/com/github/almasb/fxgl/17.3/fxgl-17.3.jar!/fxglassets/languages/english.lang
20:17:06.516 [FXGL Background Thread 1 ] INFO  FXGLApplication      - FXGL initialization took: 0.386 sec
20:17:06.517 [JavaFX Application Thread] DEBUG FXGLAssetLoaderServi - Loading from file system: jar:file:///C:/Users/Jose%20Alberto%20Morales/.m2/repository/com/github/almasb/fxgl/17.3/fxgl-17.3.jar!/fxglassets/textures/fxgl_icon.png
20:17:06.529 [FXGL Background Thread 4 ] DEBUG FXGLAssetLoaderServi - Loading from file system: jar:file:///C:/Users/Jose%20Alberto%20Morales/.m2/repository/com/github/almasb/fxgl/17.3/fxgl-17.3.jar!/fxglassets/ui/fonts/Abel-Regular.ttf
20:17:06.533 [FXGL Background Thread 4 ] DEBUG FXGLAssetLoaderServi - Loading from file system: jar:file:///C:/Users/Jose%20Alberto%20Morales/.m2/repository/com/github/almasb/fxgl/17.3/fxgl-17.3.jar!/fxglassets/ui/fonts/TerminalLandMono-Regular.otf
20:17:06.538 [FXGL Background Thread 4 ] DEBUG FXGLAssetLoaderServi - Loading from file system: jar:file:///C:/Users/Jose%20Alberto%20Morales/.m2/repository/com/github/almasb/fxgl/17.3/fxgl-17.3.jar!/fxglassets/ui/fonts/Courier-Prime.ttf
20:17:06.540 [JavaFX Application Thread] DEBUG FXGLAssetLoaderServi - Loading from file system: jar:file:///C:/Users/Jose%20Alberto%20Morales/.m2/repository/com/github/almasb/fxgl/17.3/fxgl-17.3.jar!/fxglassets/textures/fxgl_default_cursor.png
20:17:06.552 [JavaFX Application Thread] DEBUG Input                - Registered new binding: Screenshot - CTRL+8
20:17:06.553 [JavaFX Application Thread] DEBUG Input                - Registered new binding: System info dump - CTRL+9
20:17:06.553 [JavaFX Application Thread] DEBUG Input                - Registered new binding: Restart - CTRL+R
20:17:06.554 [JavaFX Application Thread] DEBUG Input                - Registered new binding: Toggle Debug Camera - CTRL+7
20:17:06.556 [JavaFX Application Thread] DEBUG LoopRunner           - Starting loop
20:17:06.556 [JavaFX Application Thread] DEBUG LoopRunner           - Initializing JavaFX AnimationTimerLoop
20:17:06.557 [JavaFX Application Thread] DEBUG GameApplicationServi - Starting new game
20:17:06.558 [JavaFX Application Thread] DEBUG Input                - Clearing active input actions
20:17:06.569 [JavaFX Application Thread] DEBUG GameApplicationServi - Removing overlay from FXGLStartupScene and adding to FXGLLoadingScene
20:17:06.570 [JavaFX Application Thread] DEBUG PrimaryStageWindow   - FXGLStartupScene -> FXGLLoadingScene
20:17:06.570 [JavaFX Application Thread] DEBUG GameApplicationServi - Clearing previous game
20:17:06.570 [JavaFX Application Thread] DEBUG GameScene            - Clearing game scene
20:17:06.570 [JavaFX Application Thread] DEBUG GameWorld            - Clearing game world
20:17:06.570 [JavaFX Application Thread] DEBUG PhysicsWorld         - Clearing physics world
20:17:06.572 [JavaFX Application Thread] DEBUG FXGLApplication      - Registering font factories with UI factory
20:17:06.572 [FXGL Background Thread 4 ] DEBUG FXGLApplication      - Initializing game
20:17:06.621 [FXGL Background Thread 4 ] INFO  FXGLApplication      - Game initialization took: 0.050 sec
20:17:06.708 [JavaFX Application Thread] DEBUG Input                - Clearing active input actions
20:17:06.718 [JavaFX Application Thread] DEBUG GameApplicationServi - Removing overlay from FXGLLoadingScene and adding to GameScene
20:17:06.718 [JavaFX Application Thread] DEBUG PrimaryStageWindow   - FXGLLoadingScene -> GameScene
20:17:07.054 [FXGL Background Thread 2 ] INFO  UpdaterService       - Your current version:  17.3
20:17:07.054 [FXGL Background Thread 2 ] INFO  UpdaterService       - Latest stable version: 21.1
20:17:07.383 [Thread-15                ] DEBUG LoopRunner           - Stopping loop
20:17:07.385 [Thread-15                ] FATAL FXGLApplication      - Uncaught Exception:
java.lang.IllegalStateException: Not on FX application thread; currentThread = Thread-15
	at javafx.graphics@21/com.sun.javafx.tk.Toolkit.checkFxUserThread(Toolkit.java:294)
	at javafx.graphics@21/com.sun.javafx.tk.quantum.QuantumToolkit.checkFxUserThread(QuantumToolkit.java:475)
	at javafx.graphics@21/javafx.scene.Parent$3.onProposedChange(Parent.java:475)
	at javafx.base@21/com.sun.javafx.collections.VetoableListDecorator.clear(VetoableListDecorator.java:302)
	at com.almasb.fxgl.entity@17.3/com.almasb.fxgl.entity.components.ViewComponent.clearChildren(ViewComponent.kt:248)
	at com.example.restaurant/com.Simulador.Restaurante.presentation.views.RestauranteView.actualizarEstadoMesa(RestauranteView.java:517)
	at com.example.restaurant/com.Simulador.Restaurante.concurrency.threads.ComensalThread.run(ComensalThread.java:43)

20:17:07.385 [Thread-15                ] FATAL FXGLApplication      - Application will now exit
20:17:07.404 [Thread-15                ] DEBUG PrimaryStageWindow   - Push state: ErrorSubScene
20:17:07.404 [Thread-15                ] DEBUG Input                - Clearing active input actions
20:17:09.498 [FXGL Background Thread 3 ] DEBUG Engine               - Logging environment variables
20:17:09.499 [FXGL Background Thread 3 ] DEBUG Engine               - achievements: []
20:17:09.499 [FXGL Background Thread 3 ] DEBUG Engine               - actualHeight: 600.0
20:17:09.500 [FXGL Background Thread 3 ] DEBUG Engine               - actualHeightProperty: ReadOnlyDoubleProperty [value: 600.0]
20:17:09.500 [FXGL Background Thread 3 ] DEBUG Engine               - actualWidth: 1000.0
20:17:09.500 [FXGL Background Thread 3 ] DEBUG Engine               - actualWidthProperty: ReadOnlyDoubleProperty [value: 1000.0]
20:17:09.500 [FXGL Background Thread 3 ] DEBUG Engine               - appIcon: fxgl_icon.png
20:17:09.500 [FXGL Background Thread 3 ] DEBUG Engine               - applicationMode: DEVELOPER
20:17:09.500 [FXGL Background Thread 3 ] DEBUG Engine               - cSSList: [fxgl_dark.css]
20:17:09.500 [FXGL Background Thread 3 ] DEBUG Engine               - collisionDetectionStrategy: BRUTE_FORCE
20:17:09.501 [FXGL Background Thread 3 ] DEBUG Engine               - configClass: Optional.empty
20:17:09.501 [FXGL Background Thread 3 ] DEBUG Engine               - credits: []
20:17:09.501 [FXGL Background Thread 3 ] DEBUG Engine               - defaultCursor: CursorInfo(imageName=fxgl_default_cursor.png, hotspotX=7.0, hotspotY=6.0)
20:17:09.502 [FXGL Background Thread 3 ] DEBUG Engine               - devBBoxColorProperty: ObjectProperty [value: 0xff0000ff]
20:17:09.502 [FXGL Background Thread 3 ] DEBUG Engine               - devEnableDebugCameraProperty: BooleanProperty [value: false]
20:17:09.502 [FXGL Background Thread 3 ] DEBUG Engine               - devSensorColorProperty: ObjectProperty [value: 0xffff00ff]
20:17:09.502 [FXGL Background Thread 3 ] DEBUG Engine               - devShowBBoxProperty: BooleanProperty [value: false]
20:17:09.502 [FXGL Background Thread 3 ] DEBUG Engine               - devShowPositionProperty: BooleanProperty [value: false]
20:17:09.503 [FXGL Background Thread 3 ] DEBUG Engine               - enabledMenuItems: []
20:17:09.503 [FXGL Background Thread 3 ] DEBUG Engine               - engineServices: [class com.almasb.fxgl.app.services.FXGLAssetLoaderService, class com.almasb.fxgl.app.FXGLApplication$GameApplicationService, class com.almasb.fxgl.app.services.FXGLDialogService, class com.almasb.fxgl.app.services.IOTaskExecutorService, class com.almasb.fxgl.io.FileSystemService, class com.almasb.fxgl.localization.LocalizationService, class com.almasb.fxgl.app.services.SystemBundleService, class com.almasb.fxgl.profile.SaveLoadService, class com.almasb.fxgl.ui.FXGLUIFactoryServiceProvider, class com.almasb.fxgl.ui.FXGLDialogFactoryServiceProvider, class com.almasb.fxgl.audio.AudioPlayer, class com.almasb.fxgl.notification.impl.NotificationServiceProvider, class com.almasb.fxgl.achievement.AchievementService, class com.almasb.fxgl.cutscene.CutsceneService, class com.almasb.fxgl.minigames.MiniGameService, class com.almasb.fxgl.net.NetService, class com.almasb.fxgl.app.services.UpdaterService, class com.almasb.fxgl.dev.DevService]
20:17:09.503 [FXGL Background Thread 3 ] DEBUG Engine               - fontGame: Abel-Regular.ttf
20:17:09.503 [FXGL Background Thread 3 ] DEBUG Engine               - fontMono: TerminalLandMono-Regular.otf
20:17:09.503 [FXGL Background Thread 3 ] DEBUG Engine               - fontSizeScaleUI: 1.0
20:17:09.503 [FXGL Background Thread 3 ] DEBUG Engine               - fontText: Courier-Prime.ttf
20:17:09.503 [FXGL Background Thread 3 ] DEBUG Engine               - fontUI: VarelaRound-Regular.ttf
20:17:09.504 [FXGL Background Thread 3 ] DEBUG Engine               - fullScreen: BooleanProperty [value: false]
20:17:09.504 [FXGL Background Thread 3 ] DEBUG Engine               - gameDifficulty: MEDIUM
20:17:09.504 [FXGL Background Thread 3 ] DEBUG Engine               - gameDifficultyProperty: ObjectProperty [value: MEDIUM]
20:17:09.504 [FXGL Background Thread 3 ] DEBUG Engine               - globalMusicVolume: 0.5
20:17:09.504 [FXGL Background Thread 3 ] DEBUG Engine               - globalMusicVolumeProperty: DoubleProperty [value: 0.5]
20:17:09.504 [FXGL Background Thread 3 ] DEBUG Engine               - globalSoundVolume: 0.5
20:17:09.504 [FXGL Background Thread 3 ] DEBUG Engine               - globalSoundVolumeProperty: DoubleProperty [value: 0.5]
20:17:09.505 [FXGL Background Thread 3 ] DEBUG Engine               - height: 600
20:17:09.505 [FXGL Background Thread 3 ] DEBUG Engine               - is3D: false
20:17:09.505 [FXGL Background Thread 3 ] DEBUG Engine               - isAndroid: false
20:17:09.505 [FXGL Background Thread 3 ] DEBUG Engine               - isBrowser: false
20:17:09.505 [FXGL Background Thread 3 ] DEBUG Engine               - isClickFeedbackEnabled: false
20:17:09.505 [FXGL Background Thread 3 ] DEBUG Engine               - isCloseConfirmation: false
20:17:09.505 [FXGL Background Thread 3 ] DEBUG Engine               - isDesktop: true
20:17:09.505 [FXGL Background Thread 3 ] DEBUG Engine               - isDeveloperMenuEnabled: false
20:17:09.505 [FXGL Background Thread 3 ] DEBUG Engine               - isEmbedded: false
20:17:09.505 [FXGL Background Thread 3 ] DEBUG Engine               - isEntityPreloadEnabled: true
20:17:09.506 [FXGL Background Thread 3 ] DEBUG Engine               - isExperimentalTiledLargeMap: false
20:17:09.506 [FXGL Background Thread 3 ] DEBUG Engine               - isFileSystemWriteAllowed: true
20:17:09.506 [FXGL Background Thread 3 ] DEBUG Engine               - isFullScreenAllowed: false
20:17:09.506 [FXGL Background Thread 3 ] DEBUG Engine               - isFullScreenFromStart: false
20:17:09.506 [FXGL Background Thread 3 ] DEBUG Engine               - isGameMenuEnabled: true
20:17:09.506 [FXGL Background Thread 3 ] DEBUG Engine               - isIOS: false
20:17:09.506 [FXGL Background Thread 3 ] DEBUG Engine               - isIntroEnabled: false
20:17:09.506 [FXGL Background Thread 3 ] DEBUG Engine               - isLinux: false
20:17:09.506 [FXGL Background Thread 3 ] DEBUG Engine               - isMac: false
20:17:09.506 [FXGL Background Thread 3 ] DEBUG Engine               - isMainMenuEnabled: false
20:17:09.507 [FXGL Background Thread 3 ] DEBUG Engine               - isManualResizeEnabled: false
20:17:09.507 [FXGL Background Thread 3 ] DEBUG Engine               - isMobile: false
20:17:09.507 [FXGL Background Thread 3 ] DEBUG Engine               - isNative: false
20:17:09.507 [FXGL Background Thread 3 ] DEBUG Engine               - isPauseMusicWhenMinimized: true
20:17:09.507 [FXGL Background Thread 3 ] DEBUG Engine               - isPreserveResizeRatio: false
20:17:09.507 [FXGL Background Thread 3 ] DEBUG Engine               - isProfilingEnabled: false
20:17:09.507 [FXGL Background Thread 3 ] DEBUG Engine               - isScaleAffectedOnResize: true
20:17:09.507 [FXGL Background Thread 3 ] DEBUG Engine               - isSingleStep: false
20:17:09.507 [FXGL Background Thread 3 ] DEBUG Engine               - isUserProfileEnabled: false
20:17:09.507 [FXGL Background Thread 3 ] DEBUG Engine               - isWindows: true
20:17:09.508 [FXGL Background Thread 3 ] DEBUG Engine               - language: ObjectProperty [value: ENGLISH]
20:17:09.508 [FXGL Background Thread 3 ] DEBUG Engine               - menuKey: ESCAPE
20:17:09.508 [FXGL Background Thread 3 ] DEBUG Engine               - mouseSensitivity: 0.2
20:17:09.508 [FXGL Background Thread 3 ] DEBUG Engine               - notificationViewClass: class com.almasb.fxgl.notification.view.XboxNotificationView
20:17:09.508 [FXGL Background Thread 3 ] DEBUG Engine               - pixelsPerMeter: 50.0
20:17:09.508 [FXGL Background Thread 3 ] DEBUG Engine               - platform: WINDOWS
20:17:09.508 [FXGL Background Thread 3 ] DEBUG Engine               - prefHeightProperty: ReadOnlyDoubleProperty [value: 600.0]
20:17:09.508 [FXGL Background Thread 3 ] DEBUG Engine               - prefWidthProperty: ReadOnlyDoubleProperty [value: 1000.0]
20:17:09.508 [FXGL Background Thread 3 ] DEBUG Engine               - profileDir: profiles/
20:17:09.508 [FXGL Background Thread 3 ] DEBUG Engine               - profileName: StringProperty [value: DEFAULT]
20:17:09.508 [FXGL Background Thread 3 ] DEBUG Engine               - randomSeed: -1
20:17:09.509 [FXGL Background Thread 3 ] DEBUG Engine               - runtimeInfo: RuntimeInfo(platform=WINDOWS, version=17.3, build=30.03.2023 11.49)
20:17:09.509 [FXGL Background Thread 3 ] DEBUG Engine               - saveFileExt: sav
20:17:09.509 [FXGL Background Thread 3 ] DEBUG Engine               - scaledHeightProp$fxgl: DoubleProperty [bound, value: 600.0]
20:17:09.509 [FXGL Background Thread 3 ] DEBUG Engine               - scaledWidthProp$fxgl: DoubleProperty [bound, value: 1000.0]
20:17:09.509 [FXGL Background Thread 3 ] DEBUG Engine               - sceneFactory: com.almasb.fxgl.app.scene.SceneFactory@41644948
20:17:09.509 [FXGL Background Thread 3 ] DEBUG Engine               - secondsIn24h: 60
20:17:09.509 [FXGL Background Thread 3 ] DEBUG Engine               - soundMenuBack: menu/back.wav
20:17:09.509 [FXGL Background Thread 3 ] DEBUG Engine               - soundMenuPress: menu/press.wav
20:17:09.509 [FXGL Background Thread 3 ] DEBUG Engine               - soundMenuSelect: menu/select.wav
20:17:09.509 [FXGL Background Thread 3 ] DEBUG Engine               - soundNotification: core/notification.wav
20:17:09.509 [FXGL Background Thread 3 ] DEBUG Engine               - stageStyle: DECORATED
20:17:09.509 [FXGL Background Thread 3 ] DEBUG Engine               - supportedLanguages: [ENGLISH, FRENCH, GERMAN, HUNGARIAN, RUSSIAN]
20:17:09.510 [FXGL Background Thread 3 ] DEBUG Engine               - ticksPerSecond: -1
20:17:09.510 [FXGL Background Thread 3 ] DEBUG Engine               - title: Simulador de Restaurante
20:17:09.510 [FXGL Background Thread 3 ] DEBUG Engine               - urlGithub: https://github.com/AlmasB/FXGL
20:17:09.510 [FXGL Background Thread 3 ] DEBUG Engine               - urlLeaderboard: http://fxgl-top.herokuapp.com/
20:17:09.510 [FXGL Background Thread 3 ] DEBUG Engine               - urlPOM: https://raw.githubusercontent.com/AlmasB/FXGL/release/README.md
20:17:09.510 [FXGL Background Thread 3 ] DEBUG Engine               - userAppClass: class com.Simulador.Restaurante.RestaurantSimulator
20:17:09.510 [FXGL Background Thread 3 ] DEBUG Engine               - version: 1.0
20:17:09.510 [FXGL Background Thread 3 ] DEBUG Engine               - versionCheckDays: 7
20:17:09.510 [FXGL Background Thread 3 ] DEBUG Engine               - width: 1000
20:17:09.510 [FXGL Background Thread 3 ] DEBUG Engine               - Logging services
20:17:09.510 [FXGL Background Thread 3 ] DEBUG Engine               - class com.almasb.fxgl.app.services.FXGLAssetLoaderService
20:17:09.510 [FXGL Background Thread 3 ] DEBUG Engine               - class com.almasb.fxgl.app.FXGLApplication$GameApplicationService
20:17:09.510 [FXGL Background Thread 3 ] DEBUG Engine               - class com.almasb.fxgl.app.services.FXGLDialogService
20:17:09.510 [FXGL Background Thread 3 ] DEBUG Engine               - class com.almasb.fxgl.app.services.IOTaskExecutorService
20:17:09.510 [FXGL Background Thread 3 ] DEBUG Engine               - class com.almasb.fxgl.io.FileSystemService
20:17:09.510 [FXGL Background Thread 3 ] DEBUG Engine               - class com.almasb.fxgl.localization.LocalizationService
20:17:09.511 [FXGL Background Thread 3 ] DEBUG Engine               - class com.almasb.fxgl.app.services.SystemBundleService
20:17:09.511 [FXGL Background Thread 3 ] DEBUG Engine               - class com.almasb.fxgl.profile.SaveLoadService
20:17:09.511 [FXGL Background Thread 3 ] DEBUG Engine               - class com.almasb.fxgl.ui.FXGLUIFactoryServiceProvider
20:17:09.511 [FXGL Background Thread 3 ] DEBUG Engine               - class com.almasb.fxgl.ui.FXGLDialogFactoryServiceProvider
20:17:09.511 [FXGL Background Thread 3 ] DEBUG Engine               - class com.almasb.fxgl.audio.AudioPlayer
20:17:09.511 [FXGL Background Thread 3 ] DEBUG Engine               - class com.almasb.fxgl.notification.impl.NotificationServiceProvider
20:17:09.511 [FXGL Background Thread 3 ] DEBUG Engine               - class com.almasb.fxgl.achievement.AchievementService
20:17:09.511 [FXGL Background Thread 3 ] DEBUG Engine               - class com.almasb.fxgl.cutscene.CutsceneService
20:17:09.511 [FXGL Background Thread 3 ] DEBUG Engine               - class com.almasb.fxgl.minigames.MiniGameService
20:17:09.511 [FXGL Background Thread 3 ] DEBUG Engine               - class com.almasb.fxgl.net.NetService
20:17:09.511 [FXGL Background Thread 3 ] DEBUG Engine               - class com.almasb.fxgl.app.services.UpdaterService
20:17:09.511 [FXGL Background Thread 3 ] DEBUG Engine               - class com.almasb.fxgl.dev.DevService
20:17:26.723 [JavaFX Application Thread] DEBUG FXGLApplication      - Exiting FXGL
20:17:26.723 [JavaFX Application Thread] DEBUG Async                - Shutting down background threads
20:17:26.724 [JavaFX Application Thread] DEBUG PrimaryStageWindow   - Closing main window
20:17:26.748 [JavaFX Application Thread] DEBUG Logger               - Closing Logger
