08:48:10.781 [main                     ] DEBUG Logger               - Configured Logger
08:48:10.808 [main                     ] DEBUG GameApplication      - Logging settings
Title: Simulador de Restaurante
Version: 1.0
Width: 1000
Height: 600
Fullscreen: false
Intro: false
Profiling: false
Single step:false
App Mode: DEVELOPER
Menu Key: ESCAPE
Stage Style: DECORATED
Scene Factory: class com.almasb.fxgl.app.scene.SceneFactory

08:48:11.139 [JavaFX Application Thread] DEBUG FXGLApplication      - Initializing FXGL
08:48:11.143 [JavaFX Application Thread] INFO  Engine               - FXGL-17.3 (30.03.2023 11.49) on WINDOWS (J:21.0.5 FX:21)
08:48:11.143 [JavaFX Application Thread] DEBUG Engine               - JRE Vendor Name: Oracle Corporation
08:48:11.143 [JavaFX Application Thread] DEBUG Engine               - Running on OS: Windows 11 version 10.0
08:48:11.143 [JavaFX Application Thread] DEBUG Engine               - Architecture: amd64
08:48:11.143 [JavaFX Application Thread] INFO  Engine               - Source code and latest versions at: https://github.com/AlmasB/FXGL
08:48:11.143 [JavaFX Application Thread] INFO  Engine               -       Ask questions and discuss at: https://github.com/AlmasB/FXGL/discussions
08:48:11.143 [JavaFX Application Thread] INFO  Engine               -              Join the FXGL chat at: https://gitter.im/AlmasB/FXGL
08:48:11.220 [JavaFX Application Thread] DEBUG PrimaryStageWindow   - Creating a JavaFX scene
08:48:11.260 [JavaFX Application Thread] DEBUG PrimaryStageWindow   - Target settings size: 1000.0 x 600.0
08:48:11.261 [JavaFX Application Thread] DEBUG PrimaryStageWindow   - Scaled scene size:    1000.0 x 600.0
08:48:11.261 [JavaFX Application Thread] DEBUG PrimaryStageWindow   - Scaled ratio: (1.0, 1.0)
08:48:11.262 [JavaFX Application Thread] DEBUG PrimaryStageWindow   - Set initial scene to FXGLStartupScene
08:48:11.265 [JavaFX Application Thread] DEBUG PrimaryStageWindow   - Opening main window
08:48:11.336 [JavaFX Application Thread] DEBUG PrimaryStageWindow   - Window border size: (14.4000244140625, 37.5999755859375)
08:48:11.337 [JavaFX Application Thread] DEBUG PrimaryStageWindow   - Scaled size: 1000.0 x 600.0
08:48:11.337 [JavaFX Application Thread] DEBUG PrimaryStageWindow   - Scaled ratio: (1.0, 1.0)
08:48:11.337 [JavaFX Application Thread] DEBUG PrimaryStageWindow   - Scene size: 1000.0 x 600.0
08:48:11.338 [JavaFX Application Thread] DEBUG PrimaryStageWindow   - Stage size: 1014.4000244140625 x 637.5999755859375
08:48:11.346 [FXGL Background Thread 1 ] DEBUG Engine               - Initializing environment variables
08:48:11.401 [FXGL Background Thread 1 ] DEBUG FXGLAssetLoaderServi - User app class for loading assets: class com.Simulador.Restaurante.RestaurantSimulator
08:48:11.402 [FXGL Background Thread 1 ] DEBUG GameApplicationServi - Applying CSS: fxgl_dark.css
08:48:11.403 [FXGL Background Thread 1 ] DEBUG FXGLAssetLoaderServi - Loading from file system: jar:file:///C:/Users/Jose%20Alberto%20Morales/.m2/repository/com/github/almasb/fxgl/17.3/fxgl-17.3.jar!/fxglassets/ui/css/fxgl_dark.css
08:48:11.455 [FXGL Background Thread 1 ] DEBUG GameApplicationServi - Initializing application scenes
08:48:11.488 [FXGL Background Thread 1 ] DEBUG GameWorld            - Game world initialized
08:48:11.558 [FXGL Background Thread 1 ] DEBUG PhysicsWorld         - Physics world initialized: appHeight=600, physics.ppm=50.0
08:48:11.558 [FXGL Background Thread 1 ] DEBUG PhysicsWorld         - Using strategy: BRUTE_FORCE
08:48:11.562 [FXGL Background Thread 1 ] DEBUG GameScene            - Game scene initialized: 1000x600
08:48:11.571 [FXGL Background Thread 1 ] DEBUG FXGL.DefaultMenu     - createMenuBodyGameMenu()
08:48:11.581 [FXGL Background Thread 1 ] DEBUG FXGL.DefaultMenu     - createOptionsMenu()
08:48:11.589 [FXGL Background Thread 1 ] DEBUG FXGLAssetLoaderServi - Loading from file system: jar:file:///C:/Users/Jose%20Alberto%20Morales/.m2/repository/com/github/almasb/fxgl/17.3/fxgl-17.3.jar!/fxglassets/textures/particles/smoke.png
08:48:11.667 [FXGL Background Thread 1 ] DEBUG FXGLAssetLoaderServi - Loading from file system: jar:file:///C:/Users/Jose%20Alberto%20Morales/.m2/repository/com/github/almasb/fxgl/17.3/fxgl-17.3.jar!/fxglassets/textures/particles/trace_horizontal.png
08:48:11.692 [FXGL Background Thread 1 ] DEBUG GameApplicationServi - Application scenes initialized
08:48:11.702 [FXGL Background Thread 1 ] DEBUG SystemBundleService  - Loading FXGL system data
08:48:11.706 [FXGL Background Thread 1 ] DEBUG FileSystemAccess     - Reading from: C:\Users\Jose Alberto Morales\Documents\7to Cuatrimestre\Programacion concurrente\Restaurant\system\fxgl.bundle
08:48:11.713 [FXGL Background Thread 1 ] DEBUG SystemBundleService  - Bundle FXGL: {}
08:48:11.713 [FXGL Background Thread 1 ] DEBUG UpdaterService       - Checking for updates
08:48:11.716 [FXGL Background Thread 4 ] DEBUG FXGLApplication      - Loading fonts
08:48:11.716 [FXGL Background Thread 4 ] DEBUG FXGLAssetLoaderServi - Loading from file system: jar:file:///C:/Users/Jose%20Alberto%20Morales/.m2/repository/com/github/almasb/fxgl/17.3/fxgl-17.3.jar!/fxglassets/ui/fonts/VarelaRound-Regular.ttf
08:48:11.716 [FXGL Background Thread 1 ] DEBUG FXGLApplication      - Loading default localization
08:48:11.717 [FXGL Background Thread 1 ] DEBUG FXGLAssetLoaderServi - Loading from file system: jar:file:///C:/Users/Jose%20Alberto%20Morales/.m2/repository/com/github/almasb/fxgl/17.3/fxgl-17.3.jar!/fxglassets/languages/english.lang
08:48:11.734 [FXGL Background Thread 1 ] INFO  FXGLApplication      - FXGL initialization took: 0.388 sec
08:48:11.735 [JavaFX Application Thread] DEBUG FXGLAssetLoaderServi - Loading from file system: jar:file:///C:/Users/Jose%20Alberto%20Morales/.m2/repository/com/github/almasb/fxgl/17.3/fxgl-17.3.jar!/fxglassets/textures/fxgl_icon.png
08:48:11.744 [FXGL Background Thread 4 ] DEBUG FXGLAssetLoaderServi - Loading from file system: jar:file:///C:/Users/Jose%20Alberto%20Morales/.m2/repository/com/github/almasb/fxgl/17.3/fxgl-17.3.jar!/fxglassets/ui/fonts/Abel-Regular.ttf
08:48:11.748 [FXGL Background Thread 4 ] DEBUG FXGLAssetLoaderServi - Loading from file system: jar:file:///C:/Users/Jose%20Alberto%20Morales/.m2/repository/com/github/almasb/fxgl/17.3/fxgl-17.3.jar!/fxglassets/ui/fonts/TerminalLandMono-Regular.otf
08:48:11.752 [FXGL Background Thread 4 ] DEBUG FXGLAssetLoaderServi - Loading from file system: jar:file:///C:/Users/Jose%20Alberto%20Morales/.m2/repository/com/github/almasb/fxgl/17.3/fxgl-17.3.jar!/fxglassets/ui/fonts/Courier-Prime.ttf
08:48:11.754 [JavaFX Application Thread] DEBUG FXGLAssetLoaderServi - Loading from file system: jar:file:///C:/Users/Jose%20Alberto%20Morales/.m2/repository/com/github/almasb/fxgl/17.3/fxgl-17.3.jar!/fxglassets/textures/fxgl_default_cursor.png
08:48:11.765 [JavaFX Application Thread] DEBUG Input                - Registered new binding: Screenshot - CTRL+8
08:48:11.766 [JavaFX Application Thread] DEBUG Input                - Registered new binding: System info dump - CTRL+9
08:48:11.766 [JavaFX Application Thread] DEBUG Input                - Registered new binding: Restart - CTRL+R
08:48:11.766 [JavaFX Application Thread] DEBUG Input                - Registered new binding: Toggle Debug Camera - CTRL+7
08:48:11.769 [JavaFX Application Thread] DEBUG LoopRunner           - Starting loop
08:48:11.769 [JavaFX Application Thread] DEBUG LoopRunner           - Initializing JavaFX AnimationTimerLoop
08:48:11.771 [JavaFX Application Thread] DEBUG GameApplicationServi - Starting new game
08:48:11.771 [JavaFX Application Thread] DEBUG Input                - Clearing active input actions
08:48:11.781 [JavaFX Application Thread] DEBUG GameApplicationServi - Removing overlay from FXGLStartupScene and adding to FXGLLoadingScene
08:48:11.782 [JavaFX Application Thread] DEBUG PrimaryStageWindow   - FXGLStartupScene -> FXGLLoadingScene
08:48:11.782 [JavaFX Application Thread] DEBUG GameApplicationServi - Clearing previous game
08:48:11.782 [JavaFX Application Thread] DEBUG GameScene            - Clearing game scene
08:48:11.782 [JavaFX Application Thread] DEBUG GameWorld            - Clearing game world
08:48:11.782 [JavaFX Application Thread] DEBUG PhysicsWorld         - Clearing physics world
08:48:11.784 [FXGL Background Thread 4 ] DEBUG FXGLApplication      - Initializing game
08:48:11.784 [JavaFX Application Thread] DEBUG FXGLApplication      - Registering font factories with UI factory
08:48:11.832 [FXGL Background Thread 4 ] INFO  FXGLApplication      - Game initialization took: 0.048 sec
08:48:11.832 [JavaFX Application Thread] DEBUG Input                - Clearing active input actions
08:48:11.851 [JavaFX Application Thread] DEBUG GameApplicationServi - Removing overlay from FXGLLoadingScene and adding to GameScene
08:48:11.852 [JavaFX Application Thread] DEBUG PrimaryStageWindow   - FXGLLoadingScene -> GameScene
08:48:12.196 [FXGL Background Thread 2 ] INFO  UpdaterService       - Your current version:  17.3
08:48:12.196 [FXGL Background Thread 2 ] INFO  UpdaterService       - Latest stable version: 21.1
08:48:13.330 [Thread-15                ] DEBUG LoopRunner           - Stopping loop
08:48:13.331 [Thread-15                ] FATAL FXGLApplication      - Uncaught Exception:
java.lang.IllegalStateException: Not on FX application thread; currentThread = Thread-15
	at javafx.graphics@21/com.sun.javafx.tk.Toolkit.checkFxUserThread(Toolkit.java:294)
	at javafx.graphics@21/com.sun.javafx.tk.quantum.QuantumToolkit.checkFxUserThread(QuantumToolkit.java:475)
	at javafx.graphics@21/javafx.scene.Parent$3.onProposedChange(Parent.java:475)
	at javafx.base@21/com.sun.javafx.collections.VetoableListDecorator.clear(VetoableListDecorator.java:302)
	at com.almasb.fxgl.entity@17.3/com.almasb.fxgl.entity.components.ViewComponent.clearChildren(ViewComponent.kt:248)
	at com.example.restaurant/com.Simulador.Restaurante.presentation.views.RestauranteView.actualizarEstadoMesa(RestauranteView.java:156)
	at com.example.restaurant/com.Simulador.Restaurante.concurrency.threads.ComensalThread.run(ComensalThread.java:46)

08:48:13.331 [Thread-15                ] FATAL FXGLApplication      - Application will now exit
08:48:13.347 [Thread-15                ] DEBUG PrimaryStageWindow   - Push state: ErrorSubScene
08:48:13.347 [Thread-15                ] DEBUG Input                - Clearing active input actions
08:48:14.400 [JavaFX Application Thread] DEBUG FXGLApplication      - Exiting FXGL
08:48:14.400 [JavaFX Application Thread] DEBUG Async                - Shutting down background threads
08:48:14.400 [JavaFX Application Thread] DEBUG PrimaryStageWindow   - Closing main window
08:48:14.412 [JavaFX Application Thread] DEBUG Logger               - Closing Logger
