19:39:09.276 [main                     ] DEBUG Logger               - Configured Logger
19:39:09.302 [main                     ] DEBUG GameApplication      - Logging settings
Title: Simulador Restaurante
Version: 0.1
Width: 1000
Height: 700
Fullscreen: false
Intro: false
Profiling: false
Single step:false
App Mode: DEVELOPER
Menu Key: ESCAPE
Stage Style: DECORATED
Scene Factory: class com.Simulador.Restaurante.RestaurantSimulator$1

19:39:09.620 [JavaFX Application Thread] DEBUG FXGLApplication      - Initializing FXGL
19:39:09.623 [JavaFX Application Thread] INFO  Engine               - FXGL-17.3 (30.03.2023 11.49) on WINDOWS (J:21.0.5 FX:21)
19:39:09.623 [JavaFX Application Thread] DEBUG Engine               - JRE Vendor Name: Oracle Corporation
19:39:09.624 [JavaFX Application Thread] DEBUG Engine               - Running on OS: Windows 11 version 10.0
19:39:09.624 [JavaFX Application Thread] DEBUG Engine               - Architecture: amd64
19:39:09.624 [JavaFX Application Thread] INFO  Engine               - Source code and latest versions at: https://github.com/AlmasB/FXGL
19:39:09.624 [JavaFX Application Thread] INFO  Engine               -       Ask questions and discuss at: https://github.com/AlmasB/FXGL/discussions
19:39:09.624 [JavaFX Application Thread] INFO  Engine               -              Join the FXGL chat at: https://gitter.im/AlmasB/FXGL
19:39:09.697 [JavaFX Application Thread] DEBUG PrimaryStageWindow   - Creating a JavaFX scene
19:39:09.738 [JavaFX Application Thread] DEBUG PrimaryStageWindow   - Target settings size: 1000.0 x 700.0
19:39:09.738 [JavaFX Application Thread] DEBUG PrimaryStageWindow   - Scaled scene size:    1000.0 x 700.0
19:39:09.738 [JavaFX Application Thread] DEBUG PrimaryStageWindow   - Scaled ratio: (1.0, 1.0)
19:39:09.739 [JavaFX Application Thread] DEBUG PrimaryStageWindow   - Set initial scene to FXGLStartupScene
19:39:09.741 [JavaFX Application Thread] DEBUG PrimaryStageWindow   - Opening main window
19:39:09.829 [JavaFX Application Thread] DEBUG PrimaryStageWindow   - Window border size: (14.4000244140625, 37.5999755859375)
19:39:09.829 [JavaFX Application Thread] DEBUG PrimaryStageWindow   - Scaled size: 1000.0 x 700.0
19:39:09.829 [JavaFX Application Thread] DEBUG PrimaryStageWindow   - Scaled ratio: (1.0, 1.0)
19:39:09.829 [JavaFX Application Thread] DEBUG PrimaryStageWindow   - Scene size: 1000.0 x 700.0
19:39:09.830 [JavaFX Application Thread] DEBUG PrimaryStageWindow   - Stage size: 1014.4000244140625 x 737.5999755859375
19:39:09.837 [FXGL Background Thread 1 ] DEBUG Engine               - Initializing environment variables
19:39:09.888 [FXGL Background Thread 1 ] DEBUG FXGLAssetLoaderServi - User app class for loading assets: class com.Simulador.Restaurante.RestaurantSimulator
19:39:09.889 [FXGL Background Thread 1 ] DEBUG GameApplicationServi - Applying CSS: fxgl_dark.css
19:39:09.890 [FXGL Background Thread 1 ] DEBUG FXGLAssetLoaderServi - Loading from file system: jar:file:///C:/Users/Jose%20Alberto%20Morales/.m2/repository/com/github/almasb/fxgl/17.3/fxgl-17.3.jar!/fxglassets/ui/css/fxgl_dark.css
19:39:09.935 [FXGL Background Thread 1 ] DEBUG GameApplicationServi - Initializing application scenes
19:39:09.965 [FXGL Background Thread 1 ] DEBUG GameWorld            - Game world initialized
19:39:10.025 [FXGL Background Thread 1 ] DEBUG PhysicsWorld         - Physics world initialized: appHeight=700, physics.ppm=50.0
19:39:10.025 [FXGL Background Thread 1 ] DEBUG PhysicsWorld         - Using strategy: BRUTE_FORCE
19:39:10.028 [FXGL Background Thread 1 ] DEBUG GameScene            - Game scene initialized: 1000x700
19:39:10.033 [JavaFX Application Thread] DEBUG LoopRunner           - Stopping loop
19:39:10.033 [JavaFX Application Thread] DEBUG LoopRunner           - Initializing JavaFX AnimationTimerLoop
19:39:10.034 [JavaFX Application Thread] FATAL FXGLApplication      - Uncaught Exception:
java.lang.NullPointerException
	at java.base/java.util.Objects.requireNonNull(Objects.java:233)
	at com.example.restaurant/com.Simulador.Restaurante.components.MainMenu.<init>(MainMenu.java:22)
	at com.example.restaurant/com.Simulador.Restaurante.RestaurantSimulator$1.newMainMenu(RestaurantSimulator.java:32)
	at com.almasb.fxgl.all@17.3/com.almasb.fxgl.app.FXGLApplication$GameApplicationService.initAppScenes(FXGLApplication.kt:457)
	at com.almasb.fxgl.all@17.3/com.almasb.fxgl.app.FXGLApplication$GameApplicationService.onInit(FXGLApplication.kt:417)
	at com.almasb.fxgl.all@17.3/com.almasb.fxgl.app.Engine.initServices(Engine.kt:85)
	at com.almasb.fxgl.all@17.3/com.almasb.fxgl.app.FXGLApplication.startImpl$lambda$2(FXGLApplication.kt:138)
	at com.almasb.fxgl.core@17.3/com.almasb.fxgl.core.concurrent.IOTask.lambda$ofVoid$5(IOTask.java:184)
	at com.almasb.fxgl.core@17.3/com.almasb.fxgl.core.concurrent.IOTask$2.onExecute(IOTask.java:197)
	at com.almasb.fxgl.core@17.3/com.almasb.fxgl.core.concurrent.IOTask$1.call(IOTask.java:148)
	at javafx.graphics@21/javafx.concurrent.Task$TaskCallable.call(Task.java:1399)
	at java.base/java.util.concurrent.FutureTask.run(FutureTask.java:317)
	at java.base/java.util.concurrent.Executors$RunnableAdapter.call(Executors.java:572)
	at java.base/java.util.concurrent.FutureTask.run(FutureTask.java:317)
	at java.base/java.util.concurrent.ThreadPoolExecutor.runWorker(ThreadPoolExecutor.java:1144)
	at java.base/java.util.concurrent.ThreadPoolExecutor$Worker.run(ThreadPoolExecutor.java:642)
	at java.base/java.lang.Thread.run(Thread.java:1583)

19:39:10.035 [JavaFX Application Thread] FATAL FXGLApplication      - Application will now exit
19:39:10.061 [JavaFX Application Thread] DEBUG PrimaryStageWindow   - Push state: ErrorSubScene
19:39:10.061 [JavaFX Application Thread] DEBUG Input                - Clearing active input actions
19:39:10.068 [JavaFX Application Thread] DEBUG GameApplicationServi - Removing overlay from FXGLStartupScene and adding to ErrorSubScene
19:39:10.068 [JavaFX Application Thread] DEBUG PrimaryStageWindow   - FXGLStartupScene -> ErrorSubScene
19:39:36.197 [JavaFX Application Thread] DEBUG FXGLApplication      - Exiting FXGL
19:39:36.198 [JavaFX Application Thread] DEBUG Async                - Shutting down background threads
19:39:36.198 [JavaFX Application Thread] DEBUG PrimaryStageWindow   - Closing main window
19:39:36.214 [JavaFX Application Thread] DEBUG Logger               - Closing Logger
