08:44:46.046 [main                     ] DEBUG Logger               - Configured Logger
08:44:46.066 [main                     ] DEBUG GameApplication      - Logging settings
Title: Simulador de Restaurante
Version: 1.0
Width: 1000
Height: 600
Fullscreen: false
Intro: false
Profiling: false
Single step:false
App Mode: DEVELOPER
Menu Key: ESCAPE
Stage Style: DECORATED
Scene Factory: class com.almasb.fxgl.app.scene.SceneFactory

08:44:46.395 [JavaFX Application Thread] DEBUG FXGLApplication      - Initializing FXGL
08:44:46.398 [JavaFX Application Thread] INFO  Engine               - FXGL-17.3 (30.03.2023 11.49) on WINDOWS (J:21.0.5 FX:21)
08:44:46.398 [JavaFX Application Thread] DEBUG Engine               - JRE Vendor Name: Oracle Corporation
08:44:46.399 [JavaFX Application Thread] DEBUG Engine               - Running on OS: Windows 11 version 10.0
08:44:46.399 [JavaFX Application Thread] DEBUG Engine               - Architecture: amd64
08:44:46.399 [JavaFX Application Thread] INFO  Engine               - Source code and latest versions at: https://github.com/AlmasB/FXGL
08:44:46.399 [JavaFX Application Thread] INFO  Engine               -       Ask questions and discuss at: https://github.com/AlmasB/FXGL/discussions
08:44:46.399 [JavaFX Application Thread] INFO  Engine               -              Join the FXGL chat at: https://gitter.im/AlmasB/FXGL
08:44:46.470 [JavaFX Application Thread] DEBUG PrimaryStageWindow   - Creating a JavaFX scene
08:44:46.511 [JavaFX Application Thread] DEBUG PrimaryStageWindow   - Target settings size: 1000.0 x 600.0
08:44:46.511 [JavaFX Application Thread] DEBUG PrimaryStageWindow   - Scaled scene size:    1000.0 x 600.0
08:44:46.511 [JavaFX Application Thread] DEBUG PrimaryStageWindow   - Scaled ratio: (1.0, 1.0)
08:44:46.512 [JavaFX Application Thread] DEBUG PrimaryStageWindow   - Set initial scene to FXGLStartupScene
08:44:46.515 [JavaFX Application Thread] DEBUG PrimaryStageWindow   - Opening main window
08:44:46.586 [JavaFX Application Thread] DEBUG PrimaryStageWindow   - Window border size: (14.4000244140625, 37.5999755859375)
08:44:46.586 [JavaFX Application Thread] DEBUG PrimaryStageWindow   - Scaled size: 1000.0 x 600.0
08:44:46.586 [JavaFX Application Thread] DEBUG PrimaryStageWindow   - Scaled ratio: (1.0, 1.0)
08:44:46.586 [JavaFX Application Thread] DEBUG PrimaryStageWindow   - Scene size: 1000.0 x 600.0
08:44:46.587 [JavaFX Application Thread] DEBUG PrimaryStageWindow   - Stage size: 1014.4000244140625 x 637.5999755859375
08:44:46.594 [FXGL Background Thread 1 ] DEBUG Engine               - Initializing environment variables
08:44:46.657 [FXGL Background Thread 1 ] DEBUG FXGLAssetLoaderServi - User app class for loading assets: class com.Simulador.Restaurante.RestaurantSimulator
08:44:46.658 [FXGL Background Thread 1 ] DEBUG GameApplicationServi - Applying CSS: fxgl_dark.css
08:44:46.659 [FXGL Background Thread 1 ] DEBUG FXGLAssetLoaderServi - Loading from file system: jar:file:///C:/Users/Jose%20Alberto%20Morales/.m2/repository/com/github/almasb/fxgl/17.3/fxgl-17.3.jar!/fxglassets/ui/css/fxgl_dark.css
08:44:46.700 [FXGL Background Thread 1 ] DEBUG GameApplicationServi - Initializing application scenes
08:44:46.729 [FXGL Background Thread 1 ] DEBUG GameWorld            - Game world initialized
08:44:46.791 [FXGL Background Thread 1 ] DEBUG PhysicsWorld         - Physics world initialized: appHeight=600, physics.ppm=50.0
08:44:46.791 [FXGL Background Thread 1 ] DEBUG PhysicsWorld         - Using strategy: BRUTE_FORCE
08:44:46.794 [FXGL Background Thread 1 ] DEBUG GameScene            - Game scene initialized: 1000x600
08:44:46.805 [FXGL Background Thread 1 ] DEBUG FXGL.DefaultMenu     - createMenuBodyGameMenu()
08:44:46.815 [FXGL Background Thread 1 ] DEBUG FXGL.DefaultMenu     - createOptionsMenu()
08:44:46.824 [FXGL Background Thread 1 ] DEBUG FXGLAssetLoaderServi - Loading from file system: jar:file:///C:/Users/Jose%20Alberto%20Morales/.m2/repository/com/github/almasb/fxgl/17.3/fxgl-17.3.jar!/fxglassets/textures/particles/smoke.png
08:44:46.904 [FXGL Background Thread 1 ] DEBUG FXGLAssetLoaderServi - Loading from file system: jar:file:///C:/Users/Jose%20Alberto%20Morales/.m2/repository/com/github/almasb/fxgl/17.3/fxgl-17.3.jar!/fxglassets/textures/particles/trace_horizontal.png
08:44:46.931 [FXGL Background Thread 1 ] DEBUG GameApplicationServi - Application scenes initialized
08:44:46.941 [FXGL Background Thread 1 ] DEBUG SystemBundleService  - Loading FXGL system data
08:44:46.945 [FXGL Background Thread 1 ] DEBUG FileSystemAccess     - Reading from: C:\Users\Jose Alberto Morales\Documents\7to Cuatrimestre\Programacion concurrente\Restaurant\system\fxgl.bundle
08:44:46.952 [FXGL Background Thread 1 ] DEBUG SystemBundleService  - Bundle FXGL: {}
08:44:46.953 [FXGL Background Thread 1 ] DEBUG UpdaterService       - Checking for updates
08:44:46.956 [FXGL Background Thread 4 ] DEBUG FXGLApplication      - Loading fonts
08:44:46.956 [FXGL Background Thread 1 ] DEBUG FXGLApplication      - Loading default localization
08:44:46.957 [FXGL Background Thread 4 ] DEBUG FXGLAssetLoaderServi - Loading from file system: jar:file:///C:/Users/Jose%20Alberto%20Morales/.m2/repository/com/github/almasb/fxgl/17.3/fxgl-17.3.jar!/fxglassets/ui/fonts/VarelaRound-Regular.ttf
08:44:46.957 [FXGL Background Thread 1 ] DEBUG FXGLAssetLoaderServi - Loading from file system: jar:file:///C:/Users/Jose%20Alberto%20Morales/.m2/repository/com/github/almasb/fxgl/17.3/fxgl-17.3.jar!/fxglassets/languages/english.lang
08:44:46.974 [FXGL Background Thread 1 ] INFO  FXGLApplication      - FXGL initialization took: 0.380 sec
08:44:46.975 [JavaFX Application Thread] DEBUG FXGLAssetLoaderServi - Loading from file system: jar:file:///C:/Users/Jose%20Alberto%20Morales/.m2/repository/com/github/almasb/fxgl/17.3/fxgl-17.3.jar!/fxglassets/textures/fxgl_icon.png
08:44:46.985 [FXGL Background Thread 4 ] DEBUG FXGLAssetLoaderServi - Loading from file system: jar:file:///C:/Users/Jose%20Alberto%20Morales/.m2/repository/com/github/almasb/fxgl/17.3/fxgl-17.3.jar!/fxglassets/ui/fonts/Abel-Regular.ttf
08:44:46.989 [FXGL Background Thread 4 ] DEBUG FXGLAssetLoaderServi - Loading from file system: jar:file:///C:/Users/Jose%20Alberto%20Morales/.m2/repository/com/github/almasb/fxgl/17.3/fxgl-17.3.jar!/fxglassets/ui/fonts/TerminalLandMono-Regular.otf
08:44:46.991 [JavaFX Application Thread] DEBUG FXGLAssetLoaderServi - Loading from file system: jar:file:///C:/Users/Jose%20Alberto%20Morales/.m2/repository/com/github/almasb/fxgl/17.3/fxgl-17.3.jar!/fxglassets/textures/fxgl_default_cursor.png
08:44:46.995 [FXGL Background Thread 4 ] DEBUG FXGLAssetLoaderServi - Loading from file system: jar:file:///C:/Users/Jose%20Alberto%20Morales/.m2/repository/com/github/almasb/fxgl/17.3/fxgl-17.3.jar!/fxglassets/ui/fonts/Courier-Prime.ttf
08:44:47.003 [JavaFX Application Thread] DEBUG Input                - Registered new binding: Screenshot - CTRL+8
08:44:47.004 [JavaFX Application Thread] DEBUG Input                - Registered new binding: System info dump - CTRL+9
08:44:47.004 [JavaFX Application Thread] DEBUG Input                - Registered new binding: Restart - CTRL+R
08:44:47.004 [JavaFX Application Thread] DEBUG Input                - Registered new binding: Toggle Debug Camera - CTRL+7
08:44:47.007 [JavaFX Application Thread] DEBUG LoopRunner           - Starting loop
08:44:47.007 [JavaFX Application Thread] DEBUG LoopRunner           - Initializing JavaFX AnimationTimerLoop
08:44:47.008 [JavaFX Application Thread] DEBUG GameApplicationServi - Starting new game
08:44:47.008 [JavaFX Application Thread] DEBUG Input                - Clearing active input actions
08:44:47.018 [JavaFX Application Thread] DEBUG GameApplicationServi - Removing overlay from FXGLStartupScene and adding to FXGLLoadingScene
08:44:47.019 [JavaFX Application Thread] DEBUG PrimaryStageWindow   - FXGLStartupScene -> FXGLLoadingScene
08:44:47.019 [JavaFX Application Thread] DEBUG GameApplicationServi - Clearing previous game
08:44:47.019 [JavaFX Application Thread] DEBUG GameScene            - Clearing game scene
08:44:47.019 [JavaFX Application Thread] DEBUG GameWorld            - Clearing game world
08:44:47.019 [JavaFX Application Thread] DEBUG PhysicsWorld         - Clearing physics world
08:44:47.020 [FXGL Background Thread 4 ] DEBUG FXGLApplication      - Initializing game
08:44:47.069 [FXGL Background Thread 4 ] INFO  FXGLApplication      - Game initialization took: 0.049 sec
08:44:47.127 [JavaFX Application Thread] DEBUG Input                - Clearing active input actions
08:44:47.141 [JavaFX Application Thread] DEBUG GameApplicationServi - Removing overlay from FXGLLoadingScene and adding to GameScene
08:44:47.142 [JavaFX Application Thread] DEBUG PrimaryStageWindow   - FXGLLoadingScene -> GameScene
08:44:47.413 [FXGL Background Thread 2 ] INFO  UpdaterService       - Your current version:  17.3
08:44:47.414 [FXGL Background Thread 2 ] INFO  UpdaterService       - Latest stable version: 21.1
08:44:48.193 [Thread-15                ] DEBUG LoopRunner           - Stopping loop
08:44:48.195 [Thread-15                ] FATAL FXGLApplication      - Uncaught Exception:
java.lang.IllegalStateException: Not on FX application thread; currentThread = Thread-15
	at javafx.graphics@21/com.sun.javafx.tk.Toolkit.checkFxUserThread(Toolkit.java:294)
	at javafx.graphics@21/com.sun.javafx.tk.quantum.QuantumToolkit.checkFxUserThread(QuantumToolkit.java:475)
	at javafx.graphics@21/javafx.scene.Parent$3.onProposedChange(Parent.java:475)
	at javafx.base@21/com.sun.javafx.collections.VetoableListDecorator.clear(VetoableListDecorator.java:302)
	at com.almasb.fxgl.entity@17.3/com.almasb.fxgl.entity.components.ViewComponent.clearChildren(ViewComponent.kt:248)
	at com.example.restaurant/com.Simulador.Restaurante.presentation.views.RestauranteView.actualizarEstadoMesa(RestauranteView.java:156)
	at com.example.restaurant/com.Simulador.Restaurante.concurrency.threads.ComensalThread.run(ComensalThread.java:43)

08:44:48.195 [Thread-15                ] FATAL FXGLApplication      - Application will now exit
08:44:48.206 [Thread-15                ] DEBUG PrimaryStageWindow   - Push state: ErrorSubScene
08:44:48.206 [Thread-15                ] DEBUG Input                - Clearing active input actions
08:44:49.955 [FXGL Background Thread 3 ] DEBUG Engine               - Logging environment variables
08:44:49.955 [FXGL Background Thread 3 ] DEBUG Engine               - achievements: []
08:44:49.955 [FXGL Background Thread 3 ] DEBUG Engine               - actualHeight: 600.0
08:44:49.955 [FXGL Background Thread 3 ] DEBUG Engine               - actualHeightProperty: ReadOnlyDoubleProperty [value: 600.0]
08:44:49.955 [FXGL Background Thread 3 ] DEBUG Engine               - actualWidth: 1000.0
08:44:49.955 [FXGL Background Thread 3 ] DEBUG Engine               - actualWidthProperty: ReadOnlyDoubleProperty [value: 1000.0]
08:44:49.955 [FXGL Background Thread 3 ] DEBUG Engine               - appIcon: fxgl_icon.png
08:44:49.955 [FXGL Background Thread 3 ] DEBUG Engine               - applicationMode: DEVELOPER
08:44:49.955 [FXGL Background Thread 3 ] DEBUG Engine               - cSSList: [fxgl_dark.css]
08:44:49.955 [FXGL Background Thread 3 ] DEBUG Engine               - collisionDetectionStrategy: BRUTE_FORCE
08:44:49.955 [FXGL Background Thread 3 ] DEBUG Engine               - configClass: Optional.empty
08:44:49.955 [FXGL Background Thread 3 ] DEBUG Engine               - credits: []
08:44:49.956 [FXGL Background Thread 3 ] DEBUG Engine               - defaultCursor: CursorInfo(imageName=fxgl_default_cursor.png, hotspotX=7.0, hotspotY=6.0)
08:44:49.956 [FXGL Background Thread 3 ] DEBUG Engine               - devBBoxColorProperty: ObjectProperty [value: 0xff0000ff]
08:44:49.956 [FXGL Background Thread 3 ] DEBUG Engine               - devEnableDebugCameraProperty: BooleanProperty [value: false]
08:44:49.956 [FXGL Background Thread 3 ] DEBUG Engine               - devSensorColorProperty: ObjectProperty [value: 0xffff00ff]
08:44:49.956 [FXGL Background Thread 3 ] DEBUG Engine               - devShowBBoxProperty: BooleanProperty [value: false]
08:44:49.956 [FXGL Background Thread 3 ] DEBUG Engine               - devShowPositionProperty: BooleanProperty [value: false]
08:44:49.956 [FXGL Background Thread 3 ] DEBUG Engine               - enabledMenuItems: []
08:44:49.956 [FXGL Background Thread 3 ] DEBUG Engine               - engineServices: [class com.almasb.fxgl.app.services.FXGLAssetLoaderService, class com.almasb.fxgl.app.FXGLApplication$GameApplicationService, class com.almasb.fxgl.app.services.FXGLDialogService, class com.almasb.fxgl.app.services.IOTaskExecutorService, class com.almasb.fxgl.io.FileSystemService, class com.almasb.fxgl.localization.LocalizationService, class com.almasb.fxgl.app.services.SystemBundleService, class com.almasb.fxgl.profile.SaveLoadService, class com.almasb.fxgl.ui.FXGLUIFactoryServiceProvider, class com.almasb.fxgl.ui.FXGLDialogFactoryServiceProvider, class com.almasb.fxgl.audio.AudioPlayer, class com.almasb.fxgl.notification.impl.NotificationServiceProvider, class com.almasb.fxgl.achievement.AchievementService, class com.almasb.fxgl.cutscene.CutsceneService, class com.almasb.fxgl.minigames.MiniGameService, class com.almasb.fxgl.net.NetService, class com.almasb.fxgl.app.services.UpdaterService, class com.almasb.fxgl.dev.DevService]
08:44:49.956 [FXGL Background Thread 3 ] DEBUG Engine               - fontGame: Abel-Regular.ttf
08:44:49.956 [FXGL Background Thread 3 ] DEBUG Engine               - fontMono: TerminalLandMono-Regular.otf
08:44:49.956 [FXGL Background Thread 3 ] DEBUG Engine               - fontSizeScaleUI: 1.0
08:44:49.956 [FXGL Background Thread 3 ] DEBUG Engine               - fontText: Courier-Prime.ttf
08:44:49.956 [FXGL Background Thread 3 ] DEBUG Engine               - fontUI: VarelaRound-Regular.ttf
08:44:49.956 [FXGL Background Thread 3 ] DEBUG Engine               - fullScreen: BooleanProperty [value: false]
08:44:49.956 [FXGL Background Thread 3 ] DEBUG Engine               - gameDifficulty: MEDIUM
08:44:49.956 [FXGL Background Thread 3 ] DEBUG Engine               - gameDifficultyProperty: ObjectProperty [value: MEDIUM]
08:44:49.956 [FXGL Background Thread 3 ] DEBUG Engine               - globalMusicVolume: 0.5
08:44:49.957 [FXGL Background Thread 3 ] DEBUG Engine               - globalMusicVolumeProperty: DoubleProperty [value: 0.5]
08:44:49.957 [FXGL Background Thread 3 ] DEBUG Engine               - globalSoundVolume: 0.5
08:44:49.957 [FXGL Background Thread 3 ] DEBUG Engine               - globalSoundVolumeProperty: DoubleProperty [value: 0.5]
08:44:49.957 [FXGL Background Thread 3 ] DEBUG Engine               - height: 600
08:44:49.957 [FXGL Background Thread 3 ] DEBUG Engine               - is3D: false
08:44:49.957 [FXGL Background Thread 3 ] DEBUG Engine               - isAndroid: false
08:44:49.957 [FXGL Background Thread 3 ] DEBUG Engine               - isBrowser: false
08:44:49.957 [FXGL Background Thread 3 ] DEBUG Engine               - isClickFeedbackEnabled: false
08:44:49.957 [FXGL Background Thread 3 ] DEBUG Engine               - isCloseConfirmation: false
08:44:49.957 [FXGL Background Thread 3 ] DEBUG Engine               - isDesktop: true
08:44:49.957 [FXGL Background Thread 3 ] DEBUG Engine               - isDeveloperMenuEnabled: false
08:44:49.957 [FXGL Background Thread 3 ] DEBUG Engine               - isEmbedded: false
08:44:49.957 [FXGL Background Thread 3 ] DEBUG Engine               - isEntityPreloadEnabled: true
08:44:49.957 [FXGL Background Thread 3 ] DEBUG Engine               - isExperimentalTiledLargeMap: false
08:44:49.957 [FXGL Background Thread 3 ] DEBUG Engine               - isFileSystemWriteAllowed: true
08:44:49.957 [FXGL Background Thread 3 ] DEBUG Engine               - isFullScreenAllowed: false
08:44:49.957 [FXGL Background Thread 3 ] DEBUG Engine               - isFullScreenFromStart: false
08:44:49.957 [FXGL Background Thread 3 ] DEBUG Engine               - isGameMenuEnabled: true
08:44:49.957 [FXGL Background Thread 3 ] DEBUG Engine               - isIOS: false
08:44:49.957 [FXGL Background Thread 3 ] DEBUG Engine               - isIntroEnabled: false
08:44:49.957 [FXGL Background Thread 3 ] DEBUG Engine               - isLinux: false
08:44:49.957 [FXGL Background Thread 3 ] DEBUG Engine               - isMac: false
08:44:49.957 [FXGL Background Thread 3 ] DEBUG Engine               - isMainMenuEnabled: false
08:44:49.957 [FXGL Background Thread 3 ] DEBUG Engine               - isManualResizeEnabled: false
08:44:49.957 [FXGL Background Thread 3 ] DEBUG Engine               - isMobile: false
08:44:49.958 [FXGL Background Thread 3 ] DEBUG Engine               - isNative: false
08:44:49.958 [FXGL Background Thread 3 ] DEBUG Engine               - isPauseMusicWhenMinimized: true
08:44:49.958 [FXGL Background Thread 3 ] DEBUG Engine               - isPreserveResizeRatio: false
08:44:49.958 [FXGL Background Thread 3 ] DEBUG Engine               - isProfilingEnabled: false
08:44:49.958 [FXGL Background Thread 3 ] DEBUG Engine               - isScaleAffectedOnResize: true
08:44:49.958 [FXGL Background Thread 3 ] DEBUG Engine               - isSingleStep: false
08:44:49.958 [FXGL Background Thread 3 ] DEBUG Engine               - isUserProfileEnabled: false
08:44:49.958 [FXGL Background Thread 3 ] DEBUG Engine               - isWindows: true
08:44:49.958 [FXGL Background Thread 3 ] DEBUG Engine               - language: ObjectProperty [value: ENGLISH]
08:44:49.958 [FXGL Background Thread 3 ] DEBUG Engine               - menuKey: ESCAPE
08:44:49.958 [FXGL Background Thread 3 ] DEBUG Engine               - mouseSensitivity: 0.2
08:44:49.958 [FXGL Background Thread 3 ] DEBUG Engine               - notificationViewClass: class com.almasb.fxgl.notification.view.XboxNotificationView
08:44:49.958 [FXGL Background Thread 3 ] DEBUG Engine               - pixelsPerMeter: 50.0
08:44:49.958 [FXGL Background Thread 3 ] DEBUG Engine               - platform: WINDOWS
08:44:49.958 [FXGL Background Thread 3 ] DEBUG Engine               - prefHeightProperty: ReadOnlyDoubleProperty [value: 600.0]
08:44:49.958 [FXGL Background Thread 3 ] DEBUG Engine               - prefWidthProperty: ReadOnlyDoubleProperty [value: 1000.0]
08:44:49.958 [FXGL Background Thread 3 ] DEBUG Engine               - profileDir: profiles/
08:44:49.958 [FXGL Background Thread 3 ] DEBUG Engine               - profileName: StringProperty [value: DEFAULT]
08:44:49.958 [FXGL Background Thread 3 ] DEBUG Engine               - randomSeed: -1
08:44:49.958 [FXGL Background Thread 3 ] DEBUG Engine               - runtimeInfo: RuntimeInfo(platform=WINDOWS, version=17.3, build=30.03.2023 11.49)
08:44:49.958 [FXGL Background Thread 3 ] DEBUG Engine               - saveFileExt: sav
08:44:49.958 [FXGL Background Thread 3 ] DEBUG Engine               - scaledHeightProp$fxgl: DoubleProperty [bound, value: 600.0]
08:44:49.958 [FXGL Background Thread 3 ] DEBUG Engine               - scaledWidthProp$fxgl: DoubleProperty [bound, value: 1000.0]
08:44:49.958 [FXGL Background Thread 3 ] DEBUG Engine               - sceneFactory: com.almasb.fxgl.app.scene.SceneFactory@6ca9caf3
08:44:49.959 [FXGL Background Thread 3 ] DEBUG Engine               - secondsIn24h: 60
08:44:49.959 [FXGL Background Thread 3 ] DEBUG Engine               - soundMenuBack: menu/back.wav
08:44:49.959 [FXGL Background Thread 3 ] DEBUG Engine               - soundMenuPress: menu/press.wav
08:44:49.959 [FXGL Background Thread 3 ] DEBUG Engine               - soundMenuSelect: menu/select.wav
08:44:49.959 [FXGL Background Thread 3 ] DEBUG Engine               - soundNotification: core/notification.wav
08:44:49.959 [FXGL Background Thread 3 ] DEBUG Engine               - stageStyle: DECORATED
08:44:49.959 [FXGL Background Thread 3 ] DEBUG Engine               - supportedLanguages: [ENGLISH, FRENCH, GERMAN, HUNGARIAN, RUSSIAN]
08:44:49.959 [FXGL Background Thread 3 ] DEBUG Engine               - ticksPerSecond: -1
08:44:49.959 [FXGL Background Thread 3 ] DEBUG Engine               - title: Simulador de Restaurante
08:44:49.959 [FXGL Background Thread 3 ] DEBUG Engine               - urlGithub: https://github.com/AlmasB/FXGL
08:44:49.959 [FXGL Background Thread 3 ] DEBUG Engine               - urlLeaderboard: http://fxgl-top.herokuapp.com/
08:44:49.959 [FXGL Background Thread 3 ] DEBUG Engine               - urlPOM: https://raw.githubusercontent.com/AlmasB/FXGL/release/README.md
08:44:49.959 [FXGL Background Thread 3 ] DEBUG Engine               - userAppClass: class com.Simulador.Restaurante.RestaurantSimulator
08:44:49.959 [FXGL Background Thread 3 ] DEBUG Engine               - version: 1.0
08:44:49.959 [FXGL Background Thread 3 ] DEBUG Engine               - versionCheckDays: 7
08:44:49.959 [FXGL Background Thread 3 ] DEBUG Engine               - width: 1000
08:44:49.959 [FXGL Background Thread 3 ] DEBUG Engine               - Logging services
08:44:49.959 [FXGL Background Thread 3 ] DEBUG Engine               - class com.almasb.fxgl.app.services.FXGLAssetLoaderService
08:44:49.959 [FXGL Background Thread 3 ] DEBUG Engine               - class com.almasb.fxgl.app.FXGLApplication$GameApplicationService
08:44:49.959 [FXGL Background Thread 3 ] DEBUG Engine               - class com.almasb.fxgl.app.services.FXGLDialogService
08:44:49.959 [FXGL Background Thread 3 ] DEBUG Engine               - class com.almasb.fxgl.app.services.IOTaskExecutorService
08:44:49.959 [FXGL Background Thread 3 ] DEBUG Engine               - class com.almasb.fxgl.io.FileSystemService
08:44:49.959 [FXGL Background Thread 3 ] DEBUG Engine               - class com.almasb.fxgl.localization.LocalizationService
08:44:49.959 [FXGL Background Thread 3 ] DEBUG Engine               - class com.almasb.fxgl.app.services.SystemBundleService
08:44:49.959 [FXGL Background Thread 3 ] DEBUG Engine               - class com.almasb.fxgl.profile.SaveLoadService
08:44:49.959 [FXGL Background Thread 3 ] DEBUG Engine               - class com.almasb.fxgl.ui.FXGLUIFactoryServiceProvider
08:44:49.959 [FXGL Background Thread 3 ] DEBUG Engine               - class com.almasb.fxgl.ui.FXGLDialogFactoryServiceProvider
08:44:49.959 [FXGL Background Thread 3 ] DEBUG Engine               - class com.almasb.fxgl.audio.AudioPlayer
08:44:49.959 [FXGL Background Thread 3 ] DEBUG Engine               - class com.almasb.fxgl.notification.impl.NotificationServiceProvider
08:44:49.960 [FXGL Background Thread 3 ] DEBUG Engine               - class com.almasb.fxgl.achievement.AchievementService
08:44:49.960 [FXGL Background Thread 3 ] DEBUG Engine               - class com.almasb.fxgl.cutscene.CutsceneService
08:44:49.960 [FXGL Background Thread 3 ] DEBUG Engine               - class com.almasb.fxgl.minigames.MiniGameService
08:44:49.960 [FXGL Background Thread 3 ] DEBUG Engine               - class com.almasb.fxgl.net.NetService
08:44:49.960 [FXGL Background Thread 3 ] DEBUG Engine               - class com.almasb.fxgl.app.services.UpdaterService
08:44:49.960 [FXGL Background Thread 3 ] DEBUG Engine               - class com.almasb.fxgl.dev.DevService
08:44:55.830 [JavaFX Application Thread] DEBUG FXGLApplication      - Exiting FXGL
08:44:55.830 [JavaFX Application Thread] DEBUG Async                - Shutting down background threads
08:44:55.831 [JavaFX Application Thread] DEBUG PrimaryStageWindow   - Closing main window
08:44:55.841 [JavaFX Application Thread] DEBUG Logger               - Closing Logger
