23:29:23.871 [main                     ] DEBUG Logger               - Configured Logger
23:29:23.896 [main                     ] DEBUG GameApplication      - Logging settings
Title: Simulador de Restaurante
Version: 1.0
Width: 1400
Height: 700
Fullscreen: false
Intro: false
Profiling: false
Single step:false
App Mode: DEVELOPER
Menu Key: ESCAPE
Stage Style: DECORATED
Scene Factory: class com.almasb.fxgl.app.scene.SceneFactory

23:29:24.238 [JavaFX Application Thread] DEBUG FXGLApplication      - Initializing FXGL
23:29:24.243 [JavaFX Application Thread] INFO  Engine               - FXGL-17.3 (30.03.2023 11.49) on WINDOWS (J:21.0.5 FX:21)
23:29:24.243 [JavaFX Application Thread] DEBUG Engine               - JRE Vendor Name: Oracle Corporation
23:29:24.244 [JavaFX Application Thread] DEBUG Engine               - Running on OS: Windows 11 version 10.0
23:29:24.244 [JavaFX Application Thread] DEBUG Engine               - Architecture: amd64
23:29:24.244 [JavaFX Application Thread] INFO  Engine               - Source code and latest versions at: https://github.com/AlmasB/FXGL
23:29:24.244 [JavaFX Application Thread] INFO  Engine               -       Ask questions and discuss at: https://github.com/AlmasB/FXGL/discussions
23:29:24.244 [JavaFX Application Thread] INFO  Engine               -              Join the FXGL chat at: https://gitter.im/AlmasB/FXGL
23:29:24.318 [JavaFX Application Thread] DEBUG PrimaryStageWindow   - Creating a JavaFX scene
23:29:24.359 [JavaFX Application Thread] DEBUG PrimaryStageWindow   - Target settings size: 1400.0 x 700.0
23:29:24.359 [JavaFX Application Thread] DEBUG PrimaryStageWindow   - Scaled scene size:    1400.0 x 700.0
23:29:24.359 [JavaFX Application Thread] DEBUG PrimaryStageWindow   - Scaled ratio: (1.0, 1.0)
23:29:24.359 [JavaFX Application Thread] DEBUG PrimaryStageWindow   - Set initial scene to FXGLStartupScene
23:29:24.363 [JavaFX Application Thread] DEBUG PrimaryStageWindow   - Opening main window
23:29:24.435 [JavaFX Application Thread] DEBUG PrimaryStageWindow   - Window border size: (14.4000244140625, 37.5999755859375)
23:29:24.435 [JavaFX Application Thread] DEBUG PrimaryStageWindow   - Scaled size: 1400.0 x 700.0
23:29:24.436 [JavaFX Application Thread] DEBUG PrimaryStageWindow   - Scaled ratio: (1.0, 1.0)
23:29:24.436 [JavaFX Application Thread] DEBUG PrimaryStageWindow   - Scene size: 1400.0 x 700.0
23:29:24.436 [JavaFX Application Thread] DEBUG PrimaryStageWindow   - Stage size: 1414.4000244140625 x 737.5999755859375
23:29:24.471 [FXGL Background Thread 1 ] DEBUG Engine               - Initializing environment variables
23:29:24.541 [FXGL Background Thread 1 ] DEBUG FXGLAssetLoaderServi - User app class for loading assets: class com.Simulador.Restaurante.RestaurantSimulator
23:29:24.541 [FXGL Background Thread 1 ] DEBUG GameApplicationServi - Applying CSS: fxgl_dark.css
23:29:24.542 [FXGL Background Thread 1 ] DEBUG FXGLAssetLoaderServi - Loading from file system: jar:file:///C:/Users/Jose%20Alberto%20Morales/.m2/repository/com/github/almasb/fxgl/17.3/fxgl-17.3.jar!/fxglassets/ui/css/fxgl_dark.css
23:29:24.598 [FXGL Background Thread 1 ] DEBUG GameApplicationServi - Initializing application scenes
23:29:24.634 [FXGL Background Thread 1 ] DEBUG GameWorld            - Game world initialized
23:29:24.701 [FXGL Background Thread 1 ] DEBUG PhysicsWorld         - Physics world initialized: appHeight=700, physics.ppm=50.0
23:29:24.701 [FXGL Background Thread 1 ] DEBUG PhysicsWorld         - Using strategy: BRUTE_FORCE
23:29:24.704 [FXGL Background Thread 1 ] DEBUG GameScene            - Game scene initialized: 1400x700
23:29:24.718 [FXGL Background Thread 1 ] DEBUG FXGL.DefaultMenu     - createMenuBodyGameMenu()
23:29:24.729 [FXGL Background Thread 1 ] DEBUG FXGL.DefaultMenu     - createOptionsMenu()
23:29:24.737 [FXGL Background Thread 1 ] DEBUG FXGLAssetLoaderServi - Loading from file system: jar:file:///C:/Users/Jose%20Alberto%20Morales/.m2/repository/com/github/almasb/fxgl/17.3/fxgl-17.3.jar!/fxglassets/textures/particles/smoke.png
23:29:24.812 [FXGL Background Thread 1 ] DEBUG FXGLAssetLoaderServi - Loading from file system: jar:file:///C:/Users/Jose%20Alberto%20Morales/.m2/repository/com/github/almasb/fxgl/17.3/fxgl-17.3.jar!/fxglassets/textures/particles/trace_horizontal.png
23:29:24.839 [FXGL Background Thread 1 ] DEBUG GameApplicationServi - Application scenes initialized
23:29:24.850 [FXGL Background Thread 1 ] DEBUG SystemBundleService  - Loading FXGL system data
23:29:24.854 [FXGL Background Thread 1 ] DEBUG FileSystemAccess     - Reading from: C:\Users\Jose Alberto Morales\Documents\7to Cuatrimestre\Programacion concurrente\Restaurant\system\fxgl.bundle
23:29:24.861 [FXGL Background Thread 1 ] DEBUG SystemBundleService  - Bundle FXGL: {}
23:29:24.861 [FXGL Background Thread 1 ] DEBUG UpdaterService       - Checking for updates
23:29:24.864 [FXGL Background Thread 4 ] DEBUG FXGLApplication      - Loading fonts
23:29:24.864 [FXGL Background Thread 1 ] DEBUG FXGLApplication      - Loading default localization
23:29:24.865 [FXGL Background Thread 4 ] DEBUG FXGLAssetLoaderServi - Loading from file system: jar:file:///C:/Users/Jose%20Alberto%20Morales/.m2/repository/com/github/almasb/fxgl/17.3/fxgl-17.3.jar!/fxglassets/ui/fonts/VarelaRound-Regular.ttf
23:29:24.865 [FXGL Background Thread 1 ] DEBUG FXGLAssetLoaderServi - Loading from file system: jar:file:///C:/Users/Jose%20Alberto%20Morales/.m2/repository/com/github/almasb/fxgl/17.3/fxgl-17.3.jar!/fxglassets/languages/english.lang
23:29:24.880 [FXGL Background Thread 1 ] INFO  FXGLApplication      - FXGL initialization took: 0.409 sec
23:29:24.881 [JavaFX Application Thread] DEBUG FXGLAssetLoaderServi - Loading from file system: jar:file:///C:/Users/Jose%20Alberto%20Morales/.m2/repository/com/github/almasb/fxgl/17.3/fxgl-17.3.jar!/fxglassets/textures/fxgl_icon.png
23:29:24.897 [FXGL Background Thread 4 ] DEBUG FXGLAssetLoaderServi - Loading from file system: jar:file:///C:/Users/Jose%20Alberto%20Morales/.m2/repository/com/github/almasb/fxgl/17.3/fxgl-17.3.jar!/fxglassets/ui/fonts/Abel-Regular.ttf
23:29:24.904 [FXGL Background Thread 4 ] DEBUG FXGLAssetLoaderServi - Loading from file system: jar:file:///C:/Users/Jose%20Alberto%20Morales/.m2/repository/com/github/almasb/fxgl/17.3/fxgl-17.3.jar!/fxglassets/ui/fonts/TerminalLandMono-Regular.otf
23:29:24.905 [JavaFX Application Thread] DEBUG FXGLAssetLoaderServi - Loading from file system: jar:file:///C:/Users/Jose%20Alberto%20Morales/.m2/repository/com/github/almasb/fxgl/17.3/fxgl-17.3.jar!/fxglassets/textures/fxgl_default_cursor.png
23:29:24.916 [FXGL Background Thread 4 ] DEBUG FXGLAssetLoaderServi - Loading from file system: jar:file:///C:/Users/Jose%20Alberto%20Morales/.m2/repository/com/github/almasb/fxgl/17.3/fxgl-17.3.jar!/fxglassets/ui/fonts/Courier-Prime.ttf
23:29:24.918 [JavaFX Application Thread] DEBUG Input                - Registered new binding: Screenshot - CTRL+8
23:29:24.919 [JavaFX Application Thread] DEBUG Input                - Registered new binding: System info dump - CTRL+9
23:29:24.919 [JavaFX Application Thread] DEBUG Input                - Registered new binding: Restart - CTRL+R
23:29:24.920 [JavaFX Application Thread] DEBUG Input                - Registered new binding: Toggle Debug Camera - CTRL+7
23:29:24.922 [JavaFX Application Thread] DEBUG LoopRunner           - Starting loop
23:29:24.922 [JavaFX Application Thread] DEBUG LoopRunner           - Initializing JavaFX AnimationTimerLoop
23:29:24.923 [JavaFX Application Thread] DEBUG GameApplicationServi - Starting new game
23:29:24.924 [JavaFX Application Thread] DEBUG Input                - Clearing active input actions
23:29:24.935 [JavaFX Application Thread] DEBUG GameApplicationServi - Removing overlay from FXGLStartupScene and adding to FXGLLoadingScene
23:29:24.935 [JavaFX Application Thread] DEBUG PrimaryStageWindow   - FXGLStartupScene -> FXGLLoadingScene
23:29:24.935 [JavaFX Application Thread] DEBUG GameApplicationServi - Clearing previous game
23:29:24.935 [JavaFX Application Thread] DEBUG GameScene            - Clearing game scene
23:29:24.935 [JavaFX Application Thread] DEBUG GameWorld            - Clearing game world
23:29:24.935 [JavaFX Application Thread] DEBUG PhysicsWorld         - Clearing physics world
23:29:24.937 [FXGL Background Thread 4 ] DEBUG FXGLApplication      - Initializing game
23:29:25.326 [FXGL Background Thread 4 ] INFO  FXGLApplication      - Game initialization took: 0.390 sec
23:29:25.328 [JavaFX Application Thread] DEBUG Input                - Clearing active input actions
23:29:25.339 [JavaFX Application Thread] DEBUG GameApplicationServi - Removing overlay from FXGLLoadingScene and adding to GameScene
23:29:25.339 [JavaFX Application Thread] DEBUG PrimaryStageWindow   - FXGLLoadingScene -> GameScene
23:29:25.584 [FXGL Background Thread 2 ] INFO  UpdaterService       - Your current version:  17.3
23:29:25.584 [FXGL Background Thread 2 ] INFO  UpdaterService       - Latest stable version: 21.1
23:29:27.864 [FXGL Background Thread 3 ] DEBUG Engine               - Logging environment variables
23:29:27.864 [FXGL Background Thread 3 ] DEBUG Engine               - achievements: []
23:29:27.864 [FXGL Background Thread 3 ] DEBUG Engine               - actualHeight: 700.0
23:29:27.864 [FXGL Background Thread 3 ] DEBUG Engine               - actualHeightProperty: ReadOnlyDoubleProperty [value: 700.0]
23:29:27.864 [FXGL Background Thread 3 ] DEBUG Engine               - actualWidth: 1400.0
23:29:27.864 [FXGL Background Thread 3 ] DEBUG Engine               - actualWidthProperty: ReadOnlyDoubleProperty [value: 1400.0]
23:29:27.864 [FXGL Background Thread 3 ] DEBUG Engine               - appIcon: fxgl_icon.png
23:29:27.864 [FXGL Background Thread 3 ] DEBUG Engine               - applicationMode: DEVELOPER
23:29:27.865 [FXGL Background Thread 3 ] DEBUG Engine               - cSSList: [fxgl_dark.css]
23:29:27.865 [FXGL Background Thread 3 ] DEBUG Engine               - collisionDetectionStrategy: BRUTE_FORCE
23:29:27.865 [FXGL Background Thread 3 ] DEBUG Engine               - configClass: Optional.empty
23:29:27.865 [FXGL Background Thread 3 ] DEBUG Engine               - credits: []
23:29:27.865 [FXGL Background Thread 3 ] DEBUG Engine               - defaultCursor: CursorInfo(imageName=fxgl_default_cursor.png, hotspotX=7.0, hotspotY=6.0)
23:29:27.865 [FXGL Background Thread 3 ] DEBUG Engine               - devBBoxColorProperty: ObjectProperty [value: 0xff0000ff]
23:29:27.865 [FXGL Background Thread 3 ] DEBUG Engine               - devEnableDebugCameraProperty: BooleanProperty [value: false]
23:29:27.865 [FXGL Background Thread 3 ] DEBUG Engine               - devSensorColorProperty: ObjectProperty [value: 0xffff00ff]
23:29:27.865 [FXGL Background Thread 3 ] DEBUG Engine               - devShowBBoxProperty: BooleanProperty [value: false]
23:29:27.865 [FXGL Background Thread 3 ] DEBUG Engine               - devShowPositionProperty: BooleanProperty [value: false]
23:29:27.865 [FXGL Background Thread 3 ] DEBUG Engine               - enabledMenuItems: []
23:29:27.865 [FXGL Background Thread 3 ] DEBUG Engine               - engineServices: [class com.almasb.fxgl.app.services.FXGLAssetLoaderService, class com.almasb.fxgl.app.FXGLApplication$GameApplicationService, class com.almasb.fxgl.app.services.FXGLDialogService, class com.almasb.fxgl.app.services.IOTaskExecutorService, class com.almasb.fxgl.io.FileSystemService, class com.almasb.fxgl.localization.LocalizationService, class com.almasb.fxgl.app.services.SystemBundleService, class com.almasb.fxgl.profile.SaveLoadService, class com.almasb.fxgl.ui.FXGLUIFactoryServiceProvider, class com.almasb.fxgl.ui.FXGLDialogFactoryServiceProvider, class com.almasb.fxgl.audio.AudioPlayer, class com.almasb.fxgl.notification.impl.NotificationServiceProvider, class com.almasb.fxgl.achievement.AchievementService, class com.almasb.fxgl.cutscene.CutsceneService, class com.almasb.fxgl.minigames.MiniGameService, class com.almasb.fxgl.net.NetService, class com.almasb.fxgl.app.services.UpdaterService, class com.almasb.fxgl.dev.DevService]
23:29:27.865 [FXGL Background Thread 3 ] DEBUG Engine               - fontGame: Abel-Regular.ttf
23:29:27.865 [FXGL Background Thread 3 ] DEBUG Engine               - fontMono: TerminalLandMono-Regular.otf
23:29:27.865 [FXGL Background Thread 3 ] DEBUG Engine               - fontSizeScaleUI: 1.0
23:29:27.866 [FXGL Background Thread 3 ] DEBUG Engine               - fontText: Courier-Prime.ttf
23:29:27.866 [FXGL Background Thread 3 ] DEBUG Engine               - fontUI: VarelaRound-Regular.ttf
23:29:27.866 [FXGL Background Thread 3 ] DEBUG Engine               - fullScreen: BooleanProperty [value: false]
23:29:27.866 [FXGL Background Thread 3 ] DEBUG Engine               - gameDifficulty: MEDIUM
23:29:27.866 [FXGL Background Thread 3 ] DEBUG Engine               - gameDifficultyProperty: ObjectProperty [value: MEDIUM]
23:29:27.866 [FXGL Background Thread 3 ] DEBUG Engine               - globalMusicVolume: 0.5
23:29:27.866 [FXGL Background Thread 3 ] DEBUG Engine               - globalMusicVolumeProperty: DoubleProperty [value: 0.5]
23:29:27.866 [FXGL Background Thread 3 ] DEBUG Engine               - globalSoundVolume: 0.5
23:29:27.866 [FXGL Background Thread 3 ] DEBUG Engine               - globalSoundVolumeProperty: DoubleProperty [value: 0.5]
23:29:27.866 [FXGL Background Thread 3 ] DEBUG Engine               - height: 700
23:29:27.866 [FXGL Background Thread 3 ] DEBUG Engine               - is3D: false
23:29:27.866 [FXGL Background Thread 3 ] DEBUG Engine               - isAndroid: false
23:29:27.866 [FXGL Background Thread 3 ] DEBUG Engine               - isBrowser: false
23:29:27.866 [FXGL Background Thread 3 ] DEBUG Engine               - isClickFeedbackEnabled: false
23:29:27.866 [FXGL Background Thread 3 ] DEBUG Engine               - isCloseConfirmation: false
23:29:27.866 [FXGL Background Thread 3 ] DEBUG Engine               - isDesktop: true
23:29:27.866 [FXGL Background Thread 3 ] DEBUG Engine               - isDeveloperMenuEnabled: false
23:29:27.866 [FXGL Background Thread 3 ] DEBUG Engine               - isEmbedded: false
23:29:27.867 [FXGL Background Thread 3 ] DEBUG Engine               - isEntityPreloadEnabled: true
23:29:27.867 [FXGL Background Thread 3 ] DEBUG Engine               - isExperimentalTiledLargeMap: false
23:29:27.867 [FXGL Background Thread 3 ] DEBUG Engine               - isFileSystemWriteAllowed: true
23:29:27.867 [FXGL Background Thread 3 ] DEBUG Engine               - isFullScreenAllowed: false
23:29:27.867 [FXGL Background Thread 3 ] DEBUG Engine               - isFullScreenFromStart: false
23:29:27.867 [FXGL Background Thread 3 ] DEBUG Engine               - isGameMenuEnabled: true
23:29:27.867 [FXGL Background Thread 3 ] DEBUG Engine               - isIOS: false
23:29:27.867 [FXGL Background Thread 3 ] DEBUG Engine               - isIntroEnabled: false
23:29:27.867 [FXGL Background Thread 3 ] DEBUG Engine               - isLinux: false
23:29:27.867 [FXGL Background Thread 3 ] DEBUG Engine               - isMac: false
23:29:27.867 [FXGL Background Thread 3 ] DEBUG Engine               - isMainMenuEnabled: false
23:29:27.867 [FXGL Background Thread 3 ] DEBUG Engine               - isManualResizeEnabled: false
23:29:27.867 [FXGL Background Thread 3 ] DEBUG Engine               - isMobile: false
23:29:27.867 [FXGL Background Thread 3 ] DEBUG Engine               - isNative: false
23:29:27.867 [FXGL Background Thread 3 ] DEBUG Engine               - isPauseMusicWhenMinimized: true
23:29:27.867 [FXGL Background Thread 3 ] DEBUG Engine               - isPreserveResizeRatio: false
23:29:27.867 [FXGL Background Thread 3 ] DEBUG Engine               - isProfilingEnabled: false
23:29:27.867 [FXGL Background Thread 3 ] DEBUG Engine               - isScaleAffectedOnResize: true
23:29:27.867 [FXGL Background Thread 3 ] DEBUG Engine               - isSingleStep: false
23:29:27.867 [FXGL Background Thread 3 ] DEBUG Engine               - isUserProfileEnabled: false
23:29:27.867 [FXGL Background Thread 3 ] DEBUG Engine               - isWindows: true
23:29:27.867 [FXGL Background Thread 3 ] DEBUG Engine               - language: ObjectProperty [value: ENGLISH]
23:29:27.867 [FXGL Background Thread 3 ] DEBUG Engine               - menuKey: ESCAPE
23:29:27.868 [FXGL Background Thread 3 ] DEBUG Engine               - mouseSensitivity: 0.2
23:29:27.868 [FXGL Background Thread 3 ] DEBUG Engine               - notificationViewClass: class com.almasb.fxgl.notification.view.XboxNotificationView
23:29:27.868 [FXGL Background Thread 3 ] DEBUG Engine               - pixelsPerMeter: 50.0
23:29:27.868 [FXGL Background Thread 3 ] DEBUG Engine               - platform: WINDOWS
23:29:27.868 [FXGL Background Thread 3 ] DEBUG Engine               - prefHeightProperty: ReadOnlyDoubleProperty [value: 700.0]
23:29:27.868 [FXGL Background Thread 3 ] DEBUG Engine               - prefWidthProperty: ReadOnlyDoubleProperty [value: 1400.0]
23:29:27.868 [FXGL Background Thread 3 ] DEBUG Engine               - profileDir: profiles/
23:29:27.868 [FXGL Background Thread 3 ] DEBUG Engine               - profileName: StringProperty [value: DEFAULT]
23:29:27.868 [FXGL Background Thread 3 ] DEBUG Engine               - randomSeed: -1
23:29:27.868 [FXGL Background Thread 3 ] DEBUG Engine               - runtimeInfo: RuntimeInfo(platform=WINDOWS, version=17.3, build=30.03.2023 11.49)
23:29:27.868 [FXGL Background Thread 3 ] DEBUG Engine               - saveFileExt: sav
23:29:27.868 [FXGL Background Thread 3 ] DEBUG Engine               - scaledHeightProp$fxgl: DoubleProperty [bound, value: 700.0]
23:29:27.868 [FXGL Background Thread 3 ] DEBUG Engine               - scaledWidthProp$fxgl: DoubleProperty [bound, value: 1400.0]
23:29:27.868 [FXGL Background Thread 3 ] DEBUG Engine               - sceneFactory: com.almasb.fxgl.app.scene.SceneFactory@7e29e923
23:29:27.868 [FXGL Background Thread 3 ] DEBUG Engine               - secondsIn24h: 60
23:29:27.868 [FXGL Background Thread 3 ] DEBUG Engine               - soundMenuBack: menu/back.wav
23:29:27.869 [FXGL Background Thread 3 ] DEBUG Engine               - soundMenuPress: menu/press.wav
23:29:27.869 [FXGL Background Thread 3 ] DEBUG Engine               - soundMenuSelect: menu/select.wav
23:29:27.869 [FXGL Background Thread 3 ] DEBUG Engine               - soundNotification: core/notification.wav
23:29:27.869 [FXGL Background Thread 3 ] DEBUG Engine               - stageStyle: DECORATED
23:29:27.869 [FXGL Background Thread 3 ] DEBUG Engine               - supportedLanguages: [ENGLISH, FRENCH, GERMAN, HUNGARIAN, RUSSIAN]
23:29:27.869 [FXGL Background Thread 3 ] DEBUG Engine               - ticksPerSecond: -1
23:29:27.869 [FXGL Background Thread 3 ] DEBUG Engine               - title: Simulador de Restaurante
23:29:27.869 [FXGL Background Thread 3 ] DEBUG Engine               - urlGithub: https://github.com/AlmasB/FXGL
23:29:27.869 [FXGL Background Thread 3 ] DEBUG Engine               - urlLeaderboard: http://fxgl-top.herokuapp.com/
23:29:27.869 [FXGL Background Thread 3 ] DEBUG Engine               - urlPOM: https://raw.githubusercontent.com/AlmasB/FXGL/release/README.md
23:29:27.869 [FXGL Background Thread 3 ] DEBUG Engine               - userAppClass: class com.Simulador.Restaurante.RestaurantSimulator
23:29:27.869 [FXGL Background Thread 3 ] DEBUG Engine               - version: 1.0
23:29:27.869 [FXGL Background Thread 3 ] DEBUG Engine               - versionCheckDays: 7
23:29:27.869 [FXGL Background Thread 3 ] DEBUG Engine               - width: 1400
23:29:27.869 [FXGL Background Thread 3 ] DEBUG Engine               - Logging services
23:29:27.869 [FXGL Background Thread 3 ] DEBUG Engine               - class com.almasb.fxgl.app.services.FXGLAssetLoaderService
23:29:27.869 [FXGL Background Thread 3 ] DEBUG Engine               - class com.almasb.fxgl.app.FXGLApplication$GameApplicationService
23:29:27.869 [FXGL Background Thread 3 ] DEBUG Engine               - class com.almasb.fxgl.app.services.FXGLDialogService
23:29:27.869 [FXGL Background Thread 3 ] DEBUG Engine               - class com.almasb.fxgl.app.services.IOTaskExecutorService
23:29:27.869 [FXGL Background Thread 3 ] DEBUG Engine               - class com.almasb.fxgl.io.FileSystemService
23:29:27.869 [FXGL Background Thread 3 ] DEBUG Engine               - class com.almasb.fxgl.localization.LocalizationService
23:29:27.869 [FXGL Background Thread 3 ] DEBUG Engine               - class com.almasb.fxgl.app.services.SystemBundleService
23:29:27.869 [FXGL Background Thread 3 ] DEBUG Engine               - class com.almasb.fxgl.profile.SaveLoadService
23:29:27.869 [FXGL Background Thread 3 ] DEBUG Engine               - class com.almasb.fxgl.ui.FXGLUIFactoryServiceProvider
23:29:27.869 [FXGL Background Thread 3 ] DEBUG Engine               - class com.almasb.fxgl.ui.FXGLDialogFactoryServiceProvider
23:29:27.869 [FXGL Background Thread 3 ] DEBUG Engine               - class com.almasb.fxgl.audio.AudioPlayer
23:29:27.869 [FXGL Background Thread 3 ] DEBUG Engine               - class com.almasb.fxgl.notification.impl.NotificationServiceProvider
23:29:27.869 [FXGL Background Thread 3 ] DEBUG Engine               - class com.almasb.fxgl.achievement.AchievementService
23:29:27.869 [FXGL Background Thread 3 ] DEBUG Engine               - class com.almasb.fxgl.cutscene.CutsceneService
23:29:27.869 [FXGL Background Thread 3 ] DEBUG Engine               - class com.almasb.fxgl.minigames.MiniGameService
23:29:27.869 [FXGL Background Thread 3 ] DEBUG Engine               - class com.almasb.fxgl.net.NetService
23:29:27.869 [FXGL Background Thread 3 ] DEBUG Engine               - class com.almasb.fxgl.app.services.UpdaterService
23:29:27.869 [FXGL Background Thread 3 ] DEBUG Engine               - class com.almasb.fxgl.dev.DevService
23:29:33.608 [JavaFX Application Thread] DEBUG FXGLApplication      - Exiting FXGL
23:29:33.608 [JavaFX Application Thread] DEBUG LoopRunner           - Stopping loop
23:29:33.608 [JavaFX Application Thread] DEBUG SystemBundleService  - Saving FXGL system data
23:29:33.610 [JavaFX Application Thread] DEBUG FileSystemAccess     - Writing to: C:\Users\Jose Alberto Morales\Documents\7to Cuatrimestre\Programacion concurrente\Restaurant\system\fxgl.bundle
23:29:33.611 [JavaFX Application Thread] DEBUG Async                - Shutting down background threads
23:29:33.612 [JavaFX Application Thread] DEBUG PrimaryStageWindow   - Closing main window
23:29:33.629 [JavaFX Application Thread] DEBUG Logger               - Closing Logger
