23:57:53.349 [main                     ] DEBUG Logger               - Configured Logger
23:57:53.417 [main                     ] DEBUG GameApplication      - Logging settings
Title: Simulador de Restaurante
Version: 1.0
Width: 1100
Height: 700
Fullscreen: false
Intro: false
Profiling: false
Single step:false
App Mode: DEVELOPER
Menu Key: ESCAPE
Stage Style: DECORATED
Scene Factory: class com.almasb.fxgl.app.scene.SceneFactory

23:57:54.358 [JavaFX Application Thread] DEBUG FXGLApplication      - Initializing FXGL
23:57:54.365 [JavaFX Application Thread] INFO  Engine               - FXGL-17.3 (30.03.2023 11.49) on WINDOWS (J:21.0.5 FX:21)
23:57:54.366 [JavaFX Application Thread] DEBUG Engine               - JRE Vendor Name: Oracle Corporation
23:57:54.366 [JavaFX Application Thread] DEBUG Engine               - Running on OS: Windows 11 version 10.0
23:57:54.366 [JavaFX Application Thread] DEBUG Engine               - Architecture: amd64
23:57:54.366 [JavaFX Application Thread] INFO  Engine               - Source code and latest versions at: https://github.com/AlmasB/FXGL
23:57:54.367 [JavaFX Application Thread] INFO  Engine               -       Ask questions and discuss at: https://github.com/AlmasB/FXGL/discussions
23:57:54.367 [JavaFX Application Thread] INFO  Engine               -              Join the FXGL chat at: https://gitter.im/AlmasB/FXGL
23:57:54.485 [JavaFX Application Thread] DEBUG PrimaryStageWindow   - Creating a JavaFX scene
23:57:54.543 [JavaFX Application Thread] DEBUG PrimaryStageWindow   - Target settings size: 1100.0 x 700.0
23:57:54.544 [JavaFX Application Thread] DEBUG PrimaryStageWindow   - Scaled scene size:    1100.0 x 700.0
23:57:54.544 [JavaFX Application Thread] DEBUG PrimaryStageWindow   - Scaled ratio: (1.0, 1.0)
23:57:54.545 [JavaFX Application Thread] DEBUG PrimaryStageWindow   - Set initial scene to FXGLStartupScene
23:57:54.549 [JavaFX Application Thread] DEBUG PrimaryStageWindow   - Opening main window
23:57:54.638 [JavaFX Application Thread] DEBUG PrimaryStageWindow   - Window border size: (14.4000244140625, 37.5999755859375)
23:57:54.638 [JavaFX Application Thread] DEBUG PrimaryStageWindow   - Scaled size: 1100.0 x 700.0
23:57:54.639 [JavaFX Application Thread] DEBUG PrimaryStageWindow   - Scaled ratio: (1.0, 1.0)
23:57:54.639 [JavaFX Application Thread] DEBUG PrimaryStageWindow   - Scene size: 1100.0 x 700.0
23:57:54.639 [JavaFX Application Thread] DEBUG PrimaryStageWindow   - Stage size: 1114.4000244140625 x 737.5999755859375
23:57:54.648 [FXGL Background Thread 1 ] DEBUG Engine               - Initializing environment variables
23:57:54.703 [FXGL Background Thread 1 ] DEBUG FXGLAssetLoaderServi - User app class for loading assets: class com.Simulador.Restaurante.RestaurantSimulator
23:57:54.703 [FXGL Background Thread 1 ] DEBUG GameApplicationServi - Applying CSS: fxgl_dark.css
23:57:54.704 [FXGL Background Thread 1 ] DEBUG FXGLAssetLoaderServi - Loading from file system: jar:file:///C:/Users/Jose%20Alberto%20Morales/.m2/repository/com/github/almasb/fxgl/17.3/fxgl-17.3.jar!/fxglassets/ui/css/fxgl_dark.css
23:57:54.767 [FXGL Background Thread 1 ] DEBUG GameApplicationServi - Initializing application scenes
23:57:54.809 [FXGL Background Thread 1 ] DEBUG GameWorld            - Game world initialized
23:57:54.909 [FXGL Background Thread 1 ] DEBUG PhysicsWorld         - Physics world initialized: appHeight=700, physics.ppm=50.0
23:57:54.909 [FXGL Background Thread 1 ] DEBUG PhysicsWorld         - Using strategy: BRUTE_FORCE
23:57:54.914 [FXGL Background Thread 1 ] DEBUG GameScene            - Game scene initialized: 1100x700
23:57:54.927 [FXGL Background Thread 1 ] DEBUG FXGL.DefaultMenu     - createMenuBodyGameMenu()
23:57:54.938 [FXGL Background Thread 1 ] DEBUG FXGL.DefaultMenu     - createOptionsMenu()
23:57:54.951 [FXGL Background Thread 1 ] DEBUG FXGLAssetLoaderServi - Loading from file system: jar:file:///C:/Users/Jose%20Alberto%20Morales/.m2/repository/com/github/almasb/fxgl/17.3/fxgl-17.3.jar!/fxglassets/textures/particles/smoke.png
23:57:55.050 [FXGL Background Thread 1 ] DEBUG FXGLAssetLoaderServi - Loading from file system: jar:file:///C:/Users/Jose%20Alberto%20Morales/.m2/repository/com/github/almasb/fxgl/17.3/fxgl-17.3.jar!/fxglassets/textures/particles/trace_horizontal.png
23:57:55.084 [FXGL Background Thread 1 ] DEBUG GameApplicationServi - Application scenes initialized
23:57:55.098 [FXGL Background Thread 1 ] DEBUG SystemBundleService  - Loading FXGL system data
23:57:55.104 [FXGL Background Thread 1 ] DEBUG FileSystemAccess     - Reading from: C:\Users\Jose Alberto Morales\Documents\7to Cuatrimestre\Programacion concurrente\Restaurant\system\fxgl.bundle
23:57:55.117 [FXGL Background Thread 1 ] DEBUG SystemBundleService  - Bundle FXGL: {}
23:57:55.117 [FXGL Background Thread 1 ] DEBUG UpdaterService       - Checking for updates
23:57:55.122 [FXGL Background Thread 4 ] DEBUG FXGLApplication      - Loading fonts
23:57:55.123 [FXGL Background Thread 1 ] DEBUG FXGLApplication      - Loading default localization
23:57:55.124 [FXGL Background Thread 1 ] DEBUG FXGLAssetLoaderServi - Loading from file system: jar:file:///C:/Users/Jose%20Alberto%20Morales/.m2/repository/com/github/almasb/fxgl/17.3/fxgl-17.3.jar!/fxglassets/languages/english.lang
23:57:55.149 [FXGL Background Thread 1 ] INFO  FXGLApplication      - FXGL initialization took: 0.501 sec
23:57:55.150 [JavaFX Application Thread] DEBUG FXGLAssetLoaderServi - Loading from file system: jar:file:///C:/Users/Jose%20Alberto%20Morales/.m2/repository/com/github/almasb/fxgl/17.3/fxgl-17.3.jar!/fxglassets/textures/fxgl_icon.png
23:57:55.158 [FXGL Background Thread 4 ] DEBUG FXGLAssetLoaderServi - Loading from file system: jar:file:///C:/Users/Jose%20Alberto%20Morales/.m2/repository/com/github/almasb/fxgl/17.3/fxgl-17.3.jar!/fxglassets/ui/fonts/Abel-Regular.ttf
23:57:55.162 [FXGL Background Thread 4 ] DEBUG FXGLAssetLoaderServi - Loading from file system: jar:file:///C:/Users/Jose%20Alberto%20Morales/.m2/repository/com/github/almasb/fxgl/17.3/fxgl-17.3.jar!/fxglassets/ui/fonts/TerminalLandMono-Regular.otf
23:57:55.168 [FXGL Background Thread 4 ] DEBUG FXGLAssetLoaderServi - Loading from file system: jar:file:///C:/Users/Jose%20Alberto%20Morales/.m2/repository/com/github/almasb/fxgl/17.3/fxgl-17.3.jar!/fxglassets/ui/fonts/Courier-Prime.ttf
23:57:55.171 [JavaFX Application Thread] DEBUG FXGLAssetLoaderServi - Loading from file system: jar:file:///C:/Users/Jose%20Alberto%20Morales/.m2/repository/com/github/almasb/fxgl/17.3/fxgl-17.3.jar!/fxglassets/textures/fxgl_default_cursor.png
23:57:55.186 [JavaFX Application Thread] DEBUG Input                - Registered new binding: Screenshot - CTRL+8
23:57:55.187 [JavaFX Application Thread] DEBUG Input                - Registered new binding: System info dump - CTRL+9
23:57:55.188 [JavaFX Application Thread] DEBUG Input                - Registered new binding: Restart - CTRL+R
23:57:55.190 [JavaFX Application Thread] DEBUG Input                - Registered new binding: Toggle Debug Camera - CTRL+7
23:57:55.192 [JavaFX Application Thread] DEBUG LoopRunner           - Starting loop
23:57:55.193 [JavaFX Application Thread] DEBUG LoopRunner           - Initializing JavaFX AnimationTimerLoop
23:57:55.194 [JavaFX Application Thread] DEBUG GameApplicationServi - Starting new game
23:57:55.194 [JavaFX Application Thread] DEBUG Input                - Clearing active input actions
23:57:55.210 [JavaFX Application Thread] DEBUG GameApplicationServi - Removing overlay from FXGLStartupScene and adding to FXGLLoadingScene
23:57:55.211 [JavaFX Application Thread] DEBUG PrimaryStageWindow   - FXGLStartupScene -> FXGLLoadingScene
23:57:55.211 [JavaFX Application Thread] DEBUG GameApplicationServi - Clearing previous game
23:57:55.211 [JavaFX Application Thread] DEBUG GameScene            - Clearing game scene
23:57:55.212 [JavaFX Application Thread] DEBUG GameWorld            - Clearing game world
23:57:55.212 [JavaFX Application Thread] DEBUG PhysicsWorld         - Clearing physics world
23:57:55.215 [FXGL Background Thread 4 ] DEBUG FXGLApplication      - Initializing game
23:57:55.215 [JavaFX Application Thread] DEBUG FXGLApplication      - Registering font factories with UI factory
23:57:55.718 [FXGL Background Thread 4 ] INFO  FXGLApplication      - Game initialization took: 0.503 sec
23:57:55.721 [JavaFX Application Thread] DEBUG Input                - Clearing active input actions
23:57:55.734 [JavaFX Application Thread] DEBUG GameApplicationServi - Removing overlay from FXGLLoadingScene and adding to GameScene
23:57:55.734 [JavaFX Application Thread] DEBUG PrimaryStageWindow   - FXGLLoadingScene -> GameScene
23:57:55.840 [FXGL Background Thread 2 ] INFO  UpdaterService       - Your current version:  17.3
23:57:55.841 [FXGL Background Thread 2 ] INFO  UpdaterService       - Latest stable version: 21.1
23:57:56.567 [JavaFX Application Thread] DEBUG FXGLApplication      - Exiting FXGL
23:57:56.567 [JavaFX Application Thread] DEBUG LoopRunner           - Stopping loop
23:57:56.567 [JavaFX Application Thread] DEBUG SystemBundleService  - Saving FXGL system data
23:57:56.569 [JavaFX Application Thread] DEBUG FileSystemAccess     - Writing to: C:\Users\Jose Alberto Morales\Documents\7to Cuatrimestre\Programacion concurrente\Restaurant\system\fxgl.bundle
23:57:56.571 [JavaFX Application Thread] DEBUG Async                - Shutting down background threads
23:57:56.571 [JavaFX Application Thread] DEBUG PrimaryStageWindow   - Closing main window
23:57:56.592 [JavaFX Application Thread] DEBUG Logger               - Closing Logger
