11:04:50.663 [main                     ] DEBUG Logger               - Configured Logger
11:04:50.686 [main                     ] DEBUG GameApplication      - Logging settings
Title: Simulador Restaurante
Version: 0.1
Width: 1300
Height: 650
Fullscreen: false
Intro: false
Profiling: false
Single step:false
App Mode: DEVELOPER
Menu Key: ESCAPE
Stage Style: DECORATED
Scene Factory: class com.Simulador.Restaurante.RestaurantSimulator$1

11:04:51.009 [JavaFX Application Thread] DEBUG FXGLApplication      - Initializing FXGL
11:04:51.013 [JavaFX Application Thread] INFO  Engine               - FXGL-17.3 (30.03.2023 11.49) on WINDOWS (J:21.0.5 FX:21)
11:04:51.013 [JavaFX Application Thread] DEBUG Engine               - JRE Vendor Name: Oracle Corporation
11:04:51.014 [JavaFX Application Thread] DEBUG Engine               - Running on OS: Windows 11 version 10.0
11:04:51.014 [JavaFX Application Thread] DEBUG Engine               - Architecture: amd64
11:04:51.014 [JavaFX Application Thread] INFO  Engine               - Source code and latest versions at: https://github.com/AlmasB/FXGL
11:04:51.014 [JavaFX Application Thread] INFO  Engine               -       Ask questions and discuss at: https://github.com/AlmasB/FXGL/discussions
11:04:51.014 [JavaFX Application Thread] INFO  Engine               -              Join the FXGL chat at: https://gitter.im/AlmasB/FXGL
11:04:51.087 [JavaFX Application Thread] DEBUG PrimaryStageWindow   - Creating a JavaFX scene
11:04:51.131 [JavaFX Application Thread] DEBUG PrimaryStageWindow   - Target settings size: 1300.0 x 650.0
11:04:51.131 [JavaFX Application Thread] DEBUG PrimaryStageWindow   - Scaled scene size:    1300.0 x 650.0
11:04:51.132 [JavaFX Application Thread] DEBUG PrimaryStageWindow   - Scaled ratio: (1.0, 1.0)
11:04:51.133 [JavaFX Application Thread] DEBUG PrimaryStageWindow   - Set initial scene to FXGLStartupScene
11:04:51.136 [JavaFX Application Thread] DEBUG PrimaryStageWindow   - Opening main window
11:04:51.213 [JavaFX Application Thread] DEBUG PrimaryStageWindow   - Window border size: (14.4000244140625, 38.0)
11:04:51.213 [JavaFX Application Thread] DEBUG PrimaryStageWindow   - Scaled size: 1300.0 x 650.0
11:04:51.214 [JavaFX Application Thread] DEBUG PrimaryStageWindow   - Scaled ratio: (1.0, 1.0)
11:04:51.214 [JavaFX Application Thread] DEBUG PrimaryStageWindow   - Scene size: 1300.0 x 650.0
11:04:51.214 [JavaFX Application Thread] DEBUG PrimaryStageWindow   - Stage size: 1314.4000244140625 x 688.0
11:04:51.222 [FXGL Background Thread 1 ] DEBUG Engine               - Initializing environment variables
11:04:51.277 [FXGL Background Thread 1 ] DEBUG FXGLAssetLoaderServi - User app class for loading assets: class com.Simulador.Restaurante.RestaurantSimulator
11:04:51.278 [FXGL Background Thread 1 ] DEBUG GameApplicationServi - Applying CSS: fxgl_dark.css
11:04:51.278 [FXGL Background Thread 1 ] DEBUG FXGLAssetLoaderServi - Loading from file system: jar:file:///C:/Users/Jose%20Alberto%20Morales/.m2/repository/com/github/almasb/fxgl/17.3/fxgl-17.3.jar!/fxglassets/ui/css/fxgl_dark.css
11:04:51.321 [FXGL Background Thread 1 ] DEBUG GameApplicationServi - Initializing application scenes
11:04:51.351 [FXGL Background Thread 1 ] DEBUG GameWorld            - Game world initialized
11:04:51.416 [FXGL Background Thread 1 ] DEBUG PhysicsWorld         - Physics world initialized: appHeight=650, physics.ppm=50.0
11:04:51.417 [FXGL Background Thread 1 ] DEBUG PhysicsWorld         - Using strategy: BRUTE_FORCE
11:04:51.421 [FXGL Background Thread 1 ] DEBUG GameScene            - Game scene initialized: 1300x650
11:04:51.464 [FXGL Background Thread 1 ] DEBUG FXGL.DefaultMenu     - createMenuBodyGameMenu()
11:04:51.470 [FXGL Background Thread 1 ] DEBUG FXGL.DefaultMenu     - createOptionsMenu()
11:04:51.475 [FXGL Background Thread 1 ] DEBUG FXGLAssetLoaderServi - Loading from file system: jar:file:///C:/Users/Jose%20Alberto%20Morales/.m2/repository/com/github/almasb/fxgl/17.3/fxgl-17.3.jar!/fxglassets/textures/particles/smoke.png
11:04:51.542 [FXGL Background Thread 1 ] DEBUG FXGLAssetLoaderServi - Loading from file system: jar:file:///C:/Users/Jose%20Alberto%20Morales/.m2/repository/com/github/almasb/fxgl/17.3/fxgl-17.3.jar!/fxglassets/textures/particles/trace_horizontal.png
11:04:51.568 [FXGL Background Thread 1 ] DEBUG GameApplicationServi - Application scenes initialized
11:04:51.577 [FXGL Background Thread 1 ] DEBUG SystemBundleService  - Loading FXGL system data
11:04:51.583 [FXGL Background Thread 1 ] DEBUG FileSystemAccess     - Reading from: C:\Users\Jose Alberto Morales\Documents\7to Cuatrimestre\Programacion concurrente\Restaurant\system\fxgl.bundle
11:04:51.591 [FXGL Background Thread 1 ] DEBUG SystemBundleService  - Bundle FXGL: {}
11:04:51.591 [FXGL Background Thread 1 ] DEBUG UpdaterService       - Checking for updates
11:04:51.596 [FXGL Background Thread 4 ] DEBUG FXGLApplication      - Loading fonts
11:04:51.596 [FXGL Background Thread 1 ] DEBUG FXGLApplication      - Loading default localization
11:04:51.596 [FXGL Background Thread 4 ] DEBUG FXGLAssetLoaderServi - Loading from file system: jar:file:///C:/Users/Jose%20Alberto%20Morales/.m2/repository/com/github/almasb/fxgl/17.3/fxgl-17.3.jar!/fxglassets/ui/fonts/VarelaRound-Regular.ttf
11:04:51.597 [FXGL Background Thread 1 ] DEBUG FXGLAssetLoaderServi - Loading from file system: jar:file:///C:/Users/Jose%20Alberto%20Morales/.m2/repository/com/github/almasb/fxgl/17.3/fxgl-17.3.jar!/fxglassets/languages/english.lang
11:04:51.620 [FXGL Background Thread 1 ] INFO  FXGLApplication      - FXGL initialization took: 0.397 sec
11:04:51.621 [JavaFX Application Thread] DEBUG FXGLAssetLoaderServi - Loading from file system: jar:file:///C:/Users/Jose%20Alberto%20Morales/.m2/repository/com/github/almasb/fxgl/17.3/fxgl-17.3.jar!/fxglassets/textures/fxgl_icon.png
11:04:51.632 [FXGL Background Thread 4 ] DEBUG FXGLAssetLoaderServi - Loading from file system: jar:file:///C:/Users/Jose%20Alberto%20Morales/.m2/repository/com/github/almasb/fxgl/17.3/fxgl-17.3.jar!/fxglassets/ui/fonts/Abel-Regular.ttf
11:04:51.636 [FXGL Background Thread 4 ] DEBUG FXGLAssetLoaderServi - Loading from file system: jar:file:///C:/Users/Jose%20Alberto%20Morales/.m2/repository/com/github/almasb/fxgl/17.3/fxgl-17.3.jar!/fxglassets/ui/fonts/TerminalLandMono-Regular.otf
11:04:51.640 [FXGL Background Thread 4 ] DEBUG FXGLAssetLoaderServi - Loading from file system: jar:file:///C:/Users/Jose%20Alberto%20Morales/.m2/repository/com/github/almasb/fxgl/17.3/fxgl-17.3.jar!/fxglassets/ui/fonts/Courier-Prime.ttf
11:04:51.641 [JavaFX Application Thread] DEBUG FXGLAssetLoaderServi - Loading from file system: jar:file:///C:/Users/Jose%20Alberto%20Morales/.m2/repository/com/github/almasb/fxgl/17.3/fxgl-17.3.jar!/fxglassets/textures/fxgl_default_cursor.png
11:04:51.652 [JavaFX Application Thread] DEBUG Input                - Registered new binding: Screenshot - CTRL+8
11:04:51.653 [JavaFX Application Thread] DEBUG Input                - Registered new binding: System info dump - CTRL+9
11:04:51.653 [JavaFX Application Thread] DEBUG Input                - Registered new binding: Restart - CTRL+R
11:04:51.653 [JavaFX Application Thread] DEBUG Input                - Registered new binding: Toggle Debug Camera - CTRL+7
11:04:51.656 [JavaFX Application Thread] DEBUG LoopRunner           - Starting loop
11:04:51.656 [JavaFX Application Thread] DEBUG LoopRunner           - Initializing JavaFX AnimationTimerLoop
11:04:51.659 [JavaFX Application Thread] DEBUG Input                - Clearing active input actions
11:04:51.666 [JavaFX Application Thread] DEBUG GameApplicationServi - Removing overlay from FXGLStartupScene and adding to FXGLMainMenuDummyScene
11:04:51.666 [JavaFX Application Thread] DEBUG PrimaryStageWindow   - FXGLStartupScene -> FXGLMainMenuDummyScene
11:04:51.666 [JavaFX Application Thread] DEBUG PrimaryStageWindow   - Push state: MainMenu
11:04:51.666 [JavaFX Application Thread] DEBUG Input                - Clearing active input actions
11:04:51.675 [JavaFX Application Thread] DEBUG GameApplicationServi - Removing overlay from FXGLMainMenuDummyScene and adding to MainMenu
11:04:51.676 [JavaFX Application Thread] DEBUG PrimaryStageWindow   - FXGLMainMenuDummyScene -> MainMenu
11:04:51.679 [JavaFX Application Thread] DEBUG FXGLApplication      - Registering font factories with UI factory
11:04:52.222 [FXGL Background Thread 2 ] INFO  UpdaterService       - Your current version:  17.3
11:04:52.222 [FXGL Background Thread 2 ] INFO  UpdaterService       - Latest stable version: 21.1
11:04:52.397 [JavaFX Application Thread] DEBUG Menu                 - fireNewGame()
11:04:52.397 [JavaFX Application Thread] DEBUG GameApplicationServi - Starting new game
11:04:52.397 [JavaFX Application Thread] DEBUG PrimaryStageWindow   - Pop state: MainMenu
11:04:52.397 [JavaFX Application Thread] DEBUG Input                - Clearing active input actions
11:04:52.398 [JavaFX Application Thread] DEBUG GameApplicationServi - Removing overlay from MainMenu and adding to FXGLMainMenuDummyScene
11:04:52.398 [JavaFX Application Thread] DEBUG PrimaryStageWindow   - FXGLMainMenuDummyScene <- MainMenu
11:04:52.398 [JavaFX Application Thread] DEBUG Input                - Clearing active input actions
11:04:52.403 [JavaFX Application Thread] DEBUG GameApplicationServi - Removing overlay from FXGLMainMenuDummyScene and adding to FXGLLoadingScene
11:04:52.403 [JavaFX Application Thread] DEBUG PrimaryStageWindow   - FXGLMainMenuDummyScene -> FXGLLoadingScene
11:04:52.404 [JavaFX Application Thread] DEBUG GameApplicationServi - Clearing previous game
11:04:52.404 [JavaFX Application Thread] DEBUG GameScene            - Clearing game scene
11:04:52.404 [JavaFX Application Thread] DEBUG GameWorld            - Clearing game world
11:04:52.404 [JavaFX Application Thread] DEBUG PhysicsWorld         - Clearing physics world
11:04:52.405 [FXGL Background Thread 2 ] DEBUG FXGLApplication      - Initializing game
11:04:52.446 [FXGL Background Thread 2 ] INFO  FXGLApplication      - Game initialization took: 0.040 sec
11:04:52.470 [JavaFX Application Thread] DEBUG Input                - Clearing active input actions
11:04:52.476 [JavaFX Application Thread] DEBUG GameApplicationServi - Removing overlay from FXGLLoadingScene and adding to GameScene
11:04:52.476 [JavaFX Application Thread] DEBUG PrimaryStageWindow   - FXGLLoadingScene -> GameScene
11:04:54.160 [JavaFX Application Thread] DEBUG FXGLApplication      - Exiting FXGL
11:04:54.161 [JavaFX Application Thread] DEBUG LoopRunner           - Stopping loop
11:04:54.161 [JavaFX Application Thread] DEBUG SystemBundleService  - Saving FXGL system data
11:04:54.162 [JavaFX Application Thread] DEBUG FileSystemAccess     - Writing to: C:\Users\Jose Alberto Morales\Documents\7to Cuatrimestre\Programacion concurrente\Restaurant\system\fxgl.bundle
11:04:54.164 [JavaFX Application Thread] DEBUG Async                - Shutting down background threads
11:04:54.165 [JavaFX Application Thread] DEBUG PrimaryStageWindow   - Closing main window
11:04:54.179 [JavaFX Application Thread] DEBUG Logger               - Closing Logger
