18:08:05.606 [main                     ] DEBUG Logger               - Configured Logger
18:08:05.641 [main                     ] DEBUG GameApplication      - Logging settings
Title: Simulador de Restaurante
Version: 1.0
Width: 1400
Height: 700
Fullscreen: false
Intro: false
Profiling: false
Single step:false
App Mode: DEVELOPER
Menu Key: ESCAPE
Stage Style: DECORATED
Scene Factory: class com.almasb.fxgl.app.scene.SceneFactory

18:08:06.356 [JavaFX Application Thread] DEBUG FXGLApplication      - Initializing FXGL
18:08:06.364 [JavaFX Application Thread] INFO  Engine               - FXGL-17.3 (30.03.2023 11.49) on WINDOWS (J:21.0.5 FX:21)
18:08:06.364 [JavaFX Application Thread] DEBUG Engine               - JRE Vendor Name: Oracle Corporation
18:08:06.365 [JavaFX Application Thread] DEBUG Engine               - Running on OS: Windows 11 version 10.0
18:08:06.365 [JavaFX Application Thread] DEBUG Engine               - Architecture: amd64
18:08:06.365 [JavaFX Application Thread] INFO  Engine               - Source code and latest versions at: https://github.com/AlmasB/FXGL
18:08:06.365 [JavaFX Application Thread] INFO  Engine               -       Ask questions and discuss at: https://github.com/AlmasB/FXGL/discussions
18:08:06.366 [JavaFX Application Thread] INFO  Engine               -              Join the FXGL chat at: https://gitter.im/AlmasB/FXGL
18:08:06.691 [JavaFX Application Thread] DEBUG PrimaryStageWindow   - Creating a JavaFX scene
18:08:06.758 [JavaFX Application Thread] DEBUG PrimaryStageWindow   - Target settings size: 1400.0 x 700.0
18:08:06.759 [JavaFX Application Thread] DEBUG PrimaryStageWindow   - Scaled scene size:    1400.0 x 700.0
18:08:06.759 [JavaFX Application Thread] DEBUG PrimaryStageWindow   - Scaled ratio: (1.0, 1.0)
18:08:06.761 [JavaFX Application Thread] DEBUG PrimaryStageWindow   - Set initial scene to FXGLStartupScene
18:08:06.765 [JavaFX Application Thread] DEBUG PrimaryStageWindow   - Opening main window
18:08:06.864 [JavaFX Application Thread] DEBUG PrimaryStageWindow   - Window border size: (14.4000244140625, 37.5999755859375)
18:08:06.864 [JavaFX Application Thread] DEBUG PrimaryStageWindow   - Scaled size: 1400.0 x 700.0
18:08:06.865 [JavaFX Application Thread] DEBUG PrimaryStageWindow   - Scaled ratio: (1.0, 1.0)
18:08:06.865 [JavaFX Application Thread] DEBUG PrimaryStageWindow   - Scene size: 1400.0 x 700.0
18:08:06.865 [JavaFX Application Thread] DEBUG PrimaryStageWindow   - Stage size: 1414.4000244140625 x 737.5999755859375
18:08:06.876 [FXGL Background Thread 1 ] DEBUG Engine               - Initializing environment variables
18:08:06.932 [FXGL Background Thread 1 ] DEBUG FXGLAssetLoaderServi - User app class for loading assets: class com.Simulador.Restaurante.RestaurantSimulator
18:08:06.932 [FXGL Background Thread 1 ] DEBUG GameApplicationServi - Applying CSS: fxgl_dark.css
18:08:06.933 [FXGL Background Thread 1 ] DEBUG FXGLAssetLoaderServi - Loading from file system: jar:file:///C:/Users/Jose%20Alberto%20Morales/.m2/repository/com/github/almasb/fxgl/17.3/fxgl-17.3.jar!/fxglassets/ui/css/fxgl_dark.css
18:08:06.996 [FXGL Background Thread 1 ] DEBUG GameApplicationServi - Initializing application scenes
18:08:07.059 [FXGL Background Thread 1 ] DEBUG GameWorld            - Game world initialized
18:08:07.145 [FXGL Background Thread 1 ] DEBUG PhysicsWorld         - Physics world initialized: appHeight=700, physics.ppm=50.0
18:08:07.145 [FXGL Background Thread 1 ] DEBUG PhysicsWorld         - Using strategy: BRUTE_FORCE
18:08:07.151 [FXGL Background Thread 1 ] DEBUG GameScene            - Game scene initialized: 1400x700
18:08:07.168 [FXGL Background Thread 1 ] DEBUG FXGL.DefaultMenu     - createMenuBodyGameMenu()
18:08:07.184 [FXGL Background Thread 1 ] DEBUG FXGL.DefaultMenu     - createOptionsMenu()
18:08:07.198 [FXGL Background Thread 1 ] DEBUG FXGLAssetLoaderServi - Loading from file system: jar:file:///C:/Users/Jose%20Alberto%20Morales/.m2/repository/com/github/almasb/fxgl/17.3/fxgl-17.3.jar!/fxglassets/textures/particles/smoke.png
18:08:07.305 [FXGL Background Thread 1 ] DEBUG FXGLAssetLoaderServi - Loading from file system: jar:file:///C:/Users/Jose%20Alberto%20Morales/.m2/repository/com/github/almasb/fxgl/17.3/fxgl-17.3.jar!/fxglassets/textures/particles/trace_horizontal.png
18:08:07.351 [FXGL Background Thread 1 ] DEBUG GameApplicationServi - Application scenes initialized
18:08:07.368 [FXGL Background Thread 1 ] DEBUG SystemBundleService  - Loading FXGL system data
18:08:07.373 [FXGL Background Thread 1 ] DEBUG FileSystemAccess     - Reading from: C:\Users\Jose Alberto Morales\Documents\7to Cuatrimestre\Programacion concurrente\Restaurant\system\fxgl.bundle
18:08:07.385 [FXGL Background Thread 1 ] DEBUG SystemBundleService  - Bundle FXGL: {}
18:08:07.386 [FXGL Background Thread 1 ] DEBUG UpdaterService       - Checking for updates
18:08:07.391 [FXGL Background Thread 1 ] DEBUG FXGLApplication      - Loading default localization
18:08:07.392 [FXGL Background Thread 1 ] DEBUG FXGLAssetLoaderServi - Loading from file system: jar:file:///C:/Users/Jose%20Alberto%20Morales/.m2/repository/com/github/almasb/fxgl/17.3/fxgl-17.3.jar!/fxglassets/languages/english.lang
18:08:07.392 [FXGL Background Thread 4 ] DEBUG FXGLApplication      - Loading fonts
18:08:07.392 [FXGL Background Thread 4 ] DEBUG FXGLAssetLoaderServi - Loading from file system: jar:file:///C:/Users/Jose%20Alberto%20Morales/.m2/repository/com/github/almasb/fxgl/17.3/fxgl-17.3.jar!/fxglassets/ui/fonts/VarelaRound-Regular.ttf
18:08:07.419 [FXGL Background Thread 1 ] INFO  FXGLApplication      - FXGL initialization took: 0.544 sec
18:08:07.420 [JavaFX Application Thread] DEBUG FXGLAssetLoaderServi - Loading from file system: jar:file:///C:/Users/Jose%20Alberto%20Morales/.m2/repository/com/github/almasb/fxgl/17.3/fxgl-17.3.jar!/fxglassets/textures/fxgl_icon.png
18:08:07.441 [JavaFX Application Thread] DEBUG FXGLAssetLoaderServi - Loading from file system: jar:file:///C:/Users/Jose%20Alberto%20Morales/.m2/repository/com/github/almasb/fxgl/17.3/fxgl-17.3.jar!/fxglassets/textures/fxgl_default_cursor.png
18:08:07.443 [FXGL Background Thread 4 ] DEBUG FXGLAssetLoaderServi - Loading from file system: jar:file:///C:/Users/Jose%20Alberto%20Morales/.m2/repository/com/github/almasb/fxgl/17.3/fxgl-17.3.jar!/fxglassets/ui/fonts/Abel-Regular.ttf
18:08:07.451 [FXGL Background Thread 4 ] DEBUG FXGLAssetLoaderServi - Loading from file system: jar:file:///C:/Users/Jose%20Alberto%20Morales/.m2/repository/com/github/almasb/fxgl/17.3/fxgl-17.3.jar!/fxglassets/ui/fonts/TerminalLandMono-Regular.otf
18:08:07.456 [JavaFX Application Thread] DEBUG Input                - Registered new binding: Screenshot - CTRL+8
18:08:07.457 [JavaFX Application Thread] DEBUG Input                - Registered new binding: System info dump - CTRL+9
18:08:07.457 [JavaFX Application Thread] DEBUG Input                - Registered new binding: Restart - CTRL+R
18:08:07.457 [JavaFX Application Thread] DEBUG Input                - Registered new binding: Toggle Debug Camera - CTRL+7
18:08:07.460 [JavaFX Application Thread] DEBUG LoopRunner           - Starting loop
18:08:07.460 [FXGL Background Thread 4 ] DEBUG FXGLAssetLoaderServi - Loading from file system: jar:file:///C:/Users/Jose%20Alberto%20Morales/.m2/repository/com/github/almasb/fxgl/17.3/fxgl-17.3.jar!/fxglassets/ui/fonts/Courier-Prime.ttf
18:08:07.460 [JavaFX Application Thread] DEBUG LoopRunner           - Initializing JavaFX AnimationTimerLoop
18:08:07.462 [JavaFX Application Thread] DEBUG GameApplicationServi - Starting new game
18:08:07.463 [JavaFX Application Thread] DEBUG Input                - Clearing active input actions
18:08:07.480 [JavaFX Application Thread] DEBUG GameApplicationServi - Removing overlay from FXGLStartupScene and adding to FXGLLoadingScene
18:08:07.481 [JavaFX Application Thread] DEBUG PrimaryStageWindow   - FXGLStartupScene -> FXGLLoadingScene
18:08:07.481 [JavaFX Application Thread] DEBUG GameApplicationServi - Clearing previous game
18:08:07.481 [JavaFX Application Thread] DEBUG GameScene            - Clearing game scene
18:08:07.481 [JavaFX Application Thread] DEBUG GameWorld            - Clearing game world
18:08:07.481 [JavaFX Application Thread] DEBUG PhysicsWorld         - Clearing physics world
18:08:07.482 [FXGL Background Thread 4 ] DEBUG FXGLApplication      - Initializing game
18:08:07.539 [FXGL Background Thread 4 ] INFO  FXGLApplication      - Game initialization took: 0.056 sec
18:08:07.544 [JavaFX Application Thread] DEBUG FXGLApplication      - Registering font factories with UI factory
18:08:07.562 [JavaFX Application Thread] DEBUG Input                - Clearing active input actions
18:08:07.575 [JavaFX Application Thread] DEBUG GameApplicationServi - Removing overlay from FXGLLoadingScene and adding to GameScene
18:08:07.575 [JavaFX Application Thread] DEBUG PrimaryStageWindow   - FXGLLoadingScene -> GameScene
18:08:07.995 [FXGL Background Thread 2 ] INFO  UpdaterService       - Your current version:  17.3
18:08:07.995 [FXGL Background Thread 2 ] INFO  UpdaterService       - Latest stable version: 21.1
18:08:08.411 [JavaFX Application Thread] DEBUG FXGLApplication      - Exiting FXGL
18:08:08.411 [JavaFX Application Thread] DEBUG LoopRunner           - Stopping loop
18:08:08.411 [JavaFX Application Thread] DEBUG SystemBundleService  - Saving FXGL system data
18:08:08.415 [JavaFX Application Thread] DEBUG FileSystemAccess     - Writing to: C:\Users\Jose Alberto Morales\Documents\7to Cuatrimestre\Programacion concurrente\Restaurant\system\fxgl.bundle
18:08:08.416 [JavaFX Application Thread] DEBUG Async                - Shutting down background threads
18:08:08.417 [JavaFX Application Thread] DEBUG PrimaryStageWindow   - Closing main window
18:08:08.431 [JavaFX Application Thread] DEBUG Logger               - Closing Logger
