18:13:42.208 [main                     ] DEBUG Logger               - Configured Logger
18:13:42.235 [main                     ] DEBUG GameApplication      - Logging settings
Title: Simulador de Restaurante
Version: 1.0
Width: 1400
Height: 700
Fullscreen: false
Intro: false
Profiling: false
Single step:false
App Mode: DEVELOPER
Menu Key: ESCAPE
Stage Style: DECORATED
Scene Factory: class com.almasb.fxgl.app.scene.SceneFactory

18:13:42.591 [JavaFX Application Thread] DEBUG FXGLApplication      - Initializing FXGL
18:13:42.594 [JavaFX Application Thread] INFO  Engine               - FXGL-17.3 (30.03.2023 11.49) on WINDOWS (J:21.0.5 FX:21)
18:13:42.594 [JavaFX Application Thread] DEBUG Engine               - JRE Vendor Name: Oracle Corporation
18:13:42.594 [JavaFX Application Thread] DEBUG Engine               - Running on OS: Windows 11 version 10.0
18:13:42.594 [JavaFX Application Thread] DEBUG Engine               - Architecture: amd64
18:13:42.595 [JavaFX Application Thread] INFO  Engine               - Source code and latest versions at: https://github.com/AlmasB/FXGL
18:13:42.595 [JavaFX Application Thread] INFO  Engine               -       Ask questions and discuss at: https://github.com/AlmasB/FXGL/discussions
18:13:42.595 [JavaFX Application Thread] INFO  Engine               -              Join the FXGL chat at: https://gitter.im/AlmasB/FXGL
18:13:42.674 [JavaFX Application Thread] DEBUG PrimaryStageWindow   - Creating a JavaFX scene
18:13:42.715 [JavaFX Application Thread] DEBUG PrimaryStageWindow   - Target settings size: 1400.0 x 700.0
18:13:42.715 [JavaFX Application Thread] DEBUG PrimaryStageWindow   - Scaled scene size:    1400.0 x 700.0
18:13:42.715 [JavaFX Application Thread] DEBUG PrimaryStageWindow   - Scaled ratio: (1.0, 1.0)
18:13:42.716 [JavaFX Application Thread] DEBUG PrimaryStageWindow   - Set initial scene to FXGLStartupScene
18:13:42.718 [JavaFX Application Thread] DEBUG PrimaryStageWindow   - Opening main window
18:13:42.801 [JavaFX Application Thread] DEBUG PrimaryStageWindow   - Window border size: (14.4000244140625, 37.5999755859375)
18:13:42.802 [JavaFX Application Thread] DEBUG PrimaryStageWindow   - Scaled size: 1400.0 x 700.0
18:13:42.802 [JavaFX Application Thread] DEBUG PrimaryStageWindow   - Scaled ratio: (1.0, 1.0)
18:13:42.802 [JavaFX Application Thread] DEBUG PrimaryStageWindow   - Scene size: 1400.0 x 700.0
18:13:42.802 [JavaFX Application Thread] DEBUG PrimaryStageWindow   - Stage size: 1414.4000244140625 x 737.5999755859375
18:13:42.812 [FXGL Background Thread 1 ] DEBUG Engine               - Initializing environment variables
18:13:42.874 [FXGL Background Thread 1 ] DEBUG FXGLAssetLoaderServi - User app class for loading assets: class com.Simulador.Restaurante.RestaurantSimulator
18:13:42.874 [FXGL Background Thread 1 ] DEBUG GameApplicationServi - Applying CSS: fxgl_dark.css
18:13:42.875 [FXGL Background Thread 1 ] DEBUG FXGLAssetLoaderServi - Loading from file system: jar:file:///C:/Users/Jose%20Alberto%20Morales/.m2/repository/com/github/almasb/fxgl/17.3/fxgl-17.3.jar!/fxglassets/ui/css/fxgl_dark.css
18:13:42.937 [FXGL Background Thread 1 ] DEBUG GameApplicationServi - Initializing application scenes
18:13:42.977 [FXGL Background Thread 1 ] DEBUG GameWorld            - Game world initialized
18:13:43.062 [FXGL Background Thread 1 ] DEBUG PhysicsWorld         - Physics world initialized: appHeight=700, physics.ppm=50.0
18:13:43.062 [FXGL Background Thread 1 ] DEBUG PhysicsWorld         - Using strategy: BRUTE_FORCE
18:13:43.067 [FXGL Background Thread 1 ] DEBUG GameScene            - Game scene initialized: 1400x700
18:13:43.078 [FXGL Background Thread 1 ] DEBUG FXGL.DefaultMenu     - createMenuBodyGameMenu()
18:13:43.090 [FXGL Background Thread 1 ] DEBUG FXGL.DefaultMenu     - createOptionsMenu()
18:13:43.101 [FXGL Background Thread 1 ] DEBUG FXGLAssetLoaderServi - Loading from file system: jar:file:///C:/Users/Jose%20Alberto%20Morales/.m2/repository/com/github/almasb/fxgl/17.3/fxgl-17.3.jar!/fxglassets/textures/particles/smoke.png
18:13:43.194 [FXGL Background Thread 1 ] DEBUG FXGLAssetLoaderServi - Loading from file system: jar:file:///C:/Users/Jose%20Alberto%20Morales/.m2/repository/com/github/almasb/fxgl/17.3/fxgl-17.3.jar!/fxglassets/textures/particles/trace_horizontal.png
18:13:43.223 [FXGL Background Thread 1 ] DEBUG GameApplicationServi - Application scenes initialized
18:13:43.236 [FXGL Background Thread 1 ] DEBUG SystemBundleService  - Loading FXGL system data
18:13:43.239 [FXGL Background Thread 1 ] DEBUG FileSystemAccess     - Reading from: C:\Users\Jose Alberto Morales\Documents\7to Cuatrimestre\Programacion concurrente\Restaurant\system\fxgl.bundle
18:13:43.249 [FXGL Background Thread 1 ] DEBUG SystemBundleService  - Bundle FXGL: {}
18:13:43.249 [FXGL Background Thread 1 ] DEBUG UpdaterService       - Checking for updates
18:13:43.252 [FXGL Background Thread 4 ] DEBUG FXGLApplication      - Loading fonts
18:13:43.253 [FXGL Background Thread 4 ] DEBUG FXGLAssetLoaderServi - Loading from file system: jar:file:///C:/Users/Jose%20Alberto%20Morales/.m2/repository/com/github/almasb/fxgl/17.3/fxgl-17.3.jar!/fxglassets/ui/fonts/VarelaRound-Regular.ttf
18:13:43.253 [FXGL Background Thread 1 ] DEBUG FXGLApplication      - Loading default localization
18:13:43.253 [FXGL Background Thread 1 ] DEBUG FXGLAssetLoaderServi - Loading from file system: jar:file:///C:/Users/Jose%20Alberto%20Morales/.m2/repository/com/github/almasb/fxgl/17.3/fxgl-17.3.jar!/fxglassets/languages/english.lang
18:13:43.275 [FXGL Background Thread 1 ] INFO  FXGLApplication      - FXGL initialization took: 0.462 sec
18:13:43.275 [JavaFX Application Thread] DEBUG FXGLAssetLoaderServi - Loading from file system: jar:file:///C:/Users/Jose%20Alberto%20Morales/.m2/repository/com/github/almasb/fxgl/17.3/fxgl-17.3.jar!/fxglassets/textures/fxgl_icon.png
18:13:43.289 [FXGL Background Thread 4 ] DEBUG FXGLAssetLoaderServi - Loading from file system: jar:file:///C:/Users/Jose%20Alberto%20Morales/.m2/repository/com/github/almasb/fxgl/17.3/fxgl-17.3.jar!/fxglassets/ui/fonts/Abel-Regular.ttf
18:13:43.293 [FXGL Background Thread 4 ] DEBUG FXGLAssetLoaderServi - Loading from file system: jar:file:///C:/Users/Jose%20Alberto%20Morales/.m2/repository/com/github/almasb/fxgl/17.3/fxgl-17.3.jar!/fxglassets/ui/fonts/TerminalLandMono-Regular.otf
18:13:43.295 [JavaFX Application Thread] DEBUG FXGLAssetLoaderServi - Loading from file system: jar:file:///C:/Users/Jose%20Alberto%20Morales/.m2/repository/com/github/almasb/fxgl/17.3/fxgl-17.3.jar!/fxglassets/textures/fxgl_default_cursor.png
18:13:43.299 [FXGL Background Thread 4 ] DEBUG FXGLAssetLoaderServi - Loading from file system: jar:file:///C:/Users/Jose%20Alberto%20Morales/.m2/repository/com/github/almasb/fxgl/17.3/fxgl-17.3.jar!/fxglassets/ui/fonts/Courier-Prime.ttf
18:13:43.307 [JavaFX Application Thread] DEBUG Input                - Registered new binding: Screenshot - CTRL+8
18:13:43.308 [JavaFX Application Thread] DEBUG Input                - Registered new binding: System info dump - CTRL+9
18:13:43.308 [JavaFX Application Thread] DEBUG Input                - Registered new binding: Restart - CTRL+R
18:13:43.309 [JavaFX Application Thread] DEBUG Input                - Registered new binding: Toggle Debug Camera - CTRL+7
18:13:43.311 [JavaFX Application Thread] DEBUG LoopRunner           - Starting loop
18:13:43.311 [JavaFX Application Thread] DEBUG LoopRunner           - Initializing JavaFX AnimationTimerLoop
18:13:43.312 [JavaFX Application Thread] DEBUG GameApplicationServi - Starting new game
18:13:43.313 [JavaFX Application Thread] DEBUG Input                - Clearing active input actions
18:13:43.323 [JavaFX Application Thread] DEBUG GameApplicationServi - Removing overlay from FXGLStartupScene and adding to FXGLLoadingScene
18:13:43.324 [JavaFX Application Thread] DEBUG PrimaryStageWindow   - FXGLStartupScene -> FXGLLoadingScene
18:13:43.324 [JavaFX Application Thread] DEBUG GameApplicationServi - Clearing previous game
18:13:43.324 [JavaFX Application Thread] DEBUG GameScene            - Clearing game scene
18:13:43.324 [JavaFX Application Thread] DEBUG GameWorld            - Clearing game world
18:13:43.324 [JavaFX Application Thread] DEBUG PhysicsWorld         - Clearing physics world
18:13:43.325 [FXGL Background Thread 4 ] DEBUG FXGLApplication      - Initializing game
18:13:43.325 [JavaFX Application Thread] DEBUG FXGLApplication      - Registering font factories with UI factory
18:13:43.366 [FXGL Background Thread 4 ] INFO  FXGLApplication      - Game initialization took: 0.041 sec
18:13:43.368 [JavaFX Application Thread] DEBUG Input                - Clearing active input actions
18:13:43.377 [JavaFX Application Thread] DEBUG GameApplicationServi - Removing overlay from FXGLLoadingScene and adding to GameScene
18:13:43.378 [JavaFX Application Thread] DEBUG PrimaryStageWindow   - FXGLLoadingScene -> GameScene
18:13:43.793 [FXGL Background Thread 2 ] INFO  UpdaterService       - Your current version:  17.3
18:13:43.793 [FXGL Background Thread 2 ] INFO  UpdaterService       - Latest stable version: 21.1
18:13:46.252 [FXGL Background Thread 3 ] DEBUG Engine               - Logging environment variables
18:13:46.252 [FXGL Background Thread 3 ] DEBUG Engine               - achievements: []
18:13:46.252 [FXGL Background Thread 3 ] DEBUG Engine               - actualHeight: 700.0
18:13:46.252 [FXGL Background Thread 3 ] DEBUG Engine               - actualHeightProperty: ReadOnlyDoubleProperty [value: 700.0]
18:13:46.252 [FXGL Background Thread 3 ] DEBUG Engine               - actualWidth: 1400.0
18:13:46.252 [FXGL Background Thread 3 ] DEBUG Engine               - actualWidthProperty: ReadOnlyDoubleProperty [value: 1400.0]
18:13:46.252 [FXGL Background Thread 3 ] DEBUG Engine               - appIcon: fxgl_icon.png
18:13:46.252 [FXGL Background Thread 3 ] DEBUG Engine               - applicationMode: DEVELOPER
18:13:46.253 [FXGL Background Thread 3 ] DEBUG Engine               - cSSList: [fxgl_dark.css]
18:13:46.253 [FXGL Background Thread 3 ] DEBUG Engine               - collisionDetectionStrategy: BRUTE_FORCE
18:13:46.253 [FXGL Background Thread 3 ] DEBUG Engine               - configClass: Optional.empty
18:13:46.253 [FXGL Background Thread 3 ] DEBUG Engine               - credits: []
18:13:46.253 [FXGL Background Thread 3 ] DEBUG Engine               - defaultCursor: CursorInfo(imageName=fxgl_default_cursor.png, hotspotX=7.0, hotspotY=6.0)
18:13:46.253 [FXGL Background Thread 3 ] DEBUG Engine               - devBBoxColorProperty: ObjectProperty [value: 0xff0000ff]
18:13:46.253 [FXGL Background Thread 3 ] DEBUG Engine               - devEnableDebugCameraProperty: BooleanProperty [value: false]
18:13:46.254 [FXGL Background Thread 3 ] DEBUG Engine               - devSensorColorProperty: ObjectProperty [value: 0xffff00ff]
18:13:46.254 [FXGL Background Thread 3 ] DEBUG Engine               - devShowBBoxProperty: BooleanProperty [value: false]
18:13:46.254 [FXGL Background Thread 3 ] DEBUG Engine               - devShowPositionProperty: BooleanProperty [value: false]
18:13:46.254 [FXGL Background Thread 3 ] DEBUG Engine               - enabledMenuItems: []
18:13:46.254 [FXGL Background Thread 3 ] DEBUG Engine               - engineServices: [class com.almasb.fxgl.app.services.FXGLAssetLoaderService, class com.almasb.fxgl.app.FXGLApplication$GameApplicationService, class com.almasb.fxgl.app.services.FXGLDialogService, class com.almasb.fxgl.app.services.IOTaskExecutorService, class com.almasb.fxgl.io.FileSystemService, class com.almasb.fxgl.localization.LocalizationService, class com.almasb.fxgl.app.services.SystemBundleService, class com.almasb.fxgl.profile.SaveLoadService, class com.almasb.fxgl.ui.FXGLUIFactoryServiceProvider, class com.almasb.fxgl.ui.FXGLDialogFactoryServiceProvider, class com.almasb.fxgl.audio.AudioPlayer, class com.almasb.fxgl.notification.impl.NotificationServiceProvider, class com.almasb.fxgl.achievement.AchievementService, class com.almasb.fxgl.cutscene.CutsceneService, class com.almasb.fxgl.minigames.MiniGameService, class com.almasb.fxgl.net.NetService, class com.almasb.fxgl.app.services.UpdaterService, class com.almasb.fxgl.dev.DevService]
18:13:46.254 [FXGL Background Thread 3 ] DEBUG Engine               - fontGame: Abel-Regular.ttf
18:13:46.254 [FXGL Background Thread 3 ] DEBUG Engine               - fontMono: TerminalLandMono-Regular.otf
18:13:46.254 [FXGL Background Thread 3 ] DEBUG Engine               - fontSizeScaleUI: 1.0
18:13:46.254 [FXGL Background Thread 3 ] DEBUG Engine               - fontText: Courier-Prime.ttf
18:13:46.254 [FXGL Background Thread 3 ] DEBUG Engine               - fontUI: VarelaRound-Regular.ttf
18:13:46.254 [FXGL Background Thread 3 ] DEBUG Engine               - fullScreen: BooleanProperty [value: false]
18:13:46.254 [FXGL Background Thread 3 ] DEBUG Engine               - gameDifficulty: MEDIUM
18:13:46.254 [FXGL Background Thread 3 ] DEBUG Engine               - gameDifficultyProperty: ObjectProperty [value: MEDIUM]
18:13:46.254 [FXGL Background Thread 3 ] DEBUG Engine               - globalMusicVolume: 0.5
18:13:46.254 [FXGL Background Thread 3 ] DEBUG Engine               - globalMusicVolumeProperty: DoubleProperty [value: 0.5]
18:13:46.254 [FXGL Background Thread 3 ] DEBUG Engine               - globalSoundVolume: 0.5
18:13:46.254 [FXGL Background Thread 3 ] DEBUG Engine               - globalSoundVolumeProperty: DoubleProperty [value: 0.5]
18:13:46.254 [FXGL Background Thread 3 ] DEBUG Engine               - height: 700
18:13:46.255 [FXGL Background Thread 3 ] DEBUG Engine               - is3D: false
18:13:46.255 [FXGL Background Thread 3 ] DEBUG Engine               - isAndroid: false
18:13:46.255 [FXGL Background Thread 3 ] DEBUG Engine               - isBrowser: false
18:13:46.255 [FXGL Background Thread 3 ] DEBUG Engine               - isClickFeedbackEnabled: false
18:13:46.255 [FXGL Background Thread 3 ] DEBUG Engine               - isCloseConfirmation: false
18:13:46.255 [FXGL Background Thread 3 ] DEBUG Engine               - isDesktop: true
18:13:46.255 [FXGL Background Thread 3 ] DEBUG Engine               - isDeveloperMenuEnabled: false
18:13:46.255 [FXGL Background Thread 3 ] DEBUG Engine               - isEmbedded: false
18:13:46.255 [FXGL Background Thread 3 ] DEBUG Engine               - isEntityPreloadEnabled: true
18:13:46.255 [FXGL Background Thread 3 ] DEBUG Engine               - isExperimentalTiledLargeMap: false
18:13:46.255 [FXGL Background Thread 3 ] DEBUG Engine               - isFileSystemWriteAllowed: true
18:13:46.255 [FXGL Background Thread 3 ] DEBUG Engine               - isFullScreenAllowed: false
18:13:46.255 [FXGL Background Thread 3 ] DEBUG Engine               - isFullScreenFromStart: false
18:13:46.255 [FXGL Background Thread 3 ] DEBUG Engine               - isGameMenuEnabled: true
18:13:46.255 [FXGL Background Thread 3 ] DEBUG Engine               - isIOS: false
18:13:46.255 [FXGL Background Thread 3 ] DEBUG Engine               - isIntroEnabled: false
18:13:46.255 [FXGL Background Thread 3 ] DEBUG Engine               - isLinux: false
18:13:46.255 [FXGL Background Thread 3 ] DEBUG Engine               - isMac: false
18:13:46.255 [FXGL Background Thread 3 ] DEBUG Engine               - isMainMenuEnabled: false
18:13:46.256 [FXGL Background Thread 3 ] DEBUG Engine               - isManualResizeEnabled: false
18:13:46.256 [FXGL Background Thread 3 ] DEBUG Engine               - isMobile: false
18:13:46.256 [FXGL Background Thread 3 ] DEBUG Engine               - isNative: false
18:13:46.256 [FXGL Background Thread 3 ] DEBUG Engine               - isPauseMusicWhenMinimized: true
18:13:46.256 [FXGL Background Thread 3 ] DEBUG Engine               - isPreserveResizeRatio: false
18:13:46.256 [FXGL Background Thread 3 ] DEBUG Engine               - isProfilingEnabled: false
18:13:46.256 [FXGL Background Thread 3 ] DEBUG Engine               - isScaleAffectedOnResize: true
18:13:46.256 [FXGL Background Thread 3 ] DEBUG Engine               - isSingleStep: false
18:13:46.256 [FXGL Background Thread 3 ] DEBUG Engine               - isUserProfileEnabled: false
18:13:46.256 [FXGL Background Thread 3 ] DEBUG Engine               - isWindows: true
18:13:46.256 [FXGL Background Thread 3 ] DEBUG Engine               - language: ObjectProperty [value: ENGLISH]
18:13:46.256 [FXGL Background Thread 3 ] DEBUG Engine               - menuKey: ESCAPE
18:13:46.256 [FXGL Background Thread 3 ] DEBUG Engine               - mouseSensitivity: 0.2
18:13:46.256 [FXGL Background Thread 3 ] DEBUG Engine               - notificationViewClass: class com.almasb.fxgl.notification.view.XboxNotificationView
18:13:46.256 [FXGL Background Thread 3 ] DEBUG Engine               - pixelsPerMeter: 50.0
18:13:46.256 [FXGL Background Thread 3 ] DEBUG Engine               - platform: WINDOWS
18:13:46.256 [FXGL Background Thread 3 ] DEBUG Engine               - prefHeightProperty: ReadOnlyDoubleProperty [value: 700.0]
18:13:46.257 [FXGL Background Thread 3 ] DEBUG Engine               - prefWidthProperty: ReadOnlyDoubleProperty [value: 1400.0]
18:13:46.257 [FXGL Background Thread 3 ] DEBUG Engine               - profileDir: profiles/
18:13:46.257 [FXGL Background Thread 3 ] DEBUG Engine               - profileName: StringProperty [value: DEFAULT]
18:13:46.257 [FXGL Background Thread 3 ] DEBUG Engine               - randomSeed: -1
18:13:46.257 [FXGL Background Thread 3 ] DEBUG Engine               - runtimeInfo: RuntimeInfo(platform=WINDOWS, version=17.3, build=30.03.2023 11.49)
18:13:46.257 [FXGL Background Thread 3 ] DEBUG Engine               - saveFileExt: sav
18:13:46.257 [FXGL Background Thread 3 ] DEBUG Engine               - scaledHeightProp$fxgl: DoubleProperty [bound, value: 700.0]
18:13:46.257 [FXGL Background Thread 3 ] DEBUG Engine               - scaledWidthProp$fxgl: DoubleProperty [bound, value: 1400.0]
18:13:46.257 [FXGL Background Thread 3 ] DEBUG Engine               - sceneFactory: com.almasb.fxgl.app.scene.SceneFactory@398eae6e
18:13:46.257 [FXGL Background Thread 3 ] DEBUG Engine               - secondsIn24h: 60
18:13:46.257 [FXGL Background Thread 3 ] DEBUG Engine               - soundMenuBack: menu/back.wav
18:13:46.257 [FXGL Background Thread 3 ] DEBUG Engine               - soundMenuPress: menu/press.wav
18:13:46.257 [FXGL Background Thread 3 ] DEBUG Engine               - soundMenuSelect: menu/select.wav
18:13:46.257 [FXGL Background Thread 3 ] DEBUG Engine               - soundNotification: core/notification.wav
18:13:46.257 [FXGL Background Thread 3 ] DEBUG Engine               - stageStyle: DECORATED
18:13:46.258 [FXGL Background Thread 3 ] DEBUG Engine               - supportedLanguages: [ENGLISH, FRENCH, GERMAN, HUNGARIAN, RUSSIAN]
18:13:46.258 [FXGL Background Thread 3 ] DEBUG Engine               - ticksPerSecond: -1
18:13:46.258 [FXGL Background Thread 3 ] DEBUG Engine               - title: Simulador de Restaurante
18:13:46.258 [FXGL Background Thread 3 ] DEBUG Engine               - urlGithub: https://github.com/AlmasB/FXGL
18:13:46.258 [FXGL Background Thread 3 ] DEBUG Engine               - urlLeaderboard: http://fxgl-top.herokuapp.com/
18:13:46.258 [FXGL Background Thread 3 ] DEBUG Engine               - urlPOM: https://raw.githubusercontent.com/AlmasB/FXGL/release/README.md
18:13:46.258 [FXGL Background Thread 3 ] DEBUG Engine               - userAppClass: class com.Simulador.Restaurante.RestaurantSimulator
18:13:46.258 [FXGL Background Thread 3 ] DEBUG Engine               - version: 1.0
18:13:46.258 [FXGL Background Thread 3 ] DEBUG Engine               - versionCheckDays: 7
18:13:46.258 [FXGL Background Thread 3 ] DEBUG Engine               - width: 1400
18:13:46.258 [FXGL Background Thread 3 ] DEBUG Engine               - Logging services
18:13:46.258 [FXGL Background Thread 3 ] DEBUG Engine               - class com.almasb.fxgl.app.services.FXGLAssetLoaderService
18:13:46.258 [FXGL Background Thread 3 ] DEBUG Engine               - class com.almasb.fxgl.app.FXGLApplication$GameApplicationService
18:13:46.258 [FXGL Background Thread 3 ] DEBUG Engine               - class com.almasb.fxgl.app.services.FXGLDialogService
18:13:46.258 [FXGL Background Thread 3 ] DEBUG Engine               - class com.almasb.fxgl.app.services.IOTaskExecutorService
18:13:46.258 [FXGL Background Thread 3 ] DEBUG Engine               - class com.almasb.fxgl.io.FileSystemService
18:13:46.258 [FXGL Background Thread 3 ] DEBUG Engine               - class com.almasb.fxgl.localization.LocalizationService
18:13:46.258 [FXGL Background Thread 3 ] DEBUG Engine               - class com.almasb.fxgl.app.services.SystemBundleService
18:13:46.258 [FXGL Background Thread 3 ] DEBUG Engine               - class com.almasb.fxgl.profile.SaveLoadService
18:13:46.258 [FXGL Background Thread 3 ] DEBUG Engine               - class com.almasb.fxgl.ui.FXGLUIFactoryServiceProvider
18:13:46.258 [FXGL Background Thread 3 ] DEBUG Engine               - class com.almasb.fxgl.ui.FXGLDialogFactoryServiceProvider
18:13:46.258 [FXGL Background Thread 3 ] DEBUG Engine               - class com.almasb.fxgl.audio.AudioPlayer
18:13:46.258 [FXGL Background Thread 3 ] DEBUG Engine               - class com.almasb.fxgl.notification.impl.NotificationServiceProvider
18:13:46.258 [FXGL Background Thread 3 ] DEBUG Engine               - class com.almasb.fxgl.achievement.AchievementService
18:13:46.258 [FXGL Background Thread 3 ] DEBUG Engine               - class com.almasb.fxgl.cutscene.CutsceneService
18:13:46.258 [FXGL Background Thread 3 ] DEBUG Engine               - class com.almasb.fxgl.minigames.MiniGameService
18:13:46.259 [FXGL Background Thread 3 ] DEBUG Engine               - class com.almasb.fxgl.net.NetService
18:13:46.259 [FXGL Background Thread 3 ] DEBUG Engine               - class com.almasb.fxgl.app.services.UpdaterService
18:13:46.259 [FXGL Background Thread 3 ] DEBUG Engine               - class com.almasb.fxgl.dev.DevService
18:14:24.545 [JavaFX Application Thread] DEBUG FXGLApplication      - Exiting FXGL
18:14:24.545 [JavaFX Application Thread] DEBUG LoopRunner           - Stopping loop
18:14:24.545 [JavaFX Application Thread] DEBUG SystemBundleService  - Saving FXGL system data
18:14:24.547 [JavaFX Application Thread] DEBUG FileSystemAccess     - Writing to: C:\Users\Jose Alberto Morales\Documents\7to Cuatrimestre\Programacion concurrente\Restaurant\system\fxgl.bundle
18:14:24.548 [JavaFX Application Thread] DEBUG Async                - Shutting down background threads
18:14:24.549 [JavaFX Application Thread] DEBUG PrimaryStageWindow   - Closing main window
18:14:24.563 [JavaFX Application Thread] DEBUG Logger               - Closing Logger
